[Redirects]
/Engine/ArtTools/RenderToTexture/MaterialFunctions/BoundingSphereBased_0-1_UVW.BoundingSphereBased_0-1_UVW = MaterialFunction /Engine/ArtTools/RenderToTexture/MaterialFunctions/BoundingSphere_LightTransform.BoundingSphere_LightTransform
/Engine/ArtTools/RenderToTexture/MaterialFunctions/MF_UnwwrapUVs.MF_UnwwrapUVs = MaterialFunction /Engine/ArtTools/RenderToTexture/MaterialFunctions/UnwrapUVsForRender.UnwrapUVsForRender
/Engine/ArtTools/RenderToTexture/Materials/M_50percent_Test.M_50percent_Test = Material /Engine/ArtTools/RenderToTexture/Materials/Debug/M_50percent_Test.M_50percent_Test
/Engine/ArtTools/RenderToTexture/Materials/M_50percent_Test_Inst.M_50percent_Test_Inst = MaterialInstanceConstant /Engine/ArtTools/RenderToTexture/Materials/Debug/M_50percent_Test_Inst.M_50percent_Test_Inst
/Engine/ArtTools/RenderToTexture/Materials/M_FlipBookCounter_01.M_FlipBookCounter_01 = Material /Engine/ArtTools/RenderToTexture/Materials/Flipbooks/M_FlipBookCounter_01.M_FlipBookCounter_01
/Engine/ArtTools/RenderToTexture/Materials/M_FlipBookCounter_01_Inst.M_FlipBookCounter_01_Inst = MaterialInstanceConstant /Engine/ArtTools/RenderToTexture/Materials/Flipbooks/M_FlipBookCounter_01_Inst.M_FlipBookCounter_01_Inst
/Engine/ArtTools/RenderToTexture/Materials/M_FlipbookLocalCoordinateTest_01.M_FlipbookLocalCoordinateTest_01 = Material /Engine/ArtTools/RenderToTexture/Materials/Flipbooks/M_FlipbookLocalCoordinateTest_01.M_FlipbookLocalCoordinateTest_01
/Engine/ArtTools/RenderToTexture/Materials/M_FlipbookLocalCoordinateTest_01_Inst.M_FlipbookLocalCoordinateTest_01_Inst = MaterialInstanceConstant /Engine/ArtTools/RenderToTexture/Materials/Flipbooks/M_FlipbookLocalCoordinateTest_01_Inst.M_FlipbookLocalCoordinateTest_01_Inst
/Engine/ArtTools/RenderToTexture/Materials/M_FlipbookPreview_01.M_FlipbookPreview_01 = Material /Engine/ArtTools/RenderToTexture/Materials/Flipbooks/M_FlipbookPreview_01.M_FlipbookPreview_01
/Engine/ArtTools/RenderToTexture/Materials/M_FlipbookPreview_01_Inst.M_FlipbookPreview_01_Inst = MaterialInstanceConstant /Engine/ArtTools/RenderToTexture/Materials/Flipbooks/M_FlipbookPreview_01_Inst.M_FlipbookPreview_01_Inst
/Engine/ArtTools/RenderToTexture/Materials/M_ImposterTest_01.M_ImposterTest_01 = Material /Engine/ArtTools/RenderToTexture/Materials/Imposters/M_ImposterTest_01.M_ImposterTest_01
/Engine/ArtTools/RenderToTexture/Materials/M_ImposterTest_01_Inst.M_ImposterTest_01_Inst = MaterialInstanceConstant /Engine/ArtTools/RenderToTexture/Materials/Imposters/M_ImposterTest_01_Inst.M_ImposterTest_01_Inst
/Engine/ArtTools/RenderToTexture/Materials/M_ImposterTest_01_Inst_SingleAxis.M_ImposterTest_01_Inst_SingleAxis = MaterialInstanceConstant /Engine/ArtTools/RenderToTexture/Materials/Imposters/M_ImposterTest_01_Inst_SingleAxis.M_ImposterTest_01_Inst_SingleAxis
/Engine/ArtTools/RenderToTexture/Materials/M_RenderMotionVectors.M_RenderMotionVectors = Material /Engine/ArtTools/RenderToTexture/Materials/Flipbooks/M_RenderMotionVectors.M_RenderMotionVectors
/Engine/ArtTools/RenderToTexture/Materials/M_RenderMotionVectors_Inst.M_RenderMotionVectors_Inst = MaterialInstanceConstant /Engine/ArtTools/RenderToTexture/Materials/Flipbooks/M_RenderMotionVectors_Inst.M_RenderMotionVectors_Inst
/Engine/EditorKismetResources/StandardMacros.Default__StandardMacros_C = StandardMacros_C /Engine/EditorBlueprintResources/StandardMacros.Default__StandardMacros_C
/Engine/EditorKismetResources/StandardMacros.StandardMacros = Blueprint /Engine/EditorBlueprintResources/StandardMacros.StandardMacros
/Engine/EditorKismetResources/StandardMacros.StandardMacros_C = BlueprintGeneratedClass /Engine/EditorBlueprintResources/StandardMacros.StandardMacros_C
/Engine/EngineSky/BP_Sky_Shere.BP_Sky_Shere = Blueprint /Engine/EngineSky/BP_Sky_Sphere.BP_Sky_Sphere
/Engine/EngineSky/BP_Sky_Shere.BP_Sky_Shere_C = BlueprintGeneratedClass /Engine/EngineSky/BP_Sky_Sphere.BP_Sky_Sphere_C
/Engine/EngineSky/BP_Sky_Shere.Default__BP_Sky_Shere_C = None
/Engine/Functions/Engine_MaterialFunctions01/Texturing/MF_VectorDisplacement.MF_VectorDisplacement = MaterialFunction /Engine/Functions/Engine_MaterialFunctions01/Texturing/VectorDisplacement.VectorDisplacement
/Engine/Functions/Engine_MaterialFunctions01/Texturing/ScaleByCenter-Texture2D.ScaleByCenter-Texture2D = MaterialFunction /Engine/Functions/Engine_MaterialFunctions01/Texturing/ScaleUVsByCenter.ScaleUVsByCenter
/Engine/Functions/Engine_MaterialFunctions01/Texturing/ScaleByPosition-Texture2D.ScaleByPosition-Texture2D = MaterialFunction /Engine/Functions/Engine_MaterialFunctions01/Texturing/ScaleUVsAroundPoint.ScaleUVsAroundPoint
/Engine/Functions/Engine_MaterialFunctions01/Texturing/WorldSpaceFlow.WorldSpaceFlow = MaterialFunction /Engine/Functions/Engine_MaterialFunctions01/Texturing/ZWorldSpaceFlow.ZWorldSpaceFlow
/Engine/Functions/Engine_MaterialFunctions02/DebugNumberPeriod.DebugNumberPeriod = Texture2D /Engine/Functions/Engine_MaterialFunctions02/ExampleContent/Textures/DebugNumberPeriod.DebugNumberPeriod
/Engine/Functions/Engine_MaterialFunctions02/Fresnel.Fresnel = MaterialFunction /Engine/Functions/Engine_MaterialFunctions02/Fresnel_Function.Fresnel_Function
/Engine/Functions/Engine_MaterialFunctions02/HighQualityWorldAlignedNormals.HighQualityWorldAlignedNormals = MaterialFunction /Engine/Functions/Engine_MaterialFunctions02/WorldAlignedNormals_HighQuality.WorldAlignedNormals_HighQuality
/Engine/Functions/Engine_MaterialFunctions02/PassThrough_V4.PassThrough_V4 = MaterialFunction /Engine/Functions/Engine_MaterialFunctions02/PassThrough.PassThrough
/Engine/Functions/Engine_MaterialFunctions02/RandomPannerTime.RandomPannerTime = MaterialFunction /Engine/Functions/Engine_MaterialFunctions02/SteppingPannerTime.SteppingPannerTime
/Engine/Functions/Engine_MaterialFunctions02/ExampleContent/TextureBasedWPO/TextureBasedWPO.TextureBasedWPO = Texture2D /Engine/Functions/Engine_MaterialFunctions02/ExampleContent/TextureBasedWPO/DemoBox.DemoBox
/Engine/Functions/Engine_MaterialFunctions02/ExampleContent/Textures/DepthTexture.DepthTexture = Texture2D /Engine/Functions/Engine_MaterialFunctions02/ExampleContent/Textures/flipbook.flipbook
/Engine/Functions/Engine_MaterialFunctions02/Math/DeriveZ_Function.DeriveZ_Function = MaterialFunction /Engine/Functions/Engine_MaterialFunctions02/Math/DeriveNormalZ_Function.DeriveNormalZ_Function
/Engine/Functions/Engine_MaterialFunctions02/Math/TransformMatrix.TransformMatrix = MaterialFunction /Engine/Functions/Engine_MaterialFunctions02/Math/InverseTransformMatrix.InverseTransformMatrix
/Engine/Functions/Engine_MaterialFunctions02/MAXScripts/MeshSequenceFlipbook_Script.MeshSequenceFlipbook_Script = MaterialFunction /Engine/Functions/Engine_MaterialFunctions02/MAXScripts/MS_SequencePainter_SequenceFlipbook.MS_SequencePainter_SequenceFlipbook
/Engine/Functions/Engine_MaterialFunctions02/MAXScripts/MultiNormalScript_UVs.MultiNormalScript_UVs = MaterialFunction /Engine/Functions/Engine_MaterialFunctions02/MAXScripts/MS_MultiNormal_UVnormals.MS_MultiNormal_UVnormals
/Engine/Functions/Engine_MaterialFunctions02/MAXScripts/MultiNormalScript_VertexColors.MultiNormalScript_VertexColors = MaterialFunction /Engine/Functions/Engine_MaterialFunctions02/MAXScripts/MS_MultiNormal_VertexColorNormals.MS_MultiNormal_VertexColorNormals
/Engine/Functions/Engine_MaterialFunctions02/MAXScripts/SecondVertNormalSet_Script.SecondVertNormalSet_Script = MaterialFunction /Engine/Functions/Engine_MaterialFunctions02/MAXScripts/MS_MultiNormal_VertexColorNormals.MS_MultiNormal_VertexColorNormals
/Engine/Functions/Engine_MaterialFunctions02/MAXScripts/TextureBasedMorphTargets.TextureBasedMorphTargets = MaterialFunction /Engine/Functions/Engine_MaterialFunctions02/MAXScripts/MS_VertexAnimationTools_MorphTargets.MS_VertexAnimationTools_MorphTargets
/Engine/Functions/Engine_MaterialFunctions02/Normals/UnpackVector3FromFloat.UnpackVector3FromFloat = MaterialFunction /Engine/Functions/Engine_MaterialFunctions02/Normals/UnpackNormalFromFloat.UnpackNormalFromFloat
/Engine/Functions/Engine_MaterialFunctions02/Texturing/WorldAlignedTexture_Complex.WorldAlignedTexture_Complex = MaterialFunction /Engine/Functions/Engine_MaterialFunctions02/Texturing/WorldAlignedTextures_Complex.WorldAlignedTextures_Complex
/Engine/Functions/Engine_MaterialFunctions02/Texturing/WorldPosition.WorldPosition = MaterialFunction /Engine/Functions/Engine_MaterialFunctions02/Texturing/WorldPositionWithScale.WorldPositionWithScale
/Engine/Functions/Engine_MaterialFunctions02/Utility/BreakFloat2Components.BreakFloat2Components = MaterialFunction /Engine/Functions/Engine_MaterialFunctions02/Utility/BreakOutFloat2Components.BreakOutFloat2Components
/Engine/Functions/Engine_MaterialFunctions02/Utility/BreakFloat3Components.BreakFloat3Components = MaterialFunction /Engine/Functions/Engine_MaterialFunctions02/Utility/BreakOutFloat3Components.BreakOutFloat3Components
/Engine/Functions/Engine_MaterialFunctions02/Utility/BreakFloat4Components.BreakFloat4Components = MaterialFunction /Engine/Functions/Engine_MaterialFunctions02/Utility/BreakOutFloat4Components.BreakOutFloat4Components
/Engine/Functions/Engine_MaterialFunctions02/Utility/BumpOffset.BumpOffset = MaterialFunction /Engine/Functions/Engine_MaterialFunctions02/Utility/BumpOffset_Advanced.BumpOffset_advanced
/Engine/Functions/Engine_MaterialFunctions02/WorldPositionOffset/AdjustNormalsToCompensateForRotateAboutAxisOffset.AdjustNormalsToCompensateForRotateAboutAxisOffset = MaterialFunction /Engine/Functions/Engine_MaterialFunctions02/FixRotateAboutAxisNormals.FixRotateAboutAxisNormals
/Engine/Functions/Engine_MaterialFunctions02/WorldPositionOffset/RotNormals.RotNormals = MaterialFunction /Engine/Functions/Engine_MaterialFunctions02/FixRotateAboutAxisNormals.FixRotateAboutAxisNormals
/Engine/Functions/Engine_MaterialFunctions02/WorldPositionOffset/TextureBasedMorphTargets.TextureBasedMorphTargets = MaterialFunction /Engine/Functions/Engine_MaterialFunctions02/MAXScripts/MS_VertexAnimationTools_MorphTargets.MS_VertexAnimationTools_MorphTargets
/Engine/Functions/Engine_MaterialFunctions03/Blends/ScratchGrime_Blend.ScratchGrime_Blend = MaterialFunction /Engine/Functions/Engine_MaterialFunctions03/Blends/Lerp_ScratchGrime.Lerp_ScratchGrime
/Engine/Functions/MaterialLayerFunctions/MatLayerBlend_BaseColorOverride.MatLayerBlend_BaseColorOverride = MaterialFunction /Engine/Functions/MaterialLayerFunctions/MatLayerBlend_OverrideBaseColor.MatLayerBlend_OverrideBaseColor
/Engine/Functions/MaterialLayerFunctions/MatLayerBlend_GlobalNormal.MatLayerBlend_GlobalNormal = MaterialFunction /Engine/Functions/MaterialLayerFunctions/MatLayerBlend_BakedNormal.MatLayerBlend_BakedNormal
/Engine/Tutorial/SubEditors/PersonaAnimBlueprintEditorTutorial.PersonaAnimBlueprintEditorTutorial = Blueprint /Engine/Tutorial/SubEditors/PersonaAnimBlueprintEditorWalkthrough.PersonaAnimBlueprintEditorWalkthrough
/Engine/Tutorial/SubEditors/PersonaAnimEditorTutorial.PersonaAnimEditorTutorial = Blueprint /Engine/Tutorial/SubEditors/PersonaAnimEditorWalkthrough.PersonaAnimEditorWalkthrough
/Engine/Tutorial/SubEditors/SkeletalMeshEditorTutorial.SkeletalMeshEditorTutorial = Blueprint /Engine/Tutorial/SubEditors/SkeletalMeshEditorWalkthrough.SkeletalMeshEditorWalkthrough
/Game/Blueprints/FirstPersonCharacter.Default__FirstPersonCharacter_C = REINST_FirstPersonCharacter_BP_C_240 /Engine/Transient.TRASH_Default__FirstPersonCharacter_BP_C_0
/Game/Blueprints/FirstPersonCharacter.FirstPersonCharacter = Blueprint /Game/Blueprints/FirstPersonCharacter_BP.FirstPersonCharacter_BP
/Game/Blueprints/FirstPersonCharacter.FirstPersonCharacter_C = BlueprintGeneratedClass /Game/Blueprints/FirstPersonCharacter_BP.FirstPersonCharacter_BP_C
/Game/Blueprints/Widgets/IntroScreen.Default__IntroScreen_C = None
/Game/Blueprints/Widgets/IntroScreen.IntroScreen = WidgetBlueprint /Game/Blueprints/Widgets/IntroScreen_Widget.IntroScreen_Widget
/Game/Blueprints/Widgets/IntroScreen.IntroScreen_C = WidgetBlueprintGeneratedClass /Game/Blueprints/Widgets/IntroScreen_Widget.IntroScreen_Widget_C
/Game/FirstPersonBP/Meshes/CubeMesh.CubeMesh = StaticMesh /Game/Meshes/CubeMesh.CubeMesh
/Game/FirstPersonBP/Meshes/FirstPersonCube_Rounded.FirstPersonCube_Rounded = StaticMesh /Game/Meshes/FirstPersonCube_Rounded.FirstPersonCube_Rounded
/Game/Placeholder_Assets/Actors/HandgunA_Actor.Default__HandgunA_Actor_C = None
/Game/Placeholder_Assets/Actors/HandgunA_Actor.HandgunA_Actor = Blueprint /Game/Placeholder_Assets/Actors/GameItems/HandgunA_Actor.HandgunA_Actor
/Game/Placeholder_Assets/Actors/HandgunA_Actor.HandgunA_Actor_C = BlueprintGeneratedClass /Game/Placeholder_Assets/Actors/GameItems/HandgunA_Actor.HandgunA_Actor_C
/Game/Placeholder_Assets/Actors/ShotgunShells_Actor.Default__ShotgunShells_Actor_C = None
/Game/Placeholder_Assets/Actors/ShotgunShells_Actor.ShotgunShells_Actor = Blueprint /Game/Placeholder_Assets/Actors/GameItems/ShotgunShells_Actor.ShotgunShells_Actor
/Game/Placeholder_Assets/Actors/ShotgunShells_Actor.ShotgunShells_Actor_C = BlueprintGeneratedClass /Game/Placeholder_Assets/Actors/GameItems/ShotgunShells_Actor.ShotgunShells_Actor_C
/Game/Placeholder_Assets/Actors/Shotgun_Actor.Default__Shotgun_Actor_C = None
/Game/Placeholder_Assets/Actors/Shotgun_Actor.Shotgun_Actor = Blueprint /Game/Placeholder_Assets/Actors/GameItems/Shotgun_Actor.Shotgun_Actor
/Game/Placeholder_Assets/Actors/Shotgun_Actor.Shotgun_Actor_C = BlueprintGeneratedClass /Game/Placeholder_Assets/Actors/GameItems/Shotgun_Actor.Shotgun_Actor_C
/Game/Placeholder_Assets/Actors/GameItems/Booklet_Actor.Booklet_Actor = Blueprint /Game/Placeholder_Assets/Actors/Files/RestaurantOwnerDiary_Actor.RestaurantOwnerDiary_Actor
/Game/Placeholder_Assets/Actors/GameItems/Booklet_Actor.Booklet_Actor_C = BlueprintGeneratedClass /Game/Placeholder_Assets/Actors/Files/RestaurantOwnerDiary_Actor.RestaurantOwnerDiary_Actor_C
/Paper2D/DummySpriteTexture.DummySpriteTexture = Texture2D /Paper2D/PlaceholderTextures/DummySpriteTexture.DummySpriteTexture

[Deleted]
../../../../../../Users/Damir/Documents/GitHub/Project_ReSurvivor/Content/Blueprints/FirstPersonCharacter.uasset
../../../../../../Users/Damir/Documents/GitHub/Project_ReSurvivor/Content/Blueprints/NewBlueprint.uasset
../../../../../../Users/Damir/Documents/GitHub/Project_ReSurvivor/Content/Blueprints/Widgets/IntroScreen.uasset
../../../../../../Users/Damir/Documents/GitHub/Project_ReSurvivor/Content/FirstPersonBP/Meshes/CubeMesh.uasset
../../../../../../Users/Damir/Documents/GitHub/Project_ReSurvivor/Content/FirstPersonBP/Meshes/FirstPersonCube_Rounded.uasset
../../../../../../Users/Damir/Documents/GitHub/Project_ReSurvivor/Content/Placeholder_Assets/Actors/File_Actor.uasset
../../../../../../Users/Damir/Documents/GitHub/Project_ReSurvivor/Content/Placeholder_Assets/Actors/File_Actor_Child.uasset
../../../../../../Users/Damir/Documents/GitHub/Project_ReSurvivor/Content/Placeholder_Assets/Actors/FirstAidSpray_Actor.uasset
../../../../../../Users/Damir/Documents/GitHub/Project_ReSurvivor/Content/Placeholder_Assets/Actors/HandgunA_Actor.uasset
../../../../../../Users/Damir/Documents/GitHub/Project_ReSurvivor/Content/Placeholder_Assets/Actors/ShotgunShells_Actor.uasset
../../../../../../Users/Damir/Documents/GitHub/Project_ReSurvivor/Content/Placeholder_Assets/Actors/Shotgun_Actor.uasset
../../../../../../Users/Damir/Documents/GitHub/Project_ReSurvivor/Content/Placeholder_Assets/Actors/WeaponBaseClass_Actor_Child.uasset
../../../../../../Users/Damir/Documents/GitHub/Project_ReSurvivor/Content/Placeholder_Assets/Actors/GameItems/Booklet_Actor.uasset
../../../../../../Users/Damir/Documents/GitHub/Project_ReSurvivor/Content/Placeholder_Textures/274129.uasset
