"../../../Engine/Content/Functions/Engine_MaterialFunctions02/Utility/BlendAngleCorrectedNormals.uasset" 0
"../../../Engine/Content/Functions/MaterialLayerFunctions/MatLayerBlend_AO.uasset" 1
"../../../Engine/Content/Functions/MaterialLayerFunctions/MatLayerBlend_NormalBlend.uasset" 2
"../../../Engine/Content/Functions/MaterialLayerFunctions/MatLayerBlend_Simple.uasset" 3
"../../../Project_ReSurvivor/Content/Character/Materials/MaterialLayers/T_ML_Rubber_Blue_01_D.uasset" 4
"../../../Project_ReSurvivor/Content/Character/Materials/MaterialLayers/T_ML_Rubber_Blue_01_N.uasset" 5
"../../../Project_ReSurvivor/Content/Character/Materials/MaterialLayers/ML_GlossyBlack_Latex_UE4.uasset" 6
"../../../Project_ReSurvivor/Content/Character/Materials/MaterialLayers/ML_Plastic_Shiny_Beige.uasset" 7
"../../../Project_ReSurvivor/Content/Character/Materials/MaterialLayers/ML_Plastic_Shiny_Beige_LOGO.uasset" 8
"../../../Project_ReSurvivor/Content/Character/Materials/MaterialLayers/T_ML_Aluminum01.uasset" 9
"../../../Project_ReSurvivor/Content/Character/Materials/MaterialLayers/T_ML_Aluminum01_N.uasset" 10
"../../../Project_ReSurvivor/Content/Character/Materials/MaterialLayers/ML_SoftMetal_UE4.uasset" 11
"../../../Project_ReSurvivor/Content/Character/Textures/UE4_Mannequin__normals.uasset" 12
"../../../Project_ReSurvivor/Content/Character/Textures/UE4_Mannequin_MAT_MASKA.uasset" 13
"../../../Project_ReSurvivor/Content/Character/Textures/UE4_Mannequin_occlusion_Mobile.uasset" 14
"../../../Project_ReSurvivor/Content/Character/Materials/M_UE4Man_Body.uasset" 15
"../../../Project_ReSurvivor/Content/Character/Mesh/SK_Mannequin_Arms_PhysicsAsset.uasset" 16
"../../../Project_ReSurvivor/Content/Character/Mesh/SK_Mannequin_Arms.uasset" 17
"../../../Project_ReSurvivor/Content/Character/Mesh/SK_Mannequin_Arms_Skeleton.uasset" 18
"../../../Project_ReSurvivor/Content/Animations/FirstPerson_Idle.uasset" 19
"../../../Project_ReSurvivor/Content/Animations/FirstPerson_JumpEnd.uasset" 20
"../../../Project_ReSurvivor/Content/Animations/FirstPerson_JumpLoop.uasset" 21
"../../../Project_ReSurvivor/Content/Animations/FirstPerson_JumpStart.uasset" 22
"../../../Project_ReSurvivor/Content/Animations/FirstPerson_Run.uasset" 23
"../../../Project_ReSurvivor/Content/Animations/FirstPerson_AnimBP.uasset" 24
"../../../Project_ReSurvivor/Content/Animations/FirstPerson_Fire.uasset" 25
"../../../Project_ReSurvivor/Content/Animations/FirstPerson_Fire_Montage.uasset" 26
"../../../Engine/Content/EditorBlueprintResources/StandardMacros.uasset" 27
"../../../Project_ReSurvivor/Content/Blueprints/Enums/ItemTypes.uasset" 28
"../../../Project_ReSurvivor/Content/Placeholder_Assets/Actors/ItemBaseClass_Actor.uasset" 29
"../../../Project_ReSurvivor/Content/Placeholder_Assets/Actors/FileBase_Actor.uasset" 30
"../../../Project_ReSurvivor/Content/Blueprints/Widgets/HUD/InfoText_Widget.uasset" 31
"../../../Project_ReSurvivor/Content/Blueprints/Enums/WeaponClass.uasset" 32
"../../../Project_ReSurvivor/Content/Blueprints/Enums/WeaponTypes.uasset" 33
"../../../Project_ReSurvivor/Content/Placeholder_Assets/Actors/WeaponBaseClass_Actor.uasset" 34
"../../../Project_ReSurvivor/Content/Placeholder_Textures/Bullet_Texture.uasset" 35
"../../../Project_ReSurvivor/Content/Blueprints/Widgets/HUD/Bullet_Widget.uasset" 36
"../../../Project_ReSurvivor/Content/Placeholder_Textures/Border_BulletCounter_2_Texture.uasset" 37
"../../../Project_ReSurvivor/Content/Blueprints/Widgets/HUD/BulletCounter_Widget.uasset" 38
"../../../Project_ReSurvivor/Content/Blueprints/Enums/HealthStates.uasset" 39
"../../../Project_ReSurvivor/Content/Placeholder_Textures/Border_Healthbar_2_Texture.uasset" 40
"../../../Project_ReSurvivor/Content/Placeholder_Textures/Heartbeat_green_Texture.uasset" 41
"../../../Project_ReSurvivor/Content/Placeholder_Textures/Heartbeat_orange_Texture.uasset" 42
"../../../Project_ReSurvivor/Content/Placeholder_Textures/Heartbeat_purple_Texture.uasset" 43
"../../../Project_ReSurvivor/Content/Placeholder_Textures/Heartbeat_red_Texture.uasset" 44
"../../../Project_ReSurvivor/Content/Placeholder_Textures/Heartbeat_yellow_Texture.uasset" 45
"../../../Project_ReSurvivor/Content/Blueprints/Widgets/HUD/Healthbar_Widget.uasset" 46
"../../../Project_ReSurvivor/Content/Blueprints/Widgets/Menu/FileReader_Widget.uasset" 47
"../../../Project_ReSurvivor/Content/Placeholder_Assets/Actors/AmmunitionBaseClass_Actor.uasset" 48
"../../../Project_ReSurvivor/Content/Placeholder_Assets/Actors/HealthRestoreBase_Actor.uasset" 49
"../../../Project_ReSurvivor/Content/Blueprints/Widgets/Menu/InventorySlot_Widget.uasset" 50
"../../../Project_ReSurvivor/Content/Blueprints/Widgets/Menu/FileSlot_Widget.uasset" 51
"../../../Project_ReSurvivor/Content/Placeholder_Textures/Empty_Texture.uasset" 52
"../../../Project_ReSurvivor/Content/Blueprints/Widgets/Menu/Menu_Widget.uasset" 53
"../../../Project_ReSurvivor/Content/Placeholder_Textures/Crosshair_line_Texture.uasset" 54
"../../../Project_ReSurvivor/Content/Blueprints/FirstPersonHUD.uasset" 55
"../../../Project_ReSurvivor/Content/Placeholder_Assets/Material/EmptyBulletShell_Material.uasset" 56
"../../../Engine/Content/Functions/Engine_MaterialFunctions01/Opacity/CameraDepthFade.uasset" 57
"../../../Engine/Content/EngineMaterials/T_Default_Material_Grid_M.uasset" 58
"../../../Engine/Content/EngineMaterials/T_Default_Material_Grid_N.uasset" 59
"../../../Engine/Content/EngineMaterials/WorldGridMaterial.uasset" 60
"../../../Project_ReSurvivor/Content/Placeholder_Assets/shell.uasset" 61
"../../../Project_ReSurvivor/Content/Placeholder_Assets/Actors/Other/EmptyBulletShell_Actor.uasset" 62
"../../../Engine/Content/TemplateResources/M_Template_Master.uasset" 63
"../../../Engine/Content/TemplateResources/MI_Template_BaseOrange.uasset" 64
"../../../Project_ReSurvivor/Content/Meshes/FirstPerson_ProjectileMesh.uasset" 65
"../../../Project_ReSurvivor/Content/Placeholder_Assets/Actors/Other/FirstPersonProjectile.uasset" 66
"../../../Project_ReSurvivor/Content/Placeholder_Assets/Plane01Mat.uasset" 67
"../../../Project_ReSurvivor/Content/Placeholder_Assets/typewriter_placeholder.uasset" 68
"../../../Project_ReSurvivor/Content/Placeholder_Assets/Actors/Other/SavePoint_Actor.uasset" 69
"../../../Project_ReSurvivor/Content/Audio/FirstPerson_WeaponFire.uasset" 70
"../../../Project_ReSurvivor/Content/Blueprints/SaveGame_BP.uasset" 71
"../../../Project_ReSurvivor/Content/Blueprints/SaveGameSimple.uasset" 72
"../../../Project_ReSurvivor/Content/Blueprints/SaveGameMetadata_BP.uasset" 73
"../../../Project_ReSurvivor/Content/Blueprints/GameInstance_BP.uasset" 74
"../../../Project_ReSurvivor/Content/Blueprints/SaveGameFunctions_FL.uasset" 75
"../../../Project_ReSurvivor/Content/Blueprints/Widgets/SaveLoad/SaveGame_Widget.uasset" 76
"../../../Project_ReSurvivor/Content/Blueprints/FirstPersonCharacter_BP.uasset" 77
"../../../Engine/Content/EngineSky/C_Sky_Cloud_Color.uasset" 78
"../../../Engine/Content/EngineSky/C_Sky_Horizon_Color.uasset" 79
"../../../Engine/Content/EngineSky/C_Sky_Zenith_Color.uasset" 80
"../../../Engine/Content/EngineSky/T_Sky_Blue.uasset" 81
"../../../Engine/Content/EngineSky/T_Sky_Clouds_M.uasset" 82
"../../../Engine/Content/EngineSky/T_Sky_Stars.uasset" 83
"../../../Engine/Content/EngineSky/SM_SkySphere.uasset" 84
"../../../Engine/Content/EngineSky/M_Sky_Panning_Clouds2.uasset" 85
"../../../Engine/Content/EngineSky/BP_Sky_Sphere.uasset" 86
"../../../Project_ReSurvivor/Content/Placeholder_Assets/Book.uasset" 87
"../../../Project_ReSurvivor/Content/Placeholder_Textures/booklet.uasset" 88
"../../../Project_ReSurvivor/Content/Placeholder_Assets/Actors/Files/RestaurantOwnerDiary_Actor.uasset" 89
"../../../Project_ReSurvivor/Content/Placeholder_Assets/first_aid_spray.uasset" 90
"../../../Project_ReSurvivor/Content/Placeholder_Textures/FirstAidSprayInventoryTexture.uasset" 91
"../../../Project_ReSurvivor/Content/Placeholder_Assets/Actors/GameItems/FirstAidSpray_Actor.uasset" 92
"../../../Project_ReSurvivor/Content/Placeholder_Assets/shotgun_placeholder.uasset" 93
"../../../Project_ReSurvivor/Content/Placeholder_Textures/Shotgun_Texture.uasset" 94
"../../../Project_ReSurvivor/Content/Placeholder_Assets/Actors/GameItems/Shotgun_Actor.uasset" 95
"../../../Project_ReSurvivor/Content/Placeholder_Assets/shotgun_shells_box.uasset" 96
"../../../Project_ReSurvivor/Content/Placeholder_Textures/ShotgunShellsInventoryTexture.uasset" 97
"../../../Project_ReSurvivor/Content/Placeholder_Assets/Actors/GameItems/ShotgunShells_Actor.uasset" 98
"../../../Engine/Content/TemplateResources/MI_Template_BaseGray_02.uasset" 99
"../../../Project_ReSurvivor/Content/Meshes/FirstPersonCube_Rounded.uasset" 100
"../../../Project_ReSurvivor/Content/Maps/Instance_1.umap" 101
"../../../Project_ReSurvivor/Content/Blueprints/Widgets/SaveLoad/LoadGameSlot.uasset" 102
"../../../Project_ReSurvivor/Content/Placeholder_Textures/NoBackground_Textture.uasset" 103
"../../../Project_ReSurvivor/Content/Blueprints/Widgets/SaveLoad/LoadGame_Widget.uasset" 104
"../../../Project_ReSurvivor/Content/Placeholder_Textures/GreenArrow_Texture.uasset" 105
"../../../Project_ReSurvivor/Content/Blueprints/Widgets/StartMenu_Widget.uasset" 106
"../../../Project_ReSurvivor/Content/Blueprints/Widgets/IntroScreen_Widget.uasset" 107
"../../../Project_ReSurvivor/Content/Maps/StartScreen.umap" 108
"../../../Engine/Content/EngineFonts/Roboto.uasset" 109
"../../../Engine/Content/Functions/Engine_MaterialFunctions01/Shading/PowerToRoughness.uasset" 110
"../../../Engine/Content/EngineMaterials/DefaultDiffuse.uasset" 111
"../../../Engine/Content/EngineMaterials/DefaultDeferredDecalMaterial.uasset" 112
"../../../Engine/Content/EngineMaterials/DefaultLightFunctionMaterial.uasset" 113
"../../../Engine/Content/Functions/Engine_MaterialFunctions02/Utility/BreakOutFloat2Components.uasset" 114
"../../../Engine/Content/EngineMaterials/DefaultPostProcessMaterial.uasset" 115
"../../../Engine/Content/EngineResources/DefaultTexture.uasset" 116
"../../../Engine/Content/Functions/Engine_MaterialFunctions02/Texturing/ScreenAlignedUVs.uasset" 117
"../../../Engine/Content/EngineResources/WhiteSquareTexture.uasset" 118
"../../../Engine/Content/EngineMaterials/Widget3DPassThrough.uasset" 119
"../../../Engine/Content/EngineMaterials/Widget3DPassThrough_Translucent.uasset" 120
"../../../Engine/Content/EngineMaterials/Widget3DPassThrough_Translucent_OneSided.uasset" 121
"../../../Engine/Content/EngineMaterials/Widget3DPassThrough_Opaque.uasset" 122
"../../../Engine/Content/EngineMaterials/Widget3DPassThrough_Opaque_OneSided.uasset" 123
"../../../Engine/Content/EngineMaterials/Widget3DPassThrough_Masked.uasset" 124
"../../../Engine/Content/EngineMaterials/Widget3DPassThrough_Masked_OneSided.uasset" 125
"../../../Engine/Content/EditorResources/S_Actor.uasset" 126
"../../../Engine/Content/EditorResources/S_Emitter.uasset" 127
"../../../Engine/Content/EditorResources/Bad.uasset" 128
"../../../Engine/Content/EditorResources/Bkgnd.uasset" 129
"../../../Engine/Content/EditorResources/BkgndHi.uasset" 130
"../../../Engine/Content/EditorMeshes/EditorCube.uasset" 131
"../../../Engine/Content/EditorMeshes/EditorSphere.uasset" 132
"../../../Engine/Content/EditorMeshes/EditorPlane.uasset" 133
"../../../Engine/Content/EditorMeshes/EditorCylinder.uasset" 134
"../../../Engine/Content/Maps/Templates/Thumbnails/Default.uasset" 135
"../../../Engine/Content/EditorMaterials/Thumbnails/SkySphereMaterial.uasset" 136
"../../../Engine/Content/EditorMeshes/EditorSkySphere.uasset" 137
"../../../Engine/Content/EngineMaterials/Grid.uasset" 138
"../../../Engine/Content/EditorMaterials/Thumbnails/FloorPlaneMaterial.uasset" 139
"../../../Engine/Content/MapTemplates/Sky/DaylightAmbientCubemap.uasset" 140
"../../../Engine/Content/EditorMaterials/ParticleSystems/PSysThumbnail_NoImage.uasset" 141
"../../../Engine/Content/EditorMaterials/ParticleSystems/PSysThumbnail_OOD.uasset" 142
"../../../Engine/Content/EditorResources/S_DecalActorIcon.uasset" 143
"../../../Engine/Content/EditorLandscapeResources/LandscapeGizmo_Mat.uasset" 144
"../../../Engine/Content/EditorLandscapeResources/LandscapeGizmo_Mat_Copied.uasset" 145
"../../../Engine/Content/EditorLandscapeResources/LandscapeGizmoHeight_Mat.uasset" 146
"../../../Engine/Content/EditorLandscapeResources/DataLayer.uasset" 147
"../../../Engine/Content/EditorResources/S_Terrain.uasset" 148
"../../../Engine/Content/EditorLandscapeResources/SplineEditorMeshMat.uasset" 149
"../../../Engine/Content/EditorLandscapeResources/SplineEditorMesh.uasset" 150
"../../../Engine/Content/EditorResources/MatineeCam_D.uasset" 151
"../../../Engine/Content/EditorMaterials/MatineeCam_mat.uasset" 152
"../../../Engine/Content/EditorMeshes/MatineeCam_SM.uasset" 153
"../../../Engine/Content/Functions/Engine_MaterialFunctions02/Utility/Sign.uasset" 154
"../../../Engine/Content/Functions/Engine_MaterialFunctions02/Utility/Round.uasset" 155
"../../../Engine/Content/Functions/Engine_MaterialFunctions02/ExampleContent/Textures/flipbook.uasset" 156
"../../../Engine/Content/Functions/Engine_MaterialFunctions02/Texturing/FlipBook.uasset" 157
"../../../Engine/Content/EditorResources/T_EditorHelp.uasset" 158
"../../../Engine/Content/EditorMaterials/HelpActorMaterial.uasset" 159
"../../../Engine/Content/EditorResources/S_ExpoHeightFog.uasset" 160
"../../../Engine/Content/EditorResources/S_NavP.uasset" 161
"../../../Engine/Content/EditorResources/S_Player.uasset" 162
"../../../Engine/Content/EditorResources/LightIcons/SkyLight.uasset" 163
"../../../Engine/Content/EditorResources/S_WindDirectional.uasset" 164
"../../../Engine/Content/EngineDamageTypes/DmgTypeBP_Environmental.uasset" 165
"../../../Engine/Content/EditorResources/LightIcons/S_LightDirectional.uasset" 166
"../../../Engine/Content/EditorResources/LightIcons/S_LightDirectionalMove.uasset" 167
"../../../Engine/Content/EditorResources/LightIcons/S_LightPoint.uasset" 168
"../../../Engine/Content/EditorResources/LightIcons/S_LightPointMove.uasset" 169
"../../../Engine/Content/EditorResources/LightIcons/S_LightSpot.uasset" 170
"../../../Engine/Content/EditorResources/LightIcons/S_LightSpotMove.uasset" 171
"../../../Engine/Content/EditorResources/MatInstActSprite.uasset" 172
"../../../Engine/Content/EditorResources/SceneManager.uasset" 173
"../../../Engine/Content/EditorResources/AI/S_NavLink.uasset" 174
"../../../Engine/Content/EditorResources/S_Note.uasset" 175
"../../../Engine/Content/EngineMeshes/Sphere.uasset" 176
"../../../Engine/Content/EditorResources/S_ReflActorIcon.uasset" 177
"../../../Engine/Content/EditorResources/S_Thruster.uasset" 178
"../../../Engine/Content/EditorResources/S_RadForce.uasset" 179
"../../../Engine/Content/EditorMaterials/TargetIcon.uasset" 180
"../../../Engine/Content/EngineFonts/RobotoDistanceField.uasset" 181
"../../../Engine/Content/EngineMaterials/DefaultTextMaterialOpaque.uasset" 182
"../../../Engine/Content/EditorResources/S_TextRenderActorIcon.uasset" 183
"../../../Engine/Content/EditorResources/S_Trigger.uasset" 184
"../../../Engine/Content/EditorResources/S_VectorFieldVol.uasset" 185
"../../../Engine/Content/EngineResources/GradientTexture0.uasset" 186
"../../../Engine/Content/EngineResources/Black.uasset" 187
"../../../Engine/Content/EditorMaterials/MatineeGroups/MAT_Groups_Float.uasset" 188
"../../../Engine/Content/EditorMaterials/MatineeGroups/MAT_Groups_Director.uasset" 189
"../../../Engine/Content/EditorMaterials/MatineeGroups/MAT_Groups_Event.uasset" 190
"../../../Engine/Content/EditorMaterials/MatineeGroups/MAT_Groups_Anim.uasset" 191
"../../../Engine/Content/EditorMaterials/MatineeGroups/MAT_Groups_Fade.uasset" 192
"../../../Engine/Content/EditorMaterials/MatineeGroups/MAT_Groups_Move.uasset" 193
"../../../Engine/Content/EditorMaterials/MatineeGroups/MAT_Groups_Slomo.uasset" 194
"../../../Engine/Content/EditorMaterials/MatineeGroups/MAT_ColorTrack.uasset" 195
"../../../Engine/Content/EditorMaterials/MAT_Groups_Toggle.uasset" 196
"../../../Engine/Content/EditorMaterials/MatineeGroups/MAT_Groups_AudioMaster.uasset" 197
"../../../Engine/Content/EditorMaterials/MatineeGroups/MAT_Groups_Sound.uasset" 198
"../../../Engine/Content/EditorMaterials/MatineeGroups/MAT_Groups_Vector.uasset" 199
"../../../Engine/Content/EditorMaterials/MAT_Groups_Visibility.uasset" 200
"../../../Engine/Content/EngineResources/DefaultTextureCube.uasset" 201
"../../../Engine/Content/EngineMaterials/DefaultMaterial.uasset" 202
"../../../Engine/Content/EngineMeshes/Cylinder.uasset" 203
"../../../Engine/Content/EngineTireTypes/DefaultTireType.uasset" 204
"../../../Engine/Content/EditorResources/S_FTest.uasset" 205
"../../../Engine/Content/EngineResources/AICON-Red.uasset" 206
"../../../Engine/Content/EngineResources/AICON-Green.uasset" 207
"../../../Engine/Plugins/2D/Paper2D/Content/PlaceholderTextures/DummySpriteTexture.uasset" 208
"../../../Engine/Plugins/2D/Paper2D/Content/DefaultSpriteMaterial.uasset" 209
"../../../Engine/Plugins/2D/Paper2D/Content/MaskedUnlitSpriteMaterial.uasset" 210
"../../../Engine/Plugins/2D/Paper2D/Content/OpaqueUnlitSpriteMaterial.uasset" 211
"../../../Engine/Plugins/2D/Paper2D/Content/DummySprite.uasset" 212
"../../../Engine/Plugins/2D/Paper2D/Content/DefaultPaperTerrainMaterial.uasset" 213
"../../../Engine/Content/EditorSounds/Notifications/CompileSuccess.uasset" 214
"../../../Engine/Content/EditorSounds/Notifications/CompileStart_Cue.uasset" 215
"../../../Engine/Content/EditorSounds/Notifications/CompileSuccess_Cue.uasset" 216
"../../../Engine/Content/EditorSounds/Notifications/CompileFailed.uasset" 217
"../../../Engine/Content/EditorSounds/Notifications/CompileFailed_Cue.uasset" 218
"../../../Engine/Content/BufferVisualization/BaseColor.uasset" 219
"../../../Engine/Content/BufferVisualization/CustomDepth.uasset" 220
"../../../Engine/Content/Functions/Engine_MaterialFunctions02/Utility/MakeFloat2.uasset" 221
"../../../Engine/Content/Functions/Engine_MaterialFunctions02/Utility/MakeFloat3.uasset" 222
"../../../Engine/Content/EngineMaterials/MiniFont.uasset" 223
"../../../Engine/Content/BufferVisualization/CustomStencil.uasset" 224
"../../../Engine/Content/BufferVisualization/DecalMask.uasset" 225
"../../../Engine/Content/BufferVisualization/FinalImage.uasset" 226
"../../../Engine/Content/BufferVisualization/LightingModel.uasset" 227
"../../../Engine/Content/BufferVisualization/MaterialAO.uasset" 228
"../../../Engine/Content/BufferVisualization/Metallic.uasset" 229
"../../../Engine/Content/BufferVisualization/Opacity.uasset" 230
"../../../Engine/Content/BufferVisualization/Roughness.uasset" 231
"../../../Engine/Content/BufferVisualization/SceneColor.uasset" 232
"../../../Engine/Content/BufferVisualization/SceneDepth.uasset" 233
"../../../Engine/Content/BufferVisualization/SeparateTranslucencyRGB.uasset" 234
"../../../Engine/Content/BufferVisualization/SeparateTranslucencyA.uasset" 235
"../../../Engine/Content/BufferVisualization/Specular.uasset" 236
"../../../Engine/Content/BufferVisualization/SubsurfaceColor.uasset" 237
"../../../Engine/Content/BufferVisualization/WorldNormal.uasset" 238
"../../../Engine/Content/EngineMaterials/DefaultPhysicalMaterial.uasset" 239
"../../../Engine/Content/BufferVisualization/AmbientOcclusion.uasset" 240
"../../../Engine/Content/Functions/Engine_MaterialFunctions02/Utility/VectorLength.uasset" 241
"../../../Engine/Content/BufferVisualization/CustomDepthWorldUnits.uasset" 242
"../../../Engine/Content/BufferVisualization/SceneDepthWorldUnits.uasset" 243
"../../../Engine/Plugins/Runtime/LeapMotionController/Content/LM_CapsuleMesh.uasset" 244
"../../../Engine/Plugins/Runtime/LeapMotionController/Content/LM_TorusMesh.uasset" 245
"../../../Engine/Plugins/Runtime/LeapMotionController/Content/LM_HandColor.uasset" 246
"../../../Engine/Plugins/Runtime/LeapMotionController/Content/LM_SampleDistortion.uasset" 247
"../../../Engine/Plugins/Runtime/LeapMotionController/Content/LM_TestTexture.uasset" 248
"../../../Engine/Plugins/Runtime/LeapMotionController/Content/LM_PassthroughMaterial.uasset" 249
"../../../Engine/Content/BasicShapes/Cube.uasset" 250
"../../../Engine/Content/EngineMaterials/HighResolutionScreenshotMaskFunction.uasset" 251
"../../../Engine/Content/EngineMaterials/HighResScreenshot.uasset" 252
"../../../Engine/Content/EngineMaterials/HighResScreenshotMask.uasset" 253
"../../../Engine/Content/EngineMaterials/HighResScreenshotCaptureRegion.uasset" 254
"../../../Engine/Content/EngineDebugMaterials/WireframeMaterial.uasset" 255
"../../../Engine/Content/Functions/Engine_MaterialFunctions01/Shading/ConvertFromDiffSpec.uasset" 256
"../../../Engine/Content/EngineDebugMaterials/LevelColorationLitMaterial.uasset" 257
"../../../Engine/Content/EngineDebugMaterials/LevelColorationUnlitMaterial.uasset" 258
"../../../Engine/Content/EngineMaterials/DefaultWhiteGrid.uasset" 259
"../../../Engine/Content/EngineDebugMaterials/MAT_LevelColorationLitLightmapUV.uasset" 260
"../../../Engine/Content/EngineDebugMaterials/ShadedLevelColorationLitMaterial.uasset" 261
"../../../Engine/Content/EngineDebugMaterials/ShadedLevelColorationUnlitMateri.uasset" 262
"../../../Engine/Content/EngineDebugMaterials/VertexColorMaterial.uasset" 263
"../../../Engine/Content/EngineDebugMaterials/VertexColorViewMode_ColorOnly.uasset" 264
"../../../Engine/Content/EngineDebugMaterials/VertexColorViewMode_AlphaAsColor.uasset" 265
"../../../Engine/Content/EngineDebugMaterials/VertexColorViewMode_RedOnly.uasset" 266
"../../../Engine/Content/EngineDebugMaterials/VertexColorViewMode_GreenOnly.uasset" 267
"../../../Engine/Content/EngineDebugMaterials/VertexColorViewMode_BlueOnly.uasset" 268
"../../../Engine/Content/EngineMaterials/RemoveSurfaceMaterial.uasset" 269
"../../../Engine/Content/EngineDebugMaterials/DebugMeshMaterial.uasset" 270
"../../../Engine/Content/EngineMaterials/InvalidLightmapSettings.uasset" 271
"../../../Engine/Content/EngineMaterials/M_InvalidLightmapSettings.uasset" 272
"../../../Engine/Content/EditorMaterials/GizmoMaterial.uasset" 273
"../../../Engine/Content/EngineDebugMaterials/GeomMaterial.uasset" 274
"../../../Engine/Content/EngineMaterials/EditorBrushMaterial.uasset" 275
"../../../Engine/Content/EngineDebugMaterials/HeatmapGradient.uasset" 276
"../../../Engine/Content/EngineDebugMaterials/BoneWeightMaterial.uasset" 277
"../../../Engine/Content/EditorMaterials/PreviewShadowIndicator.uasset" 278
"../../../Engine/Content/EditorMaterials/PreviewShadowIndicatorMaterial.uasset" 279
"../../../Engine/Content/EditorMaterials/PhAT_JointLimitMaterial.uasset" 280
"../../../Engine/Content/EditorResources/BSPVertex.uasset" 281
"../../../Engine/Content/EngineMaterials/Good64x64TilingNoiseHighFreq.uasset" 282
"../../../Engine/Content/EngineMaterials/DefaultBokeh.uasset" 283
"../../../Engine/Content/EngineMaterials/PreintegratedSkinBRDF.uasset" 284
"../../../Engine/Content/EngineMaterials/WeightMapPlaceholderTexture.uasset" 285
"../../../Engine/Content/EngineFonts/RobotoTiny.uasset" 286
"../../../Engine/Content/Tutorial/Basics/LevelEditorAttract.uasset" 287
"../../../Engine/Content/Tutorial/Basics/TutorialAssets/icon_tab_Levels_40x.uasset" 288
"../../../Engine/Content/Tutorial/Basics/LevelEditorOverview.uasset" 289
"../../../Engine/Content/Tutorial/BlueprintTutorials/TutorialAssets/Blueprint_64x.uasset" 290
"../../../Engine/Content/Tutorial/BlueprintTutorials/BlueprintEditorTutorial.uasset" 291
"../../../Engine/Content/Tutorial/SubEditors/ParticleSystemEditorTutorial.uasset" 292
"../../../Engine/Content/Tutorial/ContentIntroCurve.uasset" 293
"../../../Engine/Content/EditorMaterials/Cross.uasset" 294
"../../../Engine/Content/EditorMaterials/Cross_Mat.uasset" 295
"../../../Engine/Content/EditorMaterials/PhAT_BoneSelectedMaterial.uasset" 296
"../../../Engine/Content/EditorMaterials/PhAT_ElemSelectedMaterial.uasset" 297
"../../../Engine/Content/EditorMaterials/PhAT_NoCollisionMaterial.uasset" 298
"../../../Engine/Content/EditorMaterials/PhAT_UnselectedMaterial.uasset" 299
"../../../Engine/Content/EditorMaterials/Tick.uasset" 300
"../../../Engine/Content/EditorMaterials/Tick_Mat.uasset" 301
"../../../Engine/Content/EditorMaterials/WidgetGridVertexColorMaterial.uasset" 302
"../../../Engine/Content/EditorMaterials/WidgetGridVertexColorMaterial_Ma.uasset" 303
"../../../Engine/Content/EditorMaterials/WidgetMaterial.uasset" 304
"../../../Engine/Content/EditorMaterials/WidgetMaterial_Current.uasset" 305
"../../../Engine/Content/EditorMaterials/WidgetMaterial_X.uasset" 306
"../../../Engine/Content/EditorMaterials/WidgetMaterial_Y.uasset" 307
"../../../Engine/Content/EditorMaterials/WidgetMaterial_Z.uasset" 308
"../../../Engine/Content/EditorMaterials/WidgetVertexColorMaterial.uasset" 309
"../../../Engine/Content/EditorMaterials/CompositeARGBLayer.uasset" 310
"../../../Engine/Content/EditorMaterials/TilingAALineIntegral.uasset" 311
"../../../Engine/Content/EditorMaterials/TilingAALineBoxFiltered.uasset" 312
"../../../Engine/Content/Functions/Engine_MaterialFunctions03/Procedurals/ComputeFilterWidth.uasset" 313
"../../../Engine/Content/EditorMaterials/TilingAADots.uasset" 314
"../../../Engine/Content/EditorMaterials/Cascade/CASC_Cross.uasset" 315
"../../../Engine/Content/EditorMaterials/Cascade/CASC_None.uasset" 316
"../../../Engine/Content/Functions/Engine_MaterialFunctions03/Blends/Blend_Screen.uasset" 317
"../../../Engine/Content/EditorMaterials/TilingAAGrid.uasset" 318
"../../../Engine/Content/EditorMaterials/LevelGridMaterial.uasset" 319
"../../../Engine/Content/EditorResources/SmallFont.uasset" 320
"../../../Engine/Content/EditorResources/S_KBSJoint.uasset" 321
"../../../Engine/Content/EditorResources/S_KHinge.uasset" 322
"../../../Engine/Content/EditorResources/S_KPrismatic.uasset" 323
"../../../Engine/Content/EditorResources/LightIcons/S_LightError.uasset" 324
"../../../Engine/Content/EditorResources/Spline/T_Loft_Spline.uasset" 325
"../../../Engine/Content/EngineMaterials/BlinkingCaret.uasset" 326
"../../../Engine/Content/EngineMaterials/DefaultNormal.uasset" 327
"../../../Engine/Content/EngineMaterials/Grid_N.uasset" 328
"../../../Engine/Content/EngineMaterials/LandscapeHolePhysicalMaterial.uasset" 329
"../../../Engine/Content/EngineMaterials/PaperDiffuse.uasset" 330
"../../../Engine/Content/EngineMaterials/PaperNormal.uasset" 331
"../../../Engine/Content/EngineMaterials/PhysMat_Rubber.uasset" 332
"../../../Engine/Content/EngineFonts/SmallFont.uasset" 333
"../../../Engine/Content/EngineFonts/TinyFont.uasset" 334
"../../../Engine/Content/EngineResources/StreamingPauseIcon.uasset" 335
"../../../Engine/Content/EngineResources/M_StreamingPause.uasset" 336
"../../../Engine/Content/EditorLandscapeResources/DefaultAlphaTexture.uasset" 337
"../../../Project_ReSurvivor/Content/Blueprints/FirstPersonGameMode.uasset" 338
"../../../Project_ReSurvivor/Content/Placeholder_Assets/Material/Gun_Material.uasset" 339
"../../../Project_ReSurvivor/Content/Placeholder_Assets/placeholder_gunmagazine.uasset" 340
"../../../Project_ReSurvivor/Content/Placeholder_Textures/HandgunA_Texture.uasset" 341
"../../../Project_ReSurvivor/Content/Placeholder_Assets/Actors/GameItems/HandgunA_Actor.uasset" 342
"../../../Engine/Content/MobileResources/T_MobileMenu2.uasset" 343
"../../../Engine/Content/MobileResources/HUD/MobileHUDDirectionPad.uasset" 344
"../../../Engine/Content/MobileResources/HUD/MobileHUDButton2_off.uasset" 345
"../../../Engine/Content/MobileResources/HUD/T_Castle_ThumbstickInner.uasset" 346
"../../../Engine/Content/MobileResources/HUD/MobileHUDButton1_off.uasset" 347
"../../../Engine/Content/MobileResources/HUD/MobileHUDButton3.uasset" 348
"../../../Engine/Content/MobileResources/HUD/MobileHUDDirectionPad3.uasset" 349
"../../../Project_ReSurvivor/Content/Meshes/CubeMaterial.uasset" 350
"../../../Project_ReSurvivor/Content/Meshes/CubeMesh.uasset" 351
"../../../Engine/Content/EditorResources/EmptyActor.uasset" 352
"../../../Engine/Content/EditorSounds/GamePreview/EndPlayInEditor.uasset" 353
"../../../Engine/Content/EditorSounds/GamePreview/EndPlayInEditor_Cue.uasset" 354
"../../../Engine/Content/BasicShapes/Sphere.uasset" 355
"../../../Engine/Content/BasicShapes/Cylinder.uasset" 356
"../../../Engine/Content/BasicShapes/Cone.uasset" 357
"../../../Engine/Content/EditorMaterials/MakeCompositeARGBLayer.uasset" 358
"../../../Engine/Content/EditorResources/LevelGrid1DStripes.uasset" 359
"../../../Engine/Content/EditorMaterials/TextureGridCascaded1D.uasset" 360
"../../../Engine/Content/EditorMaterials/TextureGridCascaded2D.uasset" 361
"../../../Engine/Content/EditorMaterials/LevelGridMaterial2.uasset" 362
"../../../Engine/Content/MapTemplates/SM_Template_Map_Floor.uasset" 363
"../../../Engine/Content/MobileResources/T_MobileControls_texture.uasset" 364
"../../../Engine/Content/MobileResources/HUD/AnalogHat.uasset" 365
"../../../Engine/Content/MobileResources/HUD/VirtualJoystick_Background.uasset" 366
"../../../Engine/Content/MobileResources/HUD/VirtualJoystick_Thumb.uasset" 367
"../../../Engine/Content/MobileResources/HUD/DefaultVirtualJoysticks.uasset" 368
"../../../Engine/Content/MobileResources/HUD/LeftVirtualJoystickOnly.uasset" 369
"../../../Engine/Content/MobileResources/HUD/MobileHUDButton1_on.uasset" 370
"../../../Engine/Content/MobileResources/HUD/MobileHUDButton2_on.uasset" 371
"../../../Engine/Content/MobileResources/HUD/MobileHUDButtonFire.uasset" 372
"../../../Engine/Content/MobileResources/HUD/MobileHUDDirectionPad2.uasset" 373
"../../../Engine/Content/MobileResources/HUD/MobileHUDDirectionStick.uasset" 374
"../../../Engine/Content/MobileResources/HUD/T_Castle_ThumbstickOutter.uasset" 375
"../../../Engine/Content/EditorSounds/GamePreview/StartPlayInEditor.uasset" 376
"../../../Engine/Content/EditorSounds/GamePreview/StartPlayInEditor_Cue.uasset" 377
