[2015.09.13-10.05.47:172][  0]Log file open, 09/13/15 12:05:47
[2015.09.13-10.05.47:172][  0]LogInit:Display: Running engine for game: Project_ReSurvivor
[2015.09.13-10.05.47:172][  0]LogInit:Display: RandInit(1510368138) SRandInit(1510368139).
[2015.09.13-10.05.47:172][  0]LogTaskGraph: Started task graph with 4 named threads and 7 total threads.
[2015.09.13-10.05.47:172][  0]LogStats: Stats thread started at 0.226731
[2015.09.13-10.05.47:172][  0]LogInit: Version: 4.9.0-2672455+++depot+UE4-Releases+4.9
[2015.09.13-10.05.47:172][  0]LogInit: API Version: 2672455
[2015.09.13-10.05.47:172][  0]LogInit: Compiled (64-bit): Aug 28 2015 12:33:01
[2015.09.13-10.05.47:172][  0]LogInit: Compiled with Visual C++: 18.00.21005.01
[2015.09.13-10.05.47:172][  0]LogInit: Build Configuration: Development
[2015.09.13-10.05.47:172][  0]LogInit: Branch Name: ++depot+UE4-Releases+4.9
[2015.09.13-10.05.47:172][  0]LogInit: Command line:  
[2015.09.13-10.05.47:172][  0]LogInit: Base directory: C:/Program Files/Epic Games/4.9/Engine/Binaries/Win64/
[2015.09.13-10.05.47:172][  0]LogInit: Rocket: 1
[2015.09.13-10.05.47:179][  0]LogInit: Using libcurl 7.41.0
[2015.09.13-10.05.47:179][  0]LogInit:  - built for x86_64-pc-win32
[2015.09.13-10.05.47:179][  0]LogInit:  - supports SSL with WinSSL
[2015.09.13-10.05.47:179][  0]LogInit:  - other features:
[2015.09.13-10.05.47:179][  0]LogInit:      CURL_VERSION_SSL
[2015.09.13-10.05.47:179][  0]LogInit:      CURL_VERSION_IPV6
[2015.09.13-10.05.47:179][  0]LogInit:      CURL_VERSION_ASYNCHDNS
[2015.09.13-10.05.47:179][  0]LogInit:      CURL_VERSION_LARGEFILE
[2015.09.13-10.05.47:179][  0]LogInit:      CURL_VERSION_IDN
[2015.09.13-10.05.47:179][  0]LogInit:  CurlRequestOptions (configurable via config and command line):
[2015.09.13-10.05.47:179][  0]LogInit:  - bVerifyPeer = true  - Libcurl will verify peer certificate
[2015.09.13-10.05.47:179][  0]LogInit:  - bUseHttpProxy = false  - Libcurl will NOT use HTTP proxy
[2015.09.13-10.05.47:179][  0]LogInit:  - bDontReuseConnections = false  - Libcurl will reuse connections
[2015.09.13-10.05.47:179][  0]LogInit:  - CertBundlePath = nullptr  - Libcurl will use whatever was configured at build time.
[2015.09.13-10.05.47:189][  0]LogInit: Presizing for 0 objects not considered by GC, pre-allocating 0 bytes.
[2015.09.13-10.05.47:201][  0]LogInit: Object subsystem initialized
[2015.09.13-10.05.47:220][  0]LogInit: Selected Device Profile: [Windows]
[2015.09.13-10.05.47:220][  0]LogInit: Applying CVar settings loaded from the selected device profile: [Windows]
[2015.09.13-10.05.47:247][  0]LogInit: Computer: DESKTOP-4553MRA
[2015.09.13-10.05.47:247][  0]LogInit: User: Tomislav
[2015.09.13-10.05.47:247][  0]LogInit: CPU Page size=4096, Cores=4
[2015.09.13-10.05.47:247][  0]LogInit: High frequency timer resolution =3.906249 MHz
[2015.09.13-10.05.47:247][  0]LogMemory: Memory total: Physical=15.9GB (16GB approx)
[2015.09.13-10.05.47:247][  0]LogMemory: Platform Memory Stats for Windows
[2015.09.13-10.05.47:247][  0]LogMemory: Process Physical Memory: 54.95 MB used, 54.95 MB peak
[2015.09.13-10.05.47:247][  0]LogMemory: Process Virtual Memory: 55.30 MB used, 55.30 MB peak
[2015.09.13-10.05.47:247][  0]LogMemory: Physical Memory: 3404.79 MB used, 16268.80 MB total
[2015.09.13-10.05.47:247][  0]LogMemory: Virtual Memory: 364.80 MB used, 134217728.00 MB total
[2015.09.13-10.05.47:473][  0]LogTextLocalizationManager: No translations for ('sr-Latn-RS') exist, falling back to 'en' for localization and internationalization data.
[2015.09.13-10.05.48:112][  0]LogD3D11RHI: Found D3D11 adapter 0: NVIDIA GeForce GTX 970 (Feature Level 11_0)
[2015.09.13-10.05.48:112][  0]LogD3D11RHI: Adapter has 4008MB of dedicated video memory, 0MB of dedicated system memory, and 8134MB of shared system memory, 1 output[s]
[2015.09.13-10.05.48:174][  0]LogD3D11RHI: Found D3D11 adapter 1: Intel(R) HD Graphics 4600 (Feature Level 11_0)
[2015.09.13-10.05.48:174][  0]LogD3D11RHI: Adapter has 112MB of dedicated video memory, 0MB of dedicated system memory, and 8134MB of shared system memory, 0 output[s]
[2015.09.13-10.05.48:180][  0]LogD3D11RHI: Found D3D11 adapter 2: Microsoft Basic Render Driver (Feature Level 11_0)
[2015.09.13-10.05.48:180][  0]LogD3D11RHI: Adapter has 0MB of dedicated video memory, 0MB of dedicated system memory, and 8134MB of shared system memory, 0 output[s]
[2015.09.13-10.05.48:180][  0]LogD3D11RHI: Chosen D3D11 Adapter Id = 0
[2015.09.13-10.05.48:183][  0]LogD3D11RHI: !Direct3DDevice
[2015.09.13-10.05.48:184][  0]LogRHI: Texture pool is 1361 MB (70% of 1945 MB)
[2015.09.13-10.05.48:193][  0]LogD3D11RHI: Async texture creation enabled
[2015.09.13-10.05.48:221][  0]LogShaderCompilers: Guid format shader working directory is 15 characters bigger than the processId version (D:/EpicBeardMan/Work/Project Re-Survivor/Project_ReSurvivor/Intermediate/Shaders/WorkingDirectory/2032/).
[2015.09.13-10.05.48:221][  0]LogShaderCompilers: Cleaned the shader compiler working directory 'D:/EpicBeardMan/Work/Project Re-Survivor/Project_ReSurvivor/Intermediate/Shaders/tmp/8EE714DC43ABDD8466B6A7828E766990/'.
[2015.09.13-10.05.48:221][  0]LogShaderCompilers:Display: Using Local Shader Compiler.
[2015.09.13-10.05.49:777][  0]LogTemp:Display: Loaded TP AllDesktopTargetPlatform
[2015.09.13-10.05.49:781][  0]LogTemp:Display: Loaded TP WindowsClientTargetPlatform
[2015.09.13-10.05.49:785][  0]LogTemp:Display: Loaded TP WindowsNoEditorTargetPlatform
[2015.09.13-10.05.49:789][  0]LogTemp:Display: Loaded TP WindowsServerTargetPlatform
[2015.09.13-10.05.49:794][  0]LogTemp:Display: Loaded TP WindowsTargetPlatform
[2015.09.13-10.05.49:798][  0]LogTemp:Display: Loaded TP AndroidTargetPlatform
[2015.09.13-10.05.49:801][  0]LogTemp:Display: Loaded TP Android_ASTCTargetPlatform
[2015.09.13-10.05.49:804][  0]LogTemp:Display: Loaded TP Android_ATCTargetPlatform
[2015.09.13-10.05.49:806][  0]LogTemp:Display: Loaded TP Android_DXTTargetPlatform
[2015.09.13-10.05.49:809][  0]LogTemp:Display: Loaded TP Android_ETC1TargetPlatform
[2015.09.13-10.05.49:812][  0]LogTemp:Display: Loaded TP Android_ETC2TargetPlatform
[2015.09.13-10.05.49:815][  0]LogTemp:Display: Loaded TP Android_PVRTCTargetPlatform
[2015.09.13-10.05.49:816][  0]LogTemp:Display: Loaded TP HTML5TargetPlatform
[2015.09.13-10.05.49:843][  0]LogTemp:Display: Loaded TP IOSTargetPlatform
[2015.09.13-10.05.49:846][  0]LogTemp:Display: Loaded TP LinuxNoEditorTargetPlatform
[2015.09.13-10.05.49:848][  0]LogTemp:Display: Loaded TP LinuxServerTargetPlatform
[2015.09.13-10.05.49:853][  0]LogTemp:Display: Loaded TP LinuxTargetPlatform
[2015.09.13-10.05.49:853][  0]LogTargetPlatformManager:Display: Building Assets For Windows
[2015.09.13-10.05.50:038][  0]LogDerivedDataCache:Display: Max Cache Size: 512 MB
[2015.09.13-10.05.50:038][  0]LogDerivedDataCache:Display: Starting with empty Boot cache
[2015.09.13-10.05.50:038][  0]LogDerivedDataCache: FDerivedDataBackendGraph:  Pak pak cache file D:/EpicBeardMan/Work/Project Re-Survivor/Project_ReSurvivor/DerivedDataCache/DDC.ddp not found, will not use a pak cache.
[2015.09.13-10.05.50:038][  0]LogDerivedDataCache: Unable to find inner node Pak for hierarchical cache Hierarchy.
[2015.09.13-10.05.50:038][  0]LogDerivedDataCache: FDerivedDataBackendGraph:  CompressedPak pak cache file D:/EpicBeardMan/Work/Project Re-Survivor/Project_ReSurvivor/DerivedDataCache/Compressed.ddp not found, will not use a pak cache.
[2015.09.13-10.05.50:038][  0]LogDerivedDataCache: Unable to find inner node CompressedPak for hierarchical cache Hierarchy.
[2015.09.13-10.05.50:155][  0]LogDerivedDataCache:Display: Pak cache opened for reading ../../../Engine/DerivedDataCache/Compressed.ddp.
[2015.09.13-10.05.50:168][  0]LogDerivedDataCache: Using Local data cache path C:/Users/Tomislav/AppData/Local/UnrealEngine/Common/DerivedDataCache: Writable
[2015.09.13-10.05.51:535][  0]LogInit: Selected Device Profile: [Windows]
[2015.09.13-10.05.51:551][  0]LogContentStreaming: Texture pool size is 0.000000MB
[2015.09.13-10.05.51:739][  0]LogMeshUtilities: No automatic mesh reduction module available
[2015.09.13-10.05.51:739][  0]LogMeshUtilities: No automatic mesh merging module available
[2015.09.13-10.05.52:382][  0]LogInit: WinSock: version 1.1 (2.2), MaxSocks=32767, MaxUdp=65467
[2015.09.13-10.05.53:912][  0]LogAssetRegistry: FAssetRegistry took 0.0121 seconds to start up
[2015.09.13-10.05.53:925][  0]UdpMessaging: Initializing bridge on interface 0.0.0.0:0 to multicast group 230.0.0.1:6666.
[2015.09.13-10.05.54:279][  0]SourceControl: Info Source control is disabled
[2015.09.13-10.05.54:304][  0]SourceControl: Info Source control is disabled
[2015.09.13-10.05.54:312][  0]SourceControl: Info Source control is disabled
[2015.09.13-10.05.54:319][  0]SourceControl: Info Source control is disabled
[2015.09.13-10.05.54:458][  0]LogLinker:Warning: Asset '../../../Engine/Plugins/Runtime/LeapMotionController/Content/LM_PassthroughMaterial.uasset' has been saved with empty engine version. The asset will be loaded but may be incompatible.
[2015.09.13-10.05.54:557][  0]LogObj: 28528 objects as part of root set at end of initial load.
[2015.09.13-10.05.54:557][  0]LogUObjectAllocator: 6068464 out of 0 bytes used by permanent object pool.
[2015.09.13-10.05.54:632][  0]LogEngine: Initializing Engine...
[2015.09.13-10.05.54:635][  0]LogHMD: Can't find Oculus library dev build: is proper Runtime installed? Version: 0.6.0.0
[2015.09.13-10.05.54:644][  0]LogHMD: SteamVR failed to initialize.  Err: 110
[2015.09.13-10.05.54:862][  0]LogAIModule: Creating AISystem for world NewWorld
[2015.09.13-10.05.54:877][  0]LogInit: XAudio2 using 'Speakers (2- Realtek High Definition Audio)' : 2 channels at 48 kHz using 32 bits per sample (channel mask 0x3)
[2015.09.13-10.05.54:885][  0]LogInit: FAudioDevice initialized.
[2015.09.13-10.05.54:899][  0]LogDerivedDataCache: Saved boot cache 0.01s 41MB C:/Users/Tomislav/AppData/Local/UnrealEngine/4.9/DerivedDataCache/Boot.ddc.
[2015.09.13-10.05.54:904][  0]LogInit: Texture streaming: Enabled
[2015.09.13-10.05.54:911][  0]LogAnalytics: Creating configured Analytics provider AnalyticsET
[2015.09.13-10.05.54:912][  0]LogAnalytics: [UEEditor.Rocket.Release] APIServer = http://et2.epicgames.com/ET2/. AppVersion = 4.9.0-2672455+++depot+UE4-Releases+4.9
[2015.09.13-10.05.54:912][  0]LogAnalytics: [UEEditor.Rocket.Release] SetUserId a1cfbb91420322c620ec8ab13eb8ccb7|f9225645bd7847cda58b36280a4487c8|f208c7ae-d060-4a92-8815-3b254badd6b6
[2015.09.13-10.05.54:912][  0]LogAnalytics: [UEEditor.Rocket.Release] AnalyticsET::StartSession
[2015.09.13-10.05.54:924][  0]LogWindowsTextInputMethodSystem:Display: IME system now deactivated.
[2015.09.13-10.05.54:924][  0]LogWindowsTextInputMethodSystem:Display: IME system now deactivated.
[2015.09.13-10.05.54:941][  0]LogInit: Transaction tracking system initialized
[2015.09.13-10.05.55:000][  0]BlueprintLog: New page: Editor Load
[2015.09.13-10.05.55:151][  0]LocalizationService: Info Localization service is disabled
[2015.09.13-10.05.55:277][  0]LogConsoleResponse:Display: 
[2015.09.13-10.05.55:379][  0]LogCook:Display: Done creating registry. It took  0.00s.
[2015.09.13-10.05.55:454][  0]SourceControl: Info Source control is disabled
[2015.09.13-10.05.55:454][  0]Cmd: MAP LOAD FILE="D:/EpicBeardMan/Work/Project Re-Survivor/Project_ReSurvivor/Content/FirstPersonBP/Maps/FirstPersonExampleMap.umap" TEMPLATE=0 SHOWPROGRESS=1 FEATURELEVEL=3
[2015.09.13-10.05.55:466][  0]LightingResults: New page: Lighting Build
[2015.09.13-10.05.55:473][  0]MapCheck: New page: Map Check
[2015.09.13-10.05.55:473][  0]LightingResults: New page: Lighting Build
[2015.09.13-10.05.55:495][  0]LogParticles: Destroying 0 GPU particle simulations for FXSystem 0x00000040A1E00400
[2015.09.13-10.05.56:117][  0]LogBlueprint:Warning: [compiler ItemBaseClass_Actor] Warning Default Enum value 'ItemTypes' for class 'ItemBaseClass_Actor_C' is invalid in object 'Default__ItemBaseClass_Actor_C' 
[2015.09.13-10.05.56:117][  0]LogBlueprint:Warning: [compiler ItemBaseClass_Actor] Warning [0010.06] Compile of ItemBaseClass_Actor successful, but with 1 Warning(s) [in 3 ms]
[2015.09.13-10.05.56:118][  0]LogBlueprint:Warning: [compiler ItemBaseClass_Actor] Warning [0010.06] Compile of ItemBaseClass_Actor successful, but with 2 Warning(s) [in 0 ms]
[2015.09.13-10.05.56:118][  0]LogBlueprint:Warning: [compiler ItemBaseClass_Actor] Warning [0010.06] Compile of ItemBaseClass_Actor successful, but with 3 Warning(s) [in 0 ms]
[2015.09.13-10.05.56:122][  0]LogBlueprint:Warning: [compiler WeaponBaseClass_Actor] Warning Default Enum value 'WeaponName' for class 'WeaponBaseClass_Actor_C' is invalid in object 'Default__WeaponBaseClass_Actor_C' 
[2015.09.13-10.05.56:122][  0]LogBlueprint:Warning: [compiler WeaponBaseClass_Actor] Warning Default Enum value 'WeaponClass' for class 'WeaponBaseClass_Actor_C' is invalid in object 'Default__WeaponBaseClass_Actor_C' 
[2015.09.13-10.05.56:123][  0]LogBlueprint:Warning: [compiler WeaponBaseClass_Actor] Warning [0010.06] Compile of WeaponBaseClass_Actor successful, but with 2 Warning(s) [in 1 ms]
[2015.09.13-10.05.56:123][  0]LogBlueprint:Warning: [compiler WeaponBaseClass_Actor] Warning [0010.06] Compile of WeaponBaseClass_Actor successful, but with 3 Warning(s) [in 0 ms]
[2015.09.13-10.05.56:123][  0]LogBlueprint:Warning: [compiler WeaponBaseClass_Actor] Warning [0010.06] Compile of WeaponBaseClass_Actor successful, but with 4 Warning(s) [in 0 ms]
[2015.09.13-10.05.56:458][  0]LogLinker:Warning: CreateExport: Failed to load Parent for Function /Game/Placeholder_Assets/Actors/HealthRestoreBase_Actor.HealthRestoreBase_Actor_C:UserConstructionScript; removing parent information, but keeping function
[2015.09.13-10.05.56:481][  0]LogLinker:Warning: CreateExport: Failed to load Parent for Function /Game/Placeholder_Assets/Actors/GameItems/FirstAidSpray_Actor.FirstAidSpray_Actor_C:UserConstructionScript; removing parent information, but keeping function
[2015.09.13-10.05.56:497][  0]LogLinker:Warning: CreateExport: Failed to load Parent for Function /Game/Placeholder_Assets/Actors/GameItems/HandgunA_Actor.HandgunA_Actor_C:UserConstructionScript; removing parent information, but keeping function
[2015.09.13-10.05.56:536][  0]LogLinker:Warning: CreateExport: Failed to load Parent for Function /Game/Placeholder_Assets/Actors/GameItems/Shotgun_Actor.Shotgun_Actor_C:UserConstructionScript; removing parent information, but keeping function
[2015.09.13-10.05.56:546][  0]LogBlueprint:Warning: [compiler AmmunitionBaseClass_Actor] Warning Default Enum value 'WeaponClass' for class 'AmmunitionBaseClass_Actor_C' is invalid in object 'Default__AmmunitionBaseClass_Actor_C' 
[2015.09.13-10.05.56:546][  0]LogBlueprint:Warning: [compiler AmmunitionBaseClass_Actor] Warning [0010.49] Compile of AmmunitionBaseClass_Actor successful, but with 1 Warning(s) [in 1 ms]
[2015.09.13-10.05.56:546][  0]LogBlueprint:Warning: [compiler AmmunitionBaseClass_Actor] Warning [0010.49] Compile of AmmunitionBaseClass_Actor successful, but with 2 Warning(s) [in 0 ms]
[2015.09.13-10.05.56:546][  0]LogBlueprint:Warning: [compiler AmmunitionBaseClass_Actor] Warning [0010.49] Compile of AmmunitionBaseClass_Actor successful, but with 3 Warning(s) [in 0 ms]
[2015.09.13-10.05.56:557][  0]LogLinker:Warning: CreateExport: Failed to load Parent for Function /Game/Placeholder_Assets/Actors/GameItems/ShotgunShells_Actor.ShotgunShells_Actor_C:UserConstructionScript; removing parent information, but keeping function
[2015.09.13-10.05.56:626][  0]LogTexture:Display: Building textures: T_ML_Rubber_Blue_01_N (BC5)
[2015.09.13-10.05.56:659][  0]LogTexture:Display: Building textures: T_ML_Rubber_Blue_01_D (AutoDXT)
[2015.09.13-10.05.56:934][  0]LogTexture:Display: Building textures: HQ_Lightmap1_1 (AutoDXT)
[2015.09.13-10.05.57:288][  0]LogTexture:Display: Building textures: HQ_Lightmap1_2 (AutoDXT)
[2015.09.13-10.05.57:691][  0]LogTexture:Display: Building textures: HQ_Lightmap1_3 (AutoDXT)
[2015.09.13-10.05.58:050][  0]LogTexture:Display: Building textures: HQ_Lightmap1_4 (AutoDXT)
[2015.09.13-10.05.58:397][  0]LogTexture:Display: Building textures: HQ_Lightmap1_5 (AutoDXT)
[2015.09.13-10.05.58:958][  0]LogTexture:Display: Building textures: HQ_Lightmap1_6 (AutoDXT)
[2015.09.13-10.05.59:485][  0]LogTexture:Display: Building textures: HQ_Lightmap1_7 (AutoDXT)
[2015.09.13-10.05.59:846][  0]LogTexture:Display: Building textures: HQ_Lightmap1_8 (AutoDXT)
[2015.09.13-10.05.59:876][  0]LogTexture:Display: Building textures: LQ_Lightmap_1_1 (DXT1)
[2015.09.13-10.06.00:056][  0]LogTexture:Display: Building textures: LQ_Lightmap_1_2 (DXT1)
[2015.09.13-10.06.00:256][  0]LogTexture:Display: Building textures: LQ_Lightmap_1_3 (DXT1)
[2015.09.13-10.06.00:439][  0]LogTexture:Display: Building textures: LQ_Lightmap_1_4 (DXT1)
[2015.09.13-10.06.00:624][  0]LogTexture:Display: Building textures: LQ_Lightmap_1_5 (DXT1)
[2015.09.13-10.06.00:815][  0]LogTexture:Display: Building textures: LQ_Lightmap_1_6 (DXT1)
[2015.09.13-10.06.01:009][  0]LogTexture:Display: Building textures: LQ_Lightmap_1_7 (DXT1)
[2015.09.13-10.06.01:177][  0]LogTexture:Display: Building textures: LQ_Lightmap_1_8 (DXT1)
[2015.09.13-10.06.01:194][  0]LogTexture:Display: Building textures: SkyOcclusion0_1 (AutoDXT)
[2015.09.13-10.06.01:365][  0]LogTexture:Display: Building textures: SkyOcclusion0_2 (AutoDXT)
[2015.09.13-10.06.01:556][  0]LogTexture:Display: Building textures: SkyOcclusion0_3 (AutoDXT)
[2015.09.13-10.06.01:728][  0]LogTexture:Display: Building textures: SkyOcclusion0_4 (AutoDXT)
[2015.09.13-10.06.01:894][  0]LogTexture:Display: Building textures: SkyOcclusion0_5 (AutoDXT)
[2015.09.13-10.06.02:118][  0]LogTexture:Display: Building textures: SkyOcclusion0_6 (AutoDXT)
[2015.09.13-10.06.02:342][  0]LogTexture:Display: Building textures: SkyOcclusion0_7 (AutoDXT)
[2015.09.13-10.06.02:577][  0]LogTexture:Display: Building textures: SkyOcclusion0_8 (AutoDXT)
[2015.09.13-10.06.02:602][  0]LogTexture:Display: Building textures: Flare_02 (BGRA8)
[2015.09.13-10.06.02:678][  0]LogMaterial: Missing cached shader map for material M_LensFlare_02, compiling. 
[2015.09.13-10.06.02:720][  0]LogTexture:Display: Building textures: ShadowMapTexture2D_10 (BGRA8)
[2015.09.13-10.06.02:842][  0]LogTexture:Display: Building textures: ShadowMapTexture2D_11 (BGRA8)
[2015.09.13-10.06.02:947][  0]LogTexture:Display: Building textures: ShadowMapTexture2D_12 (BGRA8)
[2015.09.13-10.06.03:057][  0]LogTexture:Display: Building textures: ShadowMapTexture2D_13 (BGRA8)
[2015.09.13-10.06.03:166][  0]LogTexture:Display: Building textures: ShadowMapTexture2D_14 (BGRA8)
[2015.09.13-10.06.03:263][  0]LogTexture:Display: Building textures: ShadowMapTexture2D_15 (BGRA8)
[2015.09.13-10.06.03:289][  0]LogTexture:Display: Building textures: ShadowMapTexture2D_8 (BGRA8)
[2015.09.13-10.06.03:401][  0]LogTexture:Display: Building textures: ShadowMapTexture2D_9 (BGRA8)
[2015.09.13-10.06.03:504][  0]LogStaticMesh: Building static mesh CubeMesh...
[2015.09.13-10.06.03:510][  0]LogStaticMesh: Built static mesh [0.005394.2s] /Game/FirstPersonBP/Meshes/CubeMesh.CubeMesh
[2015.09.13-10.06.03:510][  0]LogStaticMesh: Building static mesh first_aid_spray...
[2015.09.13-10.06.03:586][  0]LogStaticMesh: Built static mesh [0.076214.2s] /Game/Placeholder_Assets/first_aid_spray.first_aid_spray
[2015.09.13-10.06.03:594][  0]LogStaticMesh: Building static mesh placeholder_gunmagazine...
[2015.09.13-10.06.03:847][  0]LogStaticMesh: Built static mesh [0.253153.2s] /Game/Placeholder_Assets/placeholder_gunmagazine.placeholder_gunmagazine
[2015.09.13-10.06.03:848][  0]LogStaticMesh: Building static mesh shotgun_placeholder...
[2015.09.13-10.06.04:707][  0]LogStaticMesh: Built static mesh [0.859228.2s] /Game/Placeholder_Assets/shotgun_placeholder.shotgun_placeholder
[2015.09.13-10.06.04:770][  0]LogStaticMesh: Building static mesh shotgun_shells_box...
[2015.09.13-10.06.05:129][  0]LogStaticMesh: Built static mesh [0.359366.2s] /Game/Placeholder_Assets/shotgun_shells_box.shotgun_shells_box
[2015.09.13-10.06.05:154][  0]LogTexture:Display: Building textures: Border_BulletCounter_2_Texture (BGRA8)
[2015.09.13-10.06.05:160][  0]LogTexture:Display: Building textures: Bullet_Texture (BGRA8)
[2015.09.13-10.06.05:214][  0]LogTexture:Display: Building textures: T_ML_Aluminum01 (AutoDXT)
[2015.09.13-10.06.05:332][  0]LogTexture:Display: Building textures: T_ML_Aluminum01_N (BC5)
[2015.09.13-10.06.05:361][  0]LogTexture:Display: Building textures: UE4_Mannequin_MAT_MASKA (AutoDXT)
[2015.09.13-10.06.05:565][  0]LogTexture:Display: Building textures: UE4_Mannequin__normals (BC5)
[2015.09.13-10.06.05:927][  0]LogTexture:Display: Building textures: UE4_Mannequin_occlusion_Mobile (AutoDXT)
[2015.09.13-10.06.06:024][  0]LogMaterial: Missing cached shader map for material M_UE4Man_Body, compiling. 
[2015.09.13-10.06.06:095][  0]LogTexture:Display: Building textures: ThumbnailTexture (DXT1)
[2015.09.13-10.06.06:121][  0]LogStaticMesh: Building static mesh shell...
[2015.09.13-10.06.06:157][  0]LogStaticMesh: Built static mesh [0.035822.2s] /Game/Placeholder_Assets/shell.shell
[2015.09.13-10.06.06:161][  0]LogMaterial: Missing cached shader map for material EmptyBulletShell_Material, compiling. 
[2015.09.13-10.06.06:207][  0]LogTexture:Display: Building textures: Heartbeat_purple_Texture (AutoDXT)
[2015.09.13-10.06.07:266][  0]LogTexture:Display: Building textures: Heartbeat_orange_Texture (AutoDXT)
[2015.09.13-10.06.08:315][  0]LogTexture:Display: Building textures: Heartbeat_green_Texture (AutoDXT)
[2015.09.13-10.06.08:427][  0]LogTexture:Display: Building textures: Border_Healthbar_2_Texture (BGRA8)
[2015.09.13-10.06.08:445][  0]LogTexture:Display: Building textures: Heartbeat_yellow_Texture (AutoDXT)
[2015.09.13-10.06.09:498][  0]LogTexture:Display: Building textures: Heartbeat_red_Texture (AutoDXT)
[2015.09.13-10.06.10:609][  0]LogTexture:Display: Building textures: Shotgun_Texture (AutoDXT)
[2015.09.13-10.06.10:613][  0]LogTexture:Display: Building textures: Crosshair_line_Texture (AutoDXT)
[2015.09.13-10.06.10:628][  0]LogMaterial: Missing cached shader map for material Gun_Material, compiling. 
[2015.09.13-10.06.10:693][  0]LogTexture:Display: Building textures: HandgunA_Texture (AutoDXT)
[2015.09.13-10.06.10:701][  0]LogTexture:Display: Building textures: FirstAidSprayInventoryTexture (AutoDXT)
[2015.09.13-10.06.10:752][  0]LogTexture:Display: Building textures: ShotgunShellsInventoryTexture (AutoDXT)
[2015.09.13-10.06.10:774][  0]LogMaterial: Missing cached shader map for material CubeMaterial, compiling. 
[2015.09.13-10.06.10:804][  0]LogAIModule: Creating AISystem for world FirstPersonExampleMap
[2015.09.13-10.06.10:886][  0]LogEditorServer: Finished looking for orphan Actors (0.000 secs)
[2015.09.13-10.06.10:889][  0]Cmd: MAP CHECKDEP NOCLEARLOG
[2015.09.13-10.06.10:951][  0]MapCheck: Info Map check complete: 0 Error(s), 0 Warning(s), took 62.319ms to complete.
[2015.09.13-10.06.10:953][  0]LogFileHelpers: Loading map 'FirstPersonExampleMap' took 15.499
[2015.09.13-10.06.11:128][  0]LogCollectionManager: Loaded 0 collections in 0.003264 seconds
[2015.09.13-10.06.11:179][  0]LogFileCache: Scanning file cache for directory 'D:/EpicBeardMan/Work/Project Re-Survivor/Project_ReSurvivor/Saved/Collections/' took 0.01s
[2015.09.13-10.06.11:179][  0]LogFileCache: Scanning file cache for directory 'D:/EpicBeardMan/Work/Project Re-Survivor/Project_ReSurvivor/Content/Developers/Tomislav/Collections/' took 0.01s
[2015.09.13-10.06.11:179][  0]LogFileCache: Scanning file cache for directory 'D:/EpicBeardMan/Work/Project Re-Survivor/Project_ReSurvivor/Content/Collections/' took 0.01s
[2015.09.13-10.06.11:179][  0]LogContentBrowser: Native class hierarchy populated in 0.0091 seconds. Added 1882 classes and 339 folders.
[2015.09.13-10.06.11:194][  0]LogCollectionManager: Rebuilt the GUID cache for 0 collections in 0.000008 seconds
[2015.09.13-10.06.11:207][  0]LogContentBrowser: Native class hierarchy updated for 'WidgetCarousel' in 0.0003 seconds. Added 0 classes and 0 folders.
[2015.09.13-10.06.11:491][  0]LogContentBrowser: Native class hierarchy updated for 'AddContentDialog' in 0.0004 seconds. Added 0 classes and 0 folders.
[2015.09.13-10.06.11:500][  0]LogContentBrowser: Native class hierarchy updated for 'SceneOutliner' in 0.0004 seconds. Added 1 classes and 2 folders.
[2015.09.13-10.06.11:569][  0]LogCrashTracker: Crashtracker disabled due to settings.
[2015.09.13-10.06.11:576][  0]LogUObjectGlobals:Warning: Failed to find object 'Class None.'
[2015.09.13-10.06.11:614][  0]LogLoad: Full Startup: 25.55 seconds (BP compile: 0.33 seconds)
[2015.09.13-10.06.11:626][  0]LoadErrors:Error: Error /Game/Blueprints/Widgets/Menu_Widget : Failed import for ObjectProperty /Game/Blueprints/Widgets/InventorySlot_Widget.InventorySlot_Widget_C:Item
[2015.09.13-10.06.11:626][  0]LoadErrors:Error: Error /Game/Blueprints/Widgets/Menu_Widget : Failed import for ObjectProperty /Game/Blueprints/Widgets/InventorySlot_Widget.InventorySlot_Widget_C:ItemName_Text
[2015.09.13-10.06.11:761][  0]LogContentStreaming: Texture pool size now 1000 MB
[2015.09.13-10.06.11:897][  0]LogRenderer: Reallocating scene render targets to support 1208x576 (Frame:2).
[2015.09.13-10.06.12:477][  9]LogAssetRegistry: Asset discovery search completed in 18.5767 seconds
[2015.09.13-10.06.12:477][  9]LogCollectionManager: Rebuilt the object cache for 0 collections in 0.000001 seconds (found 0 objects)
[2015.09.13-10.06.12:491][  9]LogCollectionManager: Fixed up redirectors for 0 collections in 0.013598 seconds (updated 0 objects)
[2015.09.13-10.06.24:017][315]LogRenderer: Reallocating scene render targets to support 1208x636 (Frame:771).
[2015.09.13-10.06.24:835][410]LogPlayLevel: PlayLevel: No blueprints needed recompiling
[2015.09.13-10.06.24:838][410]PIE: New page: PIE session: FirstPersonExampleMap (Sep 13, 2015, 2:06:24 PM)
[2015.09.13-10.06.24:839][410]LogPlayLevel: Creating play world package: /Game/FirstPersonBP/Maps/UEDPIE_0_FirstPersonExampleMap
[2015.09.13-10.06.24:866][410]LogPlayLevel: PIE: StaticDuplicateObject took: (0.027176s)
[2015.09.13-10.06.24:867][410]LogAIModule: Creating AISystem for world FirstPersonExampleMap
[2015.09.13-10.06.24:867][410]LogPlayLevel: PIE: World Init took: (0.000984s)
[2015.09.13-10.06.24:867][410]LogPlayLevel: PIE: Created PIE world by copying editor world from /Game/FirstPersonBP/Maps/FirstPersonExampleMap.FirstPersonExampleMap to /Game/FirstPersonBP/Maps/UEDPIE_0_FirstPersonExampleMap.FirstPersonExampleMap (0.028422s)
[2015.09.13-10.06.24:921][410]LogInit: XAudio2 using 'Speakers (2- Realtek High Definition Audio)' : 2 channels at 48 kHz using 32 bits per sample (channel mask 0x3)
[2015.09.13-10.06.24:928][410]LogInit: FAudioDevice initialized.
[2015.09.13-10.06.24:978][410]LogWorld: Game class is 'FirstPersonGameMode_C'
[2015.09.13-10.06.24:992][410]LogWorld: Bringing World /Game/FirstPersonBP/Maps/UEDPIE_0_FirstPersonExampleMap.FirstPersonExampleMap up for play (max tick rate 0) at 2015.09.13-12.06.24
[2015.09.13-10.06.24:992][410]LogActor:Warning: GameSession /Game/FirstPersonBP/Maps/UEDPIE_0_FirstPersonExampleMap.FirstPersonExampleMap:PersistentLevel.GameSession_0 has natively added scene component(s), but none of them were set as the actor's RootComponent - picking one arbitrarily
[2015.09.13-10.06.24:993][410]LogActor:Warning: GameNetworkManager /Game/FirstPersonBP/Maps/UEDPIE_0_FirstPersonExampleMap.FirstPersonExampleMap:PersistentLevel.GameNetworkManager_0 has natively added scene component(s), but none of them were set as the actor's RootComponent - picking one arbitrarily
[2015.09.13-10.06.24:998][410]LogWorld: Bringing up level for play took: 0.011211
[2015.09.13-10.06.25:026][410]PIE: Info Play in editor start time for /Game/FirstPersonBP/Maps/UEDPIE_0_FirstPersonExampleMap 0.799
[2015.09.13-10.06.26:263][552]LogScript:Warning: Accessed None 'WeaponLinkToInventory'
	FirstPersonCharacter_C /Game/FirstPersonBP/Maps/UEDPIE_0_FirstPersonExampleMap.FirstPersonExampleMap:PersistentLevel.FirstPersonCharacter_C_0
	Function /Game/Blueprints/FirstPersonCharacter.FirstPersonCharacter_C:ShotWeapon:0023
[2015.09.13-10.06.26:264][552]PIE:Error: Error Accessed None 'WeaponLinkToInventory' from node Remove Bullet in graph 'ShotWeapon' in blueprint FirstPersonCharacter
[2015.09.13-10.06.26:264][552]LogBlueprintUserMessages: [FirstPersonCharacter_C_0] Weapon is empty!
[2015.09.13-10.06.28:837][861]LogScript:Warning: Accessed None 'WeaponLinkToInventory'
	FirstPersonCharacter_C /Game/FirstPersonBP/Maps/UEDPIE_0_FirstPersonExampleMap.FirstPersonExampleMap:PersistentLevel.FirstPersonCharacter_C_0
	Function /Game/Blueprints/FirstPersonCharacter.FirstPersonCharacter_C:ShotWeapon:0023
[2015.09.13-10.06.28:837][861]PIE:Error: Error Accessed None 'WeaponLinkToInventory' from node Remove Bullet in graph 'ShotWeapon' in blueprint FirstPersonCharacter
[2015.09.13-10.06.28:837][861]LogBlueprintUserMessages: [FirstPersonCharacter_C_0] Weapon is empty!
[2015.09.13-10.06.31:722][207]LogScript:Warning: Accessed None 'WeaponLinkToInventory'
	FirstPersonCharacter_C /Game/FirstPersonBP/Maps/UEDPIE_0_FirstPersonExampleMap.FirstPersonExampleMap:PersistentLevel.FirstPersonCharacter_C_0
	Function /Game/Blueprints/FirstPersonCharacter.FirstPersonCharacter_C:ShotWeapon:0023
[2015.09.13-10.06.31:722][207]PIE:Error: Error Accessed None 'WeaponLinkToInventory' from node Remove Bullet in graph 'ShotWeapon' in blueprint FirstPersonCharacter
[2015.09.13-10.06.31:722][207]LogBlueprintUserMessages: [FirstPersonCharacter_C_0] Weapon is empty!
[2015.09.13-10.06.31:953][235]LogSynthBenchmark:Display: FSynthBenchmark (V0.95):  requested WorkScale=1.00
[2015.09.13-10.06.31:953][235]LogSynthBenchmark:Display: ===============
[2015.09.13-10.06.31:953][235]LogSynthBenchmark:Display: Main Processor:
[2015.09.13-10.06.31:987][235]LogSynthBenchmark:Display:          ... 0.016377 s/Run 'RayIntersect'
[2015.09.13-10.06.31:987][235]LogSynthBenchmark:Display:          ... 0.017713 s/Run 'Fractal'
[2015.09.13-10.06.31:987][235]LogSynthBenchmark:Display: 
[2015.09.13-10.06.31:987][235]LogSynthBenchmark:Display:   CompiledTarget_x_Bits: 64
[2015.09.13-10.06.31:987][235]LogSynthBenchmark:Display:   UE_BUILD_SHIPPING: 0
[2015.09.13-10.06.31:987][235]LogSynthBenchmark:Display:   UE_BUILD_TEST: 0
[2015.09.13-10.06.31:987][235]LogSynthBenchmark:Display:   UE_BUILD_DEBUG: 0
[2015.09.13-10.06.31:987][235]LogSynthBenchmark:Display:   TotalPhysicalGBRam: 16
[2015.09.13-10.06.31:987][235]LogSynthBenchmark:Display:   NumberOfCores (physical): 4
[2015.09.13-10.06.31:987][235]LogSynthBenchmark:Display:   NumberOfCores (logical): 8
[2015.09.13-10.06.31:987][235]LogSynthBenchmark:Display:   CPU Perf Index 0: 156.4
[2015.09.13-10.06.31:987][235]LogSynthBenchmark:Display:   CPU Perf Index 1: 161.5
[2015.09.13-10.06.31:987][235]LogSynthBenchmark:Display:  
[2015.09.13-10.06.31:987][235]LogSynthBenchmark:Display: Graphics:
[2015.09.13-10.06.31:987][235]LogSynthBenchmark:Display:   Adapter Name: 'NVIDIA GeForce GTX 970'
[2015.09.13-10.06.31:987][235]LogSynthBenchmark:Display:   (On Optimus the name might be wrong, memory should be ok)
[2015.09.13-10.06.31:987][235]LogSynthBenchmark:Display:   Vendor Id: 0x10de
[2015.09.13-10.06.31:987][235]LogSynthBenchmark:Display:   GPU Memory: 4009/0/8135 MB
[2015.09.13-10.06.31:987][235]LogSynthBenchmark:Display:   CPUIndex: 156.4
[2015.09.13-10.06.31:987][235]LogSynthBenchmark:Display:   GPUIndex: -1.$
[2015.09.13-10.06.31:987][235]LogSynthBenchmark:Display: 
[2015.09.13-10.06.31:987][235]LogSynthBenchmark:Display:          ... Total Time: 0.034272 sec
[2015.09.13-10.06.31:989][235]LogWindows:Warning: FWindowsPlatformSurvey::TickSurveyHardware() WinSAT assessment unavailable. Unable to examine some hardware metrics. Run the Windows Experience Index Assessment.
[2015.09.13-10.06.38:897][ 57]LogParticles: Destroying 0 GPU particle simulations for FXSystem 0x00000040BA5D96C0
[2015.09.13-10.06.41:153][297]LogPlayLevel: PlayLevel: No blueprints needed recompiling
[2015.09.13-10.06.41:153][297]PIE: New page: PIE session: FirstPersonExampleMap (Sep 13, 2015, 2:06:41 PM)
[2015.09.13-10.06.41:153][297]LogPlayLevel: Creating play world package: /Game/FirstPersonBP/Maps/UEDPIE_0_FirstPersonExampleMap
[2015.09.13-10.06.41:171][297]LogPlayLevel: PIE: StaticDuplicateObject took: (0.017191s)
[2015.09.13-10.06.41:171][297]LogAIModule: Creating AISystem for world FirstPersonExampleMap
[2015.09.13-10.06.41:171][297]LogPlayLevel: PIE: World Init took: (0.000708s)
[2015.09.13-10.06.41:172][297]LogPlayLevel: PIE: Created PIE world by copying editor world from /Game/FirstPersonBP/Maps/FirstPersonExampleMap.FirstPersonExampleMap to /Game/FirstPersonBP/Maps/UEDPIE_0_FirstPersonExampleMap.FirstPersonExampleMap (0.018102s)
[2015.09.13-10.06.41:188][297]LogInit: XAudio2 using 'Speakers (2- Realtek High Definition Audio)' : 2 channels at 48 kHz using 32 bits per sample (channel mask 0x3)
[2015.09.13-10.06.41:194][297]LogInit: FAudioDevice initialized.
[2015.09.13-10.06.41:223][297]LogWorld: Game class is 'FirstPersonGameMode_C'
[2015.09.13-10.06.41:229][297]LogWorld: Bringing World /Game/FirstPersonBP/Maps/UEDPIE_0_FirstPersonExampleMap.FirstPersonExampleMap up for play (max tick rate 0) at 2015.09.13-12.06.41
[2015.09.13-10.06.41:229][297]LogActor:Warning: GameSession /Game/FirstPersonBP/Maps/UEDPIE_0_FirstPersonExampleMap.FirstPersonExampleMap:PersistentLevel.GameSession_1 has natively added scene component(s), but none of them were set as the actor's RootComponent - picking one arbitrarily
[2015.09.13-10.06.41:229][297]LogActor:Warning: GameNetworkManager /Game/FirstPersonBP/Maps/UEDPIE_0_FirstPersonExampleMap.FirstPersonExampleMap:PersistentLevel.GameNetworkManager_1 has natively added scene component(s), but none of them were set as the actor's RootComponent - picking one arbitrarily
[2015.09.13-10.06.41:229][297]LogWorld: Bringing up level for play took: 0.005728
[2015.09.13-10.06.41:231][297]PIE: Info Play in editor start time for /Game/FirstPersonBP/Maps/UEDPIE_0_FirstPersonExampleMap 1.005
[2015.09.13-10.06.41:899][375]LogScript:Warning: Accessed None 'WeaponLinkToInventory'
	FirstPersonCharacter_C /Game/FirstPersonBP/Maps/UEDPIE_0_FirstPersonExampleMap.FirstPersonExampleMap:PersistentLevel.FirstPersonCharacter_C_0
	Function /Game/Blueprints/FirstPersonCharacter.FirstPersonCharacter_C:ShotWeapon:0023
[2015.09.13-10.06.41:899][375]PIE:Error: Error Accessed None 'WeaponLinkToInventory' from node Remove Bullet in graph 'ShotWeapon' in blueprint FirstPersonCharacter
[2015.09.13-10.06.41:899][375]LogBlueprintUserMessages: [FirstPersonCharacter_C_0] Weapon is empty!
[2015.09.13-10.06.48:508][168]LogScript:Warning: Accessed None 'WeaponLinkToInventory'
	FirstPersonCharacter_C /Game/FirstPersonBP/Maps/UEDPIE_0_FirstPersonExampleMap.FirstPersonExampleMap:PersistentLevel.FirstPersonCharacter_C_0
	Function /Game/Blueprints/FirstPersonCharacter.FirstPersonCharacter_C:ShotWeapon:0023
[2015.09.13-10.06.48:508][168]PIE:Error: Error Accessed None 'WeaponLinkToInventory' from node Remove Bullet in graph 'ShotWeapon' in blueprint FirstPersonCharacter
[2015.09.13-10.06.48:508][168]LogBlueprintUserMessages: [FirstPersonCharacter_C_0] Weapon is empty!
[2015.09.13-10.07.01:686][748]LogBlueprintUserMessages: [FirstPersonCharacter_C_0] Weapon is empty!
[2015.09.13-10.07.25:383][585]LogParticles: Destroying 0 GPU particle simulations for FXSystem 0x00000040AEA307C0
[2015.09.13-10.07.45:881][992]LogWindowsTextInputMethodSystem:Display: IME system now deactivated.
[2015.09.13-10.07.45:881][992]LogWindowsTextInputMethodSystem:Display: IME system now deactivated.
[2015.09.13-10.07.46:096][993]Cmd: QUIT_EDITOR
[2015.09.13-10.07.46:380][993]LogExit: Preparing to exit.
[2015.09.13-10.07.47:092][993]LogExit: Editor shut down
[2015.09.13-10.07.47:092][993]LogExit: Transaction tracking system shut down
[2015.09.13-10.07.47:101][993]LogParticles: Destroying 0 GPU particle simulations for FXSystem 0x00000040BF8CF6A0
[2015.09.13-10.07.47:101][993]LogParticles: Destroying 0 GPU particle simulations for FXSystem 0x00000040BF1FB880
[2015.09.13-10.07.47:101][993]LogParticles: Destroying 0 GPU particle simulations for FXSystem 0x00000040E0EAFE20
[2015.09.13-10.07.47:101][993]LogParticles: Destroying 0 GPU particle simulations for FXSystem 0x00000040E0C05940
[2015.09.13-10.07.47:268][993]LogExit: Object subsystem successfully closed.
[2015.09.13-10.07.47:297][993]LogD3D11RHI: Shutdown
[2015.09.13-10.07.47:298][993]LogD3D11RHI: CleanupD3DDevice
[2015.09.13-10.07.47:334][993]LogD3D11RHI: ~FD3D11DynamicRHI
[2015.09.13-10.07.47:368][993]LogModuleManager: Shutting down and abandoning module SynthBenchmark (200)
[2015.09.13-10.07.47:368][993]LogModuleManager: Shutting down and abandoning module CrashTracker (199)
[2015.09.13-10.07.47:368][993]LogModuleManager: Shutting down and abandoning module SceneOutliner (198)
[2015.09.13-10.07.47:368][993]LogModuleManager: Shutting down and abandoning module SuperSearch (197)
[2015.09.13-10.07.47:368][993]LogModuleManager: Shutting down and abandoning module WidgetCarousel (196)
[2015.09.13-10.07.47:368][993]LogModuleManager: Shutting down and abandoning module AddContentDialog (195)
[2015.09.13-10.07.47:369][993]LogModuleManager: Shutting down and abandoning module EditorWidgets (194)
[2015.09.13-10.07.47:369][993]LogModuleManager: Shutting down and abandoning module CollectionManager (193)
[2015.09.13-10.07.47:369][993]LogModuleManager: Shutting down and abandoning module StatsViewer (192)
[2015.09.13-10.07.47:370][993]LogModuleManager: Shutting down and abandoning module FoliageEdit (191)
[2015.09.13-10.07.47:370][993]LogModuleManager: Shutting down and abandoning module LandscapeEditor (190)
[2015.09.13-10.07.47:372][993]LogModuleManager: Shutting down and abandoning module ActorPickerMode (189)
[2015.09.13-10.07.47:372][993]LogModuleManager: Shutting down and abandoning module GeometryMode (188)
[2015.09.13-10.07.47:372][993]LogModuleManager: Shutting down and abandoning module TextureAlignMode (187)
[2015.09.13-10.07.47:372][993]LogModuleManager: Shutting down and abandoning module BspMode (186)
[2015.09.13-10.07.47:372][993]LogModuleManager: Shutting down and abandoning module PlacementMode (185)
[2015.09.13-10.07.47:372][993]LogModuleManager: Shutting down and abandoning module AutomationWorker (184)
[2015.09.13-10.07.47:372][993]LogModuleManager: Shutting down and abandoning module CharacterAI (183)
[2015.09.13-10.07.47:372][993]LogModuleManager: Shutting down and abandoning module SmartSnapping (182)
[2015.09.13-10.07.47:372][993]LogModuleManager: Shutting down and abandoning module ViewportSnapping (181)
[2015.09.13-10.07.47:372][993]LogModuleManager: Shutting down and abandoning module LogVisualizer (180)
[2015.09.13-10.07.47:373][993]LogModuleManager: Shutting down and abandoning module GameProjectGeneration (179)
[2015.09.13-10.07.47:373][993]LogModuleManager: Shutting down and abandoning module IntroTutorials (178)
[2015.09.13-10.07.47:375][993]LogModuleManager: Shutting down and abandoning module EditorLiveStreaming (177)
[2015.09.13-10.07.47:375][993]LogModuleManager: Shutting down and abandoning module IOSPlatformEditor (176)
[2015.09.13-10.07.47:375][993]LogModuleManager: Shutting down and abandoning module HTML5PlatformEditor (175)
[2015.09.13-10.07.47:375][993]LogModuleManager: Shutting down and abandoning module AndroidDeviceDetection (174)
[2015.09.13-10.07.48:245][993]LogModuleManager: Shutting down and abandoning module AndroidPlatformEditor (173)
[2015.09.13-10.07.48:245][993]LogModuleManager: Shutting down and abandoning module IOSRuntimeSettings (172)
[2015.09.13-10.07.48:245][993]LogModuleManager: Shutting down and abandoning module AndroidRuntimeSettings (171)
[2015.09.13-10.07.48:245][993]LogModuleManager: Shutting down and abandoning module MergeActors (170)
[2015.09.13-10.07.48:251][993]LogModuleManager: Shutting down and abandoning module SizeMap (169)
[2015.09.13-10.07.48:251][993]LogModuleManager: Shutting down and abandoning module TreeMap (168)
[2015.09.13-10.07.48:251][993]LogModuleManager: Shutting down and abandoning module ReferenceViewer (167)
[2015.09.13-10.07.48:251][993]LogModuleManager: Shutting down and abandoning module LocalizationService (166)
[2015.09.13-10.07.48:251][993]LogModuleManager: Shutting down and abandoning module LocalizationDashboard (165)
[2015.09.13-10.07.48:252][993]LogModuleManager: Shutting down and abandoning module HardwareTargeting (164)
[2015.09.13-10.07.48:252][993]LogModuleManager: Shutting down and abandoning module DeviceProfileEditor (163)
[2015.09.13-10.07.48:252][993]LogModuleManager: Shutting down and abandoning module UndoHistory (162)
[2015.09.13-10.07.48:252][993]LogModuleManager: Shutting down and abandoning module GameplayTagsEditor (161)
[2015.09.13-10.07.48:252][993]LogModuleManager: Shutting down and abandoning module UserFeedback (160)
[2015.09.13-10.07.48:252][993]LogModuleManager: Shutting down and abandoning module XmlParser (159)
[2015.09.13-10.07.48:252][993]LogModuleManager: Shutting down and abandoning module Blutility (158)
[2015.09.13-10.07.48:252][993]LogModuleManager: Shutting down and abandoning module ProjectTargetPlatformEditor (157)
[2015.09.13-10.07.48:253][993]LogModuleManager: Shutting down and abandoning module ProjectSettingsViewer (156)
[2015.09.13-10.07.48:253][993]LogModuleManager: Shutting down and abandoning module InputBindingEditor (155)
[2015.09.13-10.07.48:253][993]LogModuleManager: Shutting down and abandoning module EditorSettingsViewer (154)
[2015.09.13-10.07.48:253][993]LogModuleManager: Shutting down and abandoning module SettingsEditor (153)
[2015.09.13-10.07.48:255][993]LogModuleManager: Shutting down and abandoning module ProjectLauncher (152)
[2015.09.13-10.07.48:256][993]LogModuleManager: Shutting down and abandoning module SessionFrontend (151)
[2015.09.13-10.07.48:256][993]LogModuleManager: Shutting down and abandoning module ProfilerClient (150)
[2015.09.13-10.07.48:256][993]LogModuleManager: Shutting down and abandoning module TargetDeviceServices (149)
[2015.09.13-10.07.48:256][993]LogModuleManager: Shutting down and abandoning module DeviceManager (148)
[2015.09.13-10.07.48:257][993]LogModuleManager: Shutting down and abandoning module AutomationController (147)
[2015.09.13-10.07.48:258][993]LogModuleManager: Shutting down and abandoning module AutomationWindow (146)
[2015.09.13-10.07.48:258][993]LogModuleManager: Shutting down and abandoning module Layers (145)
[2015.09.13-10.07.48:260][993]LogModuleManager: Shutting down and abandoning module ComponentVisualizers (144)
[2015.09.13-10.07.48:260][993]LogModuleManager: Shutting down and abandoning module DetailCustomizations (143)
[2015.09.13-10.07.48:262][993]LogModuleManager: Shutting down and abandoning module PackagesDialog (142)
[2015.09.13-10.07.48:263][993]LogModuleManager: Shutting down and abandoning module Persona (141)
[2015.09.13-10.07.48:264][993]LogModuleManager: Shutting down and abandoning module Kismet (140)
[2015.09.13-10.07.48:265][993]LogModuleManager: Shutting down and abandoning module GraphEditor (139)
[2015.09.13-10.07.48:267][993]LogModuleManager: Shutting down and abandoning module ClassViewer (138)
[2015.09.13-10.07.48:267][993]LogModuleManager: Shutting down and abandoning module Toolbox (137)
[2015.09.13-10.07.48:267][993]LogModuleManager: Shutting down and abandoning module ModuleUI (136)
[2015.09.13-10.07.48:268][993]LogModuleManager: Shutting down and abandoning module MovieSceneTools (135)
[2015.09.13-10.07.48:268][993]LogModuleManager: Shutting down and abandoning module OutputLog (134)
[2015.09.13-10.07.48:268][993]LogModuleManager: Shutting down and abandoning module GammaUI (133)
[2015.09.13-10.07.48:268][993]LogModuleManager: Shutting down and abandoning module Documentation (132)
[2015.09.13-10.07.48:268][993]LogModuleManager: Shutting down and abandoning module GameLiveStreaming (131)
[2015.09.13-10.07.48:268][993]LogModuleManager: Shutting down and abandoning module StreamingPauseRendering (130)
[2015.09.13-10.07.48:268][993]LogModuleManager: Shutting down and abandoning module AnalyticsET (129)
[2015.09.13-10.07.48:268][993]LogModuleManager: Shutting down and abandoning module Analytics (128)
[2015.09.13-10.07.48:268][993]LogModuleManager: Shutting down and abandoning module AITestSuite (127)
[2015.09.13-10.07.48:268][993]LogModuleManager: Shutting down and abandoning module GameplayDebugger (126)
[2015.09.13-10.07.48:268][993]LogModuleManager: Shutting down and abandoning module AIModule (125)
[2015.09.13-10.07.48:268][993]LogModuleManager: Shutting down and abandoning module ProfilerService (124)
[2015.09.13-10.07.48:459][993]LogModuleManager: Shutting down and abandoning module TaskGraph (123)
[2015.09.13-10.07.48:459][993]LogModuleManager: Shutting down and abandoning module SubstanceEditor (122)
[2015.09.13-10.07.48:459][993]LogModuleManager: Shutting down and abandoning module SlateRemote (121)
[2015.09.13-10.07.48:459][993]LogModuleManager: Shutting down and abandoning module SteamVRController (120)
[2015.09.13-10.07.48:459][993]LogModuleManager: Shutting down and abandoning module SteamVR (119)
[2015.09.13-10.07.48:459][993]LogModuleManager: Shutting down and abandoning module ProceduralMeshComponent (118)
[2015.09.13-10.07.48:459][993]LogModuleManager: Shutting down and abandoning module OculusRift (117)
[2015.09.13-10.07.48:459][993]LogModuleManager: Shutting down and abandoning module OculusLibrary (116)
[2015.09.13-10.07.48:459][993]LogModuleManager: Shutting down and abandoning module LeapMotionController (115)
[2015.09.13-10.07.48:479][993]LogModuleManager: Shutting down and abandoning module CustomMeshComponent (114)
[2015.09.13-10.07.48:479][993]LogModuleManager: Shutting down and abandoning module CableComponent (113)
[2015.09.13-10.07.48:479][993]LogModuleManager: Shutting down and abandoning module ArchVisCharacter (112)
[2015.09.13-10.07.48:479][993]LogModuleManager: Shutting down and abandoning module MessagingDebugger (111)
[2015.09.13-10.07.48:480][993]LogModuleManager: Shutting down and abandoning module MediaPlayerEditor (110)
[2015.09.13-10.07.48:480][993]LogModuleManager: Shutting down and abandoning module HTML5Networking (109)
[2015.09.13-10.07.48:480][993]LogModuleManager: Shutting down and abandoning module SpeedTreeImporter (108)
[2015.09.13-10.07.48:480][993]LogModuleManager: Shutting down and abandoning module PluginBrowser (107)
[2015.09.13-10.07.48:480][993]LogModuleManager: Shutting down and abandoning module EpicSurvey (106)
[2015.09.13-10.07.48:480][993]LogModuleManager: Shutting down and abandoning module DesktopPlatform (105)
[2015.09.13-10.07.48:480][993]LogModuleManager: Shutting down and abandoning module VisualStudioSourceCodeAccess (104)
[2015.09.13-10.07.48:480][993]LogModuleManager: Shutting down and abandoning module UObjectPlugin (103)
[2015.09.13-10.07.48:480][993]LogModuleManager: Shutting down and abandoning module SubversionSourceControl (102)
[2015.09.13-10.07.48:480][993]LogModuleManager: Shutting down and abandoning module PerforceSourceControl (101)
[2015.09.13-10.07.48:480][993]LogModuleManager: Shutting down and abandoning module SourceControl (100)
[2015.09.13-10.07.48:480][993]LogModuleManager: Shutting down and abandoning module GitSourceControl (99)
[2015.09.13-10.07.48:480][993]LogModuleManager: Shutting down and abandoning module LightPropagationVolumeEditor (98)
[2015.09.13-10.07.48:480][993]LogModuleManager: Shutting down and abandoning module PaperTiledImporter (97)
[2015.09.13-10.07.48:480][993]LogModuleManager: Shutting down and abandoning module PaperSpriteSheetImporter (96)
[2015.09.13-10.07.48:480][993]LogModuleManager: Shutting down and abandoning module MeshPaint (95)
[2015.09.13-10.07.48:481][993]LogModuleManager: Shutting down and abandoning module SlateReflector (94)
[2015.09.13-10.07.48:481][993]LogModuleManager: Shutting down and abandoning module HotReload (93)
[2015.09.13-10.07.48:481][993]LogModuleManager: Shutting down and abandoning module MainFrame (92)
[2015.09.13-10.07.48:481][993]LogModuleManager: Shutting down and abandoning module LevelEditor (91)
[2015.09.13-10.07.48:483][993]LogModuleManager: Shutting down and abandoning module ContentBrowser (90)
[2015.09.13-10.07.48:484][993]LogModuleManager: Shutting down and abandoning module Paper2DEditor (89)
[2015.09.13-10.07.48:484][993]LogModuleManager: Shutting down and abandoning module UdpMessaging (88)
[2015.09.13-10.07.48:585][993]LogModuleManager: Shutting down and abandoning module DirectoryWatcher (87)
[2015.09.13-10.07.48:585][993]LogModuleManager: Shutting down and abandoning module AssetRegistry (86)
[2015.09.13-10.07.48:715][993]LogModuleManager: Shutting down and abandoning module SubstanceCore (85)
[2015.09.13-10.07.48:715][993]LogModuleManager: Shutting down and abandoning module LightPropagationVolumeRuntime (84)
[2015.09.13-10.07.48:715][993]LogModuleManager: Shutting down and abandoning module Paper2D (83)
[2015.09.13-10.07.48:715][993]LogModuleManager: Shutting down and abandoning module WindowsMoviePlayer (82)
[2015.09.13-10.07.48:717][993]LogModuleManager: Shutting down and abandoning module Media (81)
[2015.09.13-10.07.48:717][993]LogModuleManager: Shutting down and abandoning module WmfMedia (80)
[2015.09.13-10.07.48:717][993]LogModuleManager: Shutting down and abandoning module OnlineBlueprintSupport (79)
[2015.09.13-10.07.48:717][993]LogModuleManager: Shutting down and abandoning module GameplayTasksEditor (78)
[2015.09.13-10.07.48:717][993]LogModuleManager: Shutting down and abandoning module PropertyEditor (77)
[2015.09.13-10.07.48:719][993]LogModuleManager: Shutting down and abandoning module BehaviorTreeEditor (76)
[2015.09.13-10.07.48:720][993]LogModuleManager: Shutting down and abandoning module FunctionalTesting (75)
[2015.09.13-10.07.48:720][993]LogModuleManager: Shutting down and abandoning module CollisionAnalyzer (74)
[2015.09.13-10.07.48:721][993]LogModuleManager: Shutting down and abandoning module WorkspaceMenuStructure (73)
[2015.09.13-10.07.48:721][993]LogModuleManager: Shutting down and abandoning module MessageLog (72)
[2015.09.13-10.07.48:721][993]LogModuleManager: Shutting down and abandoning module Sequencer (71)
[2015.09.13-10.07.48:722][993]LogModuleManager: Shutting down and abandoning module AssetTools (70)
[2015.09.13-10.07.48:724][993]LogModuleManager: Shutting down and abandoning module UMGEditor (69)
[2015.09.13-10.07.48:725][993]LogModuleManager: Shutting down and abandoning module UMG (68)
[2015.09.13-10.07.48:725][993]LogModuleManager: Shutting down and abandoning module Slate (67)
[2015.09.13-10.07.48:725][993]LogModuleManager: Shutting down and abandoning module EditorStyle (66)
[2015.09.13-10.07.48:726][993]LogModuleManager: Shutting down and abandoning module SessionServices (65)
[2015.09.13-10.07.48:726][993]LogModuleManager: Shutting down and abandoning module SourceCodeAccess (64)
[2015.09.13-10.07.48:726][993]LogModuleManager: Shutting down and abandoning module HeadMountedDisplay (63)
[2015.09.13-10.07.48:726][993]LogModuleManager: Shutting down and abandoning module XAudio2 (62)
[2015.09.13-10.07.48:726][993]LogModuleManager: Shutting down and abandoning module Networking (60)
[2015.09.13-10.07.48:726][993]LogModuleManager: Shutting down and abandoning module Core (59)
[2015.09.13-10.07.48:726][993]LogModuleManager: Shutting down and abandoning module KismetCompiler (58)
[2015.09.13-10.07.48:726][993]LogModuleManager: Shutting down and abandoning module PhysXFormats (57)
[2015.09.13-10.07.48:726][993]LogModuleManager: Shutting down and abandoning module MeshUtilities (56)
[2015.09.13-10.07.48:726][993]LogModuleManager: Shutting down and abandoning module CookingStats (55)
[2015.09.13-10.07.48:728][993]LogModuleManager: Shutting down and abandoning module DerivedDataCache (54)
[2015.09.13-10.07.48:754][993]LogDerivedDataCache: Shutdown
[2015.09.13-10.07.48:754][993]LogModuleManager: Shutting down and abandoning module ShaderFormatOpenGL (53)
[2015.09.13-10.07.48:754][993]LogModuleManager: Shutting down and abandoning module ShaderFormatD3D (52)
[2015.09.13-10.07.48:754][993]LogModuleManager: Shutting down and abandoning module MetalShaderFormat (51)
[2015.09.13-10.07.48:755][993]LogModuleManager: Shutting down and abandoning module TextureFormatUncompressed (50)
[2015.09.13-10.07.48:755][993]LogModuleManager: Shutting down and abandoning module TextureFormatPVR (49)
[2015.09.13-10.07.48:755][993]LogModuleManager: Shutting down and abandoning module TextureFormatIntelISPCTexComp (48)
[2015.09.13-10.07.48:755][993]LogModuleManager: Shutting down and abandoning module TextureFormatDXT (47)
[2015.09.13-10.07.48:755][993]LogModuleManager: Shutting down and abandoning module ImageWrapper (46)
[2015.09.13-10.07.48:755][993]LogModuleManager: Shutting down and abandoning module TextureFormatASTC (45)
[2015.09.13-10.07.48:755][993]LogModuleManager: Shutting down and abandoning module TextureFormatAndroid (44)
[2015.09.13-10.07.48:755][993]LogModuleManager: Shutting down and abandoning module AudioFormatOpus (43)
[2015.09.13-10.07.48:755][993]LogModuleManager: Shutting down and abandoning module AudioFormatOgg (42)
[2015.09.13-10.07.48:755][993]LogModuleManager: Shutting down and abandoning module AudioFormatADPCM (41)
[2015.09.13-10.07.48:755][993]LogModuleManager: Shutting down and abandoning module LinuxTargetPlatform (40)
[2015.09.13-10.07.48:755][993]LogModuleManager: Shutting down and abandoning module LinuxServerTargetPlatform (39)
[2015.09.13-10.07.48:755][993]LogModuleManager: Shutting down and abandoning module LinuxNoEditorTargetPlatform (38)
[2015.09.13-10.07.48:757][993]LogModuleManager: Shutting down and abandoning module Messaging (37)
[2015.09.13-10.07.48:757][993]LogModuleManager: Shutting down and abandoning module IOSTargetPlatform (36)
[2015.09.13-10.07.48:757][993]LogModuleManager: Shutting down and abandoning module HTML5TargetPlatform (35)
[2015.09.13-10.07.48:757][993]LogModuleManager: Shutting down and abandoning module Android_PVRTCTargetPlatform (34)
[2015.09.13-10.07.48:757][993]LogModuleManager: Shutting down and abandoning module Android_ETC2TargetPlatform (33)
[2015.09.13-10.07.48:757][993]LogModuleManager: Shutting down and abandoning module Android_ETC1TargetPlatform (32)
[2015.09.13-10.07.48:758][993]LogModuleManager: Shutting down and abandoning module Android_DXTTargetPlatform (31)
[2015.09.13-10.07.48:758][993]LogModuleManager: Shutting down and abandoning module Android_ATCTargetPlatform (30)
[2015.09.13-10.07.48:758][993]LogModuleManager: Shutting down and abandoning module Android_ASTCTargetPlatform (29)
[2015.09.13-10.07.48:759][993]LogModuleManager: Shutting down and abandoning module AndroidTargetPlatform (28)
[2015.09.13-10.07.48:759][993]LogModuleManager: Shutting down and abandoning module WindowsTargetPlatform (27)
[2015.09.13-10.07.48:759][993]LogModuleManager: Shutting down and abandoning module WindowsServerTargetPlatform (26)
[2015.09.13-10.07.48:759][993]LogModuleManager: Shutting down and abandoning module WindowsNoEditorTargetPlatform (25)
[2015.09.13-10.07.48:759][993]LogModuleManager: Shutting down and abandoning module WindowsClientTargetPlatform (24)
[2015.09.13-10.07.48:759][993]LogModuleManager: Shutting down and abandoning module AllDesktopTargetPlatform (23)
[2015.09.13-10.07.48:759][993]LogModuleManager: Shutting down and abandoning module TargetPlatform (22)
[2015.09.13-10.07.48:759][993]LogModuleManager: Shutting down and abandoning module InputCore (21)
[2015.09.13-10.07.48:759][993]LogModuleManager: Shutting down and abandoning module Settings (20)
[2015.09.13-10.07.48:759][993]LogModuleManager: Shutting down and abandoning module OnlineSubsystem (18)
[2015.09.13-10.07.48:759][993]LogModuleManager: Shutting down and abandoning module HTTP (17)
[2015.09.13-10.07.49:760][993]LogModuleManager: Shutting down and abandoning module XMPP (16)
[2015.09.13-10.07.49:762][993]LogModuleManager: Shutting down and abandoning module ExampleDeviceProfileSelector (15)
[2015.09.13-10.07.49:762][993]LogModuleManager: Shutting down and abandoning module TextureCompressor (14)
[2015.09.13-10.07.49:762][993]LogModuleManager: Shutting down and abandoning module ShaderCore (13)
[2015.09.13-10.07.49:762][993]LogModuleManager: Shutting down and abandoning module Landscape (12)
[2015.09.13-10.07.49:762][993]LogModuleManager: Shutting down and abandoning module SlateRHIRenderer (11)
[2015.09.13-10.07.49:763][993]LogModuleManager: Shutting down and abandoning module OpenGLDrv (10)
[2015.09.13-10.07.49:763][993]LogModuleManager: Shutting down and abandoning module D3D11RHI (9)
[2015.09.13-10.07.49:763][993]LogModuleManager: Shutting down and abandoning module AnimGraphRuntime (8)
[2015.09.13-10.07.49:764][993]LogModuleManager: Shutting down and abandoning module Renderer (7)
[2015.09.13-10.07.49:764][993]LogModuleManager: Shutting down and abandoning module Engine (6)
[2015.09.13-10.07.49:764][993]LogModuleManager: Shutting down and abandoning module CoreUObject (5)
[2015.09.13-10.07.49:764][993]LogModuleManager: Shutting down and abandoning module NetworkFile (4)
[2015.09.13-10.07.49:764][993]LogModuleManager: Shutting down and abandoning module StreamingFile (3)
[2015.09.13-10.07.49:764][993]LogModuleManager: Shutting down and abandoning module SandboxFile (2)
[2015.09.13-10.07.49:764][993]LogModuleManager: Shutting down and abandoning module PakFile (1)
[2015.09.13-10.07.49:767][993]LogExit: Exiting.
[2015.09.13-10.07.49:793][993]Log file closed, 09/13/15 12:07:49
