[2015.09.13-18.04.44:408][  0]Log file open, 09/13/15 20:04:44
[2015.09.13-18.04.44:408][  0]LogInit:Display: Running engine for game: Project_ReSurvivor
[2015.09.13-18.04.44:408][  0]LogInit:Display: RandInit(1939557859) SRandInit(1939557860).
[2015.09.13-18.04.44:408][  0]LogTaskGraph: Started task graph with 4 named threads and 7 total threads.
[2015.09.13-18.04.44:408][  0]LogStats: Stats thread started at 0.065988
[2015.09.13-18.04.44:408][  0]LogInit: Version: 4.9.0-2672455+++depot+UE4-Releases+4.9
[2015.09.13-18.04.44:408][  0]LogInit: API Version: 2672455
[2015.09.13-18.04.44:408][  0]LogInit: Compiled (64-bit): Aug 28 2015 12:33:01
[2015.09.13-18.04.44:408][  0]LogInit: Compiled with Visual C++: 18.00.21005.01
[2015.09.13-18.04.44:408][  0]LogInit: Build Configuration: Development
[2015.09.13-18.04.44:408][  0]LogInit: Branch Name: ++depot+UE4-Releases+4.9
[2015.09.13-18.04.44:408][  0]LogInit: Command line:  
[2015.09.13-18.04.44:408][  0]LogInit: Base directory: C:/Program Files/Epic Games/4.9/Engine/Binaries/Win64/
[2015.09.13-18.04.44:408][  0]LogInit: Rocket: 1
[2015.09.13-18.04.44:416][  0]LogInit: Using libcurl 7.41.0
[2015.09.13-18.04.44:416][  0]LogInit:  - built for x86_64-pc-win32
[2015.09.13-18.04.44:416][  0]LogInit:  - supports SSL with WinSSL
[2015.09.13-18.04.44:416][  0]LogInit:  - other features:
[2015.09.13-18.04.44:416][  0]LogInit:      CURL_VERSION_SSL
[2015.09.13-18.04.44:416][  0]LogInit:      CURL_VERSION_IPV6
[2015.09.13-18.04.44:416][  0]LogInit:      CURL_VERSION_ASYNCHDNS
[2015.09.13-18.04.44:416][  0]LogInit:      CURL_VERSION_LARGEFILE
[2015.09.13-18.04.44:416][  0]LogInit:      CURL_VERSION_IDN
[2015.09.13-18.04.44:417][  0]LogInit:  CurlRequestOptions (configurable via config and command line):
[2015.09.13-18.04.44:417][  0]LogInit:  - bVerifyPeer = true  - Libcurl will verify peer certificate
[2015.09.13-18.04.44:417][  0]LogInit:  - bUseHttpProxy = false  - Libcurl will NOT use HTTP proxy
[2015.09.13-18.04.44:417][  0]LogInit:  - bDontReuseConnections = false  - Libcurl will reuse connections
[2015.09.13-18.04.44:417][  0]LogInit:  - CertBundlePath = nullptr  - Libcurl will use whatever was configured at build time.
[2015.09.13-18.04.44:422][  0]LogInit: Presizing for 0 objects not considered by GC, pre-allocating 0 bytes.
[2015.09.13-18.04.44:429][  0]LogInit: Object subsystem initialized
[2015.09.13-18.04.44:430][  0]LogInit: Selected Device Profile: [Windows]
[2015.09.13-18.04.44:430][  0]LogInit: Applying CVar settings loaded from the selected device profile: [Windows]
[2015.09.13-18.04.44:436][  0]LogInit: Computer: DAMIR-PC
[2015.09.13-18.04.44:436][  0]LogInit: User: Damir
[2015.09.13-18.04.44:436][  0]LogInit: CPU Page size=4096, Cores=4
[2015.09.13-18.04.44:436][  0]LogInit: High frequency timer resolution =3.320341 MHz
[2015.09.13-18.04.44:436][  0]LogMemory: Memory total: Physical=7.9GB (8GB approx)
[2015.09.13-18.04.44:436][  0]LogMemory: Platform Memory Stats for Windows
[2015.09.13-18.04.44:436][  0]LogMemory: Process Physical Memory: 53.92 MB used, 53.92 MB peak
[2015.09.13-18.04.44:436][  0]LogMemory: Process Virtual Memory: 56.34 MB used, 56.34 MB peak
[2015.09.13-18.04.44:436][  0]LogMemory: Physical Memory: 3509.88 MB used, 8136.55 MB total
[2015.09.13-18.04.44:436][  0]LogMemory: Virtual Memory: 336.11 MB used, 8388608.00 MB total
[2015.09.13-18.04.44:464][  0]LogTextLocalizationManager: No translations for ('de-DE') exist, falling back to 'en' for localization and internationalization data.
[2015.09.13-18.04.45:136][  0]LogD3D11RHI: Found D3D11 adapter 0: NVIDIA GeForce GTX 660   (Feature Level 11_0)
[2015.09.13-18.04.45:136][  0]LogD3D11RHI: Adapter has 1989MB of dedicated video memory, 0MB of dedicated system memory, and 2048MB of shared system memory, 1 output[s]
[2015.09.13-18.04.45:136][  0]LogD3D11RHI: Chosen D3D11 Adapter Id = 0
[2015.09.13-18.04.45:142][  0]LogD3D11RHI: !Direct3DDevice
[2015.09.13-18.04.45:142][  0]LogRHI: Texture pool is 1361 MB (70% of 1945 MB)
[2015.09.13-18.04.45:148][  0]LogD3D11RHI: Async texture creation enabled
[2015.09.13-18.04.45:160][  0]LogShaderCompilers: Guid format shader working directory is 15 characters bigger than the processId version (../../../../../../Users/Damir/Documents/GitHub/Project_ReSurvivor/Intermediate/Shaders/WorkingDirectory/2684/).
[2015.09.13-18.04.45:161][  0]LogShaderCompilers: Cleaned the shader compiler working directory '../../../../../../Users/Damir/Documents/GitHub/Project_ReSurvivor/Intermediate/Shaders/tmp/F9DE3CEF4063F755193814A347F7ABD3/'.
[2015.09.13-18.04.45:161][  0]LogShaderCompilers:Display: Using Local Shader Compiler.
[2015.09.13-18.04.51:514][  0]LogTemp:Display: Loaded TP AllDesktopTargetPlatform
[2015.09.13-18.04.51:518][  0]LogTemp:Display: Loaded TP WindowsClientTargetPlatform
[2015.09.13-18.04.51:522][  0]LogTemp:Display: Loaded TP WindowsNoEditorTargetPlatform
[2015.09.13-18.04.51:526][  0]LogTemp:Display: Loaded TP WindowsServerTargetPlatform
[2015.09.13-18.04.51:530][  0]LogTemp:Display: Loaded TP WindowsTargetPlatform
[2015.09.13-18.04.51:533][  0]LogTemp:Display: Loaded TP AndroidTargetPlatform
[2015.09.13-18.04.51:535][  0]LogTemp:Display: Loaded TP Android_ASTCTargetPlatform
[2015.09.13-18.04.51:538][  0]LogTemp:Display: Loaded TP Android_ATCTargetPlatform
[2015.09.13-18.04.51:541][  0]LogTemp:Display: Loaded TP Android_DXTTargetPlatform
[2015.09.13-18.04.51:543][  0]LogTemp:Display: Loaded TP Android_ETC1TargetPlatform
[2015.09.13-18.04.51:546][  0]LogTemp:Display: Loaded TP Android_ETC2TargetPlatform
[2015.09.13-18.04.51:549][  0]LogTemp:Display: Loaded TP Android_PVRTCTargetPlatform
[2015.09.13-18.04.51:549][  0]LogTemp:Display: Loaded TP HTML5TargetPlatform
[2015.09.13-18.04.51:564][  0]LogTemp:Display: Loaded TP IOSTargetPlatform
[2015.09.13-18.04.51:566][  0]LogTemp:Display: Loaded TP LinuxNoEditorTargetPlatform
[2015.09.13-18.04.51:569][  0]LogTemp:Display: Loaded TP LinuxServerTargetPlatform
[2015.09.13-18.04.51:572][  0]LogTemp:Display: Loaded TP LinuxTargetPlatform
[2015.09.13-18.04.51:572][  0]LogTargetPlatformManager:Display: Building Assets For Windows
[2015.09.13-18.04.51:629][  0]LogDerivedDataCache:Display: Max Cache Size: 512 MB
[2015.09.13-18.04.51:668][  0]LogDerivedDataCache: Loaded boot cache 0.04s 41MB C:/Users/Damir/AppData/Local/UnrealEngine/4.9/DerivedDataCache/Boot.ddc.
[2015.09.13-18.04.51:668][  0]LogDerivedDataCache:Display: Loaded Boot cache: C:/Users/Damir/AppData/Local/UnrealEngine/4.9/DerivedDataCache/Boot.ddc
[2015.09.13-18.04.51:668][  0]LogDerivedDataCache: FDerivedDataBackendGraph:  Pak pak cache file ../../../../../../Users/Damir/Documents/GitHub/Project_ReSurvivor/DerivedDataCache/DDC.ddp not found, will not use a pak cache.
[2015.09.13-18.04.51:668][  0]LogDerivedDataCache: Unable to find inner node Pak for hierarchical cache Hierarchy.
[2015.09.13-18.04.51:668][  0]LogDerivedDataCache: FDerivedDataBackendGraph:  CompressedPak pak cache file ../../../../../../Users/Damir/Documents/GitHub/Project_ReSurvivor/DerivedDataCache/Compressed.ddp not found, will not use a pak cache.
[2015.09.13-18.04.51:668][  0]LogDerivedDataCache: Unable to find inner node CompressedPak for hierarchical cache Hierarchy.
[2015.09.13-18.04.51:794][  0]LogDerivedDataCache:Display: Pak cache opened for reading ../../../Engine/DerivedDataCache/Compressed.ddp.
[2015.09.13-18.04.51:804][  0]LogDerivedDataCache: Using Local data cache path C:/Users/Damir/AppData/Local/UnrealEngine/Common/DerivedDataCache: Writable
[2015.09.13-18.04.51:936][  0]LogInit: Selected Device Profile: [Windows]
[2015.09.13-18.04.51:937][  0]LogContentStreaming: Texture pool size is 0.000000MB
[2015.09.13-18.04.51:957][  0]LogMeshUtilities: No automatic mesh reduction module available
[2015.09.13-18.04.51:957][  0]LogMeshUtilities: No automatic mesh merging module available
[2015.09.13-18.04.52:260][  0]LogInit: WinSock: version 1.1 (2.2), MaxSocks=32767, MaxUdp=65467
[2015.09.13-18.04.52:795][  0]UdpMessaging: Initializing bridge on interface 0.0.0.0:0 to multicast group 230.0.0.1:6666.
[2015.09.13-18.04.52:921][  0]LogAssetRegistry: FAssetRegistry took 0.0094 seconds to start up
[2015.09.13-18.04.53:061][  0]SourceControl: Info Source control is disabled
[2015.09.13-18.04.53:066][  0]SourceControl: Info Source control is disabled
[2015.09.13-18.04.53:077][  0]SourceControl: Info Source control is disabled
[2015.09.13-18.04.53:084][  0]SourceControl: Info Source control is disabled
[2015.09.13-18.04.53:178][  0]LogLinker:Warning: Asset '../../../Engine/Plugins/Runtime/LeapMotionController/Content/LM_PassthroughMaterial.uasset' has been saved with empty engine version. The asset will be loaded but may be incompatible.
[2015.09.13-18.04.53:233][  0]LogObj: 28361 objects as part of root set at end of initial load.
[2015.09.13-18.04.53:233][  0]LogUObjectAllocator: 6038872 out of 0 bytes used by permanent object pool.
[2015.09.13-18.04.53:280][  0]LogEngine: Initializing Engine...
[2015.09.13-18.04.53:282][  0]LogHMD: Can't find Oculus library dev build: is proper Runtime installed? Version: 0.6.0.0
[2015.09.13-18.04.53:282][  0]LogHMD: SteamVR failed to initialize.  Err: 110
[2015.09.13-18.04.53:387][  0]LogAIModule: Creating AISystem for world NewWorld
[2015.09.13-18.04.53:391][  0]LogInit: XAudio2 using 'Speakers (Realtek High Definition Audio)' : 2 channels at 48 kHz using 32 bits per sample (channel mask 0x3)
[2015.09.13-18.04.53:413][  0]LogInit: FAudioDevice initialized.
[2015.09.13-18.04.53:435][  0]LogDerivedDataCache: Saved boot cache 0.02s 41MB C:/Users/Damir/AppData/Local/UnrealEngine/4.9/DerivedDataCache/Boot.ddc.
[2015.09.13-18.04.53:439][  0]LogInit: Texture streaming: Enabled
[2015.09.13-18.04.53:444][  0]LogAnalytics: Creating configured Analytics provider AnalyticsET
[2015.09.13-18.04.53:444][  0]LogAnalytics: [UEEditor.Rocket.Release] APIServer = http://et2.epicgames.com/ET2/. AppVersion = 4.9.0-2672455+++depot+UE4-Releases+4.9
[2015.09.13-18.04.53:444][  0]LogAnalytics: [UEEditor.Rocket.Release] SetUserId 823be5244adb21341b1538b68ee82034|51c2a24b0ca544adac8a22d4708797c6|ec4eac3e-148a-4a5a-9f28-33d773939611
[2015.09.13-18.04.53:444][  0]LogAnalytics: [UEEditor.Rocket.Release] AnalyticsET::StartSession
[2015.09.13-18.04.53:468][  0]LogInit: Transaction tracking system initialized
[2015.09.13-18.04.53:493][  0]BlueprintLog: New page: Editor Load
[2015.09.13-18.04.53:555][  0]LocalizationService: Info Localization service is disabled
[2015.09.13-18.04.53:620][  0]LogConsoleResponse:Display: 
[2015.09.13-18.04.53:720][  0]LogCook:Display: Done creating registry. It took  0.00s.
[2015.09.13-18.04.53:772][  0]SourceControl: Info Source control is disabled
[2015.09.13-18.04.53:772][  0]Cmd: MAP LOAD FILE="../../../../../../Users/Damir/Documents/GitHub/Project_ReSurvivor/Content/FirstPersonBP/Maps/FirstPersonExampleMap.umap" TEMPLATE=0 SHOWPROGRESS=1 FEATURELEVEL=3
[2015.09.13-18.04.53:772][  0]LogEditorServer:Warning: Can't find file '../../../../../../Users/Damir/Documents/GitHub/Project_ReSurvivor/Content/FirstPersonBP/Maps/FirstPersonExampleMap.umap'
[2015.09.13-18.04.53:772][  0]Cmd: MAP CHECKDEP NOCLEARLOG
[2015.09.13-18.04.53:797][  0]MapCheck: Info Map check complete: 0 Error(s), 0 Warning(s), took 25.421ms to complete.
[2015.09.13-18.04.53:797][  0]LogFileHelpers: Loading map 'FirstPersonExampleMap' took 0.026
[2015.09.13-18.04.53:876][  0]LogCollectionManager: Loaded 0 collections in 0.001750 seconds
[2015.09.13-18.04.53:912][  0]LogFileCache: Scanning file cache for directory 'C:/Users/Damir/Documents/GitHub/Project_ReSurvivor/Saved/Collections/' took 0.01s
[2015.09.13-18.04.53:912][  0]LogFileCache: Scanning file cache for directory 'C:/Users/Damir/Documents/GitHub/Project_ReSurvivor/Content/Developers/Damir/Collections/' took 0.01s
[2015.09.13-18.04.53:912][  0]LogFileCache: Scanning file cache for directory 'C:/Users/Damir/Documents/GitHub/Project_ReSurvivor/Content/Collections/' took 0.01s
[2015.09.13-18.04.53:912][  0]LogContentBrowser: Native class hierarchy populated in 0.0059 seconds. Added 1867 classes and 333 folders.
[2015.09.13-18.04.53:916][  0]LogCollectionManager: Rebuilt the GUID cache for 0 collections in 0.000002 seconds
[2015.09.13-18.04.53:921][  0]LogContentBrowser: Native class hierarchy updated for 'WidgetCarousel' in 0.0002 seconds. Added 0 classes and 0 folders.
[2015.09.13-18.04.53:950][  0]LogContentBrowser: Native class hierarchy updated for 'AddContentDialog' in 0.0003 seconds. Added 0 classes and 0 folders.
[2015.09.13-18.04.53:958][  0]LogContentBrowser: Native class hierarchy updated for 'SceneOutliner' in 0.0003 seconds. Added 1 classes and 2 folders.
[2015.09.13-18.04.53:976][  0]LogCrashTracker: Crashtracker disabled due to settings.
[2015.09.13-18.04.53:979][  0]LogUObjectGlobals:Warning: Failed to find object 'Class None.'
[2015.09.13-18.04.53:999][  0]LogLoad: Full Startup: 10.04 seconds (BP compile: 0.00 seconds)
[2015.09.13-18.04.54:041][  0]LogContentStreaming: Texture pool size now 700 MB
[2015.09.13-18.04.54:133][  0]LogRenderer: Reallocating scene render targets to support 1208x576 (Frame:2).
[2015.09.13-18.04.54:247][  2]LogAssetRegistry: Asset discovery search completed in 1.3353 seconds
[2015.09.13-18.04.54:247][  2]LogCollectionManager: Rebuilt the object cache for 0 collections in 0.000001 seconds (found 0 objects)
[2015.09.13-18.04.54:247][  2]LogCollectionManager: Fixed up redirectors for 0 collections in 0.000023 seconds (updated 0 objects)
[2015.09.13-18.05.03:513][ 36]LogBlueprint:Warning: [Menu_Widget] CreatePinForVariable: 'RestoreValue' variable not found. Base class was probably changed.
[2015.09.13-18.05.03:538][ 36]LogBlueprint:Warning: [compiler Menu_Widget] Warning Could not find a variable named "RestoreValue" in 'HealthRestoreBase_Actor_C'.
Make sure 'HealthRestoreBase_Actor_C' has been compiled for  Get RestoreValue 
[2015.09.13-18.05.03:551][ 36]LogBlueprint:Error: [compiler Menu_Widget] Error The property associated with  Restore Value  could not be found
[2015.09.13-18.05.03:576][ 36]LogBlueprint:Warning: [compiler Menu_Widget] Warning [0019.61] Compile of Menu_Widget failed. 1 Fatal Issue(s) 1 Warning(s) [in 50 ms]
[2015.09.13-18.05.03:576][ 36]LogBlueprint:Warning: [compiler Menu_Widget] Warning [0019.61] Compile of Menu_Widget failed. 1 Fatal Issue(s) 2 Warning(s) [in 0 ms]
[2015.09.13-18.05.03:576][ 36]LogBlueprint:Warning: [compiler Menu_Widget] Warning [0019.61] Compile of Menu_Widget failed. 1 Fatal Issue(s) 3 Warning(s) [in 0 ms]
[2015.09.13-18.05.03:586][ 36]LogBlueprint:Warning: [compiler ItemBaseClass_Actor] Warning Default Enum value 'ItemTypes' for class 'ItemBaseClass_Actor_C' is invalid in object 'Default__ItemBaseClass_Actor_C' 
[2015.09.13-18.05.03:586][ 36]LogBlueprint:Warning: [compiler ItemBaseClass_Actor] Warning [0019.62] Compile of ItemBaseClass_Actor successful, but with 1 Warning(s) [in 4 ms]
[2015.09.13-18.05.03:587][ 36]LogBlueprint:Warning: [compiler ItemBaseClass_Actor] Warning [0019.63] Compile of ItemBaseClass_Actor successful, but with 2 Warning(s) [in 0 ms]
[2015.09.13-18.05.03:587][ 36]LogBlueprint:Warning: [compiler ItemBaseClass_Actor] Warning [0019.63] Compile of ItemBaseClass_Actor successful, but with 3 Warning(s) [in 0 ms]
[2015.09.13-18.05.03:616][ 36]LogBlueprint:Error: [compiler FileReader_Widget] Error Could not find a function named "GetFileSize" in 'FileBase_Actor_C'.
Make sure 'FileBase_Actor_C' has been compiled for  Get File Size 
[2015.09.13-18.05.03:620][ 36]LogBlueprint:Warning: [compiler FileReader_Widget] Warning Can't connect pins  File  and  Target : File Base Actor Reference is not compatible with Item Base Class Actor Reference.
[2015.09.13-18.05.03:620][ 36]LogBlueprint:Warning: [compiler FileReader_Widget] Warning Can't connect pins  Target  and  File : Item Base Class Actor Reference is not compatible with File Base Actor Reference.
[2015.09.13-18.05.03:630][ 36]LogBlueprint:Warning: [compiler FileReader_Widget] Warning [0019.67] Compile of FileReader_Widget failed. 1 Fatal Issue(s) 2 Warning(s) [in 18 ms]
[2015.09.13-18.05.03:631][ 36]LogBlueprint:Warning: [compiler FileReader_Widget] Warning [0019.67] Compile of FileReader_Widget failed. 1 Fatal Issue(s) 3 Warning(s) [in 0 ms]
[2015.09.13-18.05.03:631][ 36]LogBlueprint:Warning: [compiler FileReader_Widget] Warning [0019.67] Compile of FileReader_Widget failed. 1 Fatal Issue(s) 4 Warning(s) [in 0 ms]
[2015.09.13-18.05.03:639][ 36]LogBlueprint:Warning: [compiler WeaponBaseClass_Actor] Warning Default Enum value 'WeaponName' for class 'WeaponBaseClass_Actor_C' is invalid in object 'Default__WeaponBaseClass_Actor_C' 
[2015.09.13-18.05.03:639][ 36]LogBlueprint:Warning: [compiler WeaponBaseClass_Actor] Warning Default Enum value 'WeaponClass' for class 'WeaponBaseClass_Actor_C' is invalid in object 'Default__WeaponBaseClass_Actor_C' 
[2015.09.13-18.05.03:639][ 36]LogBlueprint:Warning: [compiler WeaponBaseClass_Actor] Warning [0019.68] Compile of WeaponBaseClass_Actor successful, but with 2 Warning(s) [in 1 ms]
[2015.09.13-18.05.03:640][ 36]LogBlueprint:Warning: [compiler WeaponBaseClass_Actor] Warning [0019.68] Compile of WeaponBaseClass_Actor successful, but with 3 Warning(s) [in 0 ms]
[2015.09.13-18.05.03:640][ 36]LogBlueprint:Warning: [compiler WeaponBaseClass_Actor] Warning [0019.68] Compile of WeaponBaseClass_Actor successful, but with 4 Warning(s) [in 0 ms]
[2015.09.13-18.05.03:642][ 36]LogBlueprint:Warning: [compiler AmmunitionBaseClass_Actor] Warning Default Enum value 'WeaponClass' for class 'AmmunitionBaseClass_Actor_C' is invalid in object 'Default__AmmunitionBaseClass_Actor_C' 
[2015.09.13-18.05.03:642][ 36]LogBlueprint:Warning: [compiler AmmunitionBaseClass_Actor] Warning [0019.68] Compile of AmmunitionBaseClass_Actor successful, but with 1 Warning(s) [in 0 ms]
[2015.09.13-18.05.03:643][ 36]LogBlueprint:Warning: [compiler AmmunitionBaseClass_Actor] Warning [0019.68] Compile of AmmunitionBaseClass_Actor successful, but with 2 Warning(s) [in 0 ms]
[2015.09.13-18.05.03:643][ 36]LogBlueprint:Warning: [compiler AmmunitionBaseClass_Actor] Warning [0019.68] Compile of AmmunitionBaseClass_Actor successful, but with 3 Warning(s) [in 0 ms]
[2015.09.13-18.05.04:043][ 36]LogLinker:Warning: CreateExport: Failed to load Parent for Function /Game/Placeholder_Assets/Actors/Files/RestaurantOwnerDiary_Actor.RestaurantOwnerDiary_Actor_C:UserConstructionScript; removing parent information, but keeping function
[2015.09.13-18.05.04:051][ 36]LogLinker:Warning: CreateExport: Failed to load Parent for Function /Game/Placeholder_Assets/Actors/GameItems/FirstAidSpray_Actor.FirstAidSpray_Actor_C:UserConstructionScript; removing parent information, but keeping function
[2015.09.13-18.05.04:059][ 36]LogLinker:Warning: CreateExport: Failed to load Parent for Function /Game/Placeholder_Assets/Actors/GameItems/HandgunA_Actor.HandgunA_Actor_C:UserConstructionScript; removing parent information, but keeping function
[2015.09.13-18.05.04:066][ 36]LogLinker:Warning: CreateExport: Failed to load Parent for Function /Game/Placeholder_Assets/Actors/GameItems/Shotgun_Actor.Shotgun_Actor_C:UserConstructionScript; removing parent information, but keeping function
[2015.09.13-18.05.04:073][ 36]LogLinker:Warning: CreateExport: Failed to load Parent for Function /Game/Placeholder_Assets/Actors/GameItems/ShotgunShells_Actor.ShotgunShells_Actor_C:UserConstructionScript; removing parent information, but keeping function
[2015.09.13-18.05.04:418][ 36]LogAIModule: Creating AISystem for world FirstPersonExampleMap
[2015.09.13-18.05.04:490][ 36]Cmd: MAP LOAD FILE="../../../../../../Users/Damir/Documents/GitHub/Project_ReSurvivor/Content/Maps/FirstPersonExampleMap.umap" TEMPLATE=0 SHOWPROGRESS=1 FEATURELEVEL=3
[2015.09.13-18.05.04:490][ 36]LightingResults: New page: Lighting Build
[2015.09.13-18.05.04:494][ 36]LogContentBrowser: Native class hierarchy updated for 'StatsViewer' in 0.0003 seconds. Added 5 classes and 0 folders.
[2015.09.13-18.05.04:508][ 36]LoadErrors: New page: Loading map: FirstPersonExampleMap.umap
[2015.09.13-18.05.04:508][ 36]MapCheck: New page: Map Check
[2015.09.13-18.05.04:508][ 36]LightingResults: New page: Lighting Build
[2015.09.13-18.05.04:519][ 36]LogParticles: Destroying 0 GPU particle simulations for FXSystem 0x0000000022A92160
[2015.09.13-18.05.04:522][ 36]LogPhysics:Warning: PHYSX: d:\buildfarm\buildmachine_++depot+ue4\engine\source\thirdparty\notforlicensees\physx\physx_3.3\source\physx\src\NpRigidBodyTemplate.h (437) 4 : RigidBody::setRigidBodyFlag: kinematic bodies with CCD enabled are not supported! CCD will be ignored.
[2015.09.13-18.05.04:522][ 36]LogPhysics:Warning: PHYSX: d:\buildfarm\buildmachine_++depot+ue4\engine\source\thirdparty\notforlicensees\physx\physx_3.3\source\physx\src\NpRigidBodyTemplate.h (437) 4 : RigidBody::setRigidBodyFlag: kinematic bodies with CCD enabled are not supported! CCD will be ignored.
[2015.09.13-18.05.04:522][ 36]LogPhysics:Warning: PHYSX: d:\buildfarm\buildmachine_++depot+ue4\engine\source\thirdparty\notforlicensees\physx\physx_3.3\source\physx\src\NpRigidBodyTemplate.h (437) 4 : RigidBody::setRigidBodyFlag: kinematic bodies with CCD enabled are not supported! CCD will be ignored.
[2015.09.13-18.05.04:522][ 36]LogPhysics:Warning: PHYSX: d:\buildfarm\buildmachine_++depot+ue4\engine\source\thirdparty\notforlicensees\physx\physx_3.3\source\physx\src\NpRigidBodyTemplate.h (437) 4 : RigidBody::setRigidBodyFlag: kinematic bodies with CCD enabled are not supported! CCD will be ignored.
[2015.09.13-18.05.04:522][ 36]LogPhysics:Warning: PHYSX: d:\buildfarm\buildmachine_++depot+ue4\engine\source\thirdparty\notforlicensees\physx\physx_3.3\source\physx\src\NpRigidBodyTemplate.h (437) 4 : RigidBody::setRigidBodyFlag: kinematic bodies with CCD enabled are not supported! CCD will be ignored.
[2015.09.13-18.05.04:522][ 36]LogPhysics:Warning: PHYSX: d:\buildfarm\buildmachine_++depot+ue4\engine\source\thirdparty\notforlicensees\physx\physx_3.3\source\physx\src\NpRigidBodyTemplate.h (437) 4 : RigidBody::setRigidBodyFlag: kinematic bodies with CCD enabled are not supported! CCD will be ignored.
[2015.09.13-18.05.04:523][ 36]LogPhysics:Warning: PHYSX: d:\buildfarm\buildmachine_++depot+ue4\engine\source\thirdparty\notforlicensees\physx\physx_3.3\source\physx\src\NpRigidBodyTemplate.h (437) 4 : RigidBody::setRigidBodyFlag: kinematic bodies with CCD enabled are not supported! CCD will be ignored.
[2015.09.13-18.05.04:523][ 36]LogPhysics:Warning: PHYSX: d:\buildfarm\buildmachine_++depot+ue4\engine\source\thirdparty\notforlicensees\physx\physx_3.3\source\physx\src\NpRigidBodyTemplate.h (437) 4 : RigidBody::setRigidBodyFlag: kinematic bodies with CCD enabled are not supported! CCD will be ignored.
[2015.09.13-18.05.04:523][ 36]LogPhysics:Warning: PHYSX: d:\buildfarm\buildmachine_++depot+ue4\engine\source\thirdparty\notforlicensees\physx\physx_3.3\source\physx\src\NpRigidBodyTemplate.h (437) 4 : RigidBody::setRigidBodyFlag: kinematic bodies with CCD enabled are not supported! CCD will be ignored.
[2015.09.13-18.05.04:523][ 36]LogPhysics:Warning: PHYSX: d:\buildfarm\buildmachine_++depot+ue4\engine\source\thirdparty\notforlicensees\physx\physx_3.3\source\physx\src\NpRigidBodyTemplate.h (437) 4 : RigidBody::setRigidBodyFlag: kinematic bodies with CCD enabled are not supported! CCD will be ignored.
[2015.09.13-18.05.04:523][ 36]LogPhysics:Warning: PHYSX: d:\buildfarm\buildmachine_++depot+ue4\engine\source\thirdparty\notforlicensees\physx\physx_3.3\source\physx\src\NpRigidBodyTemplate.h (437) 4 : RigidBody::setRigidBodyFlag: kinematic bodies with CCD enabled are not supported! CCD will be ignored.
[2015.09.13-18.05.04:523][ 36]LogPhysics:Warning: PHYSX: d:\buildfarm\buildmachine_++depot+ue4\engine\source\thirdparty\notforlicensees\physx\physx_3.3\source\physx\src\NpRigidBodyTemplate.h (437) 4 : RigidBody::setRigidBodyFlag: kinematic bodies with CCD enabled are not supported! CCD will be ignored.
[2015.09.13-18.05.04:523][ 36]LogPhysics:Warning: PHYSX: d:\buildfarm\buildmachine_++depot+ue4\engine\source\thirdparty\notforlicensees\physx\physx_3.3\source\physx\src\NpRigidBodyTemplate.h (437) 4 : RigidBody::setRigidBodyFlag: kinematic bodies with CCD enabled are not supported! CCD will be ignored.
[2015.09.13-18.05.04:524][ 36]LogPhysics:Warning: PHYSX: d:\buildfarm\buildmachine_++depot+ue4\engine\source\thirdparty\notforlicensees\physx\physx_3.3\source\physx\src\NpRigidBodyTemplate.h (437) 4 : RigidBody::setRigidBodyFlag: kinematic bodies with CCD enabled are not supported! CCD will be ignored.
[2015.09.13-18.05.04:524][ 36]LogPhysics:Warning: PHYSX: d:\buildfarm\buildmachine_++depot+ue4\engine\source\thirdparty\notforlicensees\physx\physx_3.3\source\physx\src\NpRigidBodyTemplate.h (437) 4 : RigidBody::setRigidBodyFlag: kinematic bodies with CCD enabled are not supported! CCD will be ignored.
[2015.09.13-18.05.04:524][ 36]LogPhysics:Warning: PHYSX: d:\buildfarm\buildmachine_++depot+ue4\engine\source\thirdparty\notforlicensees\physx\physx_3.3\source\physx\src\NpRigidBodyTemplate.h (437) 4 : RigidBody::setRigidBodyFlag: kinematic bodies with CCD enabled are not supported! CCD will be ignored.
[2015.09.13-18.05.04:524][ 36]LogPhysics:Warning: PHYSX: d:\buildfarm\buildmachine_++depot+ue4\engine\source\thirdparty\notforlicensees\physx\physx_3.3\source\physx\src\NpRigidBodyTemplate.h (437) 4 : RigidBody::setRigidBodyFlag: kinematic bodies with CCD enabled are not supported! CCD will be ignored.
[2015.09.13-18.05.04:524][ 36]LogPhysics:Warning: PHYSX: d:\buildfarm\buildmachine_++depot+ue4\engine\source\thirdparty\notforlicensees\physx\physx_3.3\source\physx\src\NpRigidBodyTemplate.h (437) 4 : RigidBody::setRigidBodyFlag: kinematic bodies with CCD enabled are not supported! CCD will be ignored.
[2015.09.13-18.05.04:524][ 36]LogPhysics:Warning: PHYSX: d:\buildfarm\buildmachine_++depot+ue4\engine\source\thirdparty\notforlicensees\physx\physx_3.3\source\physx\src\NpRigidBodyTemplate.h (437) 4 : RigidBody::setRigidBodyFlag: kinematic bodies with CCD enabled are not supported! CCD will be ignored.
[2015.09.13-18.05.04:536][ 36]LogEditorServer: Finished looking for orphan Actors (0.000 secs)
[2015.09.13-18.05.04:571][ 36]Cmd: MAP CHECKDEP NOCLEARLOG
[2015.09.13-18.05.04:606][ 36]MapCheck: Info Map check complete: 0 Error(s), 0 Warning(s), took 35.62ms to complete.
[2015.09.13-18.05.04:606][ 36]LogFileHelpers: Loading map 'FirstPersonExampleMap' took 0.117
[2015.09.13-18.05.04:615][ 36]LoadErrors:Error: Error /Game/Blueprints/Widgets/Menu/Menu_Widget : Failed import for FloatProperty /Game/Placeholder_Assets/Actors/HealthRestoreBase_Actor.HealthRestoreBase_Actor_C:RestoreValue
[2015.09.13-18.05.13:328][ 22]Cmd: QUIT_EDITOR
[2015.09.13-18.05.13:581][ 22]LogExit: Preparing to exit.
[2015.09.13-18.05.13:919][ 22]LogExit: Editor shut down
[2015.09.13-18.05.13:919][ 22]LogExit: Transaction tracking system shut down
[2015.09.13-18.05.13:920][ 22]LogParticles: Destroying 0 GPU particle simulations for FXSystem 0x0000000011F04400
[2015.09.13-18.05.13:923][ 22]LogParticles: Destroying 0 GPU particle simulations for FXSystem 0x000000003ED14F40
[2015.09.13-18.05.13:924][ 22]LogParticles: Destroying 0 GPU particle simulations for FXSystem 0x00000000425EFB00
[2015.09.13-18.05.14:052][ 22]LogParticles: Destroying 0 GPU particle simulations for FXSystem 0x00000000425FB880
[2015.09.13-18.05.14:052][ 22]LogExit: Object subsystem successfully closed.
[2015.09.13-18.05.14:066][ 22]LogD3D11RHI: Shutdown
[2015.09.13-18.05.14:066][ 22]LogD3D11RHI: CleanupD3DDevice
[2015.09.13-18.05.14:100][ 22]LogD3D11RHI: ~FD3D11DynamicRHI
[2015.09.13-18.05.14:111][ 22]LogModuleManager: Shutting down and abandoning module StatsViewer (197)
[2015.09.13-18.05.14:111][ 22]LogModuleManager: Shutting down and abandoning module CrashTracker (196)
[2015.09.13-18.05.14:111][ 22]LogModuleManager: Shutting down and abandoning module SceneOutliner (195)
[2015.09.13-18.05.14:111][ 22]LogModuleManager: Shutting down and abandoning module SuperSearch (194)
[2015.09.13-18.05.14:111][ 22]LogModuleManager: Shutting down and abandoning module WidgetCarousel (193)
[2015.09.13-18.05.14:111][ 22]LogModuleManager: Shutting down and abandoning module AddContentDialog (192)
[2015.09.13-18.05.14:112][ 22]LogModuleManager: Shutting down and abandoning module EditorWidgets (191)
[2015.09.13-18.05.14:112][ 22]LogModuleManager: Shutting down and abandoning module CollectionManager (190)
[2015.09.13-18.05.14:112][ 22]LogModuleManager: Shutting down and abandoning module FoliageEdit (189)
[2015.09.13-18.05.14:112][ 22]LogModuleManager: Shutting down and abandoning module LandscapeEditor (188)
[2015.09.13-18.05.14:112][ 22]LogModuleManager: Shutting down and abandoning module ActorPickerMode (187)
[2015.09.13-18.05.14:112][ 22]LogModuleManager: Shutting down and abandoning module GeometryMode (186)
[2015.09.13-18.05.14:112][ 22]LogModuleManager: Shutting down and abandoning module TextureAlignMode (185)
[2015.09.13-18.05.14:112][ 22]LogModuleManager: Shutting down and abandoning module BspMode (184)
[2015.09.13-18.05.14:112][ 22]LogModuleManager: Shutting down and abandoning module PlacementMode (183)
[2015.09.13-18.05.14:112][ 22]LogModuleManager: Shutting down and abandoning module AutomationWorker (182)
[2015.09.13-18.05.14:112][ 22]LogModuleManager: Shutting down and abandoning module CharacterAI (181)
[2015.09.13-18.05.14:112][ 22]LogModuleManager: Shutting down and abandoning module SmartSnapping (180)
[2015.09.13-18.05.14:112][ 22]LogModuleManager: Shutting down and abandoning module ViewportSnapping (179)
[2015.09.13-18.05.14:112][ 22]LogModuleManager: Shutting down and abandoning module LogVisualizer (178)
[2015.09.13-18.05.14:113][ 22]LogModuleManager: Shutting down and abandoning module GameProjectGeneration (177)
[2015.09.13-18.05.14:113][ 22]LogModuleManager: Shutting down and abandoning module IntroTutorials (176)
[2015.09.13-18.05.14:113][ 22]LogModuleManager: Shutting down and abandoning module EditorLiveStreaming (175)
[2015.09.13-18.05.14:113][ 22]LogModuleManager: Shutting down and abandoning module IOSPlatformEditor (174)
[2015.09.13-18.05.14:113][ 22]LogModuleManager: Shutting down and abandoning module HTML5PlatformEditor (173)
[2015.09.13-18.05.14:113][ 22]LogModuleManager: Shutting down and abandoning module AndroidDeviceDetection (172)
[2015.09.13-18.05.14:583][ 22]LogModuleManager: Shutting down and abandoning module AndroidPlatformEditor (171)
[2015.09.13-18.05.14:583][ 22]LogModuleManager: Shutting down and abandoning module IOSRuntimeSettings (170)
[2015.09.13-18.05.14:583][ 22]LogModuleManager: Shutting down and abandoning module AndroidRuntimeSettings (169)
[2015.09.13-18.05.14:583][ 22]LogModuleManager: Shutting down and abandoning module MergeActors (168)
[2015.09.13-18.05.14:583][ 22]LogModuleManager: Shutting down and abandoning module SizeMap (167)
[2015.09.13-18.05.14:583][ 22]LogModuleManager: Shutting down and abandoning module TreeMap (166)
[2015.09.13-18.05.14:583][ 22]LogModuleManager: Shutting down and abandoning module ReferenceViewer (165)
[2015.09.13-18.05.14:583][ 22]LogModuleManager: Shutting down and abandoning module LocalizationService (164)
[2015.09.13-18.05.14:583][ 22]LogModuleManager: Shutting down and abandoning module LocalizationDashboard (163)
[2015.09.13-18.05.14:583][ 22]LogModuleManager: Shutting down and abandoning module HardwareTargeting (162)
[2015.09.13-18.05.14:583][ 22]LogModuleManager: Shutting down and abandoning module DeviceProfileEditor (161)
[2015.09.13-18.05.14:583][ 22]LogModuleManager: Shutting down and abandoning module UndoHistory (160)
[2015.09.13-18.05.14:583][ 22]LogModuleManager: Shutting down and abandoning module GameplayTagsEditor (159)
[2015.09.13-18.05.14:583][ 22]LogModuleManager: Shutting down and abandoning module UserFeedback (158)
[2015.09.13-18.05.14:583][ 22]LogModuleManager: Shutting down and abandoning module XmlParser (157)
[2015.09.13-18.05.14:583][ 22]LogModuleManager: Shutting down and abandoning module Blutility (156)
[2015.09.13-18.05.14:583][ 22]LogModuleManager: Shutting down and abandoning module ProjectTargetPlatformEditor (155)
[2015.09.13-18.05.14:583][ 22]LogModuleManager: Shutting down and abandoning module ProjectSettingsViewer (154)
[2015.09.13-18.05.14:583][ 22]LogModuleManager: Shutting down and abandoning module InputBindingEditor (153)
[2015.09.13-18.05.14:583][ 22]LogModuleManager: Shutting down and abandoning module EditorSettingsViewer (152)
[2015.09.13-18.05.14:584][ 22]LogModuleManager: Shutting down and abandoning module SettingsEditor (151)
[2015.09.13-18.05.14:584][ 22]LogModuleManager: Shutting down and abandoning module ProjectLauncher (150)
[2015.09.13-18.05.14:584][ 22]LogModuleManager: Shutting down and abandoning module SessionFrontend (149)
[2015.09.13-18.05.14:584][ 22]LogModuleManager: Shutting down and abandoning module ProfilerClient (148)
[2015.09.13-18.05.14:584][ 22]LogModuleManager: Shutting down and abandoning module TargetDeviceServices (147)
[2015.09.13-18.05.14:584][ 22]LogModuleManager: Shutting down and abandoning module DeviceManager (146)
[2015.09.13-18.05.14:584][ 22]LogModuleManager: Shutting down and abandoning module AutomationController (145)
[2015.09.13-18.05.14:584][ 22]LogModuleManager: Shutting down and abandoning module AutomationWindow (144)
[2015.09.13-18.05.14:584][ 22]LogModuleManager: Shutting down and abandoning module Layers (143)
[2015.09.13-18.05.14:584][ 22]LogModuleManager: Shutting down and abandoning module ComponentVisualizers (142)
[2015.09.13-18.05.14:584][ 22]LogModuleManager: Shutting down and abandoning module DetailCustomizations (141)
[2015.09.13-18.05.14:584][ 22]LogModuleManager: Shutting down and abandoning module PackagesDialog (140)
[2015.09.13-18.05.14:584][ 22]LogModuleManager: Shutting down and abandoning module Persona (139)
[2015.09.13-18.05.14:584][ 22]LogModuleManager: Shutting down and abandoning module Kismet (138)
[2015.09.13-18.05.14:584][ 22]LogModuleManager: Shutting down and abandoning module GraphEditor (137)
[2015.09.13-18.05.14:584][ 22]LogModuleManager: Shutting down and abandoning module ClassViewer (136)
[2015.09.13-18.05.14:584][ 22]LogModuleManager: Shutting down and abandoning module Toolbox (135)
[2015.09.13-18.05.14:584][ 22]LogModuleManager: Shutting down and abandoning module ModuleUI (134)
[2015.09.13-18.05.14:584][ 22]LogModuleManager: Shutting down and abandoning module MovieSceneTools (133)
[2015.09.13-18.05.14:584][ 22]LogModuleManager: Shutting down and abandoning module OutputLog (132)
[2015.09.13-18.05.14:584][ 22]LogModuleManager: Shutting down and abandoning module GammaUI (131)
[2015.09.13-18.05.14:584][ 22]LogModuleManager: Shutting down and abandoning module Documentation (130)
[2015.09.13-18.05.14:585][ 22]LogModuleManager: Shutting down and abandoning module GameLiveStreaming (129)
[2015.09.13-18.05.14:585][ 22]LogModuleManager: Shutting down and abandoning module StreamingPauseRendering (128)
[2015.09.13-18.05.14:585][ 22]LogModuleManager: Shutting down and abandoning module AnalyticsET (127)
[2015.09.13-18.05.14:585][ 22]LogModuleManager: Shutting down and abandoning module Analytics (126)
[2015.09.13-18.05.14:585][ 22]LogModuleManager: Shutting down and abandoning module AITestSuite (125)
[2015.09.13-18.05.14:585][ 22]LogModuleManager: Shutting down and abandoning module GameplayDebugger (124)
[2015.09.13-18.05.14:585][ 22]LogModuleManager: Shutting down and abandoning module AIModule (123)
[2015.09.13-18.05.14:585][ 22]LogModuleManager: Shutting down and abandoning module ProfilerService (122)
[2015.09.13-18.05.14:745][ 22]LogModuleManager: Shutting down and abandoning module TaskGraph (121)
[2015.09.13-18.05.14:745][ 22]LogModuleManager: Shutting down and abandoning module SlateRemote (120)
[2015.09.13-18.05.14:745][ 22]LogModuleManager: Shutting down and abandoning module SteamVRController (119)
[2015.09.13-18.05.14:745][ 22]LogModuleManager: Shutting down and abandoning module SteamVR (118)
[2015.09.13-18.05.14:745][ 22]LogModuleManager: Shutting down and abandoning module ProceduralMeshComponent (117)
[2015.09.13-18.05.14:745][ 22]LogModuleManager: Shutting down and abandoning module OculusRift (116)
[2015.09.13-18.05.14:745][ 22]LogModuleManager: Shutting down and abandoning module OculusLibrary (115)
[2015.09.13-18.05.14:745][ 22]LogModuleManager: Shutting down and abandoning module LeapMotionController (114)
[2015.09.13-18.05.14:779][ 22]LogModuleManager: Shutting down and abandoning module CustomMeshComponent (113)
[2015.09.13-18.05.14:779][ 22]LogModuleManager: Shutting down and abandoning module CableComponent (112)
[2015.09.13-18.05.14:779][ 22]LogModuleManager: Shutting down and abandoning module ArchVisCharacter (111)
[2015.09.13-18.05.14:779][ 22]LogModuleManager: Shutting down and abandoning module MessagingDebugger (110)
[2015.09.13-18.05.14:779][ 22]LogModuleManager: Shutting down and abandoning module MediaPlayerEditor (109)
[2015.09.13-18.05.14:779][ 22]LogModuleManager: Shutting down and abandoning module HTML5Networking (108)
[2015.09.13-18.05.14:779][ 22]LogModuleManager: Shutting down and abandoning module SpeedTreeImporter (107)
[2015.09.13-18.05.14:779][ 22]LogModuleManager: Shutting down and abandoning module PluginBrowser (106)
[2015.09.13-18.05.14:779][ 22]LogModuleManager: Shutting down and abandoning module EpicSurvey (105)
[2015.09.13-18.05.14:779][ 22]LogModuleManager: Shutting down and abandoning module DesktopPlatform (104)
[2015.09.13-18.05.14:779][ 22]LogModuleManager: Shutting down and abandoning module VisualStudioSourceCodeAccess (103)
[2015.09.13-18.05.14:779][ 22]LogModuleManager: Shutting down and abandoning module UObjectPlugin (102)
[2015.09.13-18.05.14:779][ 22]LogModuleManager: Shutting down and abandoning module SubversionSourceControl (101)
[2015.09.13-18.05.14:779][ 22]LogModuleManager: Shutting down and abandoning module PerforceSourceControl (100)
[2015.09.13-18.05.14:779][ 22]LogModuleManager: Shutting down and abandoning module SourceControl (99)
[2015.09.13-18.05.14:779][ 22]LogModuleManager: Shutting down and abandoning module GitSourceControl (98)
[2015.09.13-18.05.14:779][ 22]LogModuleManager: Shutting down and abandoning module LightPropagationVolumeEditor (97)
[2015.09.13-18.05.14:779][ 22]LogModuleManager: Shutting down and abandoning module PaperTiledImporter (96)
[2015.09.13-18.05.14:779][ 22]LogModuleManager: Shutting down and abandoning module PaperSpriteSheetImporter (95)
[2015.09.13-18.05.14:779][ 22]LogModuleManager: Shutting down and abandoning module MeshPaint (94)
[2015.09.13-18.05.14:779][ 22]LogModuleManager: Shutting down and abandoning module SlateReflector (93)
[2015.09.13-18.05.14:779][ 22]LogModuleManager: Shutting down and abandoning module HotReload (92)
[2015.09.13-18.05.14:780][ 22]LogModuleManager: Shutting down and abandoning module MainFrame (91)
[2015.09.13-18.05.14:780][ 22]LogModuleManager: Shutting down and abandoning module LevelEditor (90)
[2015.09.13-18.05.14:781][ 22]LogModuleManager: Shutting down and abandoning module DirectoryWatcher (89)
[2015.09.13-18.05.14:781][ 22]LogModuleManager: Shutting down and abandoning module AssetRegistry (88)
[2015.09.13-18.05.14:852][ 22]LogModuleManager: Shutting down and abandoning module ContentBrowser (87)
[2015.09.13-18.05.14:853][ 22]LogModuleManager: Shutting down and abandoning module Paper2DEditor (86)
[2015.09.13-18.05.14:853][ 22]LogModuleManager: Shutting down and abandoning module UdpMessaging (85)
[2015.09.13-18.05.14:953][ 22]LogModuleManager: Shutting down and abandoning module LightPropagationVolumeRuntime (84)
[2015.09.13-18.05.14:953][ 22]LogModuleManager: Shutting down and abandoning module Paper2D (83)
[2015.09.13-18.05.14:953][ 22]LogModuleManager: Shutting down and abandoning module WindowsMoviePlayer (82)
[2015.09.13-18.05.14:957][ 22]LogModuleManager: Shutting down and abandoning module Media (81)
[2015.09.13-18.05.14:957][ 22]LogModuleManager: Shutting down and abandoning module WmfMedia (80)
[2015.09.13-18.05.14:958][ 22]LogModuleManager: Shutting down and abandoning module OnlineBlueprintSupport (79)
[2015.09.13-18.05.14:958][ 22]LogModuleManager: Shutting down and abandoning module GameplayTasksEditor (78)
[2015.09.13-18.05.14:958][ 22]LogModuleManager: Shutting down and abandoning module PropertyEditor (77)
[2015.09.13-18.05.14:958][ 22]LogModuleManager: Shutting down and abandoning module BehaviorTreeEditor (76)
[2015.09.13-18.05.14:958][ 22]LogModuleManager: Shutting down and abandoning module FunctionalTesting (75)
[2015.09.13-18.05.14:958][ 22]LogModuleManager: Shutting down and abandoning module CollisionAnalyzer (74)
[2015.09.13-18.05.14:958][ 22]LogModuleManager: Shutting down and abandoning module WorkspaceMenuStructure (73)
[2015.09.13-18.05.14:958][ 22]LogModuleManager: Shutting down and abandoning module MessageLog (72)
[2015.09.13-18.05.14:958][ 22]LogModuleManager: Shutting down and abandoning module Sequencer (71)
[2015.09.13-18.05.14:958][ 22]LogModuleManager: Shutting down and abandoning module AssetTools (70)
[2015.09.13-18.05.14:958][ 22]LogModuleManager: Shutting down and abandoning module UMGEditor (69)
[2015.09.13-18.05.14:958][ 22]LogModuleManager: Shutting down and abandoning module UMG (68)
[2015.09.13-18.05.14:958][ 22]LogModuleManager: Shutting down and abandoning module Slate (67)
[2015.09.13-18.05.14:958][ 22]LogModuleManager: Shutting down and abandoning module EditorStyle (66)
[2015.09.13-18.05.14:960][ 22]LogModuleManager: Shutting down and abandoning module SessionServices (65)
[2015.09.13-18.05.14:960][ 22]LogModuleManager: Shutting down and abandoning module SourceCodeAccess (64)
[2015.09.13-18.05.14:960][ 22]LogModuleManager: Shutting down and abandoning module HeadMountedDisplay (63)
[2015.09.13-18.05.14:960][ 22]LogModuleManager: Shutting down and abandoning module XAudio2 (62)
[2015.09.13-18.05.14:960][ 22]LogModuleManager: Shutting down and abandoning module Networking (60)
[2015.09.13-18.05.14:960][ 22]LogModuleManager: Shutting down and abandoning module Core (59)
[2015.09.13-18.05.14:960][ 22]LogModuleManager: Shutting down and abandoning module KismetCompiler (58)
[2015.09.13-18.05.14:960][ 22]LogModuleManager: Shutting down and abandoning module PhysXFormats (57)
[2015.09.13-18.05.14:960][ 22]LogModuleManager: Shutting down and abandoning module MeshUtilities (56)
[2015.09.13-18.05.14:960][ 22]LogModuleManager: Shutting down and abandoning module CookingStats (55)
[2015.09.13-18.05.14:962][ 22]LogModuleManager: Shutting down and abandoning module DerivedDataCache (54)
[2015.09.13-18.05.15:298][ 22]LogDerivedDataCache: Shutdown
[2015.09.13-18.05.15:298][ 22]LogModuleManager: Shutting down and abandoning module ShaderFormatOpenGL (53)
[2015.09.13-18.05.15:298][ 22]LogModuleManager: Shutting down and abandoning module ShaderFormatD3D (52)
[2015.09.13-18.05.15:298][ 22]LogModuleManager: Shutting down and abandoning module MetalShaderFormat (51)
[2015.09.13-18.05.15:298][ 22]LogModuleManager: Shutting down and abandoning module TextureFormatUncompressed (50)
[2015.09.13-18.05.15:298][ 22]LogModuleManager: Shutting down and abandoning module TextureFormatPVR (49)
[2015.09.13-18.05.15:298][ 22]LogModuleManager: Shutting down and abandoning module TextureFormatIntelISPCTexComp (48)
[2015.09.13-18.05.15:298][ 22]LogModuleManager: Shutting down and abandoning module TextureFormatDXT (47)
[2015.09.13-18.05.15:298][ 22]LogModuleManager: Shutting down and abandoning module ImageWrapper (46)
[2015.09.13-18.05.15:298][ 22]LogModuleManager: Shutting down and abandoning module TextureFormatASTC (45)
[2015.09.13-18.05.15:298][ 22]LogModuleManager: Shutting down and abandoning module TextureFormatAndroid (44)
[2015.09.13-18.05.15:298][ 22]LogModuleManager: Shutting down and abandoning module AudioFormatOpus (43)
[2015.09.13-18.05.15:298][ 22]LogModuleManager: Shutting down and abandoning module AudioFormatOgg (42)
[2015.09.13-18.05.15:298][ 22]LogModuleManager: Shutting down and abandoning module AudioFormatADPCM (41)
[2015.09.13-18.05.15:298][ 22]LogModuleManager: Shutting down and abandoning module LinuxTargetPlatform (40)
[2015.09.13-18.05.15:298][ 22]LogModuleManager: Shutting down and abandoning module LinuxServerTargetPlatform (39)
[2015.09.13-18.05.15:298][ 22]LogModuleManager: Shutting down and abandoning module LinuxNoEditorTargetPlatform (38)
[2015.09.13-18.05.15:298][ 22]LogModuleManager: Shutting down and abandoning module Messaging (37)
[2015.09.13-18.05.15:298][ 22]LogModuleManager: Shutting down and abandoning module IOSTargetPlatform (36)
[2015.09.13-18.05.15:298][ 22]LogModuleManager: Shutting down and abandoning module HTML5TargetPlatform (35)
[2015.09.13-18.05.15:298][ 22]LogModuleManager: Shutting down and abandoning module Android_PVRTCTargetPlatform (34)
[2015.09.13-18.05.15:298][ 22]LogModuleManager: Shutting down and abandoning module Android_ETC2TargetPlatform (33)
[2015.09.13-18.05.15:298][ 22]LogModuleManager: Shutting down and abandoning module Android_ETC1TargetPlatform (32)
[2015.09.13-18.05.15:299][ 22]LogModuleManager: Shutting down and abandoning module Android_DXTTargetPlatform (31)
[2015.09.13-18.05.15:299][ 22]LogModuleManager: Shutting down and abandoning module Android_ATCTargetPlatform (30)
[2015.09.13-18.05.15:299][ 22]LogModuleManager: Shutting down and abandoning module Android_ASTCTargetPlatform (29)
[2015.09.13-18.05.15:299][ 22]LogModuleManager: Shutting down and abandoning module AndroidTargetPlatform (28)
[2015.09.13-18.05.15:299][ 22]LogModuleManager: Shutting down and abandoning module WindowsTargetPlatform (27)
[2015.09.13-18.05.15:299][ 22]LogModuleManager: Shutting down and abandoning module WindowsServerTargetPlatform (26)
[2015.09.13-18.05.15:299][ 22]LogModuleManager: Shutting down and abandoning module WindowsNoEditorTargetPlatform (25)
[2015.09.13-18.05.15:299][ 22]LogModuleManager: Shutting down and abandoning module WindowsClientTargetPlatform (24)
[2015.09.13-18.05.15:299][ 22]LogModuleManager: Shutting down and abandoning module AllDesktopTargetPlatform (23)
[2015.09.13-18.05.15:299][ 22]LogModuleManager: Shutting down and abandoning module TargetPlatform (22)
[2015.09.13-18.05.15:299][ 22]LogModuleManager: Shutting down and abandoning module InputCore (21)
[2015.09.13-18.05.15:299][ 22]LogModuleManager: Shutting down and abandoning module Settings (20)
[2015.09.13-18.05.15:299][ 22]LogModuleManager: Shutting down and abandoning module OnlineSubsystem (18)
[2015.09.13-18.05.15:299][ 22]LogModuleManager: Shutting down and abandoning module HTTP (17)
[2015.09.13-18.05.17:299][ 22]LogModuleManager: Shutting down and abandoning module XMPP (16)
[2015.09.13-18.05.17:299][ 22]LogModuleManager: Shutting down and abandoning module ExampleDeviceProfileSelector (15)
[2015.09.13-18.05.17:299][ 22]LogModuleManager: Shutting down and abandoning module TextureCompressor (14)
[2015.09.13-18.05.17:299][ 22]LogModuleManager: Shutting down and abandoning module ShaderCore (13)
[2015.09.13-18.05.17:299][ 22]LogModuleManager: Shutting down and abandoning module Landscape (12)
[2015.09.13-18.05.17:299][ 22]LogModuleManager: Shutting down and abandoning module SlateRHIRenderer (11)
[2015.09.13-18.05.17:301][ 22]LogModuleManager: Shutting down and abandoning module OpenGLDrv (10)
[2015.09.13-18.05.17:301][ 22]LogModuleManager: Shutting down and abandoning module D3D11RHI (9)
[2015.09.13-18.05.17:301][ 22]LogModuleManager: Shutting down and abandoning module AnimGraphRuntime (8)
[2015.09.13-18.05.17:301][ 22]LogModuleManager: Shutting down and abandoning module Renderer (7)
[2015.09.13-18.05.17:301][ 22]LogModuleManager: Shutting down and abandoning module Engine (6)
[2015.09.13-18.05.17:301][ 22]LogModuleManager: Shutting down and abandoning module CoreUObject (5)
[2015.09.13-18.05.17:301][ 22]LogModuleManager: Shutting down and abandoning module NetworkFile (4)
[2015.09.13-18.05.17:301][ 22]LogModuleManager: Shutting down and abandoning module StreamingFile (3)
[2015.09.13-18.05.17:301][ 22]LogModuleManager: Shutting down and abandoning module SandboxFile (2)
[2015.09.13-18.05.17:301][ 22]LogModuleManager: Shutting down and abandoning module PakFile (1)
[2015.09.13-18.05.17:302][ 22]LogExit: Exiting.
[2015.09.13-18.05.17:306][ 22]Log file closed, 09/13/15 20:05:17
