[2015.09.09-15.06.53:262][  0]Log file open, 09/09/15 17:06:53
[2015.09.09-15.06.53:262][  0]LogInit:Display: Running engine for game: Project_ReSurvivor
[2015.09.09-15.06.53:262][  0]LogInit:Display: RandInit(1750902764) SRandInit(1750902764).
[2015.09.09-15.06.53:262][  0]LogTaskGraph: Started task graph with 4 named threads and 7 total threads.
[2015.09.09-15.06.53:262][  0]LogStats: Stats thread started at 0.068194
[2015.09.09-15.06.53:262][  0]LogInit: Version: 4.9.0-2672455+++depot+UE4-Releases+4.9
[2015.09.09-15.06.53:262][  0]LogInit: API Version: 2672455
[2015.09.09-15.06.53:262][  0]LogInit: Compiled (64-bit): Aug 28 2015 12:33:01
[2015.09.09-15.06.53:262][  0]LogInit: Compiled with Visual C++: 18.00.21005.01
[2015.09.09-15.06.53:262][  0]LogInit: Build Configuration: Development
[2015.09.09-15.06.53:262][  0]LogInit: Branch Name: ++depot+UE4-Releases+4.9
[2015.09.09-15.06.53:262][  0]LogInit: Command line:  
[2015.09.09-15.06.53:262][  0]LogInit: Base directory: C:/Program Files/Epic Games/4.9/Engine/Binaries/Win64/
[2015.09.09-15.06.53:262][  0]LogInit: Rocket: 1
[2015.09.09-15.06.53:272][  0]LogInit: Using libcurl 7.41.0
[2015.09.09-15.06.53:272][  0]LogInit:  - built for x86_64-pc-win32
[2015.09.09-15.06.53:272][  0]LogInit:  - supports SSL with WinSSL
[2015.09.09-15.06.53:272][  0]LogInit:  - other features:
[2015.09.09-15.06.53:272][  0]LogInit:      CURL_VERSION_SSL
[2015.09.09-15.06.53:272][  0]LogInit:      CURL_VERSION_IPV6
[2015.09.09-15.06.53:272][  0]LogInit:      CURL_VERSION_ASYNCHDNS
[2015.09.09-15.06.53:272][  0]LogInit:      CURL_VERSION_LARGEFILE
[2015.09.09-15.06.53:272][  0]LogInit:      CURL_VERSION_IDN
[2015.09.09-15.06.53:272][  0]LogInit:  CurlRequestOptions (configurable via config and command line):
[2015.09.09-15.06.53:272][  0]LogInit:  - bVerifyPeer = true  - Libcurl will verify peer certificate
[2015.09.09-15.06.53:272][  0]LogInit:  - bUseHttpProxy = false  - Libcurl will NOT use HTTP proxy
[2015.09.09-15.06.53:272][  0]LogInit:  - bDontReuseConnections = false  - Libcurl will reuse connections
[2015.09.09-15.06.53:272][  0]LogInit:  - CertBundlePath = nullptr  - Libcurl will use whatever was configured at build time.
[2015.09.09-15.06.53:279][  0]LogInit: Presizing for 0 objects not considered by GC, pre-allocating 0 bytes.
[2015.09.09-15.06.53:285][  0]LogInit: Object subsystem initialized
[2015.09.09-15.06.53:287][  0]LogInit: Selected Device Profile: [Windows]
[2015.09.09-15.06.53:287][  0]LogInit: Applying CVar settings loaded from the selected device profile: [Windows]
[2015.09.09-15.06.53:293][  0]LogInit: Computer: DAMIR-PC
[2015.09.09-15.06.53:293][  0]LogInit: User: Damir
[2015.09.09-15.06.53:293][  0]LogInit: CPU Page size=4096, Cores=4
[2015.09.09-15.06.53:293][  0]LogInit: High frequency timer resolution =3.320390 MHz
[2015.09.09-15.06.53:293][  0]LogMemory: Memory total: Physical=7.9GB (8GB approx)
[2015.09.09-15.06.53:293][  0]LogMemory: Platform Memory Stats for Windows
[2015.09.09-15.06.53:293][  0]LogMemory: Process Physical Memory: 54.17 MB used, 54.17 MB peak
[2015.09.09-15.06.53:293][  0]LogMemory: Process Virtual Memory: 56.36 MB used, 56.36 MB peak
[2015.09.09-15.06.53:293][  0]LogMemory: Physical Memory: 1722.17 MB used, 8136.55 MB total
[2015.09.09-15.06.53:293][  0]LogMemory: Virtual Memory: 336.11 MB used, 8388608.00 MB total
[2015.09.09-15.06.53:321][  0]LogTextLocalizationManager: No translations for ('de-DE') exist, falling back to 'en' for localization and internationalization data.
[2015.09.09-15.06.54:028][  0]LogD3D11RHI: Found D3D11 adapter 0: NVIDIA GeForce GTX 660   (Feature Level 11_0)
[2015.09.09-15.06.54:028][  0]LogD3D11RHI: Adapter has 1989MB of dedicated video memory, 0MB of dedicated system memory, and 2048MB of shared system memory, 1 output[s]
[2015.09.09-15.06.54:028][  0]LogD3D11RHI: Chosen D3D11 Adapter Id = 0
[2015.09.09-15.06.54:033][  0]LogD3D11RHI: !Direct3DDevice
[2015.09.09-15.06.54:033][  0]LogRHI: Texture pool is 1361 MB (70% of 1945 MB)
[2015.09.09-15.06.54:039][  0]LogD3D11RHI: Async texture creation enabled
[2015.09.09-15.06.54:053][  0]LogShaderCompilers: Guid format shader working directory is 15 characters bigger than the processId version (../../../../../../Users/Damir/Documents/GitHub/Project_ReSurvivor/Intermediate/Shaders/WorkingDirectory/4948/).
[2015.09.09-15.06.54:053][  0]LogShaderCompilers: Cleaned the shader compiler working directory '../../../../../../Users/Damir/Documents/GitHub/Project_ReSurvivor/Intermediate/Shaders/tmp/C5C37E154C3C818790C4428A306C8687/'.
[2015.09.09-15.06.54:053][  0]LogShaderCompilers:Display: Using Local Shader Compiler.
[2015.09.09-15.06.55:011][  0]LogTemp:Display: Loaded TP AllDesktopTargetPlatform
[2015.09.09-15.06.55:016][  0]LogTemp:Display: Loaded TP WindowsClientTargetPlatform
[2015.09.09-15.06.55:020][  0]LogTemp:Display: Loaded TP WindowsNoEditorTargetPlatform
[2015.09.09-15.06.55:025][  0]LogTemp:Display: Loaded TP WindowsServerTargetPlatform
[2015.09.09-15.06.55:030][  0]LogTemp:Display: Loaded TP WindowsTargetPlatform
[2015.09.09-15.06.55:033][  0]LogTemp:Display: Loaded TP AndroidTargetPlatform
[2015.09.09-15.06.55:036][  0]LogTemp:Display: Loaded TP Android_ASTCTargetPlatform
[2015.09.09-15.06.55:040][  0]LogTemp:Display: Loaded TP Android_ATCTargetPlatform
[2015.09.09-15.06.55:043][  0]LogTemp:Display: Loaded TP Android_DXTTargetPlatform
[2015.09.09-15.06.55:046][  0]LogTemp:Display: Loaded TP Android_ETC1TargetPlatform
[2015.09.09-15.06.55:050][  0]LogTemp:Display: Loaded TP Android_ETC2TargetPlatform
[2015.09.09-15.06.55:053][  0]LogTemp:Display: Loaded TP Android_PVRTCTargetPlatform
[2015.09.09-15.06.55:054][  0]LogTemp:Display: Loaded TP HTML5TargetPlatform
[2015.09.09-15.06.55:070][  0]LogTemp:Display: Loaded TP IOSTargetPlatform
[2015.09.09-15.06.55:073][  0]LogTemp:Display: Loaded TP LinuxNoEditorTargetPlatform
[2015.09.09-15.06.55:077][  0]LogTemp:Display: Loaded TP LinuxServerTargetPlatform
[2015.09.09-15.06.55:080][  0]LogTemp:Display: Loaded TP LinuxTargetPlatform
[2015.09.09-15.06.55:080][  0]LogTargetPlatformManager:Display: Building Assets For Windows
[2015.09.09-15.06.55:153][  0]LogDerivedDataCache:Display: Max Cache Size: 512 MB
[2015.09.09-15.06.55:197][  0]LogDerivedDataCache: Loaded boot cache 0.04s 41MB C:/Users/Damir/AppData/Local/UnrealEngine/4.9/DerivedDataCache/Boot.ddc.
[2015.09.09-15.06.55:197][  0]LogDerivedDataCache:Display: Loaded Boot cache: C:/Users/Damir/AppData/Local/UnrealEngine/4.9/DerivedDataCache/Boot.ddc
[2015.09.09-15.06.55:197][  0]LogDerivedDataCache: FDerivedDataBackendGraph:  Pak pak cache file ../../../../../../Users/Damir/Documents/GitHub/Project_ReSurvivor/DerivedDataCache/DDC.ddp not found, will not use a pak cache.
[2015.09.09-15.06.55:197][  0]LogDerivedDataCache: Unable to find inner node Pak for hierarchical cache Hierarchy.
[2015.09.09-15.06.55:197][  0]LogDerivedDataCache: FDerivedDataBackendGraph:  CompressedPak pak cache file ../../../../../../Users/Damir/Documents/GitHub/Project_ReSurvivor/DerivedDataCache/Compressed.ddp not found, will not use a pak cache.
[2015.09.09-15.06.55:197][  0]LogDerivedDataCache: Unable to find inner node CompressedPak for hierarchical cache Hierarchy.
[2015.09.09-15.06.55:330][  0]LogDerivedDataCache:Display: Pak cache opened for reading ../../../Engine/DerivedDataCache/Compressed.ddp.
[2015.09.09-15.06.55:341][  0]LogDerivedDataCache: Using Local data cache path C:/Users/Damir/AppData/Local/UnrealEngine/Common/DerivedDataCache: Writable
[2015.09.09-15.06.55:487][  0]LogInit: Selected Device Profile: [Windows]
[2015.09.09-15.06.55:488][  0]LogContentStreaming: Texture pool size is 0.000000MB
[2015.09.09-15.06.55:508][  0]LogMeshUtilities: No automatic mesh reduction module available
[2015.09.09-15.06.55:508][  0]LogMeshUtilities: No automatic mesh merging module available
[2015.09.09-15.06.55:814][  0]LogInit: WinSock: version 1.1 (2.2), MaxSocks=32767, MaxUdp=65467
[2015.09.09-15.06.56:349][  0]UdpMessaging: Initializing bridge on interface 0.0.0.0:0 to multicast group 230.0.0.1:6666.
[2015.09.09-15.06.56:443][  0]LogAssetRegistry: FAssetRegistry took 0.0097 seconds to start up
[2015.09.09-15.06.56:586][  0]SourceControl: Info Source control is disabled
[2015.09.09-15.06.56:595][  0]SourceControl: Info Source control is disabled
[2015.09.09-15.06.56:602][  0]SourceControl: Info Source control is disabled
[2015.09.09-15.06.56:609][  0]SourceControl: Info Source control is disabled
[2015.09.09-15.06.56:707][  0]LogLinker:Warning: Asset '../../../Engine/Plugins/Runtime/LeapMotionController/Content/LM_PassthroughMaterial.uasset' has been saved with empty engine version. The asset will be loaded but may be incompatible.
[2015.09.09-15.06.56:766][  0]LogObj: 28361 objects as part of root set at end of initial load.
[2015.09.09-15.06.56:766][  0]LogUObjectAllocator: 6038872 out of 0 bytes used by permanent object pool.
[2015.09.09-15.06.56:816][  0]LogEngine: Initializing Engine...
[2015.09.09-15.06.56:818][  0]LogHMD: Can't find Oculus library dev build: is proper Runtime installed? Version: 0.6.0.0
[2015.09.09-15.06.56:818][  0]LogHMD: SteamVR failed to initialize.  Err: 110
[2015.09.09-15.06.56:934][  0]LogAIModule: Creating AISystem for world NewWorld
[2015.09.09-15.06.56:938][  0]LogInit: XAudio2 using 'Speakers (Realtek High Definition Audio)' : 2 channels at 48 kHz using 32 bits per sample (channel mask 0x3)
[2015.09.09-15.06.56:947][  0]LogInit: FAudioDevice initialized.
[2015.09.09-15.06.56:971][  0]LogDerivedDataCache: Saved boot cache 0.02s 41MB C:/Users/Damir/AppData/Local/UnrealEngine/4.9/DerivedDataCache/Boot.ddc.
[2015.09.09-15.06.56:975][  0]LogInit: Texture streaming: Enabled
[2015.09.09-15.06.56:980][  0]LogAnalytics: Creating configured Analytics provider AnalyticsET
[2015.09.09-15.06.56:980][  0]LogAnalytics: [UEEditor.Rocket.Release] APIServer = http://et2.epicgames.com/ET2/. AppVersion = 4.9.0-2672455+++depot+UE4-Releases+4.9
[2015.09.09-15.06.56:980][  0]LogAnalytics: [UEEditor.Rocket.Release] SetUserId 823be5244adb21341b1538b68ee82034|51c2a24b0ca544adac8a22d4708797c6|ec4eac3e-148a-4a5a-9f28-33d773939611
[2015.09.09-15.06.56:980][  0]LogAnalytics: [UEEditor.Rocket.Release] AnalyticsET::StartSession
[2015.09.09-15.06.56:995][  0]LogInit: Transaction tracking system initialized
[2015.09.09-15.06.57:023][  0]BlueprintLog: New page: Editor Load
[2015.09.09-15.06.57:099][  0]LocalizationService: Info Localization service is disabled
[2015.09.09-15.06.57:168][  0]LogConsoleResponse:Display: 
[2015.09.09-15.06.57:262][  0]LogCook:Display: Done creating registry. It took  0.00s.
[2015.09.09-15.06.57:310][  0]SourceControl: Info Source control is disabled
[2015.09.09-15.06.57:310][  0]Cmd: MAP LOAD FILE="../../../../../../Users/Damir/Documents/GitHub/Project_ReSurvivor/Content/FirstPersonBP/Maps/FirstPersonExampleMap.umap" TEMPLATE=0 SHOWPROGRESS=1 FEATURELEVEL=3
[2015.09.09-15.06.57:310][  0]LightingResults: New page: Lighting Build
[2015.09.09-15.06.57:313][  0]MapCheck: New page: Map Check
[2015.09.09-15.06.57:313][  0]LightingResults: New page: Lighting Build
[2015.09.09-15.06.57:323][  0]LogParticles: Destroying 0 GPU particle simulations for FXSystem 0x000000002559E160
[2015.09.09-15.06.57:734][  0]LogBlueprint:Warning: [compiler ItemBaseClass_Actor] Warning Default Enum value 'ItemTypes' for class 'ItemBaseClass_Actor_C' is invalid in object 'Default__ItemBaseClass_Actor_C' 
[2015.09.09-15.06.57:734][  0]LogBlueprint:Warning: [compiler ItemBaseClass_Actor] Warning [0004.92] Compile of ItemBaseClass_Actor successful, but with 1 Warning(s) [in 3 ms]
[2015.09.09-15.06.57:735][  0]LogBlueprint:Warning: [compiler ItemBaseClass_Actor] Warning [0004.92] Compile of ItemBaseClass_Actor successful, but with 2 Warning(s) [in 0 ms]
[2015.09.09-15.06.57:735][  0]LogBlueprint:Warning: [compiler ItemBaseClass_Actor] Warning [0004.92] Compile of ItemBaseClass_Actor successful, but with 3 Warning(s) [in 0 ms]
[2015.09.09-15.06.57:781][  0]LogBlueprint:Warning: [compiler Shotgun_Actor] Warning Default Enum value 'WeaponName' for class 'Shotgun_Actor_C' is invalid in object 'Default__Shotgun_Actor_C' 
[2015.09.09-15.06.57:781][  0]LogBlueprint:Warning: [compiler Shotgun_Actor] Warning Default Enum value 'WeaponClass' for class 'Shotgun_Actor_C' is invalid in object 'Default__Shotgun_Actor_C' 
[2015.09.09-15.06.57:781][  0]LogBlueprint:Warning: [compiler Shotgun_Actor] Warning [0004.97] Compile of Shotgun_Actor successful, but with 2 Warning(s) [in 0 ms]
[2015.09.09-15.06.57:781][  0]LogBlueprint:Warning: [compiler Shotgun_Actor] Warning [0004.97] Compile of Shotgun_Actor successful, but with 3 Warning(s) [in 0 ms]
[2015.09.09-15.06.57:781][  0]LogBlueprint:Warning: [compiler Shotgun_Actor] Warning [0004.97] Compile of Shotgun_Actor successful, but with 4 Warning(s) [in 0 ms]
[2015.09.09-15.06.58:140][  0]LogLinker:Warning: CreateExport: Failed to load Parent for Function /Game/Placeholder_Assets/Actors/FirstAidSpary_Actor.FirstAidSpary_Actor_C:UserConstructionScript; removing parent information, but keeping function
[2015.09.09-15.06.58:148][  0]LogLinker:Warning: CreateExport: Failed to load Parent for Function /Game/Placeholder_Assets/Actors/HandgunA_Actor.HandgunA_Actor_C:UserConstructionScript; removing parent information, but keeping function
[2015.09.09-15.06.58:155][  0]LogLinker:Warning: CreateExport: Failed to load Parent for Function /Game/Placeholder_Assets/Actors/ShotgunShells_Actor.ShotgunShells_Actor_C:UserConstructionScript; removing parent information, but keeping function
[2015.09.09-15.06.58:490][  0]LogAIModule: Creating AISystem for world FirstPersonExampleMap
[2015.09.09-15.06.58:509][  0]LogEditorServer: Finished looking for orphan Actors (0.000 secs)
[2015.09.09-15.06.58:510][  0]Cmd: MAP CHECKDEP NOCLEARLOG
[2015.09.09-15.06.58:551][  0]MapCheck: Info Map check complete: 0 Error(s), 0 Warning(s), took 40.947ms to complete.
[2015.09.09-15.06.58:551][  0]LogFileHelpers: Loading map 'FirstPersonExampleMap' took 1.241
[2015.09.09-15.06.58:659][  0]LogCollectionManager: Loaded 0 collections in 0.002432 seconds
[2015.09.09-15.06.58:697][  0]LogFileCache: Scanning file cache for directory 'C:/Users/Damir/Documents/GitHub/Project_ReSurvivor/Saved/Collections/' took 0.01s
[2015.09.09-15.06.58:697][  0]LogFileCache: Scanning file cache for directory 'C:/Users/Damir/Documents/GitHub/Project_ReSurvivor/Content/Developers/Damir/Collections/' took 0.01s
[2015.09.09-15.06.58:697][  0]LogContentBrowser: Native class hierarchy populated in 0.0073 seconds. Added 1867 classes and 333 folders.
[2015.09.09-15.06.58:703][  0]LogFileCache: Scanning file cache for directory 'C:/Users/Damir/Documents/GitHub/Project_ReSurvivor/Content/Collections/' took 0.02s
[2015.09.09-15.06.58:703][  0]LogCollectionManager: Rebuilt the GUID cache for 0 collections in 0.000002 seconds
[2015.09.09-15.06.58:710][  0]LogContentBrowser: Native class hierarchy updated for 'WidgetCarousel' in 0.0003 seconds. Added 0 classes and 0 folders.
[2015.09.09-15.06.58:744][  0]LogContentBrowser: Native class hierarchy updated for 'AddContentDialog' in 0.0003 seconds. Added 0 classes and 0 folders.
[2015.09.09-15.06.58:754][  0]LogContentBrowser: Native class hierarchy updated for 'SceneOutliner' in 0.0003 seconds. Added 1 classes and 2 folders.
[2015.09.09-15.06.58:778][  0]LogCrashTracker: Crashtracker disabled due to settings.
[2015.09.09-15.06.58:781][  0]LogUObjectGlobals:Warning: Failed to find object 'Class None.'
[2015.09.09-15.06.58:803][  0]LogLoad: Full Startup: 5.99 seconds (BP compile: 0.30 seconds)
[2015.09.09-15.06.58:815][  0]LoadErrors:Error: Error /Game/Blueprints/Widgets/Menu_Widget : Failed import for ObjectProperty /Game/Blueprints/Widgets/InventorySlot_Widget.InventorySlot_Widget_C:Item
[2015.09.09-15.06.58:815][  0]LoadErrors:Error: Error /Game/Blueprints/Widgets/Menu_Widget : Failed import for ObjectProperty /Game/Blueprints/Widgets/InventorySlot_Widget.InventorySlot_Widget_C:ItemName_Text
[2015.09.09-15.06.58:876][  0]LogContentStreaming: Texture pool size now 700 MB
[2015.09.09-15.06.58:984][  0]LogRenderer: Reallocating scene render targets to support 1208x576 (Frame:2).
[2015.09.09-15.06.59:402][  7]LogAssetRegistry: Asset discovery search completed in 2.9693 seconds
[2015.09.09-15.06.59:402][  7]LogCollectionManager: Rebuilt the object cache for 0 collections in 0.000002 seconds (found 0 objects)
[2015.09.09-15.06.59:402][  7]LogCollectionManager: Fixed up redirectors for 0 collections in 0.000029 seconds (updated 0 objects)
[2015.09.09-15.07.06:846][860]LogLinker:Warning: Asset '../../../Engine/Content/ArtTools/RenderToTexture/Macros/RenderToTextureMacros.uasset' has been saved with empty engine version. The asset will be loaded but may be incompatible.
[2015.09.09-15.07.07:309][860]LogContentBrowser: Native class hierarchy updated for 'BlueprintGraph' in 0.0007 seconds. Added 107 classes and 0 folders.
[2015.09.09-15.09.29:174][667]LogRenderer: Reallocating scene render targets to support 1208x712 (Frame:10153).
[2015.09.09-15.13.38:892][571]LogSavePackage: Save=9.848241ms
[2015.09.09-15.13.38:893][571]LogSavePackage: Moving '../../../../../../Users/Damir/Documents/GitHub/Project_ReSurvivor/Saved/WeaponBaseClass_Actor8F323F214BD4278DC4586FA9ABAAC347.tmp' to '../../../../../../Users/Damir/Documents/GitHub/Project_ReSurvivor/Content/Placeholder_Assets/Actors/WeaponBaseClass_Actor.uasset'
[2015.09.09-15.13.38:893][571]LogSavePackage: Total save time: 10.945402ms
[2015.09.09-15.13.38:893][571]LogSavePackage:Warning: Finished SavePackage ../../../../../../Users/Damir/Documents/GitHub/Project_ReSurvivor/Content/Placeholder_Assets/Actors/WeaponBaseClass_Actor.uasset
[2015.09.09-15.13.39:433][636]BlueprintLog: New page: Compile WeaponBaseClass_Actor
[2015.09.09-15.13.39:436][636]LogBlueprint:Warning: [compiler WeaponBaseClass_Actor] Warning Default Enum value 'WeaponName' for class 'WeaponBaseClass_Actor_C' is invalid in object 'Default__WeaponBaseClass_Actor_C' 
[2015.09.09-15.13.39:436][636]LogBlueprint:Warning: [compiler WeaponBaseClass_Actor] Warning Default Enum value 'WeaponClass' for class 'WeaponBaseClass_Actor_C' is invalid in object 'Default__WeaponBaseClass_Actor_C' 
[2015.09.09-15.13.39:477][636]LogActorComponent: UnregisterComponent: (/Engine/Transient.CharMoveComp) Not registered. Aborting.
[2015.09.09-15.13.39:478][636]LogActorComponent: UnregisterComponent: (/Engine/Transient.ProjectileMovementComponent_40__A6522401) Not registered. Aborting.
[2015.09.09-15.13.39:539][636]LogBlueprint:Warning: [compiler WeaponBaseClass_Actor] Warning [0406.71] Compile of WeaponBaseClass_Actor successful, but with 2 Warning(s) [in 105 ms]
[2015.09.09-15.13.39:539][636]BlueprintEditorCompileResults:Warning: Warning Default Enum value 'WeaponName' for class 'WeaponBaseClass_Actor_C' is invalid in object 'Default__WeaponBaseClass_Actor_C' 
[2015.09.09-15.13.39:539][636]BlueprintEditorCompileResults:Warning: Warning Default Enum value 'WeaponClass' for class 'WeaponBaseClass_Actor_C' is invalid in object 'Default__WeaponBaseClass_Actor_C' 
[2015.09.09-15.13.39:539][636]BlueprintEditorCompileResults:Warning: Warning [0406.71] Compile of WeaponBaseClass_Actor successful, but with 2 Warning(s) [in 105 ms]
[2015.09.09-15.16.26:672][602]LogSavePackage: Save=10.742714ms
[2015.09.09-15.16.26:672][602]LogSavePackage: Moving '../../../../../../Users/Damir/Documents/GitHub/Project_ReSurvivor/Saved/WeaponBaseClass_Actor7C2CEEB74AF6DE16935BBF8606556300.tmp' to '../../../../../../Users/Damir/Documents/GitHub/Project_ReSurvivor/Content/Placeholder_Assets/Actors/WeaponBaseClass_Actor.uasset'
[2015.09.09-15.16.26:673][602]LogSavePackage: Total save time: 15.289169ms
[2015.09.09-15.16.26:673][602]LogSavePackage:Warning: Finished SavePackage ../../../../../../Users/Damir/Documents/GitHub/Project_ReSurvivor/Content/Placeholder_Assets/Actors/WeaponBaseClass_Actor.uasset
[2015.09.09-15.16.27:339][682]BlueprintLog: New page: Compile WeaponBaseClass_Actor
[2015.09.09-15.16.27:342][682]LogBlueprint:Warning: [compiler WeaponBaseClass_Actor] Warning Default Enum value 'WeaponName' for class 'WeaponBaseClass_Actor_C' is invalid in object 'Default__WeaponBaseClass_Actor_C' 
[2015.09.09-15.16.27:342][682]LogBlueprint:Warning: [compiler WeaponBaseClass_Actor] Warning Default Enum value 'WeaponClass' for class 'WeaponBaseClass_Actor_C' is invalid in object 'Default__WeaponBaseClass_Actor_C' 
[2015.09.09-15.16.27:413][682]LogBlueprint:Warning: [compiler WeaponBaseClass_Actor] Warning [0574.59] Compile of WeaponBaseClass_Actor successful, but with 2 Warning(s) [in 73 ms]
[2015.09.09-15.16.27:413][682]BlueprintEditorCompileResults:Warning: Warning Default Enum value 'WeaponName' for class 'WeaponBaseClass_Actor_C' is invalid in object 'Default__WeaponBaseClass_Actor_C' 
[2015.09.09-15.16.27:413][682]BlueprintEditorCompileResults:Warning: Warning Default Enum value 'WeaponClass' for class 'WeaponBaseClass_Actor_C' is invalid in object 'Default__WeaponBaseClass_Actor_C' 
[2015.09.09-15.16.27:413][682]BlueprintEditorCompileResults:Warning: Warning [0574.59] Compile of WeaponBaseClass_Actor successful, but with 2 Warning(s) [in 73 ms]
[2015.09.09-15.16.39:321][105]BlueprintLog: New page: Compile WeaponBaseClass_Actor
[2015.09.09-15.16.39:382][105]BlueprintEditorCompileResults: Info [0586.55] Compile of WeaponBaseClass_Actor successful! [in 60 ms]
[2015.09.09-15.16.42:742][501]LogSavePackage: Save=11.840777ms
[2015.09.09-15.16.42:742][501]LogSavePackage: Moving '../../../../../../Users/Damir/Documents/GitHub/Project_ReSurvivor/Saved/Shotgun_ActorE246FAB6415D4C2850950094AC412C50.tmp' to '../../../../../../Users/Damir/Documents/GitHub/Project_ReSurvivor/Content/Placeholder_Assets/Actors/Shotgun_Actor.uasset'
[2015.09.09-15.16.42:743][501]LogSavePackage: Total save time: 16.108952ms
[2015.09.09-15.16.42:743][501]LogSavePackage:Warning: Finished SavePackage ../../../../../../Users/Damir/Documents/GitHub/Project_ReSurvivor/Content/Placeholder_Assets/Actors/Shotgun_Actor.uasset
[2015.09.09-15.17.13:709][955]LogSavePackage: Save=1831.923706ms
[2015.09.09-15.17.13:709][955]LogSavePackage: Moving '../../../../../../Users/Damir/Documents/GitHub/Project_ReSurvivor/Saved/FirstPersonExampleMap_Auto188B7F3EE4CA7438BBEDA6DB9B569EDFC.tmp' to '../../../../../../Users/Damir/Documents/GitHub/Project_ReSurvivor/Saved/Autosaves/Game/FirstPersonBP/Maps/FirstPersonExampleMap_Auto1.umap'
[2015.09.09-15.17.13:712][955]LogSavePackage: Total save time: 1849.485453ms
[2015.09.09-15.17.13:712][955]LogSavePackage:Warning: Finished SavePackage ../../../../../../Users/Damir/Documents/GitHub/Project_ReSurvivor/Saved/Autosaves/Game/FirstPersonBP/Maps/FirstPersonExampleMap_Auto1.umap
[2015.09.09-15.17.13:713][955]LogFileHelpers: Editor autosave (incl. sublevels) for '/Game/FirstPersonBP/Maps/FirstPersonExampleMap' took 1.879
[2015.09.09-15.17.13:713][955]LogFileHelpers: Editor autosave (incl. sublevels) for all levels took 1.879
[2015.09.09-15.17.13:718][955]OBJ SavePackage: Generating thumbnails for [0] asset(s) in package [/Game/Placeholder_Assets/Actors/WeaponBaseClass_Actor] ([1] browsable assets)...
[2015.09.09-15.17.13:718][955]OBJ SavePackage: Finished generating thumbnails for package [/Game/Placeholder_Assets/Actors/WeaponBaseClass_Actor]
[2015.09.09-15.17.13:731][955]LogSavePackage: Save=9.921124ms
[2015.09.09-15.17.13:731][955]LogSavePackage: Moving '../../../../../../Users/Damir/Documents/GitHub/Project_ReSurvivor/Saved/WeaponBaseClass_Actor_Auto1EDC3122D4B22ABDC6C2DB699DFEF3C69.tmp' to '../../../../../../Users/Damir/Documents/GitHub/Project_ReSurvivor/Saved/Autosaves/Game/Placeholder_Assets/Actors/WeaponBaseClass_Actor_Auto1.uasset'
[2015.09.09-15.17.13:732][955]LogSavePackage: Total save time: 13.062622ms
[2015.09.09-15.17.13:732][955]LogSavePackage:Warning: Finished SavePackage ../../../../../../Users/Damir/Documents/GitHub/Project_ReSurvivor/Saved/Autosaves/Game/Placeholder_Assets/Actors/WeaponBaseClass_Actor_Auto1.uasset
[2015.09.09-15.17.13:735][955]OBJ SavePackage: Generating thumbnails for [0] asset(s) in package [/Game/Placeholder_Assets/Actors/HealthRestoreBase_Actor] ([1] browsable assets)...
[2015.09.09-15.17.13:735][955]OBJ SavePackage: Finished generating thumbnails for package [/Game/Placeholder_Assets/Actors/HealthRestoreBase_Actor]
[2015.09.09-15.17.13:744][955]LogSavePackage: Save=8.316192ms
[2015.09.09-15.17.13:744][955]LogSavePackage: Moving '../../../../../../Users/Damir/Documents/GitHub/Project_ReSurvivor/Saved/HealthRestoreBase_Actor_Auto10D3AC1E64B336CF98F2C11B8AAE35C06.tmp' to '../../../../../../Users/Damir/Documents/GitHub/Project_ReSurvivor/Saved/Autosaves/Game/Placeholder_Assets/Actors/HealthRestoreBase_Actor_Auto1.uasset'
[2015.09.09-15.17.13:745][955]LogSavePackage: Total save time: 9.171214ms
[2015.09.09-15.17.13:745][955]LogSavePackage:Warning: Finished SavePackage ../../../../../../Users/Damir/Documents/GitHub/Project_ReSurvivor/Saved/Autosaves/Game/Placeholder_Assets/Actors/HealthRestoreBase_Actor_Auto1.uasset
[2015.09.09-15.17.13:745][955]LogFileHelpers: Auto-saving content packages took 0.030
[2015.09.09-15.18.25:690][585]BlueprintLog: New page: Compile Shotgun_Actor
[2015.09.09-15.18.25:769][585]BlueprintEditorCompileResults: Info [0692.94] Compile of Shotgun_Actor successful! [in 79 ms]
[2015.09.09-15.19.25:515][662]LogSavePackage: Save=9.617846ms
[2015.09.09-15.19.25:515][662]LogSavePackage: Moving '../../../../../../Users/Damir/Documents/GitHub/Project_ReSurvivor/Saved/Shotgun2_Actor650233ED4F8FB963A0F4D7B60EA783DA.tmp' to '../../../../../../Users/Damir/Documents/GitHub/Project_ReSurvivor/Content/Placeholder_Assets/Actors/Shotgun2_Actor.uasset'
[2015.09.09-15.19.25:516][662]LogSavePackage: Total save time: 10.701455ms
[2015.09.09-15.19.25:516][662]LogSavePackage:Warning: Finished SavePackage ../../../../../../Users/Damir/Documents/GitHub/Project_ReSurvivor/Content/Placeholder_Assets/Actors/Shotgun2_Actor.uasset
[2015.09.09-15.19.27:466][896]BlueprintLog: New page: Compile Shotgun2_Actor
[2015.09.09-15.19.27:499][896]LogActorComponent: UnregisterComponent: (/Engine/Transient.ProjectileMovementComponent_40__A6522401) Not registered. Aborting.
[2015.09.09-15.19.27:521][896]LogParticles: Destroying 0 GPU particle simulations for FXSystem 0x000000006D862DE0
[2015.09.09-15.19.27:527][896]BlueprintEditorCompileResults: Info [0754.69] Compile of Shotgun2_Actor successful! [in 61 ms]
[2015.09.09-15.19.34:332][705]LogSavePackage: Save=8.474306ms
[2015.09.09-15.19.34:332][705]LogSavePackage: Moving '../../../../../../Users/Damir/Documents/GitHub/Project_ReSurvivor/Saved/Shotgun2_Actor982BC15A479E5C1006F0148BEB636E59.tmp' to '../../../../../../Users/Damir/Documents/GitHub/Project_ReSurvivor/Content/Placeholder_Assets/Actors/Shotgun2_Actor.uasset'
[2015.09.09-15.19.34:334][705]LogSavePackage: Total save time: 12.578644ms
[2015.09.09-15.19.34:334][705]LogSavePackage:Warning: Finished SavePackage ../../../../../../Users/Damir/Documents/GitHub/Project_ReSurvivor/Content/Placeholder_Assets/Actors/Shotgun2_Actor.uasset
[2015.09.09-15.19.47:301][260]LogActorComponent: UnregisterComponent: (/Engine/Transient.ProjectileMovementComponent_40__A6522401) Not registered. Aborting.
[2015.09.09-15.19.51:917][260]LogActorComponent: UnregisterComponent: (/Engine/Transient.EditorFloorComp) Not registered. Aborting.
[2015.09.09-15.19.51:982][260]LogActorComponent: UnregisterComponent: (/Engine/Transient.EditorFloorComp) Not registered. Aborting.
[2015.09.09-15.19.52:281][260]LogObjectTools:Warning: ForceReplaceReferences replaced references for a transient object 'DEADCLASS_ShotgunShells_Actor_C_0' or package '/Engine/Transient'.
[2015.09.09-15.19.52:281][260]LogObjectTools:Warning: ForceReplaceReferences replaced references for a transient object 'DEADCLASS_ShotgunShells_Actor_C_1' or package '/Engine/Transient'.
[2015.09.09-15.19.52:282][260]LogObjectTools:Warning: ForceReplaceReferences replaced references for a transient object 'Default__DEADCLASS_ShotgunShells_Actor_C_0' or package '/Engine/Transient'.
[2015.09.09-15.19.52:282][260]LogActorComponent: RegisterComponentWithWorld: (/Game/FirstPersonBP/Maps/FirstPersonExampleMap.FirstPersonExampleMap:PersistentLevel.ShotgunShells_Actor_C_0.DefaultSceneRoot) Trying to register component with IsPendingKill() == true. Aborting.
[2015.09.09-15.19.52:282][260]LogActorComponent: RegisterComponentWithWorld: (/Game/FirstPersonBP/Maps/FirstPersonExampleMap.FirstPersonExampleMap:PersistentLevel.ShotgunShells_Actor_C_1.DefaultSceneRoot) Trying to register component with IsPendingKill() == true. Aborting.
[2015.09.09-15.19.52:282][260]LogActorComponent: RegisterComponentWithWorld: (/Game/FirstPersonBP/Maps/FirstPersonExampleMap.FirstPersonExampleMap:PersistentLevel.ShotgunShells_Actor_C_10.DefaultSceneRoot) Trying to register component with IsPendingKill() == true. Aborting.
[2015.09.09-15.19.52:282][260]LogActorComponent: RegisterComponentWithWorld: (/Game/FirstPersonBP/Maps/FirstPersonExampleMap.FirstPersonExampleMap:PersistentLevel.ShotgunShells_Actor_C_2.DefaultSceneRoot) Trying to register component with IsPendingKill() == true. Aborting.
[2015.09.09-15.19.52:282][260]LogActorComponent: RegisterComponentWithWorld: (/Game/FirstPersonBP/Maps/FirstPersonExampleMap.FirstPersonExampleMap:PersistentLevel.ShotgunShells_Actor_C_3.DefaultSceneRoot) Trying to register component with IsPendingKill() == true. Aborting.
[2015.09.09-15.19.52:282][260]LogActorComponent: RegisterComponentWithWorld: (/Game/FirstPersonBP/Maps/FirstPersonExampleMap.FirstPersonExampleMap:PersistentLevel.ShotgunShells_Actor_C_4.DefaultSceneRoot) Trying to register component with IsPendingKill() == true. Aborting.
[2015.09.09-15.19.52:282][260]LogActorComponent: RegisterComponentWithWorld: (/Game/FirstPersonBP/Maps/FirstPersonExampleMap.FirstPersonExampleMap:PersistentLevel.ShotgunShells_Actor_C_5.DefaultSceneRoot) Trying to register component with IsPendingKill() == true. Aborting.
[2015.09.09-15.19.52:282][260]LogActorComponent: RegisterComponentWithWorld: (/Game/FirstPersonBP/Maps/FirstPersonExampleMap.FirstPersonExampleMap:PersistentLevel.ShotgunShells_Actor_C_6.DefaultSceneRoot) Trying to register component with IsPendingKill() == true. Aborting.
[2015.09.09-15.19.52:282][260]LogActorComponent: RegisterComponentWithWorld: (/Game/FirstPersonBP/Maps/FirstPersonExampleMap.FirstPersonExampleMap:PersistentLevel.ShotgunShells_Actor_C_7.DefaultSceneRoot) Trying to register component with IsPendingKill() == true. Aborting.
[2015.09.09-15.19.52:282][260]LogActorComponent: RegisterComponentWithWorld: (/Game/FirstPersonBP/Maps/FirstPersonExampleMap.FirstPersonExampleMap:PersistentLevel.ShotgunShells_Actor_C_8.DefaultSceneRoot) Trying to register component with IsPendingKill() == true. Aborting.
[2015.09.09-15.19.52:283][260]LogActorComponent: RegisterComponentWithWorld: (/Game/FirstPersonBP/Maps/FirstPersonExampleMap.FirstPersonExampleMap:PersistentLevel.ShotgunShells_Actor_C_9.DefaultSceneRoot) Trying to register component with IsPendingKill() == true. Aborting.
[2015.09.09-15.19.52:283][260]LogObjectTools:Warning: ForceReplaceReferences replaced references for a transient object 'REINST_SKEL_ShotgunShells_Actor_C_260' or package '/Engine/Transient'.
[2015.09.09-15.19.52:283][260]LogObjectTools:Warning: ForceReplaceReferences replaced references for a transient object 'Default__REINST_ShotgunShells_Actor_C_259' or package '/Engine/Transient'.
[2015.09.09-15.19.52:283][260]LogObjectTools:Warning: ForceReplaceReferences replaced references for a transient object 'REINST_ShotgunShells_Actor_C_259' or package '/Engine/Transient'.
[2015.09.09-15.19.52:303][260]LogParticles: Destroying 0 GPU particle simulations for FXSystem 0x000000003F1D0A40
[2015.09.09-15.19.52:304][260]LogParticles: Destroying 0 GPU particle simulations for FXSystem 0x000000003F1D02C0
[2015.09.09-15.19.52:304][260]LogParticles: Destroying 0 GPU particle simulations for FXSystem 0x00000000545B0720
[2015.09.09-15.19.54:183][464]LogActorComponent: UnregisterComponent: (/Engine/Transient.ProjectileMovementComponent_40__A6522401) Not registered. Aborting.
[2015.09.09-15.20.00:359][761]LogActorComponent: UnregisterComponent: (/Engine/Transient.CharMoveComp) Not registered. Aborting.
[2015.09.09-15.20.00:360][761]LogActorComponent: UnregisterComponent: (/Engine/Transient.ProjectileMovementComponent_40__A6522401) Not registered. Aborting.
[2015.09.09-15.20.01:647][761]LogObjectTools:Warning: ForceReplaceReferences replaced references for a transient object 'DEADCLASS_Shotgun_Actor_C_2' or package '/Engine/Transient'.
[2015.09.09-15.20.01:647][761]LogObjectTools:Warning: ForceReplaceReferences replaced references for a transient object 'DEADCLASS_Shotgun_Actor_C_3' or package '/Engine/Transient'.
[2015.09.09-15.20.01:647][761]LogActorComponent: RegisterComponentWithWorld: (/Game/FirstPersonBP/Maps/FirstPersonExampleMap.FirstPersonExampleMap:PersistentLevel.Shotgun_Actor_C_1.DefaultSceneRoot) Trying to register component with IsPendingKill() == true. Aborting.
[2015.09.09-15.20.01:647][761]LogObjectTools:Warning: ForceReplaceReferences replaced references for a transient object 'Default__DEADCLASS_Shotgun_Actor_C_2' or package '/Engine/Transient'.
[2015.09.09-15.20.01:647][761]LogObjectTools:Warning: ForceReplaceReferences replaced references for a transient object 'REINST_SKEL_Shotgun_Actor_C_262' or package '/Engine/Transient'.
[2015.09.09-15.20.01:647][761]LogObjectTools:Warning: ForceReplaceReferences replaced references for a transient object 'Default__REINST_Shotgun_Actor_C_261' or package '/Engine/Transient'.
[2015.09.09-15.20.01:647][761]LogObjectTools:Warning: ForceReplaceReferences replaced references for a transient object 'REINST_Shotgun_Actor_C_261' or package '/Engine/Transient'.
[2015.09.09-15.20.06:458][313]LogActorComponent: UnregisterComponent: (/Engine/Transient.ProjectileMovementComponent_40__A6522401) Not registered. Aborting.
[2015.09.09-15.20.06:458][313]LogActorComponent: UnregisterComponent: (/Engine/Transient.CharMoveComp) Not registered. Aborting.
[2015.09.09-15.20.08:999][313]LogObjectTools:Warning: ForceReplaceReferences replaced references for a transient object 'REINST_SKEL_FirstAidSpary_Actor_C_264' or package '/Engine/Transient'.
[2015.09.09-15.20.08:999][313]LogObjectTools:Warning: ForceReplaceReferences replaced references for a transient object 'Default__REINST_FirstAidSpary_Actor_C_263' or package '/Engine/Transient'.
[2015.09.09-15.20.08:999][313]LogObjectTools:Warning: ForceReplaceReferences replaced references for a transient object 'DEADCLASS_FirstAidSpary_Actor_C_4' or package '/Engine/Transient'.
[2015.09.09-15.20.08:999][313]LogObjectTools:Warning: ForceReplaceReferences replaced references for a transient object 'DEADCLASS_FirstAidSpary_Actor_C_5' or package '/Engine/Transient'.
[2015.09.09-15.20.08:999][313]LogObjectTools:Warning: ForceReplaceReferences replaced references for a transient object 'Default__DEADCLASS_FirstAidSpary_Actor_C_4' or package '/Engine/Transient'.
[2015.09.09-15.20.08:999][313]LogActorComponent: RegisterComponentWithWorld: (/Game/FirstPersonBP/Maps/FirstPersonExampleMap.FirstPersonExampleMap:PersistentLevel.FirstAidSpary_Actor_C_10.DefaultSceneRoot) Trying to register component with IsPendingKill() == true. Aborting.
[2015.09.09-15.20.08:999][313]LogActorComponent: RegisterComponentWithWorld: (/Game/FirstPersonBP/Maps/FirstPersonExampleMap.FirstPersonExampleMap:PersistentLevel.FirstAidSpary_Actor_C_11.DefaultSceneRoot) Trying to register component with IsPendingKill() == true. Aborting.
[2015.09.09-15.20.08:999][313]LogActorComponent: RegisterComponentWithWorld: (/Game/FirstPersonBP/Maps/FirstPersonExampleMap.FirstPersonExampleMap:PersistentLevel.FirstAidSpary_Actor_C_12.DefaultSceneRoot) Trying to register component with IsPendingKill() == true. Aborting.
[2015.09.09-15.20.09:000][313]LogActorComponent: RegisterComponentWithWorld: (/Game/FirstPersonBP/Maps/FirstPersonExampleMap.FirstPersonExampleMap:PersistentLevel.FirstAidSpary_Actor_C_13.DefaultSceneRoot) Trying to register component with IsPendingKill() == true. Aborting.
[2015.09.09-15.20.09:000][313]LogActorComponent: RegisterComponentWithWorld: (/Game/FirstPersonBP/Maps/FirstPersonExampleMap.FirstPersonExampleMap:PersistentLevel.FirstAidSpary_Actor_C_7.DefaultSceneRoot) Trying to register component with IsPendingKill() == true. Aborting.
[2015.09.09-15.20.09:000][313]LogActorComponent: RegisterComponentWithWorld: (/Game/FirstPersonBP/Maps/FirstPersonExampleMap.FirstPersonExampleMap:PersistentLevel.FirstAidSpary_Actor_C_8.DefaultSceneRoot) Trying to register component with IsPendingKill() == true. Aborting.
[2015.09.09-15.20.09:000][313]LogActorComponent: RegisterComponentWithWorld: (/Game/FirstPersonBP/Maps/FirstPersonExampleMap.FirstPersonExampleMap:PersistentLevel.FirstAidSpary_Actor_C_9.DefaultSceneRoot) Trying to register component with IsPendingKill() == true. Aborting.
[2015.09.09-15.20.09:000][313]LogObjectTools:Warning: ForceReplaceReferences replaced references for a transient object 'REINST_FirstAidSpary_Actor_C_263' or package '/Engine/Transient'.
[2015.09.09-15.20.13:533][832]LogActorComponent: UnregisterComponent: (/Engine/Transient.ProjectileMovementComponent_40__A6522401) Not registered. Aborting.
[2015.09.09-15.20.15:230][832]LogObjectTools:Warning: ForceReplaceReferences replaced references for a transient object 'DEADCLASS_HandgunA_Actor_C_6' or package '/Engine/Transient'.
[2015.09.09-15.20.15:230][832]LogObjectTools:Warning: ForceReplaceReferences replaced references for a transient object 'DEADCLASS_HandgunA_Actor_C_7' or package '/Engine/Transient'.
[2015.09.09-15.20.15:231][832]LogObjectTools:Warning: ForceReplaceReferences replaced references for a transient object 'Default__DEADCLASS_HandgunA_Actor_C_6' or package '/Engine/Transient'.
[2015.09.09-15.20.15:231][832]LogActorComponent: RegisterComponentWithWorld: (/Game/FirstPersonBP/Maps/FirstPersonExampleMap.FirstPersonExampleMap:PersistentLevel.HandgunA_Actor_C_2.DefaultSceneRoot) Trying to register component with IsPendingKill() == true. Aborting.
[2015.09.09-15.20.15:231][832]LogActorComponent: RegisterComponentWithWorld: (/Game/FirstPersonBP/Maps/FirstPersonExampleMap.FirstPersonExampleMap:PersistentLevel.HandgunA_Actor_C_3.DefaultSceneRoot) Trying to register component with IsPendingKill() == true. Aborting.
[2015.09.09-15.20.15:231][832]LogObjectTools:Warning: ForceReplaceReferences replaced references for a transient object 'REINST_SKEL_HandgunA_Actor_C_266' or package '/Engine/Transient'.
[2015.09.09-15.20.15:231][832]LogObjectTools:Warning: ForceReplaceReferences replaced references for a transient object 'Default__REINST_HandgunA_Actor_C_265' or package '/Engine/Transient'.
[2015.09.09-15.20.15:231][832]LogObjectTools:Warning: ForceReplaceReferences replaced references for a transient object 'REINST_HandgunA_Actor_C_265' or package '/Engine/Transient'.
[2015.09.09-15.20.21:727][588]LogWindows:Error: Windows GetLastError: The operation completed successfully. (0)
[2015.09.09-15.20.22:032][588]LogCrashTracker: 


[2015.09.09-15.20.22:034][588]LogCrashTracker: 


[2015.09.09-15.20.22:034][588]LogWindows: === Critical error: ===
Assertion failed: ((UObject*)ContainerPtr)->IsA((UClass*)GetOuter()) [File:D:\BuildFarm\buildmachine_++depot+UE4-Releases+4.9\Engine\Source\Runtime\CoreUObject\Public\UObject\UnrealType.h] [Line: 308] 
'Default__DEADCLASS_Shotgun_Actor_C_2' is of class 'REINST_Shotgun_Actor_C_261' however property 'WeaponMesh' belongs to class 'DEADCLASS_Shotgun_Actor_C_2'




[2015.09.09-15.20.22:153][588]LogExit: Executing StaticShutdownAfterError
[2015.09.09-15.20.22:157][588]LogPhysics:Warning: PHYSX: ..\..\PhysX\src\NpScene.cpp (2946) 8 : PxScene::unlockWrite() called without matching call to PxScene::lockWrite(), behaviour will be undefined.
[2015.09.09-15.20.22:157][588]LogPhysics:Warning: PHYSX: ..\..\PhysX\src\NpScene.cpp (2946) 8 : PxScene::unlockWrite() called without matching call to PxScene::lockWrite(), behaviour will be undefined.
[2015.09.09-15.20.22:157][588]LogPhysics:Warning: PHYSX: ..\..\PhysX\src\NpScene.cpp (2946) 8 : PxScene::unlockWrite() called without matching call to PxScene::lockWrite(), behaviour will be undefined.
[2015.09.09-15.20.22:158][588]LogPhysics:Warning: PHYSX: ..\..\PhysX\src\NpScene.cpp (2946) 8 : PxScene::unlockWrite() called without matching call to PxScene::lockWrite(), behaviour will be undefined.
[2015.09.09-15.20.22:158][588]LogPhysics:Warning: PHYSX: ..\..\PhysX\src\NpScene.cpp (2946) 8 : PxScene::unlockWrite() called without matching call to PxScene::lockWrite(), behaviour will be undefined.
[2015.09.09-15.20.22:158][588]LogPhysics:Warning: PHYSX: ..\..\PhysX\src\NpScene.cpp (2946) 8 : PxScene::unlockWrite() called without matching call to PxScene::lockWrite(), behaviour will be undefined.
[2015.09.09-15.20.22:158][588]LogWindows: FPlatformMisc::RequestExit(1)
[2015.09.09-15.20.22:158][588]Log file closed, 09/09/15 17:20:22
