[2015.09.07-19.28.16:203][  0]Log file open, 09/07/15 21:28:16
[2015.09.07-19.28.16:203][  0]LogInit:Display: Running engine for game: Project_ReSurvivor
[2015.09.07-19.28.16:203][  0]LogInit:Display: RandInit(1001642469) SRandInit(1001642470).
[2015.09.07-19.28.16:203][  0]LogTaskGraph: Started task graph with 4 named threads and 7 total threads.
[2015.09.07-19.28.16:203][  0]LogStats: Stats thread started at 0.200993
[2015.09.07-19.28.16:203][  0]LogInit: Version: 4.9.0-2672455+++depot+UE4-Releases+4.9
[2015.09.07-19.28.16:203][  0]LogInit: API Version: 2672455
[2015.09.07-19.28.16:203][  0]LogInit: Compiled (64-bit): Aug 28 2015 12:33:01
[2015.09.07-19.28.16:203][  0]LogInit: Compiled with Visual C++: 18.00.21005.01
[2015.09.07-19.28.16:203][  0]LogInit: Build Configuration: Development
[2015.09.07-19.28.16:203][  0]LogInit: Branch Name: ++depot+UE4-Releases+4.9
[2015.09.07-19.28.16:203][  0]LogInit: Command line:  
[2015.09.07-19.28.16:203][  0]LogInit: Base directory: C:/Program Files/Epic Games/4.9/Engine/Binaries/Win64/
[2015.09.07-19.28.16:203][  0]LogInit: Rocket: 1
[2015.09.07-19.28.16:215][  0]LogInit: Using libcurl 7.41.0
[2015.09.07-19.28.16:215][  0]LogInit:  - built for x86_64-pc-win32
[2015.09.07-19.28.16:215][  0]LogInit:  - supports SSL with WinSSL
[2015.09.07-19.28.16:215][  0]LogInit:  - other features:
[2015.09.07-19.28.16:216][  0]LogInit:      CURL_VERSION_SSL
[2015.09.07-19.28.16:216][  0]LogInit:      CURL_VERSION_IPV6
[2015.09.07-19.28.16:216][  0]LogInit:      CURL_VERSION_ASYNCHDNS
[2015.09.07-19.28.16:216][  0]LogInit:      CURL_VERSION_LARGEFILE
[2015.09.07-19.28.16:216][  0]LogInit:      CURL_VERSION_IDN
[2015.09.07-19.28.16:216][  0]LogInit:  CurlRequestOptions (configurable via config and command line):
[2015.09.07-19.28.16:216][  0]LogInit:  - bVerifyPeer = true  - Libcurl will verify peer certificate
[2015.09.07-19.28.16:216][  0]LogInit:  - bUseHttpProxy = false  - Libcurl will NOT use HTTP proxy
[2015.09.07-19.28.16:216][  0]LogInit:  - bDontReuseConnections = false  - Libcurl will reuse connections
[2015.09.07-19.28.16:216][  0]LogInit:  - CertBundlePath = nullptr  - Libcurl will use whatever was configured at build time.
[2015.09.07-19.28.16:233][  0]LogInit: Presizing for 0 objects not considered by GC, pre-allocating 0 bytes.
[2015.09.07-19.28.16:240][  0]LogInit: Object subsystem initialized
[2015.09.07-19.28.16:243][  0]LogInit: Selected Device Profile: [Windows]
[2015.09.07-19.28.16:243][  0]LogInit: Applying CVar settings loaded from the selected device profile: [Windows]
[2015.09.07-19.28.16:249][  0]LogInit: Computer: DAMIR-PC
[2015.09.07-19.28.16:249][  0]LogInit: User: Damir
[2015.09.07-19.28.16:249][  0]LogInit: CPU Page size=4096, Cores=4
[2015.09.07-19.28.16:249][  0]LogInit: High frequency timer resolution =3.320361 MHz
[2015.09.07-19.28.16:250][  0]LogMemory: Memory total: Physical=7.9GB (8GB approx)
[2015.09.07-19.28.16:250][  0]LogMemory: Platform Memory Stats for Windows
[2015.09.07-19.28.16:250][  0]LogMemory: Process Physical Memory: 54.11 MB used, 54.11 MB peak
[2015.09.07-19.28.16:250][  0]LogMemory: Process Virtual Memory: 56.32 MB used, 56.32 MB peak
[2015.09.07-19.28.16:250][  0]LogMemory: Physical Memory: 2499.70 MB used, 8136.55 MB total
[2015.09.07-19.28.16:250][  0]LogMemory: Virtual Memory: 336.11 MB used, 8388608.00 MB total
[2015.09.07-19.28.16:309][  0]LogTextLocalizationManager: No translations for ('de-DE') exist, falling back to 'en' for localization and internationalization data.
[2015.09.07-19.28.17:001][  0]LogD3D11RHI: Found D3D11 adapter 0: NVIDIA GeForce GTX 660   (Feature Level 11_0)
[2015.09.07-19.28.17:001][  0]LogD3D11RHI: Adapter has 1989MB of dedicated video memory, 0MB of dedicated system memory, and 2048MB of shared system memory, 1 output[s]
[2015.09.07-19.28.17:001][  0]LogD3D11RHI: Chosen D3D11 Adapter Id = 0
[2015.09.07-19.28.17:006][  0]LogD3D11RHI: !Direct3DDevice
[2015.09.07-19.28.17:006][  0]LogRHI: Texture pool is 1361 MB (70% of 1945 MB)
[2015.09.07-19.28.17:012][  0]LogD3D11RHI: Async texture creation enabled
[2015.09.07-19.28.17:027][  0]LogShaderCompilers: Guid format shader working directory is 15 characters bigger than the processId version (../../../../../../Users/Damir/Documents/GitHub/Project_ReSurvivor/Intermediate/Shaders/WorkingDirectory/7548/).
[2015.09.07-19.28.17:027][  0]LogShaderCompilers: Cleaned the shader compiler working directory '../../../../../../Users/Damir/Documents/GitHub/Project_ReSurvivor/Intermediate/Shaders/tmp/23D5B19B4DEC3B97316807BE9C024E8C/'.
[2015.09.07-19.28.17:027][  0]LogShaderCompilers:Display: Using Local Shader Compiler.
[2015.09.07-19.28.23:536][  0]LogTemp:Display: Loaded TP AllDesktopTargetPlatform
[2015.09.07-19.28.23:541][  0]LogTemp:Display: Loaded TP WindowsClientTargetPlatform
[2015.09.07-19.28.23:546][  0]LogTemp:Display: Loaded TP WindowsNoEditorTargetPlatform
[2015.09.07-19.28.23:550][  0]LogTemp:Display: Loaded TP WindowsServerTargetPlatform
[2015.09.07-19.28.23:556][  0]LogTemp:Display: Loaded TP WindowsTargetPlatform
[2015.09.07-19.28.23:559][  0]LogTemp:Display: Loaded TP AndroidTargetPlatform
[2015.09.07-19.28.23:563][  0]LogTemp:Display: Loaded TP Android_ASTCTargetPlatform
[2015.09.07-19.28.23:566][  0]LogTemp:Display: Loaded TP Android_ATCTargetPlatform
[2015.09.07-19.28.23:569][  0]LogTemp:Display: Loaded TP Android_DXTTargetPlatform
[2015.09.07-19.28.23:573][  0]LogTemp:Display: Loaded TP Android_ETC1TargetPlatform
[2015.09.07-19.28.23:577][  0]LogTemp:Display: Loaded TP Android_ETC2TargetPlatform
[2015.09.07-19.28.23:580][  0]LogTemp:Display: Loaded TP Android_PVRTCTargetPlatform
[2015.09.07-19.28.23:581][  0]LogTemp:Display: Loaded TP HTML5TargetPlatform
[2015.09.07-19.28.23:599][  0]LogTemp:Display: Loaded TP IOSTargetPlatform
[2015.09.07-19.28.23:602][  0]LogTemp:Display: Loaded TP LinuxNoEditorTargetPlatform
[2015.09.07-19.28.23:606][  0]LogTemp:Display: Loaded TP LinuxServerTargetPlatform
[2015.09.07-19.28.23:610][  0]LogTemp:Display: Loaded TP LinuxTargetPlatform
[2015.09.07-19.28.23:610][  0]LogTargetPlatformManager:Display: Building Assets For Windows
[2015.09.07-19.28.23:694][  0]LogDerivedDataCache:Display: Max Cache Size: 512 MB
[2015.09.07-19.28.23:821][  0]LogDerivedDataCache: Loaded boot cache 0.13s 41MB C:/Users/Damir/AppData/Local/UnrealEngine/4.9/DerivedDataCache/Boot.ddc.
[2015.09.07-19.28.23:821][  0]LogDerivedDataCache:Display: Loaded Boot cache: C:/Users/Damir/AppData/Local/UnrealEngine/4.9/DerivedDataCache/Boot.ddc
[2015.09.07-19.28.23:821][  0]LogDerivedDataCache: FDerivedDataBackendGraph:  Pak pak cache file ../../../../../../Users/Damir/Documents/GitHub/Project_ReSurvivor/DerivedDataCache/DDC.ddp not found, will not use a pak cache.
[2015.09.07-19.28.23:821][  0]LogDerivedDataCache: Unable to find inner node Pak for hierarchical cache Hierarchy.
[2015.09.07-19.28.23:821][  0]LogDerivedDataCache: FDerivedDataBackendGraph:  CompressedPak pak cache file ../../../../../../Users/Damir/Documents/GitHub/Project_ReSurvivor/DerivedDataCache/Compressed.ddp not found, will not use a pak cache.
[2015.09.07-19.28.23:821][  0]LogDerivedDataCache: Unable to find inner node CompressedPak for hierarchical cache Hierarchy.
[2015.09.07-19.28.23:956][  0]LogDerivedDataCache:Display: Pak cache opened for reading ../../../Engine/DerivedDataCache/Compressed.ddp.
[2015.09.07-19.28.23:967][  0]LogDerivedDataCache: Using Local data cache path C:/Users/Damir/AppData/Local/UnrealEngine/Common/DerivedDataCache: Writable
[2015.09.07-19.28.24:373][  0]LogInit: Selected Device Profile: [Windows]
[2015.09.07-19.28.24:374][  0]LogContentStreaming: Texture pool size is 0.000000MB
[2015.09.07-19.28.24:397][  0]LogMeshUtilities: No automatic mesh reduction module available
[2015.09.07-19.28.24:397][  0]LogMeshUtilities: No automatic mesh merging module available
[2015.09.07-19.28.24:723][  0]LogInit: WinSock: version 1.1 (2.2), MaxSocks=32767, MaxUdp=65467
[2015.09.07-19.28.25:830][  0]UdpMessaging: Initializing bridge on interface 0.0.0.0:0 to multicast group 230.0.0.1:6666.
[2015.09.07-19.28.25:946][  0]LogAssetRegistry: FAssetRegistry took 0.0095 seconds to start up
[2015.09.07-19.28.26:118][  0]SourceControl: Info Source control is disabled
[2015.09.07-19.28.26:129][  0]SourceControl: Info Source control is disabled
[2015.09.07-19.28.26:139][  0]SourceControl: Info Source control is disabled
[2015.09.07-19.28.26:147][  0]SourceControl: Info Source control is disabled
[2015.09.07-19.28.26:283][  0]LogLinker:Warning: Asset '../../../Engine/Plugins/Runtime/LeapMotionController/Content/LM_PassthroughMaterial.uasset' has been saved with empty engine version. The asset will be loaded but may be incompatible.
[2015.09.07-19.28.26:349][  0]LogObj: 28361 objects as part of root set at end of initial load.
[2015.09.07-19.28.26:349][  0]LogUObjectAllocator: 6038864 out of 0 bytes used by permanent object pool.
[2015.09.07-19.28.26:413][  0]LogEngine: Initializing Engine...
[2015.09.07-19.28.26:415][  0]LogHMD: Can't find Oculus library dev build: is proper Runtime installed? Version: 0.6.0.0
[2015.09.07-19.28.26:417][  0]LogHMD: SteamVR failed to initialize.  Err: 110
[2015.09.07-19.28.26:534][  0]LogAIModule: Creating AISystem for world NewWorld
[2015.09.07-19.28.26:539][  0]LogInit: XAudio2 using 'Speakers (Realtek High Definition Audio)' : 2 channels at 48 kHz using 32 bits per sample (channel mask 0x3)
[2015.09.07-19.28.26:547][  0]LogInit: FAudioDevice initialized.
[2015.09.07-19.28.26:571][  0]LogDerivedDataCache: Saved boot cache 0.02s 41MB C:/Users/Damir/AppData/Local/UnrealEngine/4.9/DerivedDataCache/Boot.ddc.
[2015.09.07-19.28.26:575][  0]LogInit: Texture streaming: Enabled
[2015.09.07-19.28.26:579][  0]LogAnalytics: Creating configured Analytics provider AnalyticsET
[2015.09.07-19.28.26:579][  0]LogAnalytics: [UEEditor.Rocket.Release] APIServer = http://et2.epicgames.com/ET2/. AppVersion = 4.9.0-2672455+++depot+UE4-Releases+4.9
[2015.09.07-19.28.26:579][  0]LogAnalytics: [UEEditor.Rocket.Release] SetUserId 823be5244adb21341b1538b68ee82034|51c2a24b0ca544adac8a22d4708797c6|ec4eac3e-148a-4a5a-9f28-33d773939611
[2015.09.07-19.28.26:579][  0]LogAnalytics: [UEEditor.Rocket.Release] AnalyticsET::StartSession
[2015.09.07-19.28.26:596][  0]LogInit: Transaction tracking system initialized
[2015.09.07-19.28.26:628][  0]BlueprintLog: New page: Editor Load
[2015.09.07-19.28.26:733][  0]LocalizationService: Info Localization service is disabled
[2015.09.07-19.28.26:828][  0]LogConsoleResponse:Display: 
[2015.09.07-19.28.26:942][  0]LogCook:Display: Done creating registry. It took  0.00s.
[2015.09.07-19.28.27:008][  0]SourceControl: Info Source control is disabled
[2015.09.07-19.28.27:009][  0]Cmd: MAP LOAD FILE="../../../../../../Users/Damir/Documents/GitHub/Project_ReSurvivor/Content/FirstPersonBP/Maps/FirstPersonExampleMap.umap" TEMPLATE=0 SHOWPROGRESS=1 FEATURELEVEL=3
[2015.09.07-19.28.27:009][  0]LightingResults: New page: Lighting Build
[2015.09.07-19.28.27:013][  0]MapCheck: New page: Map Check
[2015.09.07-19.28.27:013][  0]LightingResults: New page: Lighting Build
[2015.09.07-19.28.27:022][  0]LogParticles: Destroying 0 GPU particle simulations for FXSystem 0x0000000026942160
[2015.09.07-19.28.27:383][  0]LogBlueprint:Warning: [compiler ItemBaseClass_Actor] Warning Default Enum value 'ItemTypes' for class 'ItemBaseClass_Actor_C' is invalid in object 'Default__ItemBaseClass_Actor_C' 
[2015.09.07-19.28.27:383][  0]LogBlueprint:Warning: [compiler ItemBaseClass_Actor] Warning [0011.84] Compile of ItemBaseClass_Actor successful, but with 1 Warning(s) [in 3 ms]
[2015.09.07-19.28.27:383][  0]LogBlueprint:Warning: [compiler ItemBaseClass_Actor] Warning [0011.84] Compile of ItemBaseClass_Actor successful, but with 2 Warning(s) [in 0 ms]
[2015.09.07-19.28.27:383][  0]LogBlueprint:Warning: [compiler ItemBaseClass_Actor] Warning [0011.84] Compile of ItemBaseClass_Actor successful, but with 3 Warning(s) [in 0 ms]
[2015.09.07-19.28.27:736][  0]LogLinker:Warning: CreateExport: Failed to load Parent for Function /Game/Placeholder_Assets/Actors/FirstAidSpary_Actor.FirstAidSpary_Actor_C:UserConstructionScript; removing parent information, but keeping function
[2015.09.07-19.28.27:742][  0]LogLinker:Warning: CreateExport: Failed to load Parent for Function /Game/Placeholder_Assets/Actors/HandgunA_Actor.HandgunA_Actor_C:UserConstructionScript; removing parent information, but keeping function
[2015.09.07-19.28.27:748][  0]LogLinker:Warning: CreateExport: Failed to load Parent for Function /Game/Placeholder_Assets/Actors/ShotgunShells_Actor.ShotgunShells_Actor_C:UserConstructionScript; removing parent information, but keeping function
[2015.09.07-19.28.28:036][  0]LogAIModule: Creating AISystem for world FirstPersonExampleMap
[2015.09.07-19.28.28:054][  0]LogEditorServer: Finished looking for orphan Actors (0.000 secs)
[2015.09.07-19.28.28:066][  0]Cmd: MAP CHECKDEP NOCLEARLOG
[2015.09.07-19.28.28:111][  0]MapCheck: Info Map check complete: 0 Error(s), 0 Warning(s), took 45.383ms to complete.
[2015.09.07-19.28.28:111][  0]LogFileHelpers: Loading map 'FirstPersonExampleMap' took 1.103
[2015.09.07-19.28.28:235][  0]LogCollectionManager: Loaded 0 collections in 0.002112 seconds
[2015.09.07-19.28.28:271][  0]LogFileCache: Scanning file cache for directory 'C:/Users/Damir/Documents/GitHub/Project_ReSurvivor/Saved/Collections/' took 0.01s
[2015.09.07-19.28.28:271][  0]LogFileCache: Scanning file cache for directory 'C:/Users/Damir/Documents/GitHub/Project_ReSurvivor/Content/Developers/Damir/Collections/' took 0.01s
[2015.09.07-19.28.28:271][  0]LogFileCache: Scanning file cache for directory 'C:/Users/Damir/Documents/GitHub/Project_ReSurvivor/Content/Collections/' took 0.01s
[2015.09.07-19.28.28:271][  0]LogContentBrowser: Native class hierarchy populated in 0.0062 seconds. Added 1867 classes and 333 folders.
[2015.09.07-19.28.28:278][  0]LogCollectionManager: Rebuilt the GUID cache for 0 collections in 0.000002 seconds
[2015.09.07-19.28.28:285][  0]LogContentBrowser: Native class hierarchy updated for 'WidgetCarousel' in 0.0003 seconds. Added 0 classes and 0 folders.
[2015.09.07-19.28.28:369][  0]LogContentBrowser: Native class hierarchy updated for 'AddContentDialog' in 0.0003 seconds. Added 0 classes and 0 folders.
[2015.09.07-19.28.28:379][  0]LogContentBrowser: Native class hierarchy updated for 'SceneOutliner' in 0.0003 seconds. Added 1 classes and 2 folders.
[2015.09.07-19.28.28:407][  0]LogCrashTracker: Crashtracker disabled due to settings.
[2015.09.07-19.28.28:410][  0]LogUObjectGlobals:Warning: Failed to find object 'Class None.'
[2015.09.07-19.28.28:433][  0]LogLoad: Full Startup: 12.89 seconds (BP compile: 0.27 seconds)
[2015.09.07-19.28.28:443][  0]LoadErrors:Error: Error /Game/Blueprints/Widgets/Menu_Widget : Failed import for ObjectProperty /Game/Blueprints/Widgets/InventorySlot_Widget.InventorySlot_Widget_C:Item
[2015.09.07-19.28.28:443][  0]LoadErrors:Error: Error /Game/Blueprints/Widgets/Menu_Widget : Failed import for ObjectProperty /Game/Blueprints/Widgets/InventorySlot_Widget.InventorySlot_Widget_C:ItemName_Text
[2015.09.07-19.28.28:496][  0]LogContentStreaming: Texture pool size now 700 MB
[2015.09.07-19.28.28:614][  0]LogRenderer: Reallocating scene render targets to support 1208x576 (Frame:2).
[2015.09.07-19.28.29:234][  6]LogAssetRegistry: Asset discovery search completed in 3.2975 seconds
[2015.09.07-19.28.29:234][  6]LogCollectionManager: Rebuilt the object cache for 0 collections in 0.000001 seconds (found 0 objects)
[2015.09.07-19.28.29:234][  6]LogCollectionManager: Fixed up redirectors for 0 collections in 0.000029 seconds (updated 0 objects)
[2015.09.07-19.28.37:784][935]LogPlayLevel: PlayLevel: No blueprints needed recompiling
[2015.09.07-19.28.37:785][935]PIE: New page: PIE session: FirstPersonExampleMap (Sep 7, 2015, 11:28:37 PM)
[2015.09.07-19.28.37:785][935]LogPlayLevel: Creating play world package: /Game/FirstPersonBP/Maps/UEDPIE_0_FirstPersonExampleMap
[2015.09.07-19.28.37:809][935]LogPlayLevel: PIE: StaticDuplicateObject took: (0.023953s)
[2015.09.07-19.28.37:810][935]LogAIModule: Creating AISystem for world FirstPersonExampleMap
[2015.09.07-19.28.37:811][935]LogPlayLevel: PIE: World Init took: (0.001217s)
[2015.09.07-19.28.37:811][935]LogPlayLevel: PIE: Created PIE world by copying editor world from /Game/FirstPersonBP/Maps/FirstPersonExampleMap.FirstPersonExampleMap to /Game/FirstPersonBP/Maps/UEDPIE_0_FirstPersonExampleMap.FirstPersonExampleMap (0.025558s)
[2015.09.07-19.28.37:853][935]LogInit: XAudio2 using 'Speakers (Realtek High Definition Audio)' : 2 channels at 48 kHz using 32 bits per sample (channel mask 0x3)
[2015.09.07-19.28.37:860][935]LogInit: FAudioDevice initialized.
[2015.09.07-19.28.37:902][935]LogWorld: Game class is 'FirstPersonGameMode_C'
[2015.09.07-19.28.37:908][935]LogWorld: Bringing World /Game/FirstPersonBP/Maps/UEDPIE_0_FirstPersonExampleMap.FirstPersonExampleMap up for play (max tick rate 0) at 2015.09.07-21.28.37
[2015.09.07-19.28.37:908][935]LogActor:Warning: GameSession /Game/FirstPersonBP/Maps/UEDPIE_0_FirstPersonExampleMap.FirstPersonExampleMap:PersistentLevel.GameSession_0 has natively added scene component(s), but none of them were set as the actor's RootComponent - picking one arbitrarily
[2015.09.07-19.28.37:909][935]LogActor:Warning: GameNetworkManager /Game/FirstPersonBP/Maps/UEDPIE_0_FirstPersonExampleMap.FirstPersonExampleMap:PersistentLevel.GameNetworkManager_0 has natively added scene component(s), but none of them were set as the actor's RootComponent - picking one arbitrarily
[2015.09.07-19.28.37:909][935]LogWorld: Bringing up level for play took: 0.006213
[2015.09.07-19.28.37:912][935]PIE: Info Play in editor start time for /Game/FirstPersonBP/Maps/UEDPIE_0_FirstPersonExampleMap -0.684
[2015.09.07-19.29.02:825][913]LogParticles: Destroying 0 GPU particle simulations for FXSystem 0x000000002BD4CAE0
[2015.09.07-19.29.41:005][479]LogLinker:Warning: Asset '../../../Engine/Content/ArtTools/RenderToTexture/Macros/RenderToTextureMacros.uasset' has been saved with empty engine version. The asset will be loaded but may be incompatible.
[2015.09.07-19.29.41:418][479]LogContentBrowser: Native class hierarchy updated for 'BlueprintGraph' in 0.0007 seconds. Added 107 classes and 0 folders.
[2015.09.07-19.29.41:790][479]LogRenderer: Reallocating scene render targets to support 1208x712 (Frame:9674).
[2015.09.07-19.29.56:902][993]LogStaticMesh: Building static mesh shotgun_placeholder...
[2015.09.07-19.29.57:821][993]LogStaticMesh: Built static mesh [0.920121.2s] /Game/Placeholder_Assets/shotgun_placeholder.shotgun_placeholder
[2015.09.07-19.30.02:150][478]LogSavePackage: Save=9.520652ms
[2015.09.07-19.30.02:150][478]LogSavePackage: Moving '../../../../../../Users/Damir/Documents/GitHub/Project_ReSurvivor/Saved/Shotgun_Actor3AF6D45C4BB8E0E32ED29C9928B64150.tmp' to '../../../../../../Users/Damir/Documents/GitHub/Project_ReSurvivor/Content/Placeholder_Assets/Actors/Shotgun_Actor.uasset'
[2015.09.07-19.30.02:151][478]LogSavePackage: Total save time: 10.584388ms
[2015.09.07-19.30.02:151][478]LogSavePackage:Warning: Finished SavePackage ../../../../../../Users/Damir/Documents/GitHub/Project_ReSurvivor/Content/Placeholder_Assets/Actors/Shotgun_Actor.uasset
[2015.09.07-19.30.02:691][539]BlueprintLog: New page: Compile Shotgun_Actor
[2015.09.07-19.30.02:723][539]LogActorComponent: UnregisterComponent: (/Engine/Transient.ProjectileMovementComponent_40__A6522401) Not registered. Aborting.
[2015.09.07-19.30.02:748][539]BlueprintEditorCompileResults: Info [0107.20] Compile of Shotgun_Actor successful! [in 56 ms]
[2015.09.07-19.30.07:203][ 42]LogPlayLevel: PlayLevel: No blueprints needed recompiling
[2015.09.07-19.30.07:204][ 42]PIE: New page: PIE session: FirstPersonExampleMap (Sep 7, 2015, 11:30:07 PM)
[2015.09.07-19.30.07:204][ 42]LogPlayLevel: Creating play world package: /Game/FirstPersonBP/Maps/UEDPIE_0_FirstPersonExampleMap
[2015.09.07-19.30.07:225][ 42]LogPlayLevel: PIE: StaticDuplicateObject took: (0.020948s)
[2015.09.07-19.30.07:226][ 42]LogAIModule: Creating AISystem for world FirstPersonExampleMap
[2015.09.07-19.30.07:227][ 42]LogPlayLevel: PIE: World Init took: (0.001758s)
[2015.09.07-19.30.07:227][ 42]LogPlayLevel: PIE: Created PIE world by copying editor world from /Game/FirstPersonBP/Maps/FirstPersonExampleMap.FirstPersonExampleMap to /Game/FirstPersonBP/Maps/UEDPIE_0_FirstPersonExampleMap.FirstPersonExampleMap (0.023104s)
[2015.09.07-19.30.07:251][ 42]LogInit: XAudio2 using 'Speakers (Realtek High Definition Audio)' : 2 channels at 48 kHz using 32 bits per sample (channel mask 0x3)
[2015.09.07-19.30.07:258][ 42]LogInit: FAudioDevice initialized.
[2015.09.07-19.30.07:288][ 42]LogWorld: Game class is 'FirstPersonGameMode_C'
[2015.09.07-19.30.07:294][ 42]LogWorld: Bringing World /Game/FirstPersonBP/Maps/UEDPIE_0_FirstPersonExampleMap.FirstPersonExampleMap up for play (max tick rate 0) at 2015.09.07-21.30.07
[2015.09.07-19.30.07:294][ 42]LogActor:Warning: GameSession /Game/FirstPersonBP/Maps/UEDPIE_0_FirstPersonExampleMap.FirstPersonExampleMap:PersistentLevel.GameSession_1 has natively added scene component(s), but none of them were set as the actor's RootComponent - picking one arbitrarily
[2015.09.07-19.30.07:294][ 42]LogActor:Warning: GameNetworkManager /Game/FirstPersonBP/Maps/UEDPIE_0_FirstPersonExampleMap.FirstPersonExampleMap:PersistentLevel.GameNetworkManager_1 has natively added scene component(s), but none of them were set as the actor's RootComponent - picking one arbitrarily
[2015.09.07-19.30.07:295][ 42]LogWorld: Bringing up level for play took: 0.005852
[2015.09.07-19.30.07:297][ 42]PIE: Info Play in editor start time for /Game/FirstPersonBP/Maps/UEDPIE_0_FirstPersonExampleMap 0.7
[2015.09.07-19.30.10:949][439]LogParticles: Destroying 0 GPU particle simulations for FXSystem 0x000000003AD45120
[2015.09.07-19.30.27:304][271]LogPlayLevel: PlayLevel: No blueprints needed recompiling
[2015.09.07-19.30.27:304][271]PIE: New page: PIE session: FirstPersonExampleMap (Sep 7, 2015, 11:30:27 PM)
[2015.09.07-19.30.27:304][271]LogPlayLevel: Creating play world package: /Game/FirstPersonBP/Maps/UEDPIE_0_FirstPersonExampleMap
[2015.09.07-19.30.27:324][271]LogPlayLevel: PIE: StaticDuplicateObject took: (0.019514s)
[2015.09.07-19.30.27:325][271]LogAIModule: Creating AISystem for world FirstPersonExampleMap
[2015.09.07-19.30.27:325][271]LogPlayLevel: PIE: World Init took: (0.000761s)
[2015.09.07-19.30.27:325][271]LogPlayLevel: PIE: Created PIE world by copying editor world from /Game/FirstPersonBP/Maps/FirstPersonExampleMap.FirstPersonExampleMap to /Game/FirstPersonBP/Maps/UEDPIE_0_FirstPersonExampleMap.FirstPersonExampleMap (0.020541s)
[2015.09.07-19.30.27:325][271]LogActorComponent: UnregisterComponent: (/Engine/Transient.ProjectileMovementComponent_40__A6522401) Not registered. Aborting.
[2015.09.07-19.30.27:353][271]LogInit: XAudio2 using 'Speakers (Realtek High Definition Audio)' : 2 channels at 48 kHz using 32 bits per sample (channel mask 0x3)
[2015.09.07-19.30.27:359][271]LogInit: FAudioDevice initialized.
[2015.09.07-19.30.27:391][271]LogWorld: Game class is 'FirstPersonGameMode_C'
[2015.09.07-19.30.27:397][271]LogWorld: Bringing World /Game/FirstPersonBP/Maps/UEDPIE_0_FirstPersonExampleMap.FirstPersonExampleMap up for play (max tick rate 0) at 2015.09.07-21.30.27
[2015.09.07-19.30.27:397][271]LogActor:Warning: GameSession /Game/FirstPersonBP/Maps/UEDPIE_0_FirstPersonExampleMap.FirstPersonExampleMap:PersistentLevel.GameSession_2 has natively added scene component(s), but none of them were set as the actor's RootComponent - picking one arbitrarily
[2015.09.07-19.30.27:397][271]LogActor:Warning: GameNetworkManager /Game/FirstPersonBP/Maps/UEDPIE_0_FirstPersonExampleMap.FirstPersonExampleMap:PersistentLevel.GameNetworkManager_2 has natively added scene component(s), but none of them were set as the actor's RootComponent - picking one arbitrarily
[2015.09.07-19.30.27:398][271]LogWorld: Bringing up level for play took: 0.005765
[2015.09.07-19.30.27:400][271]PIE: Info Play in editor start time for /Game/FirstPersonBP/Maps/UEDPIE_0_FirstPersonExampleMap 0.803
[2015.09.07-19.30.39:892][761]LogParticles: Destroying 0 GPU particle simulations for FXSystem 0x000000005D535800
[2015.09.07-19.32.19:987][287]LogFactory: FactoryCreateBinary: Texture with ReimportTextureFactory (0 0 C:\Users\Damir\Desktop\Shotgun_Texture.png)
[2015.09.07-19.32.19:989][287]LogTexture:Display: Building textures: Shotgun_Texture (AutoDXT)
[2015.09.07-19.32.50:014][866]LogSavePackage: Save=8.190374ms
[2015.09.07-19.32.50:014][866]LogSavePackage: Moving '../../../../../../Users/Damir/Documents/GitHub/Project_ReSurvivor/Saved/Shotgun_Actor47FB04F4416B149F1A7F6285117B19A4.tmp' to '../../../../../../Users/Damir/Documents/GitHub/Project_ReSurvivor/Content/Placeholder_Assets/Actors/Shotgun_Actor.uasset'
[2015.09.07-19.32.50:015][866]LogSavePackage: Total save time: 13.158210ms
[2015.09.07-19.32.50:015][866]LogSavePackage:Warning: Finished SavePackage ../../../../../../Users/Damir/Documents/GitHub/Project_ReSurvivor/Content/Placeholder_Assets/Actors/Shotgun_Actor.uasset
[2015.09.07-19.32.50:431][916]BlueprintLog: New page: Compile Shotgun_Actor
[2015.09.07-19.32.50:466][916]LogActorComponent: UnregisterComponent: (/Engine/Transient.ProjectileMovementComponent_40__A6522401) Not registered. Aborting.
[2015.09.07-19.32.50:490][916]BlueprintEditorCompileResults: Info [0274.94] Compile of Shotgun_Actor successful! [in 59 ms]
[2015.09.07-19.32.51:321][ 12]LogPlayLevel: PlayLevel: No blueprints needed recompiling
[2015.09.07-19.32.51:321][ 12]PIE: New page: PIE session: FirstPersonExampleMap (Sep 7, 2015, 11:32:51 PM)
[2015.09.07-19.32.51:321][ 12]LogPlayLevel: Creating play world package: /Game/FirstPersonBP/Maps/UEDPIE_0_FirstPersonExampleMap
[2015.09.07-19.32.51:341][ 12]LogPlayLevel: PIE: StaticDuplicateObject took: (0.020151s)
[2015.09.07-19.32.51:342][ 12]LogAIModule: Creating AISystem for world FirstPersonExampleMap
[2015.09.07-19.32.51:342][ 12]LogPlayLevel: PIE: World Init took: (0.000729s)
[2015.09.07-19.32.51:342][ 12]LogPlayLevel: PIE: Created PIE world by copying editor world from /Game/FirstPersonBP/Maps/FirstPersonExampleMap.FirstPersonExampleMap to /Game/FirstPersonBP/Maps/UEDPIE_0_FirstPersonExampleMap.FirstPersonExampleMap (0.021128s)
[2015.09.07-19.32.51:368][ 12]LogInit: XAudio2 using 'Speakers (Realtek High Definition Audio)' : 2 channels at 48 kHz using 32 bits per sample (channel mask 0x3)
[2015.09.07-19.32.51:375][ 12]LogInit: FAudioDevice initialized.
[2015.09.07-19.32.51:405][ 12]LogWorld: Game class is 'FirstPersonGameMode_C'
[2015.09.07-19.32.51:411][ 12]LogWorld: Bringing World /Game/FirstPersonBP/Maps/UEDPIE_0_FirstPersonExampleMap.FirstPersonExampleMap up for play (max tick rate 0) at 2015.09.07-21.32.51
[2015.09.07-19.32.51:411][ 12]LogActor:Warning: GameSession /Game/FirstPersonBP/Maps/UEDPIE_0_FirstPersonExampleMap.FirstPersonExampleMap:PersistentLevel.GameSession_3 has natively added scene component(s), but none of them were set as the actor's RootComponent - picking one arbitrarily
[2015.09.07-19.32.51:411][ 12]LogActor:Warning: GameNetworkManager /Game/FirstPersonBP/Maps/UEDPIE_0_FirstPersonExampleMap.FirstPersonExampleMap:PersistentLevel.GameNetworkManager_3 has natively added scene component(s), but none of them were set as the actor's RootComponent - picking one arbitrarily
[2015.09.07-19.32.51:411][ 12]LogWorld: Bringing up level for play took: 0.005791
[2015.09.07-19.32.51:422][ 12]PIE: Info Play in editor start time for /Game/FirstPersonBP/Maps/UEDPIE_0_FirstPersonExampleMap 0.823
[2015.09.07-19.32.51:460][ 13]LogRenderer: Reallocating scene render targets to support 1256x784 (Frame:19166).
[2015.09.07-19.33.31:330][702]LogParticles: Destroying 0 GPU particle simulations for FXSystem 0x000000005B69A8E0
[2015.09.07-19.33.59:645][ 83]LogSavePackage: Save=8.017502ms
[2015.09.07-19.33.59:645][ 83]LogSavePackage: Moving '../../../../../../Users/Damir/Documents/GitHub/Project_ReSurvivor/Saved/Shotgun_Actor4DD4B1A1452B4374CD4CEE9A2437C3F8.tmp' to '../../../../../../Users/Damir/Documents/GitHub/Project_ReSurvivor/Content/Placeholder_Assets/Actors/Shotgun_Actor.uasset'
[2015.09.07-19.33.59:646][ 83]LogSavePackage: Total save time: 12.306191ms
[2015.09.07-19.33.59:646][ 83]LogSavePackage:Warning: Finished SavePackage ../../../../../../Users/Damir/Documents/GitHub/Project_ReSurvivor/Content/Placeholder_Assets/Actors/Shotgun_Actor.uasset
[2015.09.07-19.34.00:120][140]BlueprintLog: New page: Compile Shotgun_Actor
[2015.09.07-19.34.00:179][140]BlueprintEditorCompileResults: Info [0344.63] Compile of Shotgun_Actor successful! [in 59 ms]
[2015.09.07-19.34.01:117][249]LogPlayLevel: PlayLevel: No blueprints needed recompiling
[2015.09.07-19.34.01:117][249]PIE: New page: PIE session: FirstPersonExampleMap (Sep 7, 2015, 11:34:01 PM)
[2015.09.07-19.34.01:117][249]LogPlayLevel: Creating play world package: /Game/FirstPersonBP/Maps/UEDPIE_0_FirstPersonExampleMap
[2015.09.07-19.34.01:137][249]LogPlayLevel: PIE: StaticDuplicateObject took: (0.019900s)
[2015.09.07-19.34.01:137][249]LogAIModule: Creating AISystem for world FirstPersonExampleMap
[2015.09.07-19.34.01:138][249]LogPlayLevel: PIE: World Init took: (0.000805s)
[2015.09.07-19.34.01:138][249]LogPlayLevel: PIE: Created PIE world by copying editor world from /Game/FirstPersonBP/Maps/FirstPersonExampleMap.FirstPersonExampleMap to /Game/FirstPersonBP/Maps/UEDPIE_0_FirstPersonExampleMap.FirstPersonExampleMap (0.020947s)
[2015.09.07-19.34.01:163][249]LogInit: XAudio2 using 'Speakers (Realtek High Definition Audio)' : 2 channels at 48 kHz using 32 bits per sample (channel mask 0x3)
[2015.09.07-19.34.01:169][249]LogInit: FAudioDevice initialized.
[2015.09.07-19.34.01:201][249]LogWorld: Game class is 'FirstPersonGameMode_C'
[2015.09.07-19.34.01:207][249]LogWorld: Bringing World /Game/FirstPersonBP/Maps/UEDPIE_0_FirstPersonExampleMap.FirstPersonExampleMap up for play (max tick rate 0) at 2015.09.07-21.34.01
[2015.09.07-19.34.01:207][249]LogActor:Warning: GameSession /Game/FirstPersonBP/Maps/UEDPIE_0_FirstPersonExampleMap.FirstPersonExampleMap:PersistentLevel.GameSession_4 has natively added scene component(s), but none of them were set as the actor's RootComponent - picking one arbitrarily
[2015.09.07-19.34.01:207][249]LogActor:Warning: GameNetworkManager /Game/FirstPersonBP/Maps/UEDPIE_0_FirstPersonExampleMap.FirstPersonExampleMap:PersistentLevel.GameNetworkManager_4 has natively added scene component(s), but none of them were set as the actor's RootComponent - picking one arbitrarily
[2015.09.07-19.34.01:207][249]LogWorld: Bringing up level for play took: 0.005991
[2015.09.07-19.34.01:218][249]PIE: Info Play in editor start time for /Game/FirstPersonBP/Maps/UEDPIE_0_FirstPersonExampleMap 0.618
[2015.09.07-19.34.03:756][542]LogBlueprintUserMessages: [FirstPersonCharacter_C_0] Action Execution has not been implemented yet
[2015.09.07-19.34.34:254][111]LogParticles: Destroying 0 GPU particle simulations for FXSystem 0x0000000012A27380
[2015.09.07-19.34.38:659][475]LogSavePackage: Save=1209.797974ms
[2015.09.07-19.34.38:659][475]LogSavePackage: Moving '../../../../../../Users/Damir/Documents/GitHub/Project_ReSurvivor/Saved/FirstPersonExampleMap65B810EE4F4D636C4637AD8B3B524813.tmp' to '../../../../../../Users/Damir/Documents/GitHub/Project_ReSurvivor/Content/FirstPersonBP/Maps/FirstPersonExampleMap.umap'
[2015.09.07-19.34.38:662][475]LogSavePackage: Total save time: 1234.428126ms
[2015.09.07-19.34.38:662][475]LogSavePackage:Warning: Finished SavePackage ../../../../../../Users/Damir/Documents/GitHub/Project_ReSurvivor/Content/FirstPersonBP/Maps/FirstPersonExampleMap.umap
[2015.09.07-19.34.38:696][475]LogFileHelpers: Saving map 'FirstPersonExampleMap' took 1.332
[2015.09.07-19.34.38:704][475]LogSavePackage: Save=1.756436ms
[2015.09.07-19.34.38:704][475]LogSavePackage: Moving '../../../../../../Users/Damir/Documents/GitHub/Project_ReSurvivor/Saved/Shotgun_Texture9AC9D9874F4FC56116F3CDBF18345A10.tmp' to '../../../../../../Users/Damir/Documents/GitHub/Project_ReSurvivor/Content/Placeholder_Textures/Shotgun_Texture.uasset'
[2015.09.07-19.34.38:705][475]LogSavePackage: Total save time: 2.670795ms
[2015.09.07-19.34.38:705][475]LogSavePackage:Warning: Finished SavePackage ../../../../../../Users/Damir/Documents/GitHub/Project_ReSurvivor/Content/Placeholder_Textures/Shotgun_Texture.uasset
[2015.09.07-19.34.41:910][816]Cmd: QUIT_EDITOR
[2015.09.07-19.34.42:142][816]LogExit: Preparing to exit.
[2015.09.07-19.34.42:966][816]LogExit: Editor shut down
[2015.09.07-19.34.42:966][816]LogExit: Transaction tracking system shut down
[2015.09.07-19.34.42:970][816]LogParticles: Destroying 0 GPU particle simulations for FXSystem 0x000000002DE6CD60
[2015.09.07-19.34.42:971][816]LogParticles: Destroying 0 GPU particle simulations for FXSystem 0x000000001F373880
[2015.09.07-19.34.42:971][816]LogParticles: Destroying 0 GPU particle simulations for FXSystem 0x0000000032E644A0
[2015.09.07-19.34.42:971][816]LogParticles: Destroying 0 GPU particle simulations for FXSystem 0x0000000044F765C0
[2015.09.07-19.34.42:972][816]LogParticles: Destroying 0 GPU particle simulations for FXSystem 0x000000002D22D9E0
[2015.09.07-19.34.42:972][816]LogParticles: Destroying 0 GPU particle simulations for FXSystem 0x0000000030B17EC0
[2015.09.07-19.34.43:199][816]LogExit: Object subsystem successfully closed.
[2015.09.07-19.34.43:214][816]LogD3D11RHI: Shutdown
[2015.09.07-19.34.43:214][816]LogD3D11RHI: CleanupD3DDevice
[2015.09.07-19.34.43:265][816]LogD3D11RHI: ~FD3D11DynamicRHI
[2015.09.07-19.34.43:276][816]LogModuleManager: Shutting down and abandoning module BlueprintGraph (198)
[2015.09.07-19.34.43:276][816]LogModuleManager: Shutting down and abandoning module CrashTracker (197)
[2015.09.07-19.34.43:276][816]LogModuleManager: Shutting down and abandoning module SceneOutliner (196)
[2015.09.07-19.34.43:276][816]LogModuleManager: Shutting down and abandoning module SuperSearch (195)
[2015.09.07-19.34.43:276][816]LogModuleManager: Shutting down and abandoning module WidgetCarousel (194)
[2015.09.07-19.34.43:276][816]LogModuleManager: Shutting down and abandoning module AddContentDialog (193)
[2015.09.07-19.34.43:277][816]LogModuleManager: Shutting down and abandoning module EditorWidgets (192)
[2015.09.07-19.34.43:277][816]LogModuleManager: Shutting down and abandoning module CollectionManager (191)
[2015.09.07-19.34.43:277][816]LogModuleManager: Shutting down and abandoning module StatsViewer (190)
[2015.09.07-19.34.43:277][816]LogModuleManager: Shutting down and abandoning module FoliageEdit (189)
[2015.09.07-19.34.43:277][816]LogModuleManager: Shutting down and abandoning module LandscapeEditor (188)
[2015.09.07-19.34.43:277][816]LogModuleManager: Shutting down and abandoning module ActorPickerMode (187)
[2015.09.07-19.34.43:277][816]LogModuleManager: Shutting down and abandoning module GeometryMode (186)
[2015.09.07-19.34.43:277][816]LogModuleManager: Shutting down and abandoning module TextureAlignMode (185)
[2015.09.07-19.34.43:277][816]LogModuleManager: Shutting down and abandoning module BspMode (184)
[2015.09.07-19.34.43:277][816]LogModuleManager: Shutting down and abandoning module PlacementMode (183)
[2015.09.07-19.34.43:277][816]LogModuleManager: Shutting down and abandoning module AutomationWorker (182)
[2015.09.07-19.34.43:277][816]LogModuleManager: Shutting down and abandoning module CharacterAI (181)
[2015.09.07-19.34.43:277][816]LogModuleManager: Shutting down and abandoning module SmartSnapping (180)
[2015.09.07-19.34.43:277][816]LogModuleManager: Shutting down and abandoning module ViewportSnapping (179)
[2015.09.07-19.34.43:277][816]LogModuleManager: Shutting down and abandoning module LogVisualizer (178)
[2015.09.07-19.34.43:277][816]LogModuleManager: Shutting down and abandoning module GameProjectGeneration (177)
[2015.09.07-19.34.43:277][816]LogModuleManager: Shutting down and abandoning module IntroTutorials (176)
[2015.09.07-19.34.43:277][816]LogModuleManager: Shutting down and abandoning module EditorLiveStreaming (175)
[2015.09.07-19.34.43:277][816]LogModuleManager: Shutting down and abandoning module IOSPlatformEditor (174)
[2015.09.07-19.34.43:277][816]LogModuleManager: Shutting down and abandoning module HTML5PlatformEditor (173)
[2015.09.07-19.34.43:277][816]LogModuleManager: Shutting down and abandoning module AndroidDeviceDetection (172)
[2015.09.07-19.34.43:799][816]LogModuleManager: Shutting down and abandoning module AndroidPlatformEditor (171)
[2015.09.07-19.34.43:799][816]LogModuleManager: Shutting down and abandoning module IOSRuntimeSettings (170)
[2015.09.07-19.34.43:799][816]LogModuleManager: Shutting down and abandoning module AndroidRuntimeSettings (169)
[2015.09.07-19.34.43:799][816]LogModuleManager: Shutting down and abandoning module MergeActors (168)
[2015.09.07-19.34.43:799][816]LogModuleManager: Shutting down and abandoning module SizeMap (167)
[2015.09.07-19.34.43:799][816]LogModuleManager: Shutting down and abandoning module TreeMap (166)
[2015.09.07-19.34.43:799][816]LogModuleManager: Shutting down and abandoning module ReferenceViewer (165)
[2015.09.07-19.34.43:799][816]LogModuleManager: Shutting down and abandoning module LocalizationService (164)
[2015.09.07-19.34.43:799][816]LogModuleManager: Shutting down and abandoning module LocalizationDashboard (163)
[2015.09.07-19.34.43:799][816]LogModuleManager: Shutting down and abandoning module HardwareTargeting (162)
[2015.09.07-19.34.43:799][816]LogModuleManager: Shutting down and abandoning module DeviceProfileEditor (161)
[2015.09.07-19.34.43:799][816]LogModuleManager: Shutting down and abandoning module UndoHistory (160)
[2015.09.07-19.34.43:799][816]LogModuleManager: Shutting down and abandoning module GameplayTagsEditor (159)
[2015.09.07-19.34.43:799][816]LogModuleManager: Shutting down and abandoning module UserFeedback (158)
[2015.09.07-19.34.43:799][816]LogModuleManager: Shutting down and abandoning module XmlParser (157)
[2015.09.07-19.34.43:799][816]LogModuleManager: Shutting down and abandoning module Blutility (156)
[2015.09.07-19.34.43:799][816]LogModuleManager: Shutting down and abandoning module ProjectTargetPlatformEditor (155)
[2015.09.07-19.34.43:799][816]LogModuleManager: Shutting down and abandoning module ProjectSettingsViewer (154)
[2015.09.07-19.34.43:799][816]LogModuleManager: Shutting down and abandoning module InputBindingEditor (153)
[2015.09.07-19.34.43:799][816]LogModuleManager: Shutting down and abandoning module EditorSettingsViewer (152)
[2015.09.07-19.34.43:799][816]LogModuleManager: Shutting down and abandoning module SettingsEditor (151)
[2015.09.07-19.34.43:799][816]LogModuleManager: Shutting down and abandoning module ProjectLauncher (150)
[2015.09.07-19.34.43:799][816]LogModuleManager: Shutting down and abandoning module SessionFrontend (149)
[2015.09.07-19.34.43:799][816]LogModuleManager: Shutting down and abandoning module ProfilerClient (148)
[2015.09.07-19.34.43:799][816]LogModuleManager: Shutting down and abandoning module TargetDeviceServices (147)
[2015.09.07-19.34.43:799][816]LogModuleManager: Shutting down and abandoning module DeviceManager (146)
[2015.09.07-19.34.43:799][816]LogModuleManager: Shutting down and abandoning module AutomationController (145)
[2015.09.07-19.34.43:799][816]LogModuleManager: Shutting down and abandoning module AutomationWindow (144)
[2015.09.07-19.34.43:799][816]LogModuleManager: Shutting down and abandoning module Layers (143)
[2015.09.07-19.34.43:799][816]LogModuleManager: Shutting down and abandoning module ComponentVisualizers (142)
[2015.09.07-19.34.43:799][816]LogModuleManager: Shutting down and abandoning module DetailCustomizations (141)
[2015.09.07-19.34.43:799][816]LogModuleManager: Shutting down and abandoning module PackagesDialog (140)
[2015.09.07-19.34.43:800][816]LogModuleManager: Shutting down and abandoning module Persona (139)
[2015.09.07-19.34.43:800][816]LogModuleManager: Shutting down and abandoning module Kismet (138)
[2015.09.07-19.34.43:800][816]LogModuleManager: Shutting down and abandoning module GraphEditor (137)
[2015.09.07-19.34.43:800][816]LogModuleManager: Shutting down and abandoning module ClassViewer (136)
[2015.09.07-19.34.43:801][816]LogModuleManager: Shutting down and abandoning module Toolbox (135)
[2015.09.07-19.34.43:801][816]LogModuleManager: Shutting down and abandoning module ModuleUI (134)
[2015.09.07-19.34.43:801][816]LogModuleManager: Shutting down and abandoning module MovieSceneTools (133)
[2015.09.07-19.34.43:801][816]LogModuleManager: Shutting down and abandoning module OutputLog (132)
[2015.09.07-19.34.43:801][816]LogModuleManager: Shutting down and abandoning module GammaUI (131)
[2015.09.07-19.34.43:801][816]LogModuleManager: Shutting down and abandoning module Documentation (130)
[2015.09.07-19.34.43:801][816]LogModuleManager: Shutting down and abandoning module GameLiveStreaming (129)
[2015.09.07-19.34.43:801][816]LogModuleManager: Shutting down and abandoning module StreamingPauseRendering (128)
[2015.09.07-19.34.43:801][816]LogModuleManager: Shutting down and abandoning module AnalyticsET (127)
[2015.09.07-19.34.43:801][816]LogModuleManager: Shutting down and abandoning module Analytics (126)
[2015.09.07-19.34.43:801][816]LogModuleManager: Shutting down and abandoning module AITestSuite (125)
[2015.09.07-19.34.43:801][816]LogModuleManager: Shutting down and abandoning module GameplayDebugger (124)
[2015.09.07-19.34.43:801][816]LogModuleManager: Shutting down and abandoning module AIModule (123)
[2015.09.07-19.34.43:801][816]LogModuleManager: Shutting down and abandoning module ProfilerService (122)
[2015.09.07-19.34.43:888][816]LogModuleManager: Shutting down and abandoning module TaskGraph (121)
[2015.09.07-19.34.43:888][816]LogModuleManager: Shutting down and abandoning module SlateRemote (120)
[2015.09.07-19.34.43:888][816]LogModuleManager: Shutting down and abandoning module SteamVRController (119)
[2015.09.07-19.34.43:888][816]LogModuleManager: Shutting down and abandoning module SteamVR (118)
[2015.09.07-19.34.43:888][816]LogModuleManager: Shutting down and abandoning module ProceduralMeshComponent (117)
[2015.09.07-19.34.43:888][816]LogModuleManager: Shutting down and abandoning module OculusRift (116)
[2015.09.07-19.34.43:888][816]LogModuleManager: Shutting down and abandoning module OculusLibrary (115)
[2015.09.07-19.34.43:888][816]LogModuleManager: Shutting down and abandoning module LeapMotionController (114)
[2015.09.07-19.34.43:896][816]LogModuleManager: Shutting down and abandoning module CustomMeshComponent (113)
[2015.09.07-19.34.43:896][816]LogModuleManager: Shutting down and abandoning module CableComponent (112)
[2015.09.07-19.34.43:896][816]LogModuleManager: Shutting down and abandoning module ArchVisCharacter (111)
[2015.09.07-19.34.43:896][816]LogModuleManager: Shutting down and abandoning module MessagingDebugger (110)
[2015.09.07-19.34.43:896][816]LogModuleManager: Shutting down and abandoning module MediaPlayerEditor (109)
[2015.09.07-19.34.43:896][816]LogModuleManager: Shutting down and abandoning module HTML5Networking (108)
[2015.09.07-19.34.43:896][816]LogModuleManager: Shutting down and abandoning module SpeedTreeImporter (107)
[2015.09.07-19.34.43:896][816]LogModuleManager: Shutting down and abandoning module PluginBrowser (106)
[2015.09.07-19.34.43:896][816]LogModuleManager: Shutting down and abandoning module EpicSurvey (105)
[2015.09.07-19.34.43:896][816]LogModuleManager: Shutting down and abandoning module DesktopPlatform (104)
[2015.09.07-19.34.43:896][816]LogModuleManager: Shutting down and abandoning module VisualStudioSourceCodeAccess (103)
[2015.09.07-19.34.43:896][816]LogModuleManager: Shutting down and abandoning module UObjectPlugin (102)
[2015.09.07-19.34.43:896][816]LogModuleManager: Shutting down and abandoning module SubversionSourceControl (101)
[2015.09.07-19.34.43:896][816]LogModuleManager: Shutting down and abandoning module PerforceSourceControl (100)
[2015.09.07-19.34.43:896][816]LogModuleManager: Shutting down and abandoning module SourceControl (99)
[2015.09.07-19.34.43:896][816]LogModuleManager: Shutting down and abandoning module GitSourceControl (98)
[2015.09.07-19.34.43:896][816]LogModuleManager: Shutting down and abandoning module LightPropagationVolumeEditor (97)
[2015.09.07-19.34.43:896][816]LogModuleManager: Shutting down and abandoning module PaperTiledImporter (96)
[2015.09.07-19.34.43:896][816]LogModuleManager: Shutting down and abandoning module PaperSpriteSheetImporter (95)
[2015.09.07-19.34.43:896][816]LogModuleManager: Shutting down and abandoning module MeshPaint (94)
[2015.09.07-19.34.43:896][816]LogModuleManager: Shutting down and abandoning module SlateReflector (93)
[2015.09.07-19.34.43:896][816]LogModuleManager: Shutting down and abandoning module HotReload (92)
[2015.09.07-19.34.43:896][816]LogModuleManager: Shutting down and abandoning module MainFrame (91)
[2015.09.07-19.34.43:896][816]LogModuleManager: Shutting down and abandoning module LevelEditor (90)
[2015.09.07-19.34.43:897][816]LogModuleManager: Shutting down and abandoning module DirectoryWatcher (89)
[2015.09.07-19.34.43:898][816]LogModuleManager: Shutting down and abandoning module AssetRegistry (88)
[2015.09.07-19.34.44:010][816]LogModuleManager: Shutting down and abandoning module ContentBrowser (87)
[2015.09.07-19.34.44:011][816]LogModuleManager: Shutting down and abandoning module Paper2DEditor (86)
[2015.09.07-19.34.44:011][816]LogModuleManager: Shutting down and abandoning module UdpMessaging (85)
[2015.09.07-19.34.44:111][816]LogModuleManager: Shutting down and abandoning module LightPropagationVolumeRuntime (84)
[2015.09.07-19.34.44:111][816]LogModuleManager: Shutting down and abandoning module Paper2D (83)
[2015.09.07-19.34.44:111][816]LogModuleManager: Shutting down and abandoning module WindowsMoviePlayer (82)
[2015.09.07-19.34.44:114][816]LogModuleManager: Shutting down and abandoning module Media (81)
[2015.09.07-19.34.44:114][816]LogModuleManager: Shutting down and abandoning module WmfMedia (80)
[2015.09.07-19.34.44:115][816]LogModuleManager: Shutting down and abandoning module OnlineBlueprintSupport (79)
[2015.09.07-19.34.44:115][816]LogModuleManager: Shutting down and abandoning module GameplayTasksEditor (78)
[2015.09.07-19.34.44:115][816]LogModuleManager: Shutting down and abandoning module PropertyEditor (77)
[2015.09.07-19.34.44:115][816]LogModuleManager: Shutting down and abandoning module BehaviorTreeEditor (76)
[2015.09.07-19.34.44:115][816]LogModuleManager: Shutting down and abandoning module FunctionalTesting (75)
[2015.09.07-19.34.44:115][816]LogModuleManager: Shutting down and abandoning module CollisionAnalyzer (74)
[2015.09.07-19.34.44:115][816]LogModuleManager: Shutting down and abandoning module WorkspaceMenuStructure (73)
[2015.09.07-19.34.44:115][816]LogModuleManager: Shutting down and abandoning module MessageLog (72)
[2015.09.07-19.34.44:115][816]LogModuleManager: Shutting down and abandoning module Sequencer (71)
[2015.09.07-19.34.44:115][816]LogModuleManager: Shutting down and abandoning module AssetTools (70)
[2015.09.07-19.34.44:115][816]LogModuleManager: Shutting down and abandoning module UMGEditor (69)
[2015.09.07-19.34.44:115][816]LogModuleManager: Shutting down and abandoning module UMG (68)
[2015.09.07-19.34.44:115][816]LogModuleManager: Shutting down and abandoning module Slate (67)
[2015.09.07-19.34.44:115][816]LogModuleManager: Shutting down and abandoning module EditorStyle (66)
[2015.09.07-19.34.44:116][816]LogModuleManager: Shutting down and abandoning module SessionServices (65)
[2015.09.07-19.34.44:116][816]LogModuleManager: Shutting down and abandoning module SourceCodeAccess (64)
[2015.09.07-19.34.44:116][816]LogModuleManager: Shutting down and abandoning module HeadMountedDisplay (63)
[2015.09.07-19.34.44:116][816]LogModuleManager: Shutting down and abandoning module XAudio2 (62)
[2015.09.07-19.34.44:116][816]LogModuleManager: Shutting down and abandoning module Networking (60)
[2015.09.07-19.34.44:116][816]LogModuleManager: Shutting down and abandoning module Core (59)
[2015.09.07-19.34.44:116][816]LogModuleManager: Shutting down and abandoning module KismetCompiler (58)
[2015.09.07-19.34.44:116][816]LogModuleManager: Shutting down and abandoning module PhysXFormats (57)
[2015.09.07-19.34.44:116][816]LogModuleManager: Shutting down and abandoning module MeshUtilities (56)
[2015.09.07-19.34.44:116][816]LogModuleManager: Shutting down and abandoning module CookingStats (55)
[2015.09.07-19.34.44:117][816]LogModuleManager: Shutting down and abandoning module DerivedDataCache (54)
[2015.09.07-19.34.44:143][816]LogDerivedDataCache: Shutdown
[2015.09.07-19.34.44:143][816]LogModuleManager: Shutting down and abandoning module ShaderFormatOpenGL (53)
[2015.09.07-19.34.44:143][816]LogModuleManager: Shutting down and abandoning module ShaderFormatD3D (52)
[2015.09.07-19.34.44:143][816]LogModuleManager: Shutting down and abandoning module MetalShaderFormat (51)
[2015.09.07-19.34.44:143][816]LogModuleManager: Shutting down and abandoning module TextureFormatUncompressed (50)
[2015.09.07-19.34.44:143][816]LogModuleManager: Shutting down and abandoning module TextureFormatPVR (49)
[2015.09.07-19.34.44:143][816]LogModuleManager: Shutting down and abandoning module TextureFormatIntelISPCTexComp (48)
[2015.09.07-19.34.44:143][816]LogModuleManager: Shutting down and abandoning module TextureFormatDXT (47)
[2015.09.07-19.34.44:143][816]LogModuleManager: Shutting down and abandoning module ImageWrapper (46)
[2015.09.07-19.34.44:143][816]LogModuleManager: Shutting down and abandoning module TextureFormatASTC (45)
[2015.09.07-19.34.44:143][816]LogModuleManager: Shutting down and abandoning module TextureFormatAndroid (44)
[2015.09.07-19.34.44:143][816]LogModuleManager: Shutting down and abandoning module AudioFormatOpus (43)
[2015.09.07-19.34.44:143][816]LogModuleManager: Shutting down and abandoning module AudioFormatOgg (42)
[2015.09.07-19.34.44:143][816]LogModuleManager: Shutting down and abandoning module AudioFormatADPCM (41)
[2015.09.07-19.34.44:143][816]LogModuleManager: Shutting down and abandoning module LinuxTargetPlatform (40)
[2015.09.07-19.34.44:143][816]LogModuleManager: Shutting down and abandoning module LinuxServerTargetPlatform (39)
[2015.09.07-19.34.44:143][816]LogModuleManager: Shutting down and abandoning module LinuxNoEditorTargetPlatform (38)
[2015.09.07-19.34.44:143][816]LogModuleManager: Shutting down and abandoning module Messaging (37)
[2015.09.07-19.34.44:143][816]LogModuleManager: Shutting down and abandoning module IOSTargetPlatform (36)
[2015.09.07-19.34.44:143][816]LogModuleManager: Shutting down and abandoning module HTML5TargetPlatform (35)
[2015.09.07-19.34.44:143][816]LogModuleManager: Shutting down and abandoning module Android_PVRTCTargetPlatform (34)
[2015.09.07-19.34.44:143][816]LogModuleManager: Shutting down and abandoning module Android_ETC2TargetPlatform (33)
[2015.09.07-19.34.44:143][816]LogModuleManager: Shutting down and abandoning module Android_ETC1TargetPlatform (32)
[2015.09.07-19.34.44:143][816]LogModuleManager: Shutting down and abandoning module Android_DXTTargetPlatform (31)
[2015.09.07-19.34.44:143][816]LogModuleManager: Shutting down and abandoning module Android_ATCTargetPlatform (30)
[2015.09.07-19.34.44:143][816]LogModuleManager: Shutting down and abandoning module Android_ASTCTargetPlatform (29)
[2015.09.07-19.34.44:143][816]LogModuleManager: Shutting down and abandoning module AndroidTargetPlatform (28)
[2015.09.07-19.34.44:143][816]LogModuleManager: Shutting down and abandoning module WindowsTargetPlatform (27)
[2015.09.07-19.34.44:143][816]LogModuleManager: Shutting down and abandoning module WindowsServerTargetPlatform (26)
[2015.09.07-19.34.44:143][816]LogModuleManager: Shutting down and abandoning module WindowsNoEditorTargetPlatform (25)
[2015.09.07-19.34.44:143][816]LogModuleManager: Shutting down and abandoning module WindowsClientTargetPlatform (24)
[2015.09.07-19.34.44:143][816]LogModuleManager: Shutting down and abandoning module AllDesktopTargetPlatform (23)
[2015.09.07-19.34.44:143][816]LogModuleManager: Shutting down and abandoning module TargetPlatform (22)
[2015.09.07-19.34.44:143][816]LogModuleManager: Shutting down and abandoning module InputCore (21)
[2015.09.07-19.34.44:143][816]LogModuleManager: Shutting down and abandoning module Settings (20)
[2015.09.07-19.34.44:143][816]LogModuleManager: Shutting down and abandoning module OnlineSubsystem (18)
[2015.09.07-19.34.44:143][816]LogModuleManager: Shutting down and abandoning module HTTP (17)
[2015.09.07-19.34.45:143][816]LogModuleManager: Shutting down and abandoning module XMPP (16)
[2015.09.07-19.34.45:143][816]LogModuleManager: Shutting down and abandoning module ExampleDeviceProfileSelector (15)
[2015.09.07-19.34.45:143][816]LogModuleManager: Shutting down and abandoning module TextureCompressor (14)
[2015.09.07-19.34.45:143][816]LogModuleManager: Shutting down and abandoning module ShaderCore (13)
[2015.09.07-19.34.45:143][816]LogModuleManager: Shutting down and abandoning module Landscape (12)
[2015.09.07-19.34.45:143][816]LogModuleManager: Shutting down and abandoning module SlateRHIRenderer (11)
[2015.09.07-19.34.45:145][816]LogModuleManager: Shutting down and abandoning module OpenGLDrv (10)
[2015.09.07-19.34.45:145][816]LogModuleManager: Shutting down and abandoning module D3D11RHI (9)
[2015.09.07-19.34.45:145][816]LogModuleManager: Shutting down and abandoning module AnimGraphRuntime (8)
[2015.09.07-19.34.45:145][816]LogModuleManager: Shutting down and abandoning module Renderer (7)
[2015.09.07-19.34.45:145][816]LogModuleManager: Shutting down and abandoning module Engine (6)
[2015.09.07-19.34.45:145][816]LogModuleManager: Shutting down and abandoning module CoreUObject (5)
[2015.09.07-19.34.45:145][816]LogModuleManager: Shutting down and abandoning module NetworkFile (4)
[2015.09.07-19.34.45:145][816]LogModuleManager: Shutting down and abandoning module StreamingFile (3)
[2015.09.07-19.34.45:145][816]LogModuleManager: Shutting down and abandoning module SandboxFile (2)
[2015.09.07-19.34.45:145][816]LogModuleManager: Shutting down and abandoning module PakFile (1)
[2015.09.07-19.34.45:146][816]LogExit: Exiting.
[2015.09.07-19.34.45:147][816]Log file closed, 09/07/15 21:34:45
