[2015.09.08-05.56.19:326][  0]Log file open, 09/08/15 07:56:19
[2015.09.08-05.56.19:326][  0]LogInit:Display: Running engine for game: Project_ReSurvivor
[2015.09.08-05.56.19:326][  0]LogInit:Display: RandInit(336398367) SRandInit(336398367).
[2015.09.08-05.56.19:326][  0]LogTaskGraph: Started task graph with 4 named threads and 7 total threads.
[2015.09.08-05.56.19:326][  0]LogStats: Stats thread started at 0.083398
[2015.09.08-05.56.19:326][  0]LogInit: Version: 4.9.0-2672455+++depot+UE4-Releases+4.9
[2015.09.08-05.56.19:326][  0]LogInit: API Version: 2672455
[2015.09.08-05.56.19:326][  0]LogInit: Compiled (64-bit): Aug 28 2015 12:33:01
[2015.09.08-05.56.19:326][  0]LogInit: Compiled with Visual C++: 18.00.21005.01
[2015.09.08-05.56.19:326][  0]LogInit: Build Configuration: Development
[2015.09.08-05.56.19:326][  0]LogInit: Branch Name: ++depot+UE4-Releases+4.9
[2015.09.08-05.56.19:326][  0]LogInit: Command line:  
[2015.09.08-05.56.19:326][  0]LogInit: Base directory: C:/Program Files/Epic Games/4.9/Engine/Binaries/Win64/
[2015.09.08-05.56.19:326][  0]LogInit: Rocket: 1
[2015.09.08-05.56.19:334][  0]LogInit: Using libcurl 7.41.0
[2015.09.08-05.56.19:334][  0]LogInit:  - built for x86_64-pc-win32
[2015.09.08-05.56.19:334][  0]LogInit:  - supports SSL with WinSSL
[2015.09.08-05.56.19:334][  0]LogInit:  - other features:
[2015.09.08-05.56.19:334][  0]LogInit:      CURL_VERSION_SSL
[2015.09.08-05.56.19:334][  0]LogInit:      CURL_VERSION_IPV6
[2015.09.08-05.56.19:334][  0]LogInit:      CURL_VERSION_ASYNCHDNS
[2015.09.08-05.56.19:334][  0]LogInit:      CURL_VERSION_LARGEFILE
[2015.09.08-05.56.19:334][  0]LogInit:      CURL_VERSION_IDN
[2015.09.08-05.56.19:334][  0]LogInit:  CurlRequestOptions (configurable via config and command line):
[2015.09.08-05.56.19:334][  0]LogInit:  - bVerifyPeer = true  - Libcurl will verify peer certificate
[2015.09.08-05.56.19:334][  0]LogInit:  - bUseHttpProxy = false  - Libcurl will NOT use HTTP proxy
[2015.09.08-05.56.19:334][  0]LogInit:  - bDontReuseConnections = false  - Libcurl will reuse connections
[2015.09.08-05.56.19:334][  0]LogInit:  - CertBundlePath = nullptr  - Libcurl will use whatever was configured at build time.
[2015.09.08-05.56.19:339][  0]LogInit: Presizing for 0 objects not considered by GC, pre-allocating 0 bytes.
[2015.09.08-05.56.19:345][  0]LogInit: Object subsystem initialized
[2015.09.08-05.56.19:347][  0]LogInit: Selected Device Profile: [Windows]
[2015.09.08-05.56.19:347][  0]LogInit: Applying CVar settings loaded from the selected device profile: [Windows]
[2015.09.08-05.56.19:352][  0]LogInit: Computer: DAMIR-PC
[2015.09.08-05.56.19:352][  0]LogInit: User: Damir
[2015.09.08-05.56.19:352][  0]LogInit: CPU Page size=4096, Cores=4
[2015.09.08-05.56.19:352][  0]LogInit: High frequency timer resolution =3.320390 MHz
[2015.09.08-05.56.19:352][  0]LogMemory: Memory total: Physical=7.9GB (8GB approx)
[2015.09.08-05.56.19:352][  0]LogMemory: Platform Memory Stats for Windows
[2015.09.08-05.56.19:352][  0]LogMemory: Process Physical Memory: 54.10 MB used, 54.10 MB peak
[2015.09.08-05.56.19:352][  0]LogMemory: Process Virtual Memory: 56.34 MB used, 56.34 MB peak
[2015.09.08-05.56.19:352][  0]LogMemory: Physical Memory: 4134.36 MB used, 8136.55 MB total
[2015.09.08-05.56.19:352][  0]LogMemory: Virtual Memory: 336.11 MB used, 8388608.00 MB total
[2015.09.08-05.56.19:379][  0]LogTextLocalizationManager: No translations for ('de-DE') exist, falling back to 'en' for localization and internationalization data.
[2015.09.08-05.56.20:019][  0]LogD3D11RHI: Found D3D11 adapter 0: NVIDIA GeForce GTX 660   (Feature Level 11_0)
[2015.09.08-05.56.20:019][  0]LogD3D11RHI: Adapter has 1989MB of dedicated video memory, 0MB of dedicated system memory, and 2048MB of shared system memory, 1 output[s]
[2015.09.08-05.56.20:019][  0]LogD3D11RHI: Chosen D3D11 Adapter Id = 0
[2015.09.08-05.56.20:024][  0]LogD3D11RHI: !Direct3DDevice
[2015.09.08-05.56.20:024][  0]LogRHI: Texture pool is 1361 MB (70% of 1945 MB)
[2015.09.08-05.56.20:030][  0]LogD3D11RHI: Async texture creation enabled
[2015.09.08-05.56.20:042][  0]LogShaderCompilers: Guid format shader working directory is 15 characters bigger than the processId version (../../../../../../Users/Damir/Documents/GitHub/Project_ReSurvivor/Intermediate/Shaders/WorkingDirectory/1396/).
[2015.09.08-05.56.20:042][  0]LogShaderCompilers: Cleaned the shader compiler working directory '../../../../../../Users/Damir/Documents/GitHub/Project_ReSurvivor/Intermediate/Shaders/tmp/9286041E4BE2A760F95D2CB7D2C3981E/'.
[2015.09.08-05.56.20:042][  0]LogShaderCompilers:Display: Using Local Shader Compiler.
[2015.09.08-05.56.20:991][  0]LogTemp:Display: Loaded TP AllDesktopTargetPlatform
[2015.09.08-05.56.20:995][  0]LogTemp:Display: Loaded TP WindowsClientTargetPlatform
[2015.09.08-05.56.21:000][  0]LogTemp:Display: Loaded TP WindowsNoEditorTargetPlatform
[2015.09.08-05.56.21:004][  0]LogTemp:Display: Loaded TP WindowsServerTargetPlatform
[2015.09.08-05.56.21:008][  0]LogTemp:Display: Loaded TP WindowsTargetPlatform
[2015.09.08-05.56.21:011][  0]LogTemp:Display: Loaded TP AndroidTargetPlatform
[2015.09.08-05.56.21:014][  0]LogTemp:Display: Loaded TP Android_ASTCTargetPlatform
[2015.09.08-05.56.21:016][  0]LogTemp:Display: Loaded TP Android_ATCTargetPlatform
[2015.09.08-05.56.21:019][  0]LogTemp:Display: Loaded TP Android_DXTTargetPlatform
[2015.09.08-05.56.21:022][  0]LogTemp:Display: Loaded TP Android_ETC1TargetPlatform
[2015.09.08-05.56.21:025][  0]LogTemp:Display: Loaded TP Android_ETC2TargetPlatform
[2015.09.08-05.56.21:028][  0]LogTemp:Display: Loaded TP Android_PVRTCTargetPlatform
[2015.09.08-05.56.21:028][  0]LogTemp:Display: Loaded TP HTML5TargetPlatform
[2015.09.08-05.56.21:043][  0]LogTemp:Display: Loaded TP IOSTargetPlatform
[2015.09.08-05.56.21:045][  0]LogTemp:Display: Loaded TP LinuxNoEditorTargetPlatform
[2015.09.08-05.56.21:048][  0]LogTemp:Display: Loaded TP LinuxServerTargetPlatform
[2015.09.08-05.56.21:051][  0]LogTemp:Display: Loaded TP LinuxTargetPlatform
[2015.09.08-05.56.21:051][  0]LogTargetPlatformManager:Display: Building Assets For Windows
[2015.09.08-05.56.21:110][  0]LogDerivedDataCache:Display: Max Cache Size: 512 MB
[2015.09.08-05.56.21:147][  0]LogDerivedDataCache: Loaded boot cache 0.04s 41MB C:/Users/Damir/AppData/Local/UnrealEngine/4.9/DerivedDataCache/Boot.ddc.
[2015.09.08-05.56.21:147][  0]LogDerivedDataCache:Display: Loaded Boot cache: C:/Users/Damir/AppData/Local/UnrealEngine/4.9/DerivedDataCache/Boot.ddc
[2015.09.08-05.56.21:147][  0]LogDerivedDataCache: FDerivedDataBackendGraph:  Pak pak cache file ../../../../../../Users/Damir/Documents/GitHub/Project_ReSurvivor/DerivedDataCache/DDC.ddp not found, will not use a pak cache.
[2015.09.08-05.56.21:147][  0]LogDerivedDataCache: Unable to find inner node Pak for hierarchical cache Hierarchy.
[2015.09.08-05.56.21:147][  0]LogDerivedDataCache: FDerivedDataBackendGraph:  CompressedPak pak cache file ../../../../../../Users/Damir/Documents/GitHub/Project_ReSurvivor/DerivedDataCache/Compressed.ddp not found, will not use a pak cache.
[2015.09.08-05.56.21:147][  0]LogDerivedDataCache: Unable to find inner node CompressedPak for hierarchical cache Hierarchy.
[2015.09.08-05.56.21:273][  0]LogDerivedDataCache:Display: Pak cache opened for reading ../../../Engine/DerivedDataCache/Compressed.ddp.
[2015.09.08-05.56.21:284][  0]LogDerivedDataCache: Using Local data cache path C:/Users/Damir/AppData/Local/UnrealEngine/Common/DerivedDataCache: Writable
[2015.09.08-05.56.21:419][  0]LogInit: Selected Device Profile: [Windows]
[2015.09.08-05.56.21:419][  0]LogContentStreaming: Texture pool size is 0.000000MB
[2015.09.08-05.56.21:438][  0]LogMeshUtilities: No automatic mesh reduction module available
[2015.09.08-05.56.21:438][  0]LogMeshUtilities: No automatic mesh merging module available
[2015.09.08-05.56.21:729][  0]LogInit: WinSock: version 1.1 (2.2), MaxSocks=32767, MaxUdp=65467
[2015.09.08-05.56.22:242][  0]UdpMessaging: Initializing bridge on interface 0.0.0.0:0 to multicast group 230.0.0.1:6666.
[2015.09.08-05.56.22:368][  0]LogAssetRegistry: FAssetRegistry took 0.0114 seconds to start up
[2015.09.08-05.56.22:515][  0]SourceControl: Info Source control is disabled
[2015.09.08-05.56.22:519][  0]SourceControl: Info Source control is disabled
[2015.09.08-05.56.22:526][  0]SourceControl: Info Source control is disabled
[2015.09.08-05.56.22:533][  0]SourceControl: Info Source control is disabled
[2015.09.08-05.56.22:662][  0]LogLinker:Warning: Asset '../../../Engine/Plugins/Runtime/LeapMotionController/Content/LM_PassthroughMaterial.uasset' has been saved with empty engine version. The asset will be loaded but may be incompatible.
[2015.09.08-05.56.22:718][  0]LogObj: 28361 objects as part of root set at end of initial load.
[2015.09.08-05.56.22:718][  0]LogUObjectAllocator: 6038872 out of 0 bytes used by permanent object pool.
[2015.09.08-05.56.22:766][  0]LogEngine: Initializing Engine...
[2015.09.08-05.56.22:767][  0]LogHMD: Can't find Oculus library dev build: is proper Runtime installed? Version: 0.6.0.0
[2015.09.08-05.56.22:768][  0]LogHMD: SteamVR failed to initialize.  Err: 110
[2015.09.08-05.56.22:873][  0]LogAIModule: Creating AISystem for world NewWorld
[2015.09.08-05.56.22:876][  0]LogInit: XAudio2 using 'Speakers (Realtek High Definition Audio)' : 2 channels at 48 kHz using 32 bits per sample (channel mask 0x3)
[2015.09.08-05.56.22:898][  0]LogInit: FAudioDevice initialized.
[2015.09.08-05.56.22:920][  0]LogDerivedDataCache: Saved boot cache 0.02s 41MB C:/Users/Damir/AppData/Local/UnrealEngine/4.9/DerivedDataCache/Boot.ddc.
[2015.09.08-05.56.22:924][  0]LogInit: Texture streaming: Enabled
[2015.09.08-05.56.22:928][  0]LogAnalytics: Creating configured Analytics provider AnalyticsET
[2015.09.08-05.56.22:928][  0]LogAnalytics: [UEEditor.Rocket.Release] APIServer = http://et2.epicgames.com/ET2/. AppVersion = 4.9.0-2672455+++depot+UE4-Releases+4.9
[2015.09.08-05.56.22:928][  0]LogAnalytics: [UEEditor.Rocket.Release] SetUserId 823be5244adb21341b1538b68ee82034|51c2a24b0ca544adac8a22d4708797c6|ec4eac3e-148a-4a5a-9f28-33d773939611
[2015.09.08-05.56.22:928][  0]LogAnalytics: [UEEditor.Rocket.Release] AnalyticsET::StartSession
[2015.09.08-05.56.22:944][  0]LogInit: Transaction tracking system initialized
[2015.09.08-05.56.22:966][  0]BlueprintLog: New page: Editor Load
[2015.09.08-05.56.23:027][  0]LocalizationService: Info Localization service is disabled
[2015.09.08-05.56.23:087][  0]LogConsoleResponse:Display: 
[2015.09.08-05.56.23:170][  0]LogCook:Display: Done creating registry. It took  0.00s.
[2015.09.08-05.56.23:210][  0]SourceControl: Info Source control is disabled
[2015.09.08-05.56.23:211][  0]Cmd: MAP LOAD FILE="../../../../../../Users/Damir/Documents/GitHub/Project_ReSurvivor/Content/FirstPersonBP/Maps/FirstPersonExampleMap.umap" TEMPLATE=0 SHOWPROGRESS=1 FEATURELEVEL=3
[2015.09.08-05.56.23:211][  0]LightingResults: New page: Lighting Build
[2015.09.08-05.56.23:213][  0]MapCheck: New page: Map Check
[2015.09.08-05.56.23:213][  0]LightingResults: New page: Lighting Build
[2015.09.08-05.56.23:223][  0]LogParticles: Destroying 0 GPU particle simulations for FXSystem 0x000000002570E160
[2015.09.08-05.56.23:548][  0]LogBlueprint:Warning: [compiler ItemBaseClass_Actor] Warning Default Enum value 'ItemTypes' for class 'ItemBaseClass_Actor_C' is invalid in object 'Default__ItemBaseClass_Actor_C' 
[2015.09.08-05.56.23:548][  0]LogBlueprint:Warning: [compiler ItemBaseClass_Actor] Warning [0004.72] Compile of ItemBaseClass_Actor successful, but with 1 Warning(s) [in 3 ms]
[2015.09.08-05.56.23:548][  0]LogBlueprint:Warning: [compiler ItemBaseClass_Actor] Warning [0004.72] Compile of ItemBaseClass_Actor successful, but with 2 Warning(s) [in 0 ms]
[2015.09.08-05.56.23:548][  0]LogBlueprint:Warning: [compiler ItemBaseClass_Actor] Warning [0004.72] Compile of ItemBaseClass_Actor successful, but with 3 Warning(s) [in 0 ms]
[2015.09.08-05.56.23:889][  0]LogLinker:Warning: CreateExport: Failed to load Parent for Function /Game/Placeholder_Assets/Actors/FirstAidSpary_Actor.FirstAidSpary_Actor_C:UserConstructionScript; removing parent information, but keeping function
[2015.09.08-05.56.23:895][  0]LogLinker:Warning: CreateExport: Failed to load Parent for Function /Game/Placeholder_Assets/Actors/HandgunA_Actor.HandgunA_Actor_C:UserConstructionScript; removing parent information, but keeping function
[2015.09.08-05.56.23:902][  0]LogLinker:Warning: CreateExport: Failed to load Parent for Function /Game/Placeholder_Assets/Actors/Shotgun_Actor.Shotgun_Actor_C:UserConstructionScript; removing parent information, but keeping function
[2015.09.08-05.56.23:907][  0]LogLinker:Warning: CreateExport: Failed to load Parent for Function /Game/Placeholder_Assets/Actors/ShotgunShells_Actor.ShotgunShells_Actor_C:UserConstructionScript; removing parent information, but keeping function
[2015.09.08-05.56.24:166][  0]LogAIModule: Creating AISystem for world FirstPersonExampleMap
[2015.09.08-05.56.24:183][  0]LogEditorServer: Finished looking for orphan Actors (0.000 secs)
[2015.09.08-05.56.24:184][  0]Cmd: MAP CHECKDEP NOCLEARLOG
[2015.09.08-05.56.24:219][  0]MapCheck: Info Map check complete: 0 Error(s), 0 Warning(s), took 35.386ms to complete.
[2015.09.08-05.56.24:219][  0]LogFileHelpers: Loading map 'FirstPersonExampleMap' took 1.009
[2015.09.08-05.56.24:299][  0]LogCollectionManager: Loaded 0 collections in 0.001681 seconds
[2015.09.08-05.56.24:336][  0]LogFileCache: Scanning file cache for directory 'C:/Users/Damir/Documents/GitHub/Project_ReSurvivor/Saved/Collections/' took 0.01s
[2015.09.08-05.56.24:336][  0]LogFileCache: Scanning file cache for directory 'C:/Users/Damir/Documents/GitHub/Project_ReSurvivor/Content/Developers/Damir/Collections/' took 0.01s
[2015.09.08-05.56.24:336][  0]LogFileCache: Scanning file cache for directory 'C:/Users/Damir/Documents/GitHub/Project_ReSurvivor/Content/Collections/' took 0.01s
[2015.09.08-05.56.24:336][  0]LogContentBrowser: Native class hierarchy populated in 0.0060 seconds. Added 1867 classes and 333 folders.
[2015.09.08-05.56.24:340][  0]LogCollectionManager: Rebuilt the GUID cache for 0 collections in 0.000002 seconds
[2015.09.08-05.56.24:345][  0]LogContentBrowser: Native class hierarchy updated for 'WidgetCarousel' in 0.0002 seconds. Added 0 classes and 0 folders.
[2015.09.08-05.56.24:374][  0]LogContentBrowser: Native class hierarchy updated for 'AddContentDialog' in 0.0003 seconds. Added 0 classes and 0 folders.
[2015.09.08-05.56.24:382][  0]LogContentBrowser: Native class hierarchy updated for 'SceneOutliner' in 0.0003 seconds. Added 1 classes and 2 folders.
[2015.09.08-05.56.24:404][  0]LogCrashTracker: Crashtracker disabled due to settings.
[2015.09.08-05.56.24:406][  0]LogUObjectGlobals:Warning: Failed to find object 'Class None.'
[2015.09.08-05.56.24:427][  0]LogLoad: Full Startup: 5.60 seconds (BP compile: 0.25 seconds)
[2015.09.08-05.56.24:439][  0]LoadErrors:Error: Error /Game/Blueprints/Widgets/Menu_Widget : Failed import for ObjectProperty /Game/Blueprints/Widgets/InventorySlot_Widget.InventorySlot_Widget_C:Item
[2015.09.08-05.56.24:439][  0]LoadErrors:Error: Error /Game/Blueprints/Widgets/Menu_Widget : Failed import for ObjectProperty /Game/Blueprints/Widgets/InventorySlot_Widget.InventorySlot_Widget_C:ItemName_Text
[2015.09.08-05.56.24:481][  0]LogContentStreaming: Texture pool size now 700 MB
[2015.09.08-05.56.24:578][  0]LogRenderer: Reallocating scene render targets to support 1208x576 (Frame:2).
[2015.09.08-05.56.24:856][  5]LogAssetRegistry: Asset discovery search completed in 2.4997 seconds
[2015.09.08-05.56.24:856][  5]LogCollectionManager: Rebuilt the object cache for 0 collections in 0.000001 seconds (found 0 objects)
[2015.09.08-05.56.24:856][  5]LogCollectionManager: Fixed up redirectors for 0 collections in 0.000060 seconds (updated 0 objects)
[2015.09.08-05.56.31:479][741]Cmd: QUIT_EDITOR
[2015.09.08-05.56.31:793][741]LogExit: Preparing to exit.
[2015.09.08-05.56.32:291][741]LogExit: Editor shut down
[2015.09.08-05.56.32:291][741]LogExit: Transaction tracking system shut down
[2015.09.08-05.56.32:294][741]LogParticles: Destroying 0 GPU particle simulations for FXSystem 0x000000002D0C51C0
[2015.09.08-05.56.32:294][741]LogParticles: Destroying 0 GPU particle simulations for FXSystem 0x000000003241D9E0
[2015.09.08-05.56.32:294][741]LogParticles: Destroying 0 GPU particle simulations for FXSystem 0x000000002DA9F100
[2015.09.08-05.56.32:294][741]LogParticles: Destroying 0 GPU particle simulations for FXSystem 0x0000000045FA4860
[2015.09.08-05.56.32:401][741]LogExit: Object subsystem successfully closed.
[2015.09.08-05.56.32:418][741]LogD3D11RHI: Shutdown
[2015.09.08-05.56.32:418][741]LogD3D11RHI: CleanupD3DDevice
[2015.09.08-05.56.32:448][741]LogD3D11RHI: ~FD3D11DynamicRHI
[2015.09.08-05.56.32:460][741]LogModuleManager: Shutting down and abandoning module CrashTracker (197)
[2015.09.08-05.56.32:460][741]LogModuleManager: Shutting down and abandoning module SceneOutliner (196)
[2015.09.08-05.56.32:460][741]LogModuleManager: Shutting down and abandoning module SuperSearch (195)
[2015.09.08-05.56.32:460][741]LogModuleManager: Shutting down and abandoning module WidgetCarousel (194)
[2015.09.08-05.56.32:460][741]LogModuleManager: Shutting down and abandoning module AddContentDialog (193)
[2015.09.08-05.56.32:460][741]LogModuleManager: Shutting down and abandoning module EditorWidgets (192)
[2015.09.08-05.56.32:460][741]LogModuleManager: Shutting down and abandoning module CollectionManager (191)
[2015.09.08-05.56.32:461][741]LogModuleManager: Shutting down and abandoning module StatsViewer (190)
[2015.09.08-05.56.32:461][741]LogModuleManager: Shutting down and abandoning module FoliageEdit (189)
[2015.09.08-05.56.32:461][741]LogModuleManager: Shutting down and abandoning module LandscapeEditor (188)
[2015.09.08-05.56.32:461][741]LogModuleManager: Shutting down and abandoning module ActorPickerMode (187)
[2015.09.08-05.56.32:461][741]LogModuleManager: Shutting down and abandoning module GeometryMode (186)
[2015.09.08-05.56.32:461][741]LogModuleManager: Shutting down and abandoning module TextureAlignMode (185)
[2015.09.08-05.56.32:461][741]LogModuleManager: Shutting down and abandoning module BspMode (184)
[2015.09.08-05.56.32:461][741]LogModuleManager: Shutting down and abandoning module PlacementMode (183)
[2015.09.08-05.56.32:461][741]LogModuleManager: Shutting down and abandoning module AutomationWorker (182)
[2015.09.08-05.56.32:461][741]LogModuleManager: Shutting down and abandoning module CharacterAI (181)
[2015.09.08-05.56.32:461][741]LogModuleManager: Shutting down and abandoning module SmartSnapping (180)
[2015.09.08-05.56.32:461][741]LogModuleManager: Shutting down and abandoning module ViewportSnapping (179)
[2015.09.08-05.56.32:461][741]LogModuleManager: Shutting down and abandoning module LogVisualizer (178)
[2015.09.08-05.56.32:461][741]LogModuleManager: Shutting down and abandoning module GameProjectGeneration (177)
[2015.09.08-05.56.32:461][741]LogModuleManager: Shutting down and abandoning module IntroTutorials (176)
[2015.09.08-05.56.32:461][741]LogModuleManager: Shutting down and abandoning module EditorLiveStreaming (175)
[2015.09.08-05.56.32:461][741]LogModuleManager: Shutting down and abandoning module IOSPlatformEditor (174)
[2015.09.08-05.56.32:461][741]LogModuleManager: Shutting down and abandoning module HTML5PlatformEditor (173)
[2015.09.08-05.56.32:461][741]LogModuleManager: Shutting down and abandoning module AndroidDeviceDetection (172)
[2015.09.08-05.56.33:061][741]LogModuleManager: Shutting down and abandoning module AndroidPlatformEditor (171)
[2015.09.08-05.56.33:061][741]LogModuleManager: Shutting down and abandoning module IOSRuntimeSettings (170)
[2015.09.08-05.56.33:061][741]LogModuleManager: Shutting down and abandoning module AndroidRuntimeSettings (169)
[2015.09.08-05.56.33:061][741]LogModuleManager: Shutting down and abandoning module MergeActors (168)
[2015.09.08-05.56.33:061][741]LogModuleManager: Shutting down and abandoning module SizeMap (167)
[2015.09.08-05.56.33:061][741]LogModuleManager: Shutting down and abandoning module TreeMap (166)
[2015.09.08-05.56.33:061][741]LogModuleManager: Shutting down and abandoning module ReferenceViewer (165)
[2015.09.08-05.56.33:061][741]LogModuleManager: Shutting down and abandoning module LocalizationService (164)
[2015.09.08-05.56.33:061][741]LogModuleManager: Shutting down and abandoning module LocalizationDashboard (163)
[2015.09.08-05.56.33:061][741]LogModuleManager: Shutting down and abandoning module HardwareTargeting (162)
[2015.09.08-05.56.33:062][741]LogModuleManager: Shutting down and abandoning module DeviceProfileEditor (161)
[2015.09.08-05.56.33:062][741]LogModuleManager: Shutting down and abandoning module UndoHistory (160)
[2015.09.08-05.56.33:062][741]LogModuleManager: Shutting down and abandoning module GameplayTagsEditor (159)
[2015.09.08-05.56.33:062][741]LogModuleManager: Shutting down and abandoning module UserFeedback (158)
[2015.09.08-05.56.33:062][741]LogModuleManager: Shutting down and abandoning module XmlParser (157)
[2015.09.08-05.56.33:062][741]LogModuleManager: Shutting down and abandoning module Blutility (156)
[2015.09.08-05.56.33:062][741]LogModuleManager: Shutting down and abandoning module ProjectTargetPlatformEditor (155)
[2015.09.08-05.56.33:062][741]LogModuleManager: Shutting down and abandoning module ProjectSettingsViewer (154)
[2015.09.08-05.56.33:062][741]LogModuleManager: Shutting down and abandoning module InputBindingEditor (153)
[2015.09.08-05.56.33:062][741]LogModuleManager: Shutting down and abandoning module EditorSettingsViewer (152)
[2015.09.08-05.56.33:062][741]LogModuleManager: Shutting down and abandoning module SettingsEditor (151)
[2015.09.08-05.56.33:063][741]LogModuleManager: Shutting down and abandoning module ProjectLauncher (150)
[2015.09.08-05.56.33:063][741]LogModuleManager: Shutting down and abandoning module SessionFrontend (149)
[2015.09.08-05.56.33:063][741]LogModuleManager: Shutting down and abandoning module ProfilerClient (148)
[2015.09.08-05.56.33:063][741]LogModuleManager: Shutting down and abandoning module TargetDeviceServices (147)
[2015.09.08-05.56.33:063][741]LogModuleManager: Shutting down and abandoning module DeviceManager (146)
[2015.09.08-05.56.33:063][741]LogModuleManager: Shutting down and abandoning module AutomationController (145)
[2015.09.08-05.56.33:063][741]LogModuleManager: Shutting down and abandoning module AutomationWindow (144)
[2015.09.08-05.56.33:063][741]LogModuleManager: Shutting down and abandoning module Layers (143)
[2015.09.08-05.56.33:063][741]LogModuleManager: Shutting down and abandoning module ComponentVisualizers (142)
[2015.09.08-05.56.33:063][741]LogModuleManager: Shutting down and abandoning module DetailCustomizations (141)
[2015.09.08-05.56.33:063][741]LogModuleManager: Shutting down and abandoning module PackagesDialog (140)
[2015.09.08-05.56.33:064][741]LogModuleManager: Shutting down and abandoning module Persona (139)
[2015.09.08-05.56.33:064][741]LogModuleManager: Shutting down and abandoning module Kismet (138)
[2015.09.08-05.56.33:064][741]LogModuleManager: Shutting down and abandoning module GraphEditor (137)
[2015.09.08-05.56.33:064][741]LogModuleManager: Shutting down and abandoning module ClassViewer (136)
[2015.09.08-05.56.33:064][741]LogModuleManager: Shutting down and abandoning module Toolbox (135)
[2015.09.08-05.56.33:064][741]LogModuleManager: Shutting down and abandoning module ModuleUI (134)
[2015.09.08-05.56.33:064][741]LogModuleManager: Shutting down and abandoning module MovieSceneTools (133)
[2015.09.08-05.56.33:064][741]LogModuleManager: Shutting down and abandoning module OutputLog (132)
[2015.09.08-05.56.33:064][741]LogModuleManager: Shutting down and abandoning module GammaUI (131)
[2015.09.08-05.56.33:064][741]LogModuleManager: Shutting down and abandoning module Documentation (130)
[2015.09.08-05.56.33:064][741]LogModuleManager: Shutting down and abandoning module GameLiveStreaming (129)
[2015.09.08-05.56.33:064][741]LogModuleManager: Shutting down and abandoning module StreamingPauseRendering (128)
[2015.09.08-05.56.33:064][741]LogModuleManager: Shutting down and abandoning module AnalyticsET (127)
[2015.09.08-05.56.33:064][741]LogModuleManager: Shutting down and abandoning module Analytics (126)
[2015.09.08-05.56.33:064][741]LogModuleManager: Shutting down and abandoning module AITestSuite (125)
[2015.09.08-05.56.33:064][741]LogModuleManager: Shutting down and abandoning module GameplayDebugger (124)
[2015.09.08-05.56.33:064][741]LogModuleManager: Shutting down and abandoning module AIModule (123)
[2015.09.08-05.56.33:065][741]LogModuleManager: Shutting down and abandoning module ProfilerService (122)
[2015.09.08-05.56.33:245][741]LogModuleManager: Shutting down and abandoning module TaskGraph (121)
[2015.09.08-05.56.33:245][741]LogModuleManager: Shutting down and abandoning module SlateRemote (120)
[2015.09.08-05.56.33:245][741]LogModuleManager: Shutting down and abandoning module SteamVRController (119)
[2015.09.08-05.56.33:245][741]LogModuleManager: Shutting down and abandoning module SteamVR (118)
[2015.09.08-05.56.33:245][741]LogModuleManager: Shutting down and abandoning module ProceduralMeshComponent (117)
[2015.09.08-05.56.33:245][741]LogModuleManager: Shutting down and abandoning module OculusRift (116)
[2015.09.08-05.56.33:245][741]LogModuleManager: Shutting down and abandoning module OculusLibrary (115)
[2015.09.08-05.56.33:245][741]LogModuleManager: Shutting down and abandoning module LeapMotionController (114)
[2015.09.08-05.56.33:273][741]LogModuleManager: Shutting down and abandoning module CustomMeshComponent (113)
[2015.09.08-05.56.33:273][741]LogModuleManager: Shutting down and abandoning module CableComponent (112)
[2015.09.08-05.56.33:273][741]LogModuleManager: Shutting down and abandoning module ArchVisCharacter (111)
[2015.09.08-05.56.33:273][741]LogModuleManager: Shutting down and abandoning module MessagingDebugger (110)
[2015.09.08-05.56.33:273][741]LogModuleManager: Shutting down and abandoning module MediaPlayerEditor (109)
[2015.09.08-05.56.33:273][741]LogModuleManager: Shutting down and abandoning module HTML5Networking (108)
[2015.09.08-05.56.33:273][741]LogModuleManager: Shutting down and abandoning module SpeedTreeImporter (107)
[2015.09.08-05.56.33:273][741]LogModuleManager: Shutting down and abandoning module PluginBrowser (106)
[2015.09.08-05.56.33:274][741]LogModuleManager: Shutting down and abandoning module EpicSurvey (105)
[2015.09.08-05.56.33:274][741]LogModuleManager: Shutting down and abandoning module DesktopPlatform (104)
[2015.09.08-05.56.33:274][741]LogModuleManager: Shutting down and abandoning module VisualStudioSourceCodeAccess (103)
[2015.09.08-05.56.33:274][741]LogModuleManager: Shutting down and abandoning module UObjectPlugin (102)
[2015.09.08-05.56.33:274][741]LogModuleManager: Shutting down and abandoning module SubversionSourceControl (101)
[2015.09.08-05.56.33:274][741]LogModuleManager: Shutting down and abandoning module PerforceSourceControl (100)
[2015.09.08-05.56.33:274][741]LogModuleManager: Shutting down and abandoning module SourceControl (99)
[2015.09.08-05.56.33:274][741]LogModuleManager: Shutting down and abandoning module GitSourceControl (98)
[2015.09.08-05.56.33:274][741]LogModuleManager: Shutting down and abandoning module LightPropagationVolumeEditor (97)
[2015.09.08-05.56.33:274][741]LogModuleManager: Shutting down and abandoning module PaperTiledImporter (96)
[2015.09.08-05.56.33:274][741]LogModuleManager: Shutting down and abandoning module PaperSpriteSheetImporter (95)
[2015.09.08-05.56.33:274][741]LogModuleManager: Shutting down and abandoning module MeshPaint (94)
[2015.09.08-05.56.33:274][741]LogModuleManager: Shutting down and abandoning module SlateReflector (93)
[2015.09.08-05.56.33:274][741]LogModuleManager: Shutting down and abandoning module HotReload (92)
[2015.09.08-05.56.33:274][741]LogModuleManager: Shutting down and abandoning module MainFrame (91)
[2015.09.08-05.56.33:274][741]LogModuleManager: Shutting down and abandoning module LevelEditor (90)
[2015.09.08-05.56.33:277][741]LogModuleManager: Shutting down and abandoning module DirectoryWatcher (89)
[2015.09.08-05.56.33:277][741]LogModuleManager: Shutting down and abandoning module AssetRegistry (88)
[2015.09.08-05.56.33:369][741]LogModuleManager: Shutting down and abandoning module ContentBrowser (87)
[2015.09.08-05.56.33:370][741]LogModuleManager: Shutting down and abandoning module Paper2DEditor (86)
[2015.09.08-05.56.33:370][741]LogModuleManager: Shutting down and abandoning module UdpMessaging (85)
[2015.09.08-05.56.33:470][741]LogModuleManager: Shutting down and abandoning module LightPropagationVolumeRuntime (84)
[2015.09.08-05.56.33:470][741]LogModuleManager: Shutting down and abandoning module Paper2D (83)
[2015.09.08-05.56.33:470][741]LogModuleManager: Shutting down and abandoning module WindowsMoviePlayer (82)
[2015.09.08-05.56.33:479][741]LogModuleManager: Shutting down and abandoning module Media (81)
[2015.09.08-05.56.33:479][741]LogModuleManager: Shutting down and abandoning module WmfMedia (80)
[2015.09.08-05.56.33:479][741]LogModuleManager: Shutting down and abandoning module OnlineBlueprintSupport (79)
[2015.09.08-05.56.33:479][741]LogModuleManager: Shutting down and abandoning module GameplayTasksEditor (78)
[2015.09.08-05.56.33:479][741]LogModuleManager: Shutting down and abandoning module PropertyEditor (77)
[2015.09.08-05.56.33:479][741]LogModuleManager: Shutting down and abandoning module BehaviorTreeEditor (76)
[2015.09.08-05.56.33:479][741]LogModuleManager: Shutting down and abandoning module FunctionalTesting (75)
[2015.09.08-05.56.33:479][741]LogModuleManager: Shutting down and abandoning module CollisionAnalyzer (74)
[2015.09.08-05.56.33:479][741]LogModuleManager: Shutting down and abandoning module WorkspaceMenuStructure (73)
[2015.09.08-05.56.33:479][741]LogModuleManager: Shutting down and abandoning module MessageLog (72)
[2015.09.08-05.56.33:479][741]LogModuleManager: Shutting down and abandoning module Sequencer (71)
[2015.09.08-05.56.33:480][741]LogModuleManager: Shutting down and abandoning module AssetTools (70)
[2015.09.08-05.56.33:480][741]LogModuleManager: Shutting down and abandoning module UMGEditor (69)
[2015.09.08-05.56.33:480][741]LogModuleManager: Shutting down and abandoning module UMG (68)
[2015.09.08-05.56.33:480][741]LogModuleManager: Shutting down and abandoning module Slate (67)
[2015.09.08-05.56.33:480][741]LogModuleManager: Shutting down and abandoning module EditorStyle (66)
[2015.09.08-05.56.33:486][741]LogModuleManager: Shutting down and abandoning module SessionServices (65)
[2015.09.08-05.56.33:486][741]LogModuleManager: Shutting down and abandoning module SourceCodeAccess (64)
[2015.09.08-05.56.33:486][741]LogModuleManager: Shutting down and abandoning module HeadMountedDisplay (63)
[2015.09.08-05.56.33:486][741]LogModuleManager: Shutting down and abandoning module XAudio2 (62)
[2015.09.08-05.56.33:486][741]LogModuleManager: Shutting down and abandoning module Networking (60)
[2015.09.08-05.56.33:486][741]LogModuleManager: Shutting down and abandoning module Core (59)
[2015.09.08-05.56.33:486][741]LogModuleManager: Shutting down and abandoning module KismetCompiler (58)
[2015.09.08-05.56.33:486][741]LogModuleManager: Shutting down and abandoning module PhysXFormats (57)
[2015.09.08-05.56.33:486][741]LogModuleManager: Shutting down and abandoning module MeshUtilities (56)
[2015.09.08-05.56.33:486][741]LogModuleManager: Shutting down and abandoning module CookingStats (55)
[2015.09.08-05.56.33:488][741]LogModuleManager: Shutting down and abandoning module DerivedDataCache (54)
[2015.09.08-05.56.33:775][741]LogDerivedDataCache: Shutdown
[2015.09.08-05.56.33:775][741]LogModuleManager: Shutting down and abandoning module ShaderFormatOpenGL (53)
[2015.09.08-05.56.33:775][741]LogModuleManager: Shutting down and abandoning module ShaderFormatD3D (52)
[2015.09.08-05.56.33:775][741]LogModuleManager: Shutting down and abandoning module MetalShaderFormat (51)
[2015.09.08-05.56.33:775][741]LogModuleManager: Shutting down and abandoning module TextureFormatUncompressed (50)
[2015.09.08-05.56.33:775][741]LogModuleManager: Shutting down and abandoning module TextureFormatPVR (49)
[2015.09.08-05.56.33:776][741]LogModuleManager: Shutting down and abandoning module TextureFormatIntelISPCTexComp (48)
[2015.09.08-05.56.33:776][741]LogModuleManager: Shutting down and abandoning module TextureFormatDXT (47)
[2015.09.08-05.56.33:776][741]LogModuleManager: Shutting down and abandoning module ImageWrapper (46)
[2015.09.08-05.56.33:776][741]LogModuleManager: Shutting down and abandoning module TextureFormatASTC (45)
[2015.09.08-05.56.33:776][741]LogModuleManager: Shutting down and abandoning module TextureFormatAndroid (44)
[2015.09.08-05.56.33:776][741]LogModuleManager: Shutting down and abandoning module AudioFormatOpus (43)
[2015.09.08-05.56.33:776][741]LogModuleManager: Shutting down and abandoning module AudioFormatOgg (42)
[2015.09.08-05.56.33:776][741]LogModuleManager: Shutting down and abandoning module AudioFormatADPCM (41)
[2015.09.08-05.56.33:776][741]LogModuleManager: Shutting down and abandoning module LinuxTargetPlatform (40)
[2015.09.08-05.56.33:776][741]LogModuleManager: Shutting down and abandoning module LinuxServerTargetPlatform (39)
[2015.09.08-05.56.33:776][741]LogModuleManager: Shutting down and abandoning module LinuxNoEditorTargetPlatform (38)
[2015.09.08-05.56.33:776][741]LogModuleManager: Shutting down and abandoning module Messaging (37)
[2015.09.08-05.56.33:776][741]LogModuleManager: Shutting down and abandoning module IOSTargetPlatform (36)
[2015.09.08-05.56.33:776][741]LogModuleManager: Shutting down and abandoning module HTML5TargetPlatform (35)
[2015.09.08-05.56.33:776][741]LogModuleManager: Shutting down and abandoning module Android_PVRTCTargetPlatform (34)
[2015.09.08-05.56.33:776][741]LogModuleManager: Shutting down and abandoning module Android_ETC2TargetPlatform (33)
[2015.09.08-05.56.33:776][741]LogModuleManager: Shutting down and abandoning module Android_ETC1TargetPlatform (32)
[2015.09.08-05.56.33:776][741]LogModuleManager: Shutting down and abandoning module Android_DXTTargetPlatform (31)
[2015.09.08-05.56.33:776][741]LogModuleManager: Shutting down and abandoning module Android_ATCTargetPlatform (30)
[2015.09.08-05.56.33:776][741]LogModuleManager: Shutting down and abandoning module Android_ASTCTargetPlatform (29)
[2015.09.08-05.56.33:776][741]LogModuleManager: Shutting down and abandoning module AndroidTargetPlatform (28)
[2015.09.08-05.56.33:776][741]LogModuleManager: Shutting down and abandoning module WindowsTargetPlatform (27)
[2015.09.08-05.56.33:776][741]LogModuleManager: Shutting down and abandoning module WindowsServerTargetPlatform (26)
[2015.09.08-05.56.33:776][741]LogModuleManager: Shutting down and abandoning module WindowsNoEditorTargetPlatform (25)
[2015.09.08-05.56.33:776][741]LogModuleManager: Shutting down and abandoning module WindowsClientTargetPlatform (24)
[2015.09.08-05.56.33:776][741]LogModuleManager: Shutting down and abandoning module AllDesktopTargetPlatform (23)
[2015.09.08-05.56.33:776][741]LogModuleManager: Shutting down and abandoning module TargetPlatform (22)
[2015.09.08-05.56.33:777][741]LogModuleManager: Shutting down and abandoning module InputCore (21)
[2015.09.08-05.56.33:777][741]LogModuleManager: Shutting down and abandoning module Settings (20)
[2015.09.08-05.56.33:777][741]LogModuleManager: Shutting down and abandoning module OnlineSubsystem (18)
[2015.09.08-05.56.33:777][741]LogModuleManager: Shutting down and abandoning module HTTP (17)
[2015.09.08-05.56.35:778][741]LogModuleManager: Shutting down and abandoning module XMPP (16)
[2015.09.08-05.56.35:778][741]LogModuleManager: Shutting down and abandoning module ExampleDeviceProfileSelector (15)
[2015.09.08-05.56.35:778][741]LogModuleManager: Shutting down and abandoning module TextureCompressor (14)
[2015.09.08-05.56.35:778][741]LogModuleManager: Shutting down and abandoning module ShaderCore (13)
[2015.09.08-05.56.35:779][741]LogModuleManager: Shutting down and abandoning module Landscape (12)
[2015.09.08-05.56.35:779][741]LogModuleManager: Shutting down and abandoning module SlateRHIRenderer (11)
[2015.09.08-05.56.35:780][741]LogModuleManager: Shutting down and abandoning module OpenGLDrv (10)
[2015.09.08-05.56.35:780][741]LogModuleManager: Shutting down and abandoning module D3D11RHI (9)
[2015.09.08-05.56.35:780][741]LogModuleManager: Shutting down and abandoning module AnimGraphRuntime (8)
[2015.09.08-05.56.35:780][741]LogModuleManager: Shutting down and abandoning module Renderer (7)
[2015.09.08-05.56.35:780][741]LogModuleManager: Shutting down and abandoning module Engine (6)
[2015.09.08-05.56.35:780][741]LogModuleManager: Shutting down and abandoning module CoreUObject (5)
[2015.09.08-05.56.35:780][741]LogModuleManager: Shutting down and abandoning module NetworkFile (4)
[2015.09.08-05.56.35:780][741]LogModuleManager: Shutting down and abandoning module StreamingFile (3)
[2015.09.08-05.56.35:780][741]LogModuleManager: Shutting down and abandoning module SandboxFile (2)
[2015.09.08-05.56.35:780][741]LogModuleManager: Shutting down and abandoning module PakFile (1)
[2015.09.08-05.56.35:781][741]LogExit: Exiting.
[2015.09.08-05.56.35:785][741]Log file closed, 09/08/15 07:56:35
