[2015.09.16-19.43.18:053][  0]Log file open, 09/16/15 21:43:18
[2015.09.16-19.43.18:053][  0]LogInit:Display: Running engine for game: Project_ReSurvivor
[2015.09.16-19.43.18:053][  0]LogInit:Display: RandInit(262053004) SRandInit(262053004).
[2015.09.16-19.43.18:053][  0]LogTaskGraph: Started task graph with 4 named threads and 7 total threads.
[2015.09.16-19.43.18:053][  0]LogStats: Stats thread started at 0.064889
[2015.09.16-19.43.18:053][  0]LogInit: Version: 4.9.0-2672455+++depot+UE4-Releases+4.9
[2015.09.16-19.43.18:053][  0]LogInit: API Version: 2672455
[2015.09.16-19.43.18:053][  0]LogInit: Compiled (64-bit): Aug 28 2015 12:33:01
[2015.09.16-19.43.18:053][  0]LogInit: Compiled with Visual C++: 18.00.21005.01
[2015.09.16-19.43.18:053][  0]LogInit: Build Configuration: Development
[2015.09.16-19.43.18:053][  0]LogInit: Branch Name: ++depot+UE4-Releases+4.9
[2015.09.16-19.43.18:053][  0]LogInit: Command line:  
[2015.09.16-19.43.18:053][  0]LogInit: Base directory: C:/Program Files/Epic Games/4.9/Engine/Binaries/Win64/
[2015.09.16-19.43.18:053][  0]LogInit: Rocket: 1
[2015.09.16-19.43.18:063][  0]LogInit: Using libcurl 7.41.0
[2015.09.16-19.43.18:063][  0]LogInit:  - built for x86_64-pc-win32
[2015.09.16-19.43.18:063][  0]LogInit:  - supports SSL with WinSSL
[2015.09.16-19.43.18:063][  0]LogInit:  - other features:
[2015.09.16-19.43.18:063][  0]LogInit:      CURL_VERSION_SSL
[2015.09.16-19.43.18:063][  0]LogInit:      CURL_VERSION_IPV6
[2015.09.16-19.43.18:063][  0]LogInit:      CURL_VERSION_ASYNCHDNS
[2015.09.16-19.43.18:063][  0]LogInit:      CURL_VERSION_LARGEFILE
[2015.09.16-19.43.18:063][  0]LogInit:      CURL_VERSION_IDN
[2015.09.16-19.43.18:063][  0]LogInit:  CurlRequestOptions (configurable via config and command line):
[2015.09.16-19.43.18:063][  0]LogInit:  - bVerifyPeer = true  - Libcurl will verify peer certificate
[2015.09.16-19.43.18:063][  0]LogInit:  - bUseHttpProxy = false  - Libcurl will NOT use HTTP proxy
[2015.09.16-19.43.18:063][  0]LogInit:  - bDontReuseConnections = false  - Libcurl will reuse connections
[2015.09.16-19.43.18:063][  0]LogInit:  - CertBundlePath = nullptr  - Libcurl will use whatever was configured at build time.
[2015.09.16-19.43.18:069][  0]LogInit: Presizing for 0 objects not considered by GC, pre-allocating 0 bytes.
[2015.09.16-19.43.18:075][  0]LogInit: Object subsystem initialized
[2015.09.16-19.43.18:076][  0]LogInit: Selected Device Profile: [Windows]
[2015.09.16-19.43.18:076][  0]LogInit: Applying CVar settings loaded from the selected device profile: [Windows]
[2015.09.16-19.43.18:081][  0]LogInit: Computer: DAMIR-PC
[2015.09.16-19.43.18:081][  0]LogInit: User: Damir
[2015.09.16-19.43.18:081][  0]LogInit: CPU Page size=4096, Cores=4
[2015.09.16-19.43.18:081][  0]LogInit: High frequency timer resolution =3.320351 MHz
[2015.09.16-19.43.18:081][  0]LogMemory: Memory total: Physical=7.9GB (8GB approx)
[2015.09.16-19.43.18:081][  0]LogMemory: Platform Memory Stats for Windows
[2015.09.16-19.43.18:081][  0]LogMemory: Process Physical Memory: 54.30 MB used, 54.30 MB peak
[2015.09.16-19.43.18:081][  0]LogMemory: Process Virtual Memory: 56.36 MB used, 56.36 MB peak
[2015.09.16-19.43.18:081][  0]LogMemory: Physical Memory: 3191.60 MB used, 8136.55 MB total
[2015.09.16-19.43.18:081][  0]LogMemory: Virtual Memory: 336.11 MB used, 8388608.00 MB total
[2015.09.16-19.43.18:110][  0]LogTextLocalizationManager: No translations for ('de-DE') exist, falling back to 'en' for localization and internationalization data.
[2015.09.16-19.43.18:784][  0]LogD3D11RHI: Found D3D11 adapter 0: NVIDIA GeForce GTX 660   (Feature Level 11_0)
[2015.09.16-19.43.18:784][  0]LogD3D11RHI: Adapter has 1989MB of dedicated video memory, 0MB of dedicated system memory, and 2048MB of shared system memory, 1 output[s]
[2015.09.16-19.43.18:784][  0]LogD3D11RHI: Chosen D3D11 Adapter Id = 0
[2015.09.16-19.43.18:790][  0]LogD3D11RHI: !Direct3DDevice
[2015.09.16-19.43.18:790][  0]LogRHI: Texture pool is 1361 MB (70% of 1945 MB)
[2015.09.16-19.43.18:796][  0]LogD3D11RHI: Async texture creation enabled
[2015.09.16-19.43.18:809][  0]LogShaderCompilers: Guid format shader working directory is 15 characters bigger than the processId version (../../../../../../Users/Damir/Documents/GitHub/Project_ReSurvivor/Intermediate/Shaders/WorkingDirectory/4216/).
[2015.09.16-19.43.18:809][  0]LogShaderCompilers: Cleaned the shader compiler working directory '../../../../../../Users/Damir/Documents/GitHub/Project_ReSurvivor/Intermediate/Shaders/tmp/F4B3BE394C49C420AD7A97B64F227DF2/'.
[2015.09.16-19.43.18:809][  0]LogShaderCompilers:Display: Using Local Shader Compiler.
[2015.09.16-19.43.19:753][  0]LogTemp:Display: Loaded TP AllDesktopTargetPlatform
[2015.09.16-19.43.19:758][  0]LogTemp:Display: Loaded TP WindowsClientTargetPlatform
[2015.09.16-19.43.19:762][  0]LogTemp:Display: Loaded TP WindowsNoEditorTargetPlatform
[2015.09.16-19.43.19:766][  0]LogTemp:Display: Loaded TP WindowsServerTargetPlatform
[2015.09.16-19.43.19:770][  0]LogTemp:Display: Loaded TP WindowsTargetPlatform
[2015.09.16-19.43.19:773][  0]LogTemp:Display: Loaded TP AndroidTargetPlatform
[2015.09.16-19.43.19:775][  0]LogTemp:Display: Loaded TP Android_ASTCTargetPlatform
[2015.09.16-19.43.19:778][  0]LogTemp:Display: Loaded TP Android_ATCTargetPlatform
[2015.09.16-19.43.19:781][  0]LogTemp:Display: Loaded TP Android_DXTTargetPlatform
[2015.09.16-19.43.19:784][  0]LogTemp:Display: Loaded TP Android_ETC1TargetPlatform
[2015.09.16-19.43.19:787][  0]LogTemp:Display: Loaded TP Android_ETC2TargetPlatform
[2015.09.16-19.43.19:790][  0]LogTemp:Display: Loaded TP Android_PVRTCTargetPlatform
[2015.09.16-19.43.19:790][  0]LogTemp:Display: Loaded TP HTML5TargetPlatform
[2015.09.16-19.43.19:805][  0]LogTemp:Display: Loaded TP IOSTargetPlatform
[2015.09.16-19.43.19:807][  0]LogTemp:Display: Loaded TP LinuxNoEditorTargetPlatform
[2015.09.16-19.43.19:810][  0]LogTemp:Display: Loaded TP LinuxServerTargetPlatform
[2015.09.16-19.43.19:813][  0]LogTemp:Display: Loaded TP LinuxTargetPlatform
[2015.09.16-19.43.19:813][  0]LogTargetPlatformManager:Display: Building Assets For Windows
[2015.09.16-19.43.19:873][  0]LogDerivedDataCache:Display: Max Cache Size: 512 MB
[2015.09.16-19.43.19:912][  0]LogDerivedDataCache: Loaded boot cache 0.04s 41MB C:/Users/Damir/AppData/Local/UnrealEngine/4.9/DerivedDataCache/Boot.ddc.
[2015.09.16-19.43.19:912][  0]LogDerivedDataCache:Display: Loaded Boot cache: C:/Users/Damir/AppData/Local/UnrealEngine/4.9/DerivedDataCache/Boot.ddc
[2015.09.16-19.43.19:912][  0]LogDerivedDataCache: FDerivedDataBackendGraph:  Pak pak cache file ../../../../../../Users/Damir/Documents/GitHub/Project_ReSurvivor/DerivedDataCache/DDC.ddp not found, will not use a pak cache.
[2015.09.16-19.43.19:912][  0]LogDerivedDataCache: Unable to find inner node Pak for hierarchical cache Hierarchy.
[2015.09.16-19.43.19:912][  0]LogDerivedDataCache: FDerivedDataBackendGraph:  CompressedPak pak cache file ../../../../../../Users/Damir/Documents/GitHub/Project_ReSurvivor/DerivedDataCache/Compressed.ddp not found, will not use a pak cache.
[2015.09.16-19.43.19:912][  0]LogDerivedDataCache: Unable to find inner node CompressedPak for hierarchical cache Hierarchy.
[2015.09.16-19.43.20:037][  0]LogDerivedDataCache:Display: Pak cache opened for reading ../../../Engine/DerivedDataCache/Compressed.ddp.
[2015.09.16-19.43.20:048][  0]LogDerivedDataCache: Using Local data cache path C:/Users/Damir/AppData/Local/UnrealEngine/Common/DerivedDataCache: Writable
[2015.09.16-19.43.20:175][  0]LogInit: Selected Device Profile: [Windows]
[2015.09.16-19.43.20:176][  0]LogContentStreaming: Texture pool size is 0.000000MB
[2015.09.16-19.43.20:195][  0]LogMeshUtilities: No automatic mesh reduction module available
[2015.09.16-19.43.20:195][  0]LogMeshUtilities: No automatic mesh merging module available
[2015.09.16-19.43.20:482][  0]LogInit: WinSock: version 1.1 (2.2), MaxSocks=32767, MaxUdp=65467
[2015.09.16-19.43.21:532][  0]LogAssetRegistry: FAssetRegistry took 0.0102 seconds to start up
[2015.09.16-19.43.21:542][  0]UdpMessaging: Initializing bridge on interface 0.0.0.0:0 to multicast group 230.0.0.1:6666.
[2015.09.16-19.43.21:796][  0]SourceControl: Info Source control is disabled
[2015.09.16-19.43.21:800][  0]SourceControl: Info Source control is disabled
[2015.09.16-19.43.21:807][  0]SourceControl: Info Source control is disabled
[2015.09.16-19.43.21:814][  0]SourceControl: Info Source control is disabled
[2015.09.16-19.43.21:919][  0]LogLinker:Warning: Asset '../../../Engine/Plugins/Runtime/LeapMotionController/Content/LM_PassthroughMaterial.uasset' has been saved with empty engine version. The asset will be loaded but may be incompatible.
[2015.09.16-19.43.21:983][  0]LogObj: 28528 objects as part of root set at end of initial load.
[2015.09.16-19.43.21:983][  0]LogUObjectAllocator: 6068464 out of 0 bytes used by permanent object pool.
[2015.09.16-19.43.22:036][  0]LogEngine: Initializing Engine...
[2015.09.16-19.43.22:038][  0]LogHMD: Can't find Oculus library dev build: is proper Runtime installed? Version: 0.6.0.0
[2015.09.16-19.43.22:040][  0]LogHMD: SteamVR failed to initialize.  Err: 110
[2015.09.16-19.43.22:148][  0]LogAIModule: Creating AISystem for world NewWorld
[2015.09.16-19.43.22:153][  0]LogInit: XAudio2 using 'Speakers (Realtek High Definition Audio)' : 2 channels at 48 kHz using 32 bits per sample (channel mask 0x3)
[2015.09.16-19.43.22:187][  0]LogInit: FAudioDevice initialized.
[2015.09.16-19.43.22:210][  0]LogDerivedDataCache: Saved boot cache 0.02s 41MB C:/Users/Damir/AppData/Local/UnrealEngine/4.9/DerivedDataCache/Boot.ddc.
[2015.09.16-19.43.22:214][  0]LogInit: Texture streaming: Enabled
[2015.09.16-19.43.22:219][  0]LogAnalytics: Creating configured Analytics provider AnalyticsET
[2015.09.16-19.43.22:219][  0]LogAnalytics: [UEEditor.Rocket.Release] APIServer = http://et2.epicgames.com/ET2/. AppVersion = 4.9.0-2672455+++depot+UE4-Releases+4.9
[2015.09.16-19.43.22:219][  0]LogAnalytics: [UEEditor.Rocket.Release] SetUserId 823be5244adb21341b1538b68ee82034|51c2a24b0ca544adac8a22d4708797c6|ec4eac3e-148a-4a5a-9f28-33d773939611
[2015.09.16-19.43.22:219][  0]LogAnalytics: [UEEditor.Rocket.Release] AnalyticsET::StartSession
[2015.09.16-19.43.22:237][  0]LogInit: Transaction tracking system initialized
[2015.09.16-19.43.22:268][  0]BlueprintLog: New page: Editor Load
[2015.09.16-19.43.22:370][  0]LocalizationService: Info Localization service is disabled
[2015.09.16-19.43.22:451][  0]LogConsoleResponse:Display: 
[2015.09.16-19.43.22:550][  0]LogCook:Display: Done creating registry. It took  0.00s.
[2015.09.16-19.43.22:615][  0]SourceControl: Info Source control is disabled
[2015.09.16-19.43.22:615][  0]Cmd: MAP LOAD FILE="../../../../../../Users/Damir/Documents/GitHub/Project_ReSurvivor/Content/Maps/TestingInstance.umap" TEMPLATE=0 SHOWPROGRESS=1 FEATURELEVEL=3
[2015.09.16-19.43.22:615][  0]LightingResults: New page: Lighting Build
[2015.09.16-19.43.22:618][  0]MapCheck: New page: Map Check
[2015.09.16-19.43.22:618][  0]LightingResults: New page: Lighting Build
[2015.09.16-19.43.22:626][  0]LogParticles: Destroying 0 GPU particle simulations for FXSystem 0x000000002652C2C0
[2015.09.16-19.43.23:183][  0]LogBlueprint:Warning: [Menu_Widget] CreatePinForVariable: 'RestoreValue' variable not found. Base class was probably changed.
[2015.09.16-19.43.23:209][  0]LogBlueprint:Warning: [compiler Menu_Widget] Warning Could not find a variable named "RestoreValue" in 'HealthRestoreBase_Actor_C'.
Make sure 'HealthRestoreBase_Actor_C' has been compiled for  Get RestoreValue 
[2015.09.16-19.43.23:223][  0]LogBlueprint:Error: [compiler Menu_Widget] Error The property associated with  Restore Value  could not be found
[2015.09.16-19.43.23:248][  0]LogBlueprint:Warning: [compiler Menu_Widget] Warning [0005.64] Compile of Menu_Widget failed. 1 Fatal Issue(s) 1 Warning(s) [in 52 ms]
[2015.09.16-19.43.23:248][  0]LogBlueprint:Warning: [compiler Menu_Widget] Warning [0005.64] Compile of Menu_Widget failed. 1 Fatal Issue(s) 2 Warning(s) [in 0 ms]
[2015.09.16-19.43.23:249][  0]LogBlueprint:Warning: [compiler Menu_Widget] Warning [0005.64] Compile of Menu_Widget failed. 1 Fatal Issue(s) 3 Warning(s) [in 0 ms]
[2015.09.16-19.43.23:258][  0]LogBlueprint:Warning: [compiler ItemBaseClass_Actor] Warning Default Enum value 'ItemTypes' for class 'ItemBaseClass_Actor_C' is invalid in object 'Default__ItemBaseClass_Actor_C' 
[2015.09.16-19.43.23:258][  0]LogBlueprint:Warning: [compiler ItemBaseClass_Actor] Warning [0005.65] Compile of ItemBaseClass_Actor successful, but with 1 Warning(s) [in 4 ms]
[2015.09.16-19.43.23:260][  0]LogBlueprint:Warning: [compiler ItemBaseClass_Actor] Warning [0005.65] Compile of ItemBaseClass_Actor successful, but with 2 Warning(s) [in 1 ms]
[2015.09.16-19.43.23:260][  0]LogBlueprint:Warning: [compiler ItemBaseClass_Actor] Warning [0005.65] Compile of ItemBaseClass_Actor successful, but with 3 Warning(s) [in 0 ms]
[2015.09.16-19.43.23:290][  0]LogBlueprint:Error: [compiler FileReader_Widget] Error Could not find a function named "GetFileSize" in 'FileBase_Actor_C'.
Make sure 'FileBase_Actor_C' has been compiled for  Get File Size 
[2015.09.16-19.43.23:294][  0]LogBlueprint:Warning: [compiler FileReader_Widget] Warning Can't connect pins  File  and  Target : File Base Actor Reference is not compatible with Item Base Class Actor Reference.
[2015.09.16-19.43.23:294][  0]LogBlueprint:Warning: [compiler FileReader_Widget] Warning Can't connect pins  Target  and  File : Item Base Class Actor Reference is not compatible with File Base Actor Reference.
[2015.09.16-19.43.23:304][  0]LogBlueprint:Warning: [compiler FileReader_Widget] Warning [0005.70] Compile of FileReader_Widget failed. 1 Fatal Issue(s) 2 Warning(s) [in 18 ms]
[2015.09.16-19.43.23:304][  0]LogBlueprint:Warning: [compiler FileReader_Widget] Warning [0005.70] Compile of FileReader_Widget failed. 1 Fatal Issue(s) 3 Warning(s) [in 0 ms]
[2015.09.16-19.43.23:305][  0]LogBlueprint:Warning: [compiler FileReader_Widget] Warning [0005.70] Compile of FileReader_Widget failed. 1 Fatal Issue(s) 4 Warning(s) [in 0 ms]
[2015.09.16-19.43.23:313][  0]LogBlueprint:Warning: [compiler WeaponBaseClass_Actor] Warning Default Enum value 'WeaponName' for class 'WeaponBaseClass_Actor_C' is invalid in object 'Default__WeaponBaseClass_Actor_C' 
[2015.09.16-19.43.23:313][  0]LogBlueprint:Warning: [compiler WeaponBaseClass_Actor] Warning Default Enum value 'WeaponClass' for class 'WeaponBaseClass_Actor_C' is invalid in object 'Default__WeaponBaseClass_Actor_C' 
[2015.09.16-19.43.23:313][  0]LogBlueprint:Warning: [compiler WeaponBaseClass_Actor] Warning [0005.70] Compile of WeaponBaseClass_Actor successful, but with 2 Warning(s) [in 1 ms]
[2015.09.16-19.43.23:314][  0]LogBlueprint:Warning: [compiler WeaponBaseClass_Actor] Warning [0005.71] Compile of WeaponBaseClass_Actor successful, but with 3 Warning(s) [in 0 ms]
[2015.09.16-19.43.23:314][  0]LogBlueprint:Warning: [compiler WeaponBaseClass_Actor] Warning [0005.71] Compile of WeaponBaseClass_Actor successful, but with 4 Warning(s) [in 0 ms]
[2015.09.16-19.43.23:316][  0]LogBlueprint:Warning: [compiler AmmunitionBaseClass_Actor] Warning Default Enum value 'WeaponClass' for class 'AmmunitionBaseClass_Actor_C' is invalid in object 'Default__AmmunitionBaseClass_Actor_C' 
[2015.09.16-19.43.23:316][  0]LogBlueprint:Warning: [compiler AmmunitionBaseClass_Actor] Warning [0005.71] Compile of AmmunitionBaseClass_Actor successful, but with 1 Warning(s) [in 0 ms]
[2015.09.16-19.43.23:317][  0]LogBlueprint:Warning: [compiler AmmunitionBaseClass_Actor] Warning [0005.71] Compile of AmmunitionBaseClass_Actor successful, but with 2 Warning(s) [in 0 ms]
[2015.09.16-19.43.23:317][  0]LogBlueprint:Warning: [compiler AmmunitionBaseClass_Actor] Warning [0005.71] Compile of AmmunitionBaseClass_Actor successful, but with 3 Warning(s) [in 0 ms]
[2015.09.16-19.43.23:753][  0]LogLinker:Warning: CreateExport: Failed to load Parent for Function /Game/Placeholder_Assets/Actors/Files/RestaurantOwnerDiary_Actor.RestaurantOwnerDiary_Actor_C:UserConstructionScript; removing parent information, but keeping function
[2015.09.16-19.43.23:760][  0]LogLinker:Warning: CreateExport: Failed to load Parent for Function /Game/Placeholder_Assets/Actors/GameItems/FirstAidSpray_Actor.FirstAidSpray_Actor_C:UserConstructionScript; removing parent information, but keeping function
[2015.09.16-19.43.23:768][  0]LogLinker:Warning: CreateExport: Failed to load Parent for Function /Game/Placeholder_Assets/Actors/GameItems/HandgunA_Actor.HandgunA_Actor_C:UserConstructionScript; removing parent information, but keeping function
[2015.09.16-19.43.23:775][  0]LogLinker:Warning: CreateExport: Failed to load Parent for Function /Game/Placeholder_Assets/Actors/GameItems/Shotgun_Actor.Shotgun_Actor_C:UserConstructionScript; removing parent information, but keeping function
[2015.09.16-19.43.23:783][  0]LogLinker:Warning: CreateExport: Failed to load Parent for Function /Game/Placeholder_Assets/Actors/GameItems/ShotgunShells_Actor.ShotgunShells_Actor_C:UserConstructionScript; removing parent information, but keeping function
[2015.09.16-19.43.23:886][  0]LogMaterial: Missing cached shader map for material Plane01Mat, compiling. 
[2015.09.16-19.43.23:887][  0]LogMaterial:Warning: Failed to compile Material /Game/Placeholder_Assets/Plane01Mat.Plane01Mat for platform PCD3D_SM5, Default Material will be used in game.
[2015.09.16-19.43.23:887][  0]LogMaterial:Warning: 	(Node TextureSample) TextureSample> Missing input texture
[2015.09.16-19.43.24:191][  0]LogAIModule: Creating AISystem for world TestingInstance
[2015.09.16-19.43.24:192][  0]LogPhysics:Warning: PHYSX: d:\buildfarm\buildmachine_++depot+ue4\engine\source\thirdparty\notforlicensees\physx\physx_3.3\source\physx\src\NpRigidBodyTemplate.h (437) 4 : RigidBody::setRigidBodyFlag: kinematic bodies with CCD enabled are not supported! CCD will be ignored.
[2015.09.16-19.43.24:192][  0]LogPhysics:Warning: PHYSX: d:\buildfarm\buildmachine_++depot+ue4\engine\source\thirdparty\notforlicensees\physx\physx_3.3\source\physx\src\NpRigidBodyTemplate.h (437) 4 : RigidBody::setRigidBodyFlag: kinematic bodies with CCD enabled are not supported! CCD will be ignored.
[2015.09.16-19.43.24:192][  0]LogPhysics:Warning: PHYSX: d:\buildfarm\buildmachine_++depot+ue4\engine\source\thirdparty\notforlicensees\physx\physx_3.3\source\physx\src\NpRigidBodyTemplate.h (437) 4 : RigidBody::setRigidBodyFlag: kinematic bodies with CCD enabled are not supported! CCD will be ignored.
[2015.09.16-19.43.24:192][  0]LogPhysics:Warning: PHYSX: d:\buildfarm\buildmachine_++depot+ue4\engine\source\thirdparty\notforlicensees\physx\physx_3.3\source\physx\src\NpRigidBodyTemplate.h (437) 4 : RigidBody::setRigidBodyFlag: kinematic bodies with CCD enabled are not supported! CCD will be ignored.
[2015.09.16-19.43.24:192][  0]LogPhysics:Warning: PHYSX: d:\buildfarm\buildmachine_++depot+ue4\engine\source\thirdparty\notforlicensees\physx\physx_3.3\source\physx\src\NpRigidBodyTemplate.h (437) 4 : RigidBody::setRigidBodyFlag: kinematic bodies with CCD enabled are not supported! CCD will be ignored.
[2015.09.16-19.43.24:192][  0]LogPhysics:Warning: PHYSX: d:\buildfarm\buildmachine_++depot+ue4\engine\source\thirdparty\notforlicensees\physx\physx_3.3\source\physx\src\NpRigidBodyTemplate.h (437) 4 : RigidBody::setRigidBodyFlag: kinematic bodies with CCD enabled are not supported! CCD will be ignored.
[2015.09.16-19.43.24:192][  0]LogPhysics:Warning: PHYSX: d:\buildfarm\buildmachine_++depot+ue4\engine\source\thirdparty\notforlicensees\physx\physx_3.3\source\physx\src\NpRigidBodyTemplate.h (437) 4 : RigidBody::setRigidBodyFlag: kinematic bodies with CCD enabled are not supported! CCD will be ignored.
[2015.09.16-19.43.24:192][  0]LogPhysics:Warning: PHYSX: d:\buildfarm\buildmachine_++depot+ue4\engine\source\thirdparty\notforlicensees\physx\physx_3.3\source\physx\src\NpRigidBodyTemplate.h (437) 4 : RigidBody::setRigidBodyFlag: kinematic bodies with CCD enabled are not supported! CCD will be ignored.
[2015.09.16-19.43.24:192][  0]LogPhysics:Warning: PHYSX: d:\buildfarm\buildmachine_++depot+ue4\engine\source\thirdparty\notforlicensees\physx\physx_3.3\source\physx\src\NpRigidBodyTemplate.h (437) 4 : RigidBody::setRigidBodyFlag: kinematic bodies with CCD enabled are not supported! CCD will be ignored.
[2015.09.16-19.43.24:192][  0]LogPhysics:Warning: PHYSX: d:\buildfarm\buildmachine_++depot+ue4\engine\source\thirdparty\notforlicensees\physx\physx_3.3\source\physx\src\NpRigidBodyTemplate.h (437) 4 : RigidBody::setRigidBodyFlag: kinematic bodies with CCD enabled are not supported! CCD will be ignored.
[2015.09.16-19.43.24:193][  0]LogPhysics:Warning: PHYSX: d:\buildfarm\buildmachine_++depot+ue4\engine\source\thirdparty\notforlicensees\physx\physx_3.3\source\physx\src\NpRigidBodyTemplate.h (437) 4 : RigidBody::setRigidBodyFlag: kinematic bodies with CCD enabled are not supported! CCD will be ignored.
[2015.09.16-19.43.24:193][  0]LogPhysics:Warning: PHYSX: d:\buildfarm\buildmachine_++depot+ue4\engine\source\thirdparty\notforlicensees\physx\physx_3.3\source\physx\src\NpRigidBodyTemplate.h (437) 4 : RigidBody::setRigidBodyFlag: kinematic bodies with CCD enabled are not supported! CCD will be ignored.
[2015.09.16-19.43.24:193][  0]LogPhysics:Warning: PHYSX: d:\buildfarm\buildmachine_++depot+ue4\engine\source\thirdparty\notforlicensees\physx\physx_3.3\source\physx\src\NpRigidBodyTemplate.h (437) 4 : RigidBody::setRigidBodyFlag: kinematic bodies with CCD enabled are not supported! CCD will be ignored.
[2015.09.16-19.43.24:196][  0]LogPhysics:Warning: PHYSX: d:\buildfarm\buildmachine_++depot+ue4\engine\source\thirdparty\notforlicensees\physx\physx_3.3\source\physx\src\NpRigidBodyTemplate.h (437) 4 : RigidBody::setRigidBodyFlag: kinematic bodies with CCD enabled are not supported! CCD will be ignored.
[2015.09.16-19.43.24:196][  0]LogPhysics:Warning: PHYSX: d:\buildfarm\buildmachine_++depot+ue4\engine\source\thirdparty\notforlicensees\physx\physx_3.3\source\physx\src\NpRigidBodyTemplate.h (437) 4 : RigidBody::setRigidBodyFlag: kinematic bodies with CCD enabled are not supported! CCD will be ignored.
[2015.09.16-19.43.24:196][  0]LogPhysics:Warning: PHYSX: d:\buildfarm\buildmachine_++depot+ue4\engine\source\thirdparty\notforlicensees\physx\physx_3.3\source\physx\src\NpRigidBodyTemplate.h (437) 4 : RigidBody::setRigidBodyFlag: kinematic bodies with CCD enabled are not supported! CCD will be ignored.
[2015.09.16-19.43.24:196][  0]LogPhysics:Warning: PHYSX: d:\buildfarm\buildmachine_++depot+ue4\engine\source\thirdparty\notforlicensees\physx\physx_3.3\source\physx\src\NpRigidBodyTemplate.h (437) 4 : RigidBody::setRigidBodyFlag: kinematic bodies with CCD enabled are not supported! CCD will be ignored.
[2015.09.16-19.43.24:196][  0]LogPhysics:Warning: PHYSX: d:\buildfarm\buildmachine_++depot+ue4\engine\source\thirdparty\notforlicensees\physx\physx_3.3\source\physx\src\NpRigidBodyTemplate.h (437) 4 : RigidBody::setRigidBodyFlag: kinematic bodies with CCD enabled are not supported! CCD will be ignored.
[2015.09.16-19.43.24:196][  0]LogPhysics:Warning: PHYSX: d:\buildfarm\buildmachine_++depot+ue4\engine\source\thirdparty\notforlicensees\physx\physx_3.3\source\physx\src\NpRigidBodyTemplate.h (437) 4 : RigidBody::setRigidBodyFlag: kinematic bodies with CCD enabled are not supported! CCD will be ignored.
[2015.09.16-19.43.24:210][  0]LogEditorServer: Finished looking for orphan Actors (0.000 secs)
[2015.09.16-19.43.24:211][  0]Cmd: MAP CHECKDEP NOCLEARLOG
[2015.09.16-19.43.24:249][  0]MapCheck: Info Map check complete: 0 Error(s), 0 Warning(s), took 38.309ms to complete.
[2015.09.16-19.43.24:249][  0]LogFileHelpers: Loading map 'TestingInstance' took 1.634
[2015.09.16-19.43.24:339][  0]LogCollectionManager: Loaded 0 collections in 0.001899 seconds
[2015.09.16-19.43.24:377][  0]LogFileCache: Scanning file cache for directory 'C:/Users/Damir/Documents/GitHub/Project_ReSurvivor/Saved/Collections/' took 0.01s
[2015.09.16-19.43.24:377][  0]LogFileCache: Scanning file cache for directory 'C:/Users/Damir/Documents/GitHub/Project_ReSurvivor/Content/Developers/Damir/Collections/' took 0.01s
[2015.09.16-19.43.24:377][  0]LogFileCache: Scanning file cache for directory 'C:/Users/Damir/Documents/GitHub/Project_ReSurvivor/Content/Collections/' took 0.01s
[2015.09.16-19.43.24:377][  0]LogContentBrowser: Native class hierarchy populated in 0.0063 seconds. Added 1882 classes and 339 folders.
[2015.09.16-19.43.24:384][  0]LogCollectionManager: Rebuilt the GUID cache for 0 collections in 0.000002 seconds
[2015.09.16-19.43.24:391][  0]LogContentBrowser: Native class hierarchy updated for 'WidgetCarousel' in 0.0002 seconds. Added 0 classes and 0 folders.
[2015.09.16-19.43.24:456][  0]LogContentBrowser: Native class hierarchy updated for 'AddContentDialog' in 0.0003 seconds. Added 0 classes and 0 folders.
[2015.09.16-19.43.24:467][  0]LogContentBrowser: Native class hierarchy updated for 'SceneOutliner' in 0.0003 seconds. Added 1 classes and 2 folders.
[2015.09.16-19.43.24:494][  0]LogCrashTracker: Crashtracker disabled due to settings.
[2015.09.16-19.43.24:498][  0]LogUObjectGlobals:Warning: Failed to find object 'Class None.'
[2015.09.16-19.43.24:519][  0]LogLoad: Full Startup: 6.91 seconds (BP compile: 0.45 seconds)
[2015.09.16-19.43.24:532][  0]LoadErrors:Error: Error /Game/Blueprints/Widgets/Menu/Menu_Widget : Failed import for FloatProperty /Game/Placeholder_Assets/Actors/HealthRestoreBase_Actor.HealthRestoreBase_Actor_C:RestoreValue
[2015.09.16-19.43.24:597][  0]LogContentStreaming: Texture pool size now 700 MB
[2015.09.16-19.43.24:725][  0]LogRenderer: Reallocating scene render targets to support 1208x576 (Frame:2).
[2015.09.16-19.43.25:154][  9]LogAssetRegistry: Asset discovery search completed in 3.6330 seconds
[2015.09.16-19.43.25:154][  9]LogCollectionManager: Rebuilt the object cache for 0 collections in 0.000001 seconds (found 0 objects)
[2015.09.16-19.43.25:154][  9]LogCollectionManager: Fixed up redirectors for 0 collections in 0.000024 seconds (updated 0 objects)
[2015.09.16-19.43.48:736][809]LogPlayLevel: PlayLevel: No blueprints needed recompiling
[2015.09.16-19.43.50:618][809]PIE: New page: PIE session: TestingInstance (Sep 16, 2015, 11:43:50 PM)
[2015.09.16-19.43.50:618][809]LogPlayLevel: Creating play world package: /Game/Maps/UEDPIE_0_TestingInstance
[2015.09.16-19.43.50:645][809]LogPlayLevel: PIE: StaticDuplicateObject took: (0.027016s)
[2015.09.16-19.43.50:646][809]LogAIModule: Creating AISystem for world TestingInstance
[2015.09.16-19.43.50:647][809]LogPlayLevel: PIE: World Init took: (0.001449s)
[2015.09.16-19.43.50:647][809]LogPlayLevel: PIE: Created PIE world by copying editor world from /Game/Maps/TestingInstance.TestingInstance to /Game/Maps/UEDPIE_0_TestingInstance.TestingInstance (0.028845s)
[2015.09.16-19.43.50:647][809]LogActorComponent: UnregisterComponent: (/Engine/Transient.CharMoveComp) Not registered. Aborting.
[2015.09.16-19.43.50:709][809]LogInit: XAudio2 using 'Speakers (Realtek High Definition Audio)' : 2 channels at 48 kHz using 32 bits per sample (channel mask 0x3)
[2015.09.16-19.43.50:717][809]LogInit: FAudioDevice initialized.
[2015.09.16-19.43.50:761][809]LogWorld: Game class is 'FirstPersonGameMode_C'
[2015.09.16-19.43.50:762][809]LogPhysics:Warning: PHYSX: d:\buildfarm\buildmachine_++depot+ue4\engine\source\thirdparty\notforlicensees\physx\physx_3.3\source\physx\src\NpRigidBodyTemplate.h (437) 4 : RigidBody::setRigidBodyFlag: kinematic bodies with CCD enabled are not supported! CCD will be ignored.
[2015.09.16-19.43.50:763][809]LogPhysics:Warning: PHYSX: d:\buildfarm\buildmachine_++depot+ue4\engine\source\thirdparty\notforlicensees\physx\physx_3.3\source\physx\src\NpRigidBodyTemplate.h (437) 4 : RigidBody::setRigidBodyFlag: kinematic bodies with CCD enabled are not supported! CCD will be ignored.
[2015.09.16-19.43.50:763][809]LogPhysics:Warning: PHYSX: d:\buildfarm\buildmachine_++depot+ue4\engine\source\thirdparty\notforlicensees\physx\physx_3.3\source\physx\src\NpRigidBodyTemplate.h (437) 4 : RigidBody::setRigidBodyFlag: kinematic bodies with CCD enabled are not supported! CCD will be ignored.
[2015.09.16-19.43.50:763][809]LogPhysics:Warning: PHYSX: d:\buildfarm\buildmachine_++depot+ue4\engine\source\thirdparty\notforlicensees\physx\physx_3.3\source\physx\src\NpRigidBodyTemplate.h (437) 4 : RigidBody::setRigidBodyFlag: kinematic bodies with CCD enabled are not supported! CCD will be ignored.
[2015.09.16-19.43.50:763][809]LogPhysics:Warning: PHYSX: d:\buildfarm\buildmachine_++depot+ue4\engine\source\thirdparty\notforlicensees\physx\physx_3.3\source\physx\src\NpRigidBodyTemplate.h (437) 4 : RigidBody::setRigidBodyFlag: kinematic bodies with CCD enabled are not supported! CCD will be ignored.
[2015.09.16-19.43.50:763][809]LogPhysics:Warning: PHYSX: d:\buildfarm\buildmachine_++depot+ue4\engine\source\thirdparty\notforlicensees\physx\physx_3.3\source\physx\src\NpRigidBodyTemplate.h (437) 4 : RigidBody::setRigidBodyFlag: kinematic bodies with CCD enabled are not supported! CCD will be ignored.
[2015.09.16-19.43.50:763][809]LogPhysics:Warning: PHYSX: d:\buildfarm\buildmachine_++depot+ue4\engine\source\thirdparty\notforlicensees\physx\physx_3.3\source\physx\src\NpRigidBodyTemplate.h (437) 4 : RigidBody::setRigidBodyFlag: kinematic bodies with CCD enabled are not supported! CCD will be ignored.
[2015.09.16-19.43.50:763][809]LogPhysics:Warning: PHYSX: d:\buildfarm\buildmachine_++depot+ue4\engine\source\thirdparty\notforlicensees\physx\physx_3.3\source\physx\src\NpRigidBodyTemplate.h (437) 4 : RigidBody::setRigidBodyFlag: kinematic bodies with CCD enabled are not supported! CCD will be ignored.
[2015.09.16-19.43.50:763][809]LogPhysics:Warning: PHYSX: d:\buildfarm\buildmachine_++depot+ue4\engine\source\thirdparty\notforlicensees\physx\physx_3.3\source\physx\src\NpRigidBodyTemplate.h (437) 4 : RigidBody::setRigidBodyFlag: kinematic bodies with CCD enabled are not supported! CCD will be ignored.
[2015.09.16-19.43.50:764][809]LogPhysics:Warning: PHYSX: d:\buildfarm\buildmachine_++depot+ue4\engine\source\thirdparty\notforlicensees\physx\physx_3.3\source\physx\src\NpRigidBodyTemplate.h (437) 4 : RigidBody::setRigidBodyFlag: kinematic bodies with CCD enabled are not supported! CCD will be ignored.
[2015.09.16-19.43.50:764][809]LogPhysics:Warning: PHYSX: d:\buildfarm\buildmachine_++depot+ue4\engine\source\thirdparty\notforlicensees\physx\physx_3.3\source\physx\src\NpRigidBodyTemplate.h (437) 4 : RigidBody::setRigidBodyFlag: kinematic bodies with CCD enabled are not supported! CCD will be ignored.
[2015.09.16-19.43.50:764][809]LogPhysics:Warning: PHYSX: d:\buildfarm\buildmachine_++depot+ue4\engine\source\thirdparty\notforlicensees\physx\physx_3.3\source\physx\src\NpRigidBodyTemplate.h (437) 4 : RigidBody::setRigidBodyFlag: kinematic bodies with CCD enabled are not supported! CCD will be ignored.
[2015.09.16-19.43.50:764][809]LogPhysics:Warning: PHYSX: d:\buildfarm\buildmachine_++depot+ue4\engine\source\thirdparty\notforlicensees\physx\physx_3.3\source\physx\src\NpRigidBodyTemplate.h (437) 4 : RigidBody::setRigidBodyFlag: kinematic bodies with CCD enabled are not supported! CCD will be ignored.
[2015.09.16-19.43.50:765][809]LogPhysics:Warning: PHYSX: d:\buildfarm\buildmachine_++depot+ue4\engine\source\thirdparty\notforlicensees\physx\physx_3.3\source\physx\src\NpRigidBodyTemplate.h (437) 4 : RigidBody::setRigidBodyFlag: kinematic bodies with CCD enabled are not supported! CCD will be ignored.
[2015.09.16-19.43.50:765][809]LogPhysics:Warning: PHYSX: d:\buildfarm\buildmachine_++depot+ue4\engine\source\thirdparty\notforlicensees\physx\physx_3.3\source\physx\src\NpRigidBodyTemplate.h (437) 4 : RigidBody::setRigidBodyFlag: kinematic bodies with CCD enabled are not supported! CCD will be ignored.
[2015.09.16-19.43.50:766][809]LogPhysics:Warning: PHYSX: d:\buildfarm\buildmachine_++depot+ue4\engine\source\thirdparty\notforlicensees\physx\physx_3.3\source\physx\src\NpRigidBodyTemplate.h (437) 4 : RigidBody::setRigidBodyFlag: kinematic bodies with CCD enabled are not supported! CCD will be ignored.
[2015.09.16-19.43.50:766][809]LogPhysics:Warning: PHYSX: d:\buildfarm\buildmachine_++depot+ue4\engine\source\thirdparty\notforlicensees\physx\physx_3.3\source\physx\src\NpRigidBodyTemplate.h (437) 4 : RigidBody::setRigidBodyFlag: kinematic bodies with CCD enabled are not supported! CCD will be ignored.
[2015.09.16-19.43.50:766][809]LogPhysics:Warning: PHYSX: d:\buildfarm\buildmachine_++depot+ue4\engine\source\thirdparty\notforlicensees\physx\physx_3.3\source\physx\src\NpRigidBodyTemplate.h (437) 4 : RigidBody::setRigidBodyFlag: kinematic bodies with CCD enabled are not supported! CCD will be ignored.
[2015.09.16-19.43.50:766][809]LogPhysics:Warning: PHYSX: d:\buildfarm\buildmachine_++depot+ue4\engine\source\thirdparty\notforlicensees\physx\physx_3.3\source\physx\src\NpRigidBodyTemplate.h (437) 4 : RigidBody::setRigidBodyFlag: kinematic bodies with CCD enabled are not supported! CCD will be ignored.
[2015.09.16-19.43.50:769][809]LogWorld: Bringing World /Game/Maps/UEDPIE_0_TestingInstance.TestingInstance up for play (max tick rate 0) at 2015.09.16-21.43.50
[2015.09.16-19.43.50:769][809]LogActor:Warning: GameSession /Game/Maps/UEDPIE_0_TestingInstance.TestingInstance:PersistentLevel.GameSession_0 has natively added scene component(s), but none of them were set as the actor's RootComponent - picking one arbitrarily
[2015.09.16-19.43.50:769][809]LogActor:Warning: GameNetworkManager /Game/Maps/UEDPIE_0_TestingInstance.TestingInstance:PersistentLevel.GameNetworkManager_0 has natively added scene component(s), but none of them were set as the actor's RootComponent - picking one arbitrarily
[2015.09.16-19.43.50:770][809]LogWorld: Bringing up level for play took: 0.007551
[2015.09.16-19.43.50:772][809]PIE: Info Play in editor start time for /Game/Maps/UEDPIE_0_TestingInstance 1.184
[2015.09.16-19.43.54:316][223]LogParticles: Destroying 0 GPU particle simulations for FXSystem 0x000000002FCB5C60
[2015.09.16-19.43.59:952][894]LogMaterial: Missing cached shader map for material Material_0, compiling. 
[2015.09.16-19.44.00:011][895]LogMaterial: Missing cached shader map for material Material_1, compiling. 
[2015.09.16-19.44.00:029][896]LogMaterial: Missing cached shader map for material Material_2, compiling. 
[2015.09.16-19.44.00:047][897]LogMaterial: Missing cached shader map for material Material_3, compiling. 
[2015.09.16-19.44.42:304][163]LogFactory: FactoryCreateBinary: MediaPlayer with MediaPlayerFactory (0 0 C:\Users\Damir\Downloads\title_start.mp3)
[2015.09.16-19.45.01:002][207]Cmd: OBJ SAVEPACKAGE PACKAGE="/Game/Audio/Press_Start_Sound" FILE="../../../../../../Users/Damir/Documents/GitHub/Project_ReSurvivor/Content/Audio/Press_Start_Sound.uasset" SILENT=true
[2015.09.16-19.45.01:004][207]LogSavePackage: Save=0.918276ms
[2015.09.16-19.45.01:004][207]LogSavePackage: Moving '../../../../../../Users/Damir/Documents/GitHub/Project_ReSurvivor/Saved/Press_Start_Sound3049DC47466211F8303C76A461132AEC.tmp' to '../../../../../../Users/Damir/Documents/GitHub/Project_ReSurvivor/Content/Audio/Press_Start_Sound.uasset'
[2015.09.16-19.45.01:005][207]LogSavePackage: Total save time: 2.087127ms
[2015.09.16-19.45.01:005][207]LogSavePackage:Warning: Finished SavePackage ../../../../../../Users/Damir/Documents/GitHub/Project_ReSurvivor/Content/Audio/Press_Start_Sound.uasset
[2015.09.16-19.45.01:027][207]LogActorComponent: UnregisterComponent: (/Engine/Transient.CharMoveComp) Not registered. Aborting.
[2015.09.16-19.45.50:238][ 86]LogActorComponent: UnregisterComponent: (/Engine/Transient.CharMoveComp) Not registered. Aborting.
[2015.09.16-19.45.51:564][ 86]LogWmfMedia:Error: An unrecoverable error occured in the media session: 0xC00D3E85
[2015.09.16-19.53.31:057][488]LogActorComponent: UnregisterComponent: (/Engine/Transient.CharMoveComp) Not registered. Aborting.
[2015.09.16-19.53.31:071][488]LogFileHelpers: Editor autosave (incl. sublevels) for '/Game/Maps/TestingInstance' took 0.014
[2015.09.16-19.53.31:076][488]LogSavePackage: Save=0.689987ms
[2015.09.16-19.53.31:076][488]LogSavePackage: Moving '../../../../../../Users/Damir/Documents/GitHub/Project_ReSurvivor/Saved/title_start_Auto146403E164BCD370451B165BAE475CED0.tmp' to '../../../../../../Users/Damir/Documents/GitHub/Project_ReSurvivor/Saved/Autosaves/Game/Audio/title_start_Auto1.uasset'
[2015.09.16-19.53.31:077][488]LogSavePackage: Total save time: 1.232401ms
[2015.09.16