[2015.09.06-15.23.20:423][  0]Log file open, 09/06/15 17:23:20
[2015.09.06-15.23.20:423][  0]LogInit:Display: Running engine for game: Project_ReSurvivor
[2015.09.06-15.23.20:423][  0]LogInit:Display: RandInit(258555301) SRandInit(258555301).
[2015.09.06-15.23.20:423][  0]LogTaskGraph: Started task graph with 4 named threads and 7 total threads.
[2015.09.06-15.23.20:423][  0]LogStats: Stats thread started at 0.381068
[2015.09.06-15.23.20:423][  0]LogInit: Version: 4.9.0-2672455+++depot+UE4-Releases+4.9
[2015.09.06-15.23.20:423][  0]LogInit: API Version: 2672455
[2015.09.06-15.23.20:423][  0]LogInit: Compiled (64-bit): Aug 28 2015 12:33:01
[2015.09.06-15.23.20:423][  0]LogInit: Compiled with Visual C++: 18.00.21005.01
[2015.09.06-15.23.20:423][  0]LogInit: Build Configuration: Development
[2015.09.06-15.23.20:423][  0]LogInit: Branch Name: ++depot+UE4-Releases+4.9
[2015.09.06-15.23.20:423][  0]LogInit: Command line:  
[2015.09.06-15.23.20:423][  0]LogInit: Base directory: C:/Program Files/Epic Games/4.9/Engine/Binaries/Win64/
[2015.09.06-15.23.20:423][  0]LogInit: Rocket: 1
[2015.09.06-15.23.20:440][  0]LogInit: Using libcurl 7.41.0
[2015.09.06-15.23.20:440][  0]LogInit:  - built for x86_64-pc-win32
[2015.09.06-15.23.20:440][  0]LogInit:  - supports SSL with WinSSL
[2015.09.06-15.23.20:440][  0]LogInit:  - other features:
[2015.09.06-15.23.20:440][  0]LogInit:      CURL_VERSION_SSL
[2015.09.06-15.23.20:440][  0]LogInit:      CURL_VERSION_IPV6
[2015.09.06-15.23.20:440][  0]LogInit:      CURL_VERSION_ASYNCHDNS
[2015.09.06-15.23.20:440][  0]LogInit:      CURL_VERSION_LARGEFILE
[2015.09.06-15.23.20:440][  0]LogInit:      CURL_VERSION_IDN
[2015.09.06-15.23.20:441][  0]LogInit:  CurlRequestOptions (configurable via config and command line):
[2015.09.06-15.23.20:441][  0]LogInit:  - bVerifyPeer = true  - Libcurl will verify peer certificate
[2015.09.06-15.23.20:441][  0]LogInit:  - bUseHttpProxy = false  - Libcurl will NOT use HTTP proxy
[2015.09.06-15.23.20:441][  0]LogInit:  - bDontReuseConnections = false  - Libcurl will reuse connections
[2015.09.06-15.23.20:441][  0]LogInit:  - CertBundlePath = nullptr  - Libcurl will use whatever was configured at build time.
[2015.09.06-15.23.20:456][  0]LogInit: Presizing for 0 objects not considered by GC, pre-allocating 0 bytes.
[2015.09.06-15.23.20:467][  0]LogInit: Object subsystem initialized
[2015.09.06-15.23.20:476][  0]LogInit: Selected Device Profile: [Windows]
[2015.09.06-15.23.20:476][  0]LogInit: Applying CVar settings loaded from the selected device profile: [Windows]
[2015.09.06-15.23.20:484][  0]LogInit: Computer: DAMIR-PC
[2015.09.06-15.23.20:484][  0]LogInit: User: Damir
[2015.09.06-15.23.20:484][  0]LogInit: CPU Page size=4096, Cores=4
[2015.09.06-15.23.20:484][  0]LogInit: High frequency timer resolution =3.320371 MHz
[2015.09.06-15.23.20:484][  0]LogMemory: Memory total: Physical=7.9GB (8GB approx)
[2015.09.06-15.23.20:484][  0]LogMemory: Platform Memory Stats for Windows
[2015.09.06-15.23.20:484][  0]LogMemory: Process Physical Memory: 53.85 MB used, 53.85 MB peak
[2015.09.06-15.23.20:484][  0]LogMemory: Process Virtual Memory: 56.27 MB used, 56.27 MB peak
[2015.09.06-15.23.20:484][  0]LogMemory: Physical Memory: 2284.69 MB used, 8136.55 MB total
[2015.09.06-15.23.20:484][  0]LogMemory: Virtual Memory: 336.11 MB used, 8388608.00 MB total
[2015.09.06-15.23.20:583][  0]LogTextLocalizationManager: No translations for ('de-DE') exist, falling back to 'en' for localization and internationalization data.
[2015.09.06-15.23.21:149][  0]LogD3D11RHI: Found D3D11 adapter 0: NVIDIA GeForce GTX 660   (Feature Level 11_0)
[2015.09.06-15.23.21:149][  0]LogD3D11RHI: Adapter has 1989MB of dedicated video memory, 0MB of dedicated system memory, and 2048MB of shared system memory, 1 output[s]
[2015.09.06-15.23.21:149][  0]LogD3D11RHI: Chosen D3D11 Adapter Id = 0
[2015.09.06-15.23.21:154][  0]LogD3D11RHI: !Direct3DDevice
[2015.09.06-15.23.21:155][  0]LogRHI: Texture pool is 1361 MB (70% of 1945 MB)
[2015.09.06-15.23.21:160][  0]LogD3D11RHI: Async texture creation enabled
[2015.09.06-15.23.21:185][  0]LogShaderCompilers: Guid format shader working directory is 15 characters bigger than the processId version (../../../../../../Users/Damir/Documents/GitHub/Project_ReSurvivor/Intermediate/Shaders/WorkingDirectory/2112/).
[2015.09.06-15.23.21:185][  0]LogShaderCompilers: Cleaned the shader compiler working directory '../../../../../../Users/Damir/Documents/GitHub/Project_ReSurvivor/Intermediate/Shaders/tmp/F30E87A64CA63AEF9C5686B5E27DCD71/'.
[2015.09.06-15.23.21:186][  0]LogShaderCompilers:Display: Using Local Shader Compiler.
[2015.09.06-15.23.22:278][  0]LogTemp:Display: Loaded TP AllDesktopTargetPlatform
[2015.09.06-15.23.22:283][  0]LogTemp:Display: Loaded TP WindowsClientTargetPlatform
[2015.09.06-15.23.22:288][  0]LogTemp:Display: Loaded TP WindowsNoEditorTargetPlatform
[2015.09.06-15.23.22:293][  0]LogTemp:Display: Loaded TP WindowsServerTargetPlatform
[2015.09.06-15.23.22:299][  0]LogTemp:Display: Loaded TP WindowsTargetPlatform
[2015.09.06-15.23.22:303][  0]LogTemp:Display: Loaded TP AndroidTargetPlatform
[2015.09.06-15.23.22:306][  0]LogTemp:Display: Loaded TP Android_ASTCTargetPlatform
[2015.09.06-15.23.22:310][  0]LogTemp:Display: Loaded TP Android_ATCTargetPlatform
[2015.09.06-15.23.22:314][  0]LogTemp:Display: Loaded TP Android_DXTTargetPlatform
[2015.09.06-15.23.22:318][  0]LogTemp:Display: Loaded TP Android_ETC1TargetPlatform
[2015.09.06-15.23.22:322][  0]LogTemp:Display: Loaded TP Android_ETC2TargetPlatform
[2015.09.06-15.23.22:326][  0]LogTemp:Display: Loaded TP Android_PVRTCTargetPlatform
[2015.09.06-15.23.22:327][  0]LogTemp:Display: Loaded TP HTML5TargetPlatform
[2015.09.06-15.23.22:347][  0]LogTemp:Display: Loaded TP IOSTargetPlatform
[2015.09.06-15.23.22:350][  0]LogTemp:Display: Loaded TP LinuxNoEditorTargetPlatform
[2015.09.06-15.23.22:354][  0]LogTemp:Display: Loaded TP LinuxServerTargetPlatform
[2015.09.06-15.23.22:358][  0]LogTemp:Display: Loaded TP LinuxTargetPlatform
[2015.09.06-15.23.22:358][  0]LogTargetPlatformManager:Display: Building Assets For Windows
[2015.09.06-15.23.22:454][  0]LogDerivedDataCache:Display: Max Cache Size: 512 MB
[2015.09.06-15.23.22:573][  0]LogDerivedDataCache: Loaded boot cache 0.12s 41MB C:/Users/Damir/AppData/Local/UnrealEngine/4.9/DerivedDataCache/Boot.ddc.
[2015.09.06-15.23.22:573][  0]LogDerivedDataCache:Display: Loaded Boot cache: C:/Users/Damir/AppData/Local/UnrealEngine/4.9/DerivedDataCache/Boot.ddc
[2015.09.06-15.23.22:573][  0]LogDerivedDataCache: FDerivedDataBackendGraph:  Pak pak cache file ../../../../../../Users/Damir/Documents/GitHub/Project_ReSurvivor/DerivedDataCache/DDC.ddp not found, will not use a pak cache.
[2015.09.06-15.23.22:573][  0]LogDerivedDataCache: Unable to find inner node Pak for hierarchical cache Hierarchy.
[2015.09.06-15.23.22:573][  0]LogDerivedDataCache: FDerivedDataBackendGraph:  CompressedPak pak cache file ../../../../../../Users/Damir/Documents/GitHub/Project_ReSurvivor/DerivedDataCache/Compressed.ddp not found, will not use a pak cache.
[2015.09.06-15.23.22:573][  0]LogDerivedDataCache: Unable to find inner node CompressedPak for hierarchical cache Hierarchy.
[2015.09.06-15.23.22:703][  0]LogDerivedDataCache:Display: Pak cache opened for reading ../../../Engine/DerivedDataCache/Compressed.ddp.
[2015.09.06-15.23.22:714][  0]LogDerivedDataCache: Using Local data cache path C:/Users/Damir/AppData/Local/UnrealEngine/Common/DerivedDataCache: Writable
[2015.09.06-15.23.23:145][  0]LogInit: Selected Device Profile: [Windows]
[2015.09.06-15.23.23:146][  0]LogContentStreaming: Texture pool size is 0.000000MB
[2015.09.06-15.23.23:180][  0]LogMeshUtilities: No automatic mesh reduction module available
[2015.09.06-15.23.23:180][  0]LogMeshUtilities: No automatic mesh merging module available
[2015.09.06-15.23.23:595][  0]LogInit: WinSock: version 1.1 (2.2), MaxSocks=32767, MaxUdp=65467
[2015.09.06-15.23.24:726][  0]UdpMessaging: Initializing bridge on interface 0.0.0.0:0 to multicast group 230.0.0.1:6666.
[2015.09.06-15.23.24:861][  0]LogAssetRegistry: FAssetRegistry took 0.0120 seconds to start up
[2015.09.06-15.23.25:089][  0]SourceControl: Info Source control is disabled
[2015.09.06-15.23.25:104][  0]SourceControl: Info Source control is disabled
[2015.09.06-15.23.25:116][  0]SourceControl: Info Source control is disabled
[2015.09.06-15.23.25:128][  0]SourceControl: Info Source control is disabled
[2015.09.06-15.23.25:267][  0]LogLinker:Warning: Asset '../../../Engine/Plugins/Runtime/LeapMotionController/Content/LM_PassthroughMaterial.uasset' has been saved with empty engine version. The asset will be loaded but may be incompatible.
[2015.09.06-15.23.25:341][  0]LogObj: 28361 objects as part of root set at end of initial load.
[2015.09.06-15.23.25:341][  0]LogUObjectAllocator: 6038864 out of 0 bytes used by permanent object pool.
[2015.09.06-15.23.25:414][  0]LogEngine: Initializing Engine...
[2015.09.06-15.23.25:417][  0]LogHMD: Can't find Oculus library dev build: is proper Runtime installed? Version: 0.6.0.0
[2015.09.06-15.23.25:418][  0]LogHMD: SteamVR failed to initialize.  Err: 110
[2015.09.06-15.23.25:555][  0]LogAIModule: Creating AISystem for world NewWorld
[2015.09.06-15.23.25:565][  0]LogInit: XAudio2 using 'Speakers (Realtek High Definition Audio)' : 2 channels at 48 kHz using 32 bits per sample (channel mask 0x3)
[2015.09.06-15.23.25:592][  0]LogInit: FAudioDevice initialized.
[2015.09.06-15.23.25:614][  0]LogDerivedDataCache: Saved boot cache 0.02s 41MB C:/Users/Damir/AppData/Local/UnrealEngine/4.9/DerivedDataCache/Boot.ddc.
[2015.09.06-15.23.25:618][  0]LogInit: Texture streaming: Enabled
[2015.09.06-15.23.25:624][  0]LogAnalytics: Creating configured Analytics provider AnalyticsET
[2015.09.06-15.23.25:624][  0]LogAnalytics: [UEEditor.Rocket.Release] APIServer = http://et2.epicgames.com/ET2/. AppVersion = 4.9.0-2672455+++depot+UE4-Releases+4.9
[2015.09.06-15.23.25:624][  0]LogAnalytics: [UEEditor.Rocket.Release] SetUserId 823be5244adb21341b1538b68ee82034|51c2a24b0ca544adac8a22d4708797c6|ec4eac3e-148a-4a5a-9f28-33d773939611
[2015.09.06-15.23.25:624][  0]LogAnalytics: [UEEditor.Rocket.Release] AnalyticsET::StartSession
[2015.09.06-15.23.25:647][  0]LogInit: Transaction tracking system initialized
[2015.09.06-15.23.25:692][  0]BlueprintLog: New page: Editor Load
[2015.09.06-15.23.25:841][  0]LocalizationService: Info Localization service is disabled
[2015.09.06-15.23.25:950][  0]LogConsoleResponse:Display: 
[2015.09.06-15.23.26:082][  0]LogCook:Display: Done creating registry. It took  0.00s.
[2015.09.06-15.23.26:160][  0]SourceControl: Info Source control is disabled
[2015.09.06-15.23.52:915][  0]LogWindowsTextInputMethodSystem:Display: IME system now deactivated.
[2015.09.06-15.23.56:318][  0]LogWindowsTextInputMethodSystem:Display: IME system now deactivated.
[2015.09.06-15.23.56:320][  0]Cmd: MAP LOAD FILE="../../../../../../Users/Damir/Documents/GitHub/Project_ReSurvivor/Content/FirstPersonBP/Maps/FirstPersonExampleMap.umap" TEMPLATE=0 SHOWPROGRESS=1 FEATURELEVEL=3
[2015.09.06-15.23.56:321][  0]LightingResults: New page: Lighting Build
[2015.09.06-15.23.56:327][  0]MapCheck: New page: Map Check
[2015.09.06-15.23.56:327][  0]LightingResults: New page: Lighting Build
[2015.09.06-15.23.56:339][  0]LogParticles: Destroying 0 GPU particle simulations for FXSystem 0x000000002645A160
[2015.09.06-15.23.56:594][  0]LogBlueprint:Warning: [compiler ItemBaseClass_Actor] Warning Default Enum value 'ItemTypes' for class 'ItemBaseClass_Actor_C' is invalid in object 'Default__ItemBaseClass_Actor_C' 
[2015.09.06-15.23.56:595][  0]LogBlueprint:Warning: [compiler ItemBaseClass_Actor] Warning [0037.04] Compile of ItemBaseClass_Actor successful, but with 1 Warning(s) [in 0 ms]
[2015.09.06-15.23.56:595][  0]LogBlueprint:Warning: [compiler ItemBaseClass_Actor] Warning [0037.04] Compile of ItemBaseClass_Actor successful, but with 2 Warning(s) [in 0 ms]
[2015.09.06-15.23.56:595][  0]LogBlueprint:Warning: [compiler ItemBaseClass_Actor] Warning [0037.04] Compile of ItemBaseClass_Actor successful, but with 3 Warning(s) [in 0 ms]
[2015.09.06-15.23.57:340][  0]LogAIModule: Creating AISystem for world FirstPersonExampleMap
[2015.09.06-15.23.57:369][  0]LogEditorServer: Finished looking for orphan Actors (0.000 secs)
[2015.09.06-15.23.57:370][  0]Cmd: MAP CHECKDEP NOCLEARLOG
[2015.09.06-15.23.57:407][  0]MapCheck: Info Map check complete: 0 Error(s), 0 Warning(s), took 36.767ms to complete.
[2015.09.06-15.23.57:407][  0]LogFileHelpers: Loading map 'FirstPersonExampleMap' took 1.088
[2015.09.06-15.23.57:478][  0]LogCollectionManager: Loaded 0 collections in 0.001924 seconds
[2015.09.06-15.23.57:536][  0]LogFileCache: Scanning file cache for directory 'C:/Users/Damir/Documents/GitHub/Project_ReSurvivor/Saved/Collections/' took 0.01s
[2015.09.06-15.23.57:536][  0]LogFileCache: Scanning file cache for directory 'C:/Users/Damir/Documents/GitHub/Project_ReSurvivor/Content/Developers/Damir/Collections/' took 0.01s
[2015.09.06-15.23.57:536][  0]LogFileCache: Scanning file cache for directory 'C:/Users/Damir/Documents/GitHub/Project_ReSurvivor/Content/Collections/' took 0.01s
[2015.09.06-15.23.57:536][  0]LogContentBrowser: Native class hierarchy populated in 0.0205 seconds. Added 1867 classes and 333 folders.
[2015.09.06-15.23.57:553][  0]LogCollectionManager: Rebuilt the GUID cache for 0 collections in 0.000004 seconds
[2015.09.06-15.23.57:568][  0]LogContentBrowser: Native class hierarchy updated for 'WidgetCarousel' in 0.0004 seconds. Added 0 classes and 0 folders.
[2015.09.06-15.23.57:676][  0]LogContentBrowser: Native class hierarchy updated for 'AddContentDialog' in 0.0003 seconds. Added 0 classes and 0 folders.
[2015.09.06-15.23.57:688][  0]LogContentBrowser: Native class hierarchy updated for 'SceneOutliner' in 0.0003 seconds. Added 1 classes and 2 folders.
[2015.09.06-15.23.57:739][  0]LogCrashTracker: Crashtracker disabled due to settings.
[2015.09.06-15.23.57:746][  0]LogUObjectGlobals:Warning: Failed to find object 'Class None.'
[2015.09.06-15.23.57:768][  0]LogStats:Warning: MetaData mismatch. Did you assign a stat to two groups? New //STATGROUP_Threads//SplashScreenThread///Thread_8d0_0///####STATCAT_Advanced#### old //STATGROUP_Threads//SplashScreenThread///Thread_1178_0///####STATCAT_Advanced####
[2015.09.06-15.23.57:768][  0]LogLoad: Full Startup: 38.21 seconds (BP compile: 0.27 seconds)
[2015.09.06-15.23.57:783][  0]LoadErrors:Error: Error /Game/Blueprints/Widgets/Menu_Widget : Failed import for ObjectProperty /Game/Blueprints/Widgets/InventorySlot_Widget.InventorySlot_Widget_C:Item
[2015.09.06-15.23.57:783][  0]LoadErrors:Error: Error /Game/Blueprints/Widgets/Menu_Widget : Failed import for ObjectProperty /Game/Blueprints/Widgets/InventorySlot_Widget.InventorySlot_Widget_C:ItemName_Text
[2015.09.06-15.23.57:836][  0]LogContentStreaming: Texture pool size now 700 MB
[2015.09.06-15.23.57:949][  0]LogRenderer: Reallocating scene render targets to support 1208x576 (Frame:2).
[2015.09.06-15.23.58:250][  6]LogAssetRegistry: Asset discovery search completed in 33.3994 seconds
[2015.09.06-15.23.58:250][  6]LogCollectionManager: Rebuilt the object cache for 0 collections in 0.000002 seconds (found 0 objects)
[2015.09.06-15.23.58:250][  6]LogCollectionManager: Fixed up redirectors for 0 collections in 0.000048 seconds (updated 0 objects)
[2015.09.06-15.24.02:719][511]LogLinker:Warning: Asset '../../../Engine/Content/ArtTools/RenderToTexture/Macros/RenderToTextureMacros.uasset' has been saved with empty engine version. The asset will be loaded but may be incompatible.
[2015.09.06-15.24.03:142][511]LogContentBrowser: Native class hierarchy updated for 'BlueprintGraph' in 0.0005 seconds. Added 107 classes and 0 folders.
[2015.09.06-15.24.08:554][872]LogPlayLevel: PlayLevel: No blueprints needed recompiling
[2015.09.06-15.24.08:555][872]PIE: New page: PIE session: FirstPersonExampleMap (Sep 6, 2015, 7:24:08 PM)
[2015.09.06-15.24.08:555][872]LogPlayLevel: Creating play world package: /Game/FirstPersonBP/Maps/UEDPIE_0_FirstPersonExampleMap
[2015.09.06-15.24.08:581][872]LogPlayLevel: PIE: StaticDuplicateObject took: (0.026177s)
[2015.09.06-15.24.08:582][872]LogAIModule: Creating AISystem for world FirstPersonExampleMap
[2015.09.06-15.24.08:582][872]LogPlayLevel: PIE: World Init took: (0.001056s)
[2015.09.06-15.24.08:582][872]LogPlayLevel: PIE: Created PIE world by copying editor world from /Game/FirstPersonBP/Maps/FirstPersonExampleMap.FirstPersonExampleMap to /Game/FirstPersonBP/Maps/UEDPIE_0_FirstPersonExampleMap.FirstPersonExampleMap (0.027688s)
[2015.09.06-15.24.08:636][872]LogInit: XAudio2 using 'Speakers (Realtek High Definition Audio)' : 2 channels at 48 kHz using 32 bits per sample (channel mask 0x3)
[2015.09.06-15.24.08:643][872]LogInit: FAudioDevice initialized.
[2015.09.06-15.24.08:688][872]LogWorld: Game class is 'FirstPersonGameMode_C'
[2015.09.06-15.24.08:694][872]LogWorld: Bringing World /Game/FirstPersonBP/Maps/UEDPIE_0_FirstPersonExampleMap.FirstPersonExampleMap up for play (max tick rate 0) at 2015.09.06-17.24.08
[2015.09.06-15.24.08:694][872]LogActor:Warning: GameSession /Game/FirstPersonBP/Maps/UEDPIE_0_FirstPersonExampleMap.FirstPersonExampleMap:PersistentLevel.GameSession_0 has natively added scene component(s), but none of them were set as the actor's RootComponent - picking one arbitrarily
[2015.09.06-15.24.08:694][872]LogActor:Warning: GameNetworkManager /Game/FirstPersonBP/Maps/UEDPIE_0_FirstPersonExampleMap.FirstPersonExampleMap:PersistentLevel.GameNetworkManager_0 has natively added scene component(s), but none of them were set as the actor's RootComponent - picking one arbitrarily
[2015.09.06-15.24.08:696][872]LogWorld: Bringing up level for play took: 0.007222
[2015.09.06-15.24.08:703][872]PIE: Info Play in editor start time for /Game/FirstPersonBP/Maps/UEDPIE_0_FirstPersonExampleMap 0.68
[2015.09.06-15.24.13:106][375]LogParticles: Destroying 0 GPU particle simulations for FXSystem 0x0000000054A14220
[2015.09.06-18.16.57:487][856]LogRenderer: Reallocating scene render targets to support 1208x600 (Frame:515).
[2015.09.06-21.39.10:939][554]LogPlayLevel: PlayLevel: No blueprints needed recompiling
[2015.09.06-21.39.10:949][554]PIE: New page: PIE session: FirstPersonExampleMap (Sep 7, 2015, 1:39:10 AM)
[2015.09.06-21.39.10:960][554]LogPlayLevel: Creating play world package: /Game/FirstPersonBP/Maps/UEDPIE_0_FirstPersonExampleMap
[2015.09.06-21.39.11:187][554]LogPlayLevel: PIE: StaticDuplicateObject took: (0.223484s)
[2015.09.06-21.39.11:248][554]LogAIModule: Creating AISystem for world FirstPersonExampleMap
[2015.09.06-21.39.11:259][554]LogPlayLevel: PIE: World Init took: (0.071896s)
[2015.09.06-21.39.11:261][554]LogPlayLevel: PIE: Created PIE world by copying editor world from /Game/FirstPersonBP/Maps/FirstPersonExampleMap.FirstPersonExampleMap to /Game/FirstPersonBP/Maps/UEDPIE_0_FirstPersonExampleMap.FirstPersonExampleMap (0.301378s)
[2015.09.06-21.39.11:561][554]LogInit: XAudio2 using 'Speakers (Realtek High Definition Audio)' : 2 channels at 48 kHz using 32 bits per sample (channel mask 0x3)
[2015.09.06-21.39.11:582][554]LogInit: FAudioDevice initialized.
[2015.09.06-21.39.11:635][554]LogWorld: Game class is 'FirstPersonGameMode_C'
[2015.09.06-21.39.11:673][554]LogWorld: Bringing World /Game/FirstPersonBP/Maps/UEDPIE_0_FirstPersonExampleMap.FirstPersonExampleMap up for play (max tick rate 0) at 2015.09.06-23.39.11
[2015.09.06-21.39.11:673][554]LogActor:Warning: GameSession /Game/FirstPersonBP/Maps/UEDPIE_0_FirstPersonExampleMap.FirstPersonExampleMap:PersistentLevel.GameSession_1 has natively added scene component(s), but none of them were set as the actor's RootComponent - picking one arbitrarily
[2015.09.06-21.39.11:675][554]LogActor:Warning: GameNetworkManager /Game/FirstPersonBP/Maps/UEDPIE_0_FirstPersonExampleMap.FirstPersonExampleMap:PersistentLevel.GameNetworkManager_1 has natively added scene component(s), but none of them were set as the actor's RootComponent - picking one arbitrarily
[2015.09.06-21.39.11:678][554]LogWorld: Bringing up level for play took: 0.032597
[2015.09.06-21.39.11:725][554]PIE: Info Play in editor start time for /Game/FirstPersonBP/Maps/UEDPIE_0_FirstPersonExampleMap 1.295
[2015.09.06-21.39.24:739][ 45]LogParticles: Destroying 0 GPU particle simulations for FXSystem 0x000000006E6676A0
[2015.09.06-21.39.27:861][376]LogActorComponent: UnregisterComponent: (/Engine/Transient.EditorFloorComp) Not registered. Aborting.
[2015.09.06-21.39.27:988][376]LogActorComponent: UnregisterComponent: (/Engine/Transient.EditorFloorComp) Not registered. Aborting.
[2015.09.06-21.39.28:463][377]Cmd: QUIT_EDITOR
[2015.09.06-21.39.29:869][377]LogExit: Preparing to exit.
[2015.09.06-21.39.30:632][377]LogExit: Editor shut down
[2015.09.06-21.39.30:635][377]LogExit: Transaction tracking system shut down
[2015.09.06-21.39.30:692][377]LogParticles: Destroying 0 GPU particle simulations for FXSystem 0x0000000031B711C0
[2015.09.06-21.39.30:695][377]LogParticles: Destroying 0 GPU particle simulations for FXSystem 0x00000000337C9A80
[2015.09.06-21.39.30:705][377]LogParticles: Destroying 0 GPU particle simulations for FXSystem 0x00000000387B6520
[2015.09.06-21.39.30:705][377]LogParticles: Destroying 0 GPU particle simulations for FXSystem 0x0000000047424900
[2015.09.06-21.39.30:705][377]LogParticles: Destroying 0 GPU particle simulations for FXSystem 0x0000000042925BC0
[2015.09.06-21.39.30:716][377]LogParticles: Destroying 0 GPU particle simulations for FXSystem 0x0000000054181440
[2015.09.06-21.39.30:725][377]LogParticles: Destroying 0 GPU particle simulations for FXSystem 0x00000000617F79C0
[2015.09.06-21.39.30:732][377]LogParticles: Destroying 0 GPU particle simulations for FXSystem 0x000000003C27A0C0
[2015.09.06-21.39.30:741][377]LogParticles: Destroying 0 GPU particle simulations for FXSystem 0x000000003C279BC0
[2015.09.06-21.39.31:106][377]LogExit: Object subsystem successfully closed.
[2015.09.06-21.39.31:180][377]LogD3D11RHI: Shutdown
[2015.09.06-21.39.31:181][377]LogD3D11RHI: CleanupD3DDevice
[2015.09.06-21.39.31:276][377]LogD3D11RHI: ~FD3D11DynamicRHI
[2015.09.06-21.39.31:349][377]LogModuleManager: Shutting down and abandoning module SequencerWidgets (199)
[2015.09.06-21.39.31:349][377]LogModuleManager: Shutting down and abandoning module BlueprintGraph (198)
[2015.09.06-21.39.31:349][377]LogModuleManager: Shutting down and abandoning module CrashTracker (197)
[2015.09.06-21.39.31:350][377]LogModuleManager: Shutting down and abandoning module SceneOutliner (196)
[2015.09.06-21.39.31:350][377]LogModuleManager: Shutting down and abandoning module SuperSearch (195)
[2015.09.06-21.39.31:350][377]LogModuleManager: Shutting down and abandoning module WidgetCarousel (194)
[2015.09.06-21.39.31:350][377]LogModuleManager: Shutting down and abandoning module AddContentDialog (193)
[2015.09.06-21.39.31:378][377]LogModuleManager: Shutting down and abandoning module EditorWidgets (192)
[2015.09.06-21.39.31:378][377]LogModuleManager: Shutting down and abandoning module CollectionManager (191)
[2015.09.06-21.39.31:379][377]LogModuleManager: Shutting down and abandoning module StatsViewer (190)
[2015.09.06-21.39.31:380][377]LogModuleManager: Shutting down and abandoning module FoliageEdit (189)
[2015.09.06-21.39.31:381][377]LogModuleManager: Shutting down and abandoning module LandscapeEditor (188)
[2015.09.06-21.39.31:383][377]LogModuleManager: Shutting down and abandoning module ActorPickerMode (187)
[2015.09.06-21.39.31:383][377]LogModuleManager: Shutting down and abandoning module GeometryMode (186)
[2015.09.06-21.39.31:383][377]LogModuleManager: Shutting down and abandoning module TextureAlignMode (185)
[2015.09.06-21.39.31:383][377]LogModuleManager: Shutting down and abandoning module BspMode (184)
[2015.09.06-21.39.31:383][377]LogModuleManager: Shutting down and abandoning module PlacementMode (183)
[2015.09.06-21.39.31:383][377]LogModuleManager: Shutting down and abandoning module AutomationWorker (182)
[2015.09.06-21.39.31:384][377]LogModuleManager: Shutting down and abandoning module CharacterAI (181)
[2015.09.06-21.39.31:384][377]LogModuleManager: Shutting down and abandoning module SmartSnapping (180)
[2015.09.06-21.39.31:385][377]LogModuleManager: Shutting down and abandoning module ViewportSnapping (179)
[2015.09.06-21.39.31:385][377]LogModuleManager: Shutting down and abandoning module LogVisualizer (178)
[2015.09.06-21.39.31:387][377]LogModuleManager: Shutting down and abandoning module GameProjectGeneration (177)
[2015.09.06-21.39.31:388][377]LogModuleManager: Shutting down and abandoning module IntroTutorials (176)
[2015.09.06-21.39.31:390][377]LogModuleManager: Shutting down and abandoning module EditorLiveStreaming (175)
[2015.09.06-21.39.31:391][377]LogModuleManager: Shutting down and abandoning module IOSPlatformEditor (174)
[2015.09.06-21.39.31:391][377]LogModuleManager: Shutting down and abandoning module HTML5PlatformEditor (173)
[2015.09.06-21.39.31:391][377]LogModuleManager: Shutting down and abandoning module AndroidDeviceDetection (172)
[2015.09.06-21.39.31:900][377]LogModuleManager: Shutting down and abandoning module AndroidPlatformEditor (171)
[2015.09.06-21.39.31:900][377]LogModuleManager: Shutting down and abandoning module IOSRuntimeSettings (170)
[2015.09.06-21.39.31:900][377]LogModuleManager: Shutting down and abandoning module AndroidRuntimeSettings (169)
[2015.09.06-21.39.31:900][377]LogModuleManager: Shutting down and abandoning module MergeActors (168)
[2015.09.06-21.39.31:901][377]LogModuleManager: Shutting down and abandoning module SizeMap (167)
[2015.09.06-21.39.31:902][377]LogModuleManager: Shutting down and abandoning module TreeMap (166)
[2015.09.06-21.39.31:903][377]LogModuleManager: Shutting down and abandoning module ReferenceViewer (165)
[2015.09.06-21.39.31:903][377]LogModuleManager: Shutting down and abandoning module LocalizationService (164)
[2015.09.06-21.39.31:904][377]LogModuleManager: Shutting down and abandoning module LocalizationDashboard (163)
[2015.09.06-21.39.31:906][377]LogModuleManager: Shutting down and abandoning module HardwareTargeting (162)
[2015.09.06-21.39.31:906][377]LogModuleManager: Shutting down and abandoning module DeviceProfileEditor (161)
[2015.09.06-21.39.31:907][377]LogModuleManager: Shutting down and abandoning module UndoHistory (160)
[2015.09.06-21.39.31:908][377]LogModuleManager: Shutting down and abandoning module GameplayTagsEditor (159)
[2015.09.06-21.39.31:908][377]LogModuleManager: Shutting down and abandoning module UserFeedback (158)
[2015.09.06-21.39.31:908][377]LogModuleManager: Shutting down and abandoning module XmlParser (157)
[2015.09.06-21.39.31:908][377]LogModuleManager: Shutting down and abandoning module Blutility (156)
[2015.09.06-21.39.31:908][377]LogModuleManager: Shutting down and abandoning module ProjectTargetPlatformEditor (155)
[2015.09.06-21.39.31:910][377]LogModuleManager: Shutting down and abandoning module ProjectSettingsViewer (154)
[2015.09.06-21.39.31:910][377]LogModuleManager: Shutting down and abandoning module InputBindingEditor (153)
[2015.09.06-21.39.31:912][377]LogModuleManager: Shutting down and abandoning module EditorSettingsViewer (152)
[2015.09.06-21.39.31:912][377]LogModuleManager: Shutting down and abandoning module SettingsEditor (151)
[2015.09.06-21.39.31:913][377]LogModuleManager: Shutting down and abandoning module ProjectLauncher (150)
[2015.09.06-21.39.31:914][377]LogModuleManager: Shutting down and abandoning module SessionFrontend (149)
[2015.09.06-21.39.31:915][377]LogModuleManager: Shutting down and abandoning module ProfilerClient (148)
[2015.09.06-21.39.31:915][377]LogModuleManager: Shutting down and abandoning module TargetDeviceServices (147)
[2015.09.06-21.39.31:916][377]LogModuleManager: Shutting down and abandoning module DeviceManager (146)
[2015.09.06-21.39.31:917][377]LogModuleManager: Shutting down and abandoning module AutomationController (145)
[2015.09.06-21.39.31:919][377]LogModuleManager: Shutting down and abandoning module AutomationWindow (144)
[2015.09.06-21.39.31:919][377]LogModuleManager: Shutting down and abandoning module Layers (143)
[2015.09.06-21.39.31:921][377]LogModuleManager: Shutting down and abandoning module ComponentVisualizers (142)
[2015.09.06-21.39.31:921][377]LogModuleManager: Shutting down and abandoning module DetailCustomizations (141)
[2015.09.06-21.39.31:922][377]LogModuleManager: Shutting down and abandoning module PackagesDialog (140)
[2015.09.06-21.39.31:922][377]LogModuleManager: Shutting down and abandoning module Persona (139)
[2015.09.06-21.39.31:924][377]LogModuleManager: Shutting down and abandoning module Kismet (138)
[2015.09.06-21.39.31:925][377]LogModuleManager: Shutting down and abandoning module GraphEditor (137)
[2015.09.06-21.39.31:925][377]LogModuleManager: Shutting down and abandoning module ClassViewer (136)
[2015.09.06-21.39.31:926][377]LogModuleManager: Shutting down and abandoning module Toolbox (135)
[2015.09.06-21.39.31:926][377]LogModuleManager: Shutting down and abandoning module ModuleUI (134)
[2015.09.06-21.39.31:927][377]LogModuleManager: Shutting down and abandoning module MovieSceneTools (133)
[2015.09.06-21.39.31:928][377]LogModuleManager: Shutting down and abandoning module OutputLog (132)
[2015.09.06-21.39.31:928][377]LogModuleManager: Shutting down and abandoning module GammaUI (131)
[2015.09.06-21.39.31:928][377]LogModuleManager: Shutting down and abandoning module Documentation (130)
[2015.09.06-21.39.31:929][377]LogModuleManager: Shutting down and abandoning module GameLiveStreaming (129)
[2015.09.06-21.39.31:929][377]LogModuleManager: Shutting down and abandoning module StreamingPauseRendering (128)
[2015.09.06-21.39.31:929][377]LogModuleManager: Shutting down and abandoning module AnalyticsET (127)
[2015.09.06-21.39.31:929][377]LogModuleManager: Shutting down and abandoning module Analytics (126)
[2015.09.06-21.39.31:930][377]LogModuleManager: Shutting down and abandoning module AITestSuite (125)
[2015.09.06-21.39.31:930][377]LogModuleManager: Shutting down and abandoning module GameplayDebugger (124)
[2015.09.06-21.39.31:930][377]LogModuleManager: Shutting down and abandoning module AIModule (123)
[2015.09.06-21.39.31:930][377]LogModuleManager: Shutting down and abandoning module ProfilerService (122)
[2015.09.06-21.39.32:031][377]LogModuleManager: Shutting down and abandoning module TaskGraph (121)
[2015.09.06-21.39.32:032][377]LogModuleManager: Shutting down and abandoning module SlateRemote (120)
[2015.09.06-21.39.32:032][377]LogModuleManager: Shutting down and abandoning module SteamVRController (119)
[2015.09.06-21.39.32:032][377]LogModuleManager: Shutting down and abandoning module SteamVR (118)
[2015.09.06-21.39.32:032][377]LogModuleManager: Shutting down and abandoning module ProceduralMeshComponent (117)
[2015.09.06-21.39.32:032][377]LogModuleManager: Shutting down and abandoning module OculusRift (116)
[2015.09.06-21.39.32:033][377]LogModuleManager: Shutting down and abandoning module OculusLibrary (115)
[2015.09.06-21.39.32:033][377]LogModuleManager: Shutting down and abandoning module LeapMotionController (114)
[2015.09.06-21.39.32:052][377]LogModuleManager: Shutting down and abandoning module CustomMeshComponent (113)
[2015.09.06-21.39.32:052][377]LogModuleManager: Shutting down and abandoning module CableComponent (112)
[2015.09.06-21.39.32:052][377]LogModuleManager: Shutting down and abandoning module ArchVisCharacter (111)
[2015.09.06-21.39.32:052][377]LogModuleManager: Shutting down and abandoning module MessagingDebugger (110)
[2015.09.06-21.39.32:054][377]LogModuleManager: Shutting down and abandoning module MediaPlayerEditor (109)
[2015.09.06-21.39.32:054][377]LogModuleManager: Shutting down and abandoning module HTML5Networking (108)
[2015.09.06-21.39.32:054][377]LogModuleManager: Shutting down and abandoning module SpeedTreeImporter (107)
[2015.09.06-21.39.32:054][377]LogModuleManager: Shutting down and abandoning module PluginBrowser (106)
[2015.09.06-21.39.32:056][377]LogModuleManager: Shutting down and abandoning module EpicSurvey (105)
[2015.09.06-21.39.32:058][377]LogModuleManager: Shutting down and abandoning module DesktopPlatform (104)
[2015.09.06-21.39.32:058][377]LogModuleManager: Shutting down and abandoning module VisualStudioSourceCodeAccess (103)
[2015.09.06-21.39.32:059][377]LogModuleManager: Shutting down and abandoning module UObjectPlugin (102)
[2015.09.06-21.39.32:059][377]LogModuleManager: Shutting down and abandoning module SubversionSourceControl (101)
[2015.09.06-21.39.32:060][377]LogModuleManager: Shutting down and abandoning module PerforceSourceControl (100)
[2015.09.06-21.39.32:062][377]LogModuleManager: Shutting down and abandoning module SourceControl (99)
[2015.09.06-21.39.32:063][377]LogModuleManager: Shutting down and abandoning module GitSourceControl (98)
[2015.09.06-21.39.32:064][377]LogModuleManager: Shutting down and abandoning module LightPropagationVolumeEditor (97)
[2015.09.06-21.39.32:064][377]LogModuleManager: Shutting down and abandoning module PaperTiledImporter (96)
[2015.09.06-21.39.32:065][377]LogModuleManager: Shutting down and abandoning module PaperSpriteSheetImporter (95)
[2015.09.06-21.39.32:065][377]LogModuleManager: Shutting down and abandoning module MeshPaint (94)
[2015.09.06-21.39.32:065][377]LogModuleManager: Shutting down and abandoning module SlateReflector (93)
[2015.09.06-21.39.32:066][377]LogModuleManager: Shutting down and abandoning module HotReload (92)
[2015.09.06-21.39.32:066][377]LogModuleManager: Shutting down and abandoning module MainFrame (91)
[2015.09.06-21.39.32:066][377]LogModuleManager: Shutting down and abandoning module LevelEditor (90)
[2015.09.06-21.39.32:070][377]LogModuleManager: Shutting down and abandoning module DirectoryWatcher (89)
[2015.09.06-21.39.32:091][377]LogModuleManager: Shutting down and abandoning module AssetRegistry (88)
[2015.09.06-21.39.32:283][377]LogModuleManager: Shutting down and abandoning module ContentBrowser (87)
[2015.09.06-21.39.32:285][377]LogModuleManager: Shutting down and abandoning module Paper2DEditor (86)
[2015.09.06-21.39.32:286][377]LogModuleManager: Shutting down and abandoning module UdpMessaging (85)
[2015.09.06-21.39.32:386][377]LogModuleManager: Shutting down and abandoning module LightPropagationVolumeRuntime (84)
[2015.09.06-21.39.32:386][377]LogModuleManager: Shutting down and abandoning module Paper2D (83)
[2015.09.06-21.39.32:386][377]LogModuleManager: Shutting down and abandoning module WindowsMoviePlayer (82)
[2015.09.06-21.39.32:396][377]LogModuleManager: Shutting down and abandoning module Media (81)
[2015.09.06-21.39.32:397][377]LogModuleManager: Shutting down and abandoning module WmfMedia (80)
[2015.09.06-21.39.32:400][377]LogModuleManager: Shutting down and abandoning module OnlineBlueprintSupport (79)
[2015.09.06-21.39.32:400][377]LogModuleManager: Shutting down and abandoning module GameplayTasksEditor (78)
[2015.09.06-21.39.32:400][377]LogModuleManager: Shutting down and abandoning module PropertyEditor (77)
[2015.09.06-21.39.32:401][377]LogModuleManager: Shutting down and abandoning module BehaviorTreeEditor (76)
[2015.09.06-21.39.32:402][377]LogModuleManager: Shutting down and abandoning module FunctionalTesting (75)
[2015.09.06-21.39.32:403][377]LogModuleManager: Shutting down and abandoning module CollisionAnalyzer (74)
[2015.09.06-21.39.32:404][377]LogModuleManager: Shutting down and abandoning module WorkspaceMenuStructure (73)
[2015.09.06-21.39.32:405][377]LogModuleManager: Shutting down and abandoning module MessageLog (72)
[2015.09.06-21.39.32:405][377]LogModuleManager: Shutting down and abandoning module Sequencer (71)
[2015.09.06-21.39.32:406][377]LogModuleManager: Shutting down and abandoning module AssetTools (70)
[2015.09.06-21.39.32:408][377]LogModuleManager: Shutting down and abandoning module UMGEditor (69)
[2015.09.06-21.39.32:408][377]LogModuleManager: Shutting down and abandoning module UMG (68)
[2015.09.06-21.39.32:408][377]LogModuleManager: Shutting down and abandoning module Slate (67)
[2015.09.06-21.39.32:408][377]LogModuleManager: Shutting down and abandoning module EditorStyle (66)
[2015.09.06-21.39.32:417][377]LogModuleManager: Shutting down and abandoning module SessionServices (65)
[2015.09.06-21.39.32:417][377]LogModuleManager: Shutting down and abandoning module SourceCodeAccess (64)
[2015.09.06-21.39.32:417][377]LogModuleManager: Shutting down and abandoning module HeadMountedDisplay (63)
[2015.09.06-21.39.32:417][377]LogModuleManager: Shutting down and abandoning module XAudio2 (62)
[2015.09.06-21.39.32:417][377]LogModuleManager: Shutting down and abandoning module Networking (60)
[2015.09.06-21.39.32:417][377]LogModuleManager: Shutting down and abandoning module Core (59)
[2015.09.06-21.39.32:417][377]LogModuleManager: Shutting down and abandoning module KismetCompiler (58)
[2015.09.06-21.39.32:417][377]LogModuleManager: Shutting down and abandoning module PhysXFormats (57)
[2015.09.06-21.39.32:418][377]LogModuleManager: Shutting down and abandoning module MeshUtilities (56)
[2015.09.06-21.39.32:418][377]LogModuleManager: Shutting down and abandoning module CookingStats (55)
[2015.09.06-21.39.32:425][377]LogModuleManager: Shutting down and abandoning module DerivedDataCache (54)
[2015.09.06-21.39.32:515][377]LogDerivedDataCache: Shutdown
[2015.09.06-21.39.32:515][377]LogModuleManager: Shutting down and abandoning module ShaderFormatOpenGL (53)
[2015.09.06-21.39.32:515][377]LogModuleManager: Shutting down and abandoning module ShaderFormatD3D (52)
[2015.09.06-21.39.32:516][377]LogModuleManager: Shutting down and abandoning module MetalShaderFormat (51)
[2015.09.06-21.39.32:517][377]LogModuleManager: Shutting down and abandoning module TextureFormatUncompressed (50)
[2015.09.06-21.39.32:517][377]LogModuleManager: Shutting down and abandoning module TextureFormatPVR (49)
[2015.09.06-21.39.32:517][377]LogModuleManager: Shutting down and abandoning module TextureFormatIntelISPCTexComp (48)
[2015.09.06-21.39.32:518][377]LogModuleManager: Shutting down and abandoning module TextureFormatDXT (47)
[2015.09.06-21.39.32:518][377]LogModuleManager: Shutting down and abandoning module ImageWrapper (46)
[2015.09.06-21.39.32:519][377]LogModuleManager: Shutting down and abandoning module TextureFormatASTC (45)
[2015.09.06-21.39.32:519][377]LogModuleManager: Shutting down and abandoning module TextureFormatAndroid (44)
[2015.09.06-21.39.32:519][377]LogModuleManager: Shutting down and abandoning module AudioFormatOpus (43)
[2015.09.06-21.39.32:519][377]LogModuleManager: Shutting down and abandoning module AudioFormatOgg (42)
[2015.09.06-21.39.32:520][377]LogModuleManager: Shutting down and abandoning module AudioFormatADPCM (41)
[2015.09.06-21.39.32:520][377]LogModuleManager: Shutting down and abandoning module LinuxTargetPlatform (40)
[2015.09.06-21.39.32:521][377]LogModuleManager: Shutting down and abandoning module LinuxServerTargetPlatform (39)
[2015.09.06-21.39.32:521][377]LogModuleManager: Shutting down and abandoning module LinuxNoEditorTargetPlatform (38)
[2015.09.06-21.39.32:521][377]LogModuleManager: Shutting down and abandoning module Messaging (37)
[2015.09.06-21.39.32:521][377]LogModuleManager: Shutting down and abandoning module IOSTargetPlatform (36)
[2015.09.06-21.39.32:522][377]LogModuleManager: Shutting down and abandoning module HTML5TargetPlatform (35)
[2015.09.06-21.39.32:522][377]LogModuleManager: Shutting down and abandoning module Android_PVRTCTargetPlatform (34)
[2015.09.06-21.39.32:522][377]LogModuleManager: Shutting down and abandoning module Android_ETC2TargetPlatform (33)
[2015.09.06-21.39.32:522][377]LogModuleManager: Shutting down and abandoning module Android_ETC1TargetPlatform (32)
[2015.09.06-21.39.32:523][377]LogModuleManager: Shutting down and abandoning module Android_DXTTargetPlatform (31)
[2015.09.06-21.39.32:523][377]LogModuleManager: Shutting down and abandoning module Android_ATCTargetPlatform (30)
[2015.09.06-21.39.32:523][377]LogModuleManager: Shutting down and abandoning module Android_ASTCTargetPlatform (29)
[2015.09.06-21.39.32:523][377]LogModuleManager: Shutting down and abandoning module AndroidTargetPlatform (28)
[2015.09.06-21.39.32:523][377]LogModuleManager: Shutting down and abandoning module WindowsTargetPlatform (27)
[2015.09.06-21.39.32:524][377]LogModuleManager: Shutting down and abandoning module WindowsServerTargetPlatform (26)
[2015.09.06-21.39.32:525][377]LogModuleManager: Shutting down and abandoning module WindowsNoEditorTargetPlatform (25)
[2015.09.06-21.39.32:525][377]LogModuleManager: Shutting down and abandoning module WindowsClientTargetPlatform (24)
[2015.09.06-21.39.32:526][377]LogModuleManager: Shutting down and abandoning module AllDesktopTargetPlatform (23)
[2015.09.06-21.39.32:526][377]LogModuleManager: Shutting down and abandoning module TargetPlatform (22)
[2015.09.06-21.39.32:527][377]LogModuleManager: Shutting down and abandoning module InputCore (21)
[2015.09.06-21.39.32:527][377]LogModuleManager: Shutting down and abandoning module Settings (20)
[2015.09.06-21.39.32:527][377]LogModuleManager: Shutting down and abandoning module OnlineSubsystem (18)
[2015.09.06-21.39.32:527][377]LogModuleManager: Shutting down and abandoning module HTTP (17)
[2015.09.06-21.39.34:529][377]LogModuleManager: Shutting down and abandoning module XMPP (16)
[2015.09.06-21.39.34:531][377]LogModuleManager: Shutting down and abandoning module ExampleDeviceProfileSelector (15)
[2015.09.06-21.39.34:531][377]LogModuleManager: Shutting down and abandoning module TextureCompressor (14)
[2015.09.06-21.39.34:533][377]LogModuleManager: Shutting down and abandoning module ShaderCore (13)
[2015.09.06-21.39.34:533][377]LogModuleManager: Shutting down and abandoning module Landscape (12)
[2015.09.06-21.39.34:533][377]LogModuleManager: Shutting down and abandoning module SlateRHIRenderer (11)
[2015.09.06-21.39.34:579][377]LogModuleManager: Shutting down and abandoning module OpenGLDrv (10)
[2015.09.06-21.39.34:580][377]LogModuleManager: Shutting down and abandoning module D3D11RHI (9)
[2015.09.06-21.39.34:580][377]LogModuleManager: Shutting down and abandoning module AnimGraphRuntime (8)
[2015.09.06-21.39.34:580][377]LogModuleManager: Shutting down and abandoning module Renderer (7)
[2015.09.06-21.39.34:580][377]LogModuleManager: Shutting down and abandoning module Engine (6)
[2015.09.06-21.39.34:580][377]LogModuleManager: Shutting down and abandoning module CoreUObject (5)
[2015.09.06-21.39.34:580][377]LogModuleManager: Shutting down and abandoning module NetworkFile (4)
[2015.09.06-21.39.34:581][377]LogModuleManager: Shutting down and abandoning module StreamingFile (3)
[2015.09.06-21.39.34:581][377]LogModuleManager: Shutting down and abandoning module SandboxFile (2)
[2015.09.06-21.39.34:582][377]LogModuleManager: Shutting down and abandoning module PakFile (1)
[2015.09.06-21.39.34:586][377]LogExit: Exiting.
[2015.09.06-21.39.34:598][377]Log file closed, 09/06/15 23:39:34
