[2015.09.13-20.45.00:558][  0]Log file open, 09/13/15 22:45:00
[2015.09.13-20.45.00:558][  0]LogInit:Display: Running engine for game: Project_ReSurvivor
[2015.09.13-20.45.00:558][  0]LogInit:Display: RandInit(-491715430) SRandInit(-491715430).
[2015.09.13-20.45.00:558][  0]LogTaskGraph: Started task graph with 4 named threads and 7 total threads.
[2015.09.13-20.45.00:558][  0]LogStats: Stats thread started at 0.065589
[2015.09.13-20.45.00:558][  0]LogInit: Version: 4.9.0-2672455+++depot+UE4-Releases+4.9
[2015.09.13-20.45.00:558][  0]LogInit: API Version: 2672455
[2015.09.13-20.45.00:558][  0]LogInit: Compiled (64-bit): Aug 28 2015 12:33:01
[2015.09.13-20.45.00:558][  0]LogInit: Compiled with Visual C++: 18.00.21005.01
[2015.09.13-20.45.00:558][  0]LogInit: Build Configuration: Development
[2015.09.13-20.45.00:558][  0]LogInit: Branch Name: ++depot+UE4-Releases+4.9
[2015.09.13-20.45.00:558][  0]LogInit: Command line:  
[2015.09.13-20.45.00:558][  0]LogInit: Base directory: C:/Program Files/Epic Games/4.9/Engine/Binaries/Win64/
[2015.09.13-20.45.00:558][  0]LogInit: Rocket: 1
[2015.09.13-20.45.00:565][  0]LogInit: Using libcurl 7.41.0
[2015.09.13-20.45.00:565][  0]LogInit:  - built for x86_64-pc-win32
[2015.09.13-20.45.00:565][  0]LogInit:  - supports SSL with WinSSL
[2015.09.13-20.45.00:565][  0]LogInit:  - other features:
[2015.09.13-20.45.00:565][  0]LogInit:      CURL_VERSION_SSL
[2015.09.13-20.45.00:565][  0]LogInit:      CURL_VERSION_IPV6
[2015.09.13-20.45.00:565][  0]LogInit:      CURL_VERSION_ASYNCHDNS
[2015.09.13-20.45.00:565][  0]LogInit:      CURL_VERSION_LARGEFILE
[2015.09.13-20.45.00:565][  0]LogInit:      CURL_VERSION_IDN
[2015.09.13-20.45.00:565][  0]LogInit:  CurlRequestOptions (configurable via config and command line):
[2015.09.13-20.45.00:565][  0]LogInit:  - bVerifyPeer = true  - Libcurl will verify peer certificate
[2015.09.13-20.45.00:565][  0]LogInit:  - bUseHttpProxy = false  - Libcurl will NOT use HTTP proxy
[2015.09.13-20.45.00:565][  0]LogInit:  - bDontReuseConnections = false  - Libcurl will reuse connections
[2015.09.13-20.45.00:565][  0]LogInit:  - CertBundlePath = nullptr  - Libcurl will use whatever was configured at build time.
[2015.09.13-20.45.00:571][  0]LogInit: Presizing for 0 objects not considered by GC, pre-allocating 0 bytes.
[2015.09.13-20.45.00:577][  0]LogInit: Object subsystem initialized
[2015.09.13-20.45.00:578][  0]LogInit: Selected Device Profile: [Windows]
[2015.09.13-20.45.00:578][  0]LogInit: Applying CVar settings loaded from the selected device profile: [Windows]
[2015.09.13-20.45.00:583][  0]LogInit: Computer: DAMIR-PC
[2015.09.13-20.45.00:583][  0]LogInit: User: Damir
[2015.09.13-20.45.00:583][  0]LogInit: CPU Page size=4096, Cores=4
[2015.09.13-20.45.00:583][  0]LogInit: High frequency timer resolution =3.320341 MHz
[2015.09.13-20.45.00:583][  0]LogMemory: Memory total: Physical=7.9GB (8GB approx)
[2015.09.13-20.45.00:583][  0]LogMemory: Platform Memory Stats for Windows
[2015.09.13-20.45.00:583][  0]LogMemory: Process Physical Memory: 54.29 MB used, 54.29 MB peak
[2015.09.13-20.45.00:583][  0]LogMemory: Process Virtual Memory: 56.34 MB used, 56.34 MB peak
[2015.09.13-20.45.00:583][  0]LogMemory: Physical Memory: 4263.47 MB used, 8136.55 MB total
[2015.09.13-20.45.00:583][  0]LogMemory: Virtual Memory: 336.11 MB used, 8388608.00 MB total
[2015.09.13-20.45.00:611][  0]LogTextLocalizationManager: No translations for ('de-DE') exist, falling back to 'en' for localization and internationalization data.
[2015.09.13-20.45.01:256][  0]LogD3D11RHI: Found D3D11 adapter 0: NVIDIA GeForce GTX 660   (Feature Level 11_0)
[2015.09.13-20.45.01:256][  0]LogD3D11RHI: Adapter has 1989MB of dedicated video memory, 0MB of dedicated system memory, and 2048MB of shared system memory, 1 output[s]
[2015.09.13-20.45.01:256][  0]LogD3D11RHI: Chosen D3D11 Adapter Id = 0
[2015.09.13-20.45.01:262][  0]LogD3D11RHI: !Direct3DDevice
[2015.09.13-20.45.01:262][  0]LogRHI: Texture pool is 1361 MB (70% of 1945 MB)
[2015.09.13-20.45.01:268][  0]LogD3D11RHI: Async texture creation enabled
[2015.09.13-20.45.01:281][  0]LogShaderCompilers: Guid format shader working directory is 15 characters bigger than the processId version (../../../../../../Users/Damir/Documents/GitHub/Project_ReSurvivor/Intermediate/Shaders/WorkingDirectory/5876/).
[2015.09.13-20.45.01:281][  0]LogShaderCompilers: Cleaned the shader compiler working directory '../../../../../../Users/Damir/Documents/GitHub/Project_ReSurvivor/Intermediate/Shaders/tmp/4D4385C14FDFFE86EEEA17AE21FAF0C2/'.
[2015.09.13-20.45.01:281][  0]LogShaderCompilers:Display: Using Local Shader Compiler.
[2015.09.13-20.45.02:232][  0]LogTemp:Display: Loaded TP AllDesktopTargetPlatform
[2015.09.13-20.45.02:236][  0]LogTemp:Display: Loaded TP WindowsClientTargetPlatform
[2015.09.13-20.45.02:240][  0]LogTemp:Display: Loaded TP WindowsNoEditorTargetPlatform
[2015.09.13-20.45.02:244][  0]LogTemp:Display: Loaded TP WindowsServerTargetPlatform
[2015.09.13-20.45.02:248][  0]LogTemp:Display: Loaded TP WindowsTargetPlatform
[2015.09.13-20.45.02:251][  0]LogTemp:Display: Loaded TP AndroidTargetPlatform
[2015.09.13-20.45.02:254][  0]LogTemp:Display: Loaded TP Android_ASTCTargetPlatform
[2015.09.13-20.45.02:256][  0]LogTemp:Display: Loaded TP Android_ATCTargetPlatform
[2015.09.13-20.45.02:259][  0]LogTemp:Display: Loaded TP Android_DXTTargetPlatform
[2015.09.13-20.45.02:262][  0]LogTemp:Display: Loaded TP Android_ETC1TargetPlatform
[2015.09.13-20.45.02:264][  0]LogTemp:Display: Loaded TP Android_ETC2TargetPlatform
[2015.09.13-20.45.02:267][  0]LogTemp:Display: Loaded TP Android_PVRTCTargetPlatform
[2015.09.13-20.45.02:268][  0]LogTemp:Display: Loaded TP HTML5TargetPlatform
[2015.09.13-20.45.02:283][  0]LogTemp:Display: Loaded TP IOSTargetPlatform
[2015.09.13-20.45.02:285][  0]LogTemp:Display: Loaded TP LinuxNoEditorTargetPlatform
[2015.09.13-20.45.02:288][  0]LogTemp:Display: Loaded TP LinuxServerTargetPlatform
[2015.09.13-20.45.02:291][  0]LogTemp:Display: Loaded TP LinuxTargetPlatform
[2015.09.13-20.45.02:291][  0]LogTargetPlatformManager:Display: Building Assets For Windows
[2015.09.13-20.45.02:349][  0]LogDerivedDataCache:Display: Max Cache Size: 512 MB
[2015.09.13-20.45.02:388][  0]LogDerivedDataCache: Loaded boot cache 0.04s 41MB C:/Users/Damir/AppData/Local/UnrealEngine/4.9/DerivedDataCache/Boot.ddc.
[2015.09.13-20.45.02:388][  0]LogDerivedDataCache:Display: Loaded Boot cache: C:/Users/Damir/AppData/Local/UnrealEngine/4.9/DerivedDataCache/Boot.ddc
[2015.09.13-20.45.02:388][  0]LogDerivedDataCache: FDerivedDataBackendGraph:  Pak pak cache file ../../../../../../Users/Damir/Documents/GitHub/Project_ReSurvivor/DerivedDataCache/DDC.ddp not found, will not use a pak cache.
[2015.09.13-20.45.02:388][  0]LogDerivedDataCache: Unable to find inner node Pak for hierarchical cache Hierarchy.
[2015.09.13-20.45.02:388][  0]LogDerivedDataCache: FDerivedDataBackendGraph:  CompressedPak pak cache file ../../../../../../Users/Damir/Documents/GitHub/Project_ReSurvivor/DerivedDataCache/Compressed.ddp not found, will not use a pak cache.
[2015.09.13-20.45.02:389][  0]LogDerivedDataCache: Unable to find inner node CompressedPak for hierarchical cache Hierarchy.
[2015.09.13-20.45.02:515][  0]LogDerivedDataCache:Display: Pak cache opened for reading ../../../Engine/DerivedDataCache/Compressed.ddp.
[2015.09.13-20.45.02:526][  0]LogDerivedDataCache: Using Local data cache path C:/Users/Damir/AppData/Local/UnrealEngine/Common/DerivedDataCache: Writable
[2015.09.13-20.45.02:653][  0]LogInit: Selected Device Profile: [Windows]
[2015.09.13-20.45.02:654][  0]LogContentStreaming: Texture pool size is 0.000000MB
[2015.09.13-20.45.02:673][  0]LogMeshUtilities: No automatic mesh reduction module available
[2015.09.13-20.45.02:673][  0]LogMeshUtilities: No automatic mesh merging module available
[2015.09.13-20.45.02:960][  0]LogInit: WinSock: version 1.1 (2.2), MaxSocks=32767, MaxUdp=65467
[2015.09.13-20.45.03:488][  0]LogAssetRegistry: FAssetRegistry took 0.0094 seconds to start up
[2015.09.13-20.45.03:498][  0]UdpMessaging: Initializing bridge on interface 0.0.0.0:0 to multicast group 230.0.0.1:6666.
[2015.09.13-20.45.03:716][  0]SourceControl: Info Source control is disabled
[2015.09.13-20.45.03:721][  0]SourceControl: Info Source control is disabled
[2015.09.13-20.45.03:728][  0]SourceControl: Info Source control is disabled
[2015.09.13-20.45.03:735][  0]SourceControl: Info Source control is disabled
[2015.09.13-20.45.03:834][  0]LogLinker:Warning: Asset '../../../Engine/Plugins/Runtime/LeapMotionController/Content/LM_PassthroughMaterial.uasset' has been saved with empty engine version. The asset will be loaded but may be incompatible.
[2015.09.13-20.45.03:900][  0]LogObj: 28528 objects as part of root set at end of initial load.
[2015.09.13-20.45.03:900][  0]LogUObjectAllocator: 6068464 out of 0 bytes used by permanent object pool.
[2015.09.13-20.45.03:949][  0]LogEngine: Initializing Engine...
[2015.09.13-20.45.03:951][  0]LogHMD: Can't find Oculus library dev build: is proper Runtime installed? Version: 0.6.0.0
[2015.09.13-20.45.03:951][  0]LogHMD: SteamVR failed to initialize.  Err: 110
[2015.09.13-20.45.04:064][  0]LogAIModule: Creating AISystem for world NewWorld
[2015.09.13-20.45.04:068][  0]LogInit: XAudio2 using 'Speakers (Realtek High Definition Audio)' : 2 channels at 48 kHz using 32 bits per sample (channel mask 0x3)
[2015.09.13-20.45.04:090][  0]LogInit: FAudioDevice initialized.
[2015.09.13-20.45.04:112][  0]LogDerivedDataCache: Saved boot cache 0.02s 41MB C:/Users/Damir/AppData/Local/UnrealEngine/4.9/DerivedDataCache/Boot.ddc.
[2015.09.13-20.45.04:116][  0]LogInit: Texture streaming: Enabled
[2015.09.13-20.45.04:120][  0]LogAnalytics: Creating configured Analytics provider AnalyticsET
[2015.09.13-20.45.04:120][  0]LogAnalytics: [UEEditor.Rocket.Release] APIServer = http://et2.epicgames.com/ET2/. AppVersion = 4.9.0-2672455+++depot+UE4-Releases+4.9
[2015.09.13-20.45.04:120][  0]LogAnalytics: [UEEditor.Rocket.Release] SetUserId 823be5244adb21341b1538b68ee82034|51c2a24b0ca544adac8a22d4708797c6|ec4eac3e-148a-4a5a-9f28-33d773939611
[2015.09.13-20.45.04:120][  0]LogAnalytics: [UEEditor.Rocket.Release] AnalyticsET::StartSession
[2015.09.13-20.45.04:141][  0]LogInit: Transaction tracking system initialized
[2015.09.13-20.45.04:164][  0]BlueprintLog: New page: Editor Load
[2015.09.13-20.45.04:231][  0]LocalizationService: Info Localization service is disabled
[2015.09.13-20.45.04:298][  0]LogConsoleResponse:Display: 
[2015.09.13-20.45.04:379][  0]LogCook:Display: Done creating registry. It took  0.00s.
[2015.09.13-20.45.04:421][  0]SourceControl: Info Source control is disabled
[2015.09.13-20.45.04:421][  0]Cmd: MAP LOAD FILE="../../../../../../Users/Damir/Documents/GitHub/Project_ReSurvivor/Content/FirstPersonBP/Maps/FirstPersonExampleMap.umap" TEMPLATE=0 SHOWPROGRESS=1 FEATURELEVEL=3
[2015.09.13-20.45.04:421][  0]LogEditorServer:Warning: Can't find file '../../../../../../Users/Damir/Documents/GitHub/Project_ReSurvivor/Content/FirstPersonBP/Maps/FirstPersonExampleMap.umap'
[2015.09.13-20.45.04:421][  0]Cmd: MAP CHECKDEP NOCLEARLOG
[2015.09.13-20.45.04:446][  0]MapCheck: Info Map check complete: 0 Error(s), 0 Warning(s), took 24.359ms to complete.
[2015.09.13-20.45.04:446][  0]LogFileHelpers: Loading map 'FirstPersonExampleMap' took 0.025
[2015.09.13-20.45.04:521][  0]LogCollectionManager: Loaded 0 collections in 0.001750 seconds
[2015.09.13-20.45.04:557][  0]LogFileCache: Scanning file cache for directory 'C:/Users/Damir/Documents/GitHub/Project_ReSurvivor/Saved/Collections/' took 0.01s
[2015.09.13-20.45.04:557][  0]LogFileCache: Scanning file cache for directory 'C:/Users/Damir/Documents/GitHub/Project_ReSurvivor/Content/Developers/Damir/Collections/' took 0.01s
[2015.09.13-20.45.04:557][  0]LogFileCache: Scanning file cache for directory 'C:/Users/Damir/Documents/GitHub/Project_ReSurvivor/Content/Collections/' took 0.01s
[2015.09.13-20.45.04:557][  0]LogContentBrowser: Native class hierarchy populated in 0.0058 seconds. Added 1882 classes and 339 folders.
[2015.09.13-20.45.04:561][  0]LogCollectionManager: Rebuilt the GUID cache for 0 collections in 0.000002 seconds
[2015.09.13-20.45.04:566][  0]LogContentBrowser: Native class hierarchy updated for 'WidgetCarousel' in 0.0002 seconds. Added 0 classes and 0 folders.
[2015.09.13-20.45.04:595][  0]LogContentBrowser: Native class hierarchy updated for 'AddContentDialog' in 0.0003 seconds. Added 0 classes and 0 folders.
[2015.09.13-20.45.04:602][  0]LogContentBrowser: Native class hierarchy updated for 'SceneOutliner' in 0.0003 seconds. Added 1 classes and 2 folders.
[2015.09.13-20.45.04:620][  0]LogCrashTracker: Crashtracker disabled due to settings.
[2015.09.13-20.45.04:623][  0]LogUObjectGlobals:Warning: Failed to find object 'Class None.'
[2015.09.13-20.45.04:643][  0]LogLoad: Full Startup: 4.57 seconds (BP compile: 0.00 seconds)
[2015.09.13-20.45.04:685][  0]LogContentStreaming: Texture pool size now 700 MB
[2015.09.13-20.45.04:777][  0]LogRenderer: Reallocating scene render targets to support 1208x576 (Frame:2).
[2015.09.13-20.45.04:927][  3]LogAssetRegistry: Asset discovery search completed in 1.4487 seconds
[2015.09.13-20.45.04:927][  3]LogCollectionManager: Rebuilt the object cache for 0 collections in 0.000001 seconds (found 0 objects)
[2015.09.13-20.45.04:927][  3]LogCollectionManager: Fixed up redirectors for 0 collections in 0.000023 seconds (updated 0 objects)
[2015.09.13-20.45.13:132][927]LogBlueprint:Warning: [Menu_Widget] CreatePinForVariable: 'RestoreValue' variable not found. Base class was probably changed.
[2015.09.13-20.45.13:157][927]LogBlueprint:Warning: [compiler Menu_Widget] Warning Could not find a variable named "RestoreValue" in 'HealthRestoreBase_Actor_C'.
Make sure 'HealthRestoreBase_Actor_C' has been compiled for  Get RestoreValue 
[2015.09.13-20.45.13:170][927]LogBlueprint:Error: [compiler Menu_Widget] Error The property associated with  Restore Value  could not be found
[2015.09.13-20.45.13:196][927]LogBlueprint:Warning: [compiler Menu_Widget] Warning [0013.12] Compile of Menu_Widget failed. 1 Fatal Issue(s) 1 Warning(s) [in 51 ms]
[2015.09.13-20.45.13:196][927]LogBlueprint:Warning: [compiler Menu_Widget] Warning [0013.12] Compile of Menu_Widget failed. 1 Fatal Issue(s) 2 Warning(s) [in 0 ms]
[2015.09.13-20.45.13:196][927]LogBlueprint:Warning: [compiler Menu_Widget] Warning [0013.12] Compile of Menu_Widget failed. 1 Fatal Issue(s) 3 Warning(s) [in 0 ms]
[2015.09.13-20.45.13:205][927]LogBlueprint:Warning: [compiler ItemBaseClass_Actor] Warning Default Enum value 'ItemTypes' for class 'ItemBaseClass_Actor_C' is invalid in object 'Default__ItemBaseClass_Actor_C' 
[2015.09.13-20.45.13:206][927]LogBlueprint:Warning: [compiler ItemBaseClass_Actor] Warning [0013.13] Compile of ItemBaseClass_Actor successful, but with 1 Warning(s) [in 4 ms]
[2015.09.13-20.45.13:207][927]LogBlueprint:Warning: [compiler ItemBaseClass_Actor] Warning [0013.14] Compile of ItemBaseClass_Actor successful, but with 2 Warning(s) [in 1 ms]
[2015.09.13-20.45.13:207][927]LogBlueprint:Warning: [compiler ItemBaseClass_Actor] Warning [0013.14] Compile of ItemBaseClass_Actor successful, but with 3 Warning(s) [in 0 ms]
[2015.09.13-20.45.13:239][927]LogBlueprint:Error: [compiler FileReader_Widget] Error Could not find a function named "GetFileSize" in 'FileBase_Actor_C'.
Make sure 'FileBase_Actor_C' has been compiled for  Get File Size 
[2015.09.13-20.45.13:243][927]LogBlueprint:Warning: [compiler FileReader_Widget] Warning Can't connect pins  File  and  Target : File Base Actor Reference is not compatible with Item Base Class Actor Reference.
[2015.09.13-20.45.13:243][927]LogBlueprint:Warning: [compiler FileReader_Widget] Warning Can't connect pins  Target  and  File : Item Base Class Actor Reference is not compatible with File Base Actor Reference.
[2015.09.13-20.45.13:254][927]LogBlueprint:Warning: [compiler FileReader_Widget] Warning [0013.18] Compile of FileReader_Widget failed. 1 Fatal Issue(s) 2 Warning(s) [in 19 ms]
[2015.09.13-20.45.13:254][927]LogBlueprint:Warning: [compiler FileReader_Widget] Warning [0013.18] Compile of FileReader_Widget failed. 1 Fatal Issue(s) 3 Warning(s) [in 0 ms]
[2015.09.13-20.45.13:254][927]LogBlueprint:Warning: [compiler FileReader_Widget] Warning [0013.18] Compile of FileReader_Widget failed. 1 Fatal Issue(s) 4 Warning(s) [in 0 ms]
[2015.09.13-20.45.13:262][927]LogBlueprint:Warning: [compiler WeaponBaseClass_Actor] Warning Default Enum value 'WeaponName' for class 'WeaponBaseClass_Actor_C' is invalid in object 'Default__WeaponBaseClass_Actor_C' 
[2015.09.13-20.45.13:262][927]LogBlueprint:Warning: [compiler WeaponBaseClass_Actor] Warning Default Enum value 'WeaponClass' for class 'WeaponBaseClass_Actor_C' is invalid in object 'Default__WeaponBaseClass_Actor_C' 
[2015.09.13-20.45.13:263][927]LogBlueprint:Warning: [compiler WeaponBaseClass_Actor] Warning [0013.19] Compile of WeaponBaseClass_Actor successful, but with 2 Warning(s) [in 1 ms]
[2015.09.13-20.45.13:264][927]LogBlueprint:Warning: [compiler WeaponBaseClass_Actor] Warning [0013.19] Compile of WeaponBaseClass_Actor successful, but with 3 Warning(s) [in 0 ms]
[2015.09.13-20.45.13:264][927]LogBlueprint:Warning: [compiler WeaponBaseClass_Actor] Warning [0013.19] Compile of WeaponBaseClass_Actor successful, but with 4 Warning(s) [in 0 ms]
[2015.09.13-20.45.13:266][927]LogBlueprint:Warning: [compiler AmmunitionBaseClass_Actor] Warning Default Enum value 'WeaponClass' for class 'AmmunitionBaseClass_Actor_C' is invalid in object 'Default__AmmunitionBaseClass_Actor_C' 
[2015.09.13-20.45.13:266][927]LogBlueprint:Warning: [compiler AmmunitionBaseClass_Actor] Warning [0013.19] Compile of AmmunitionBaseClass_Actor successful, but with 1 Warning(s) [in 0 ms]
[2015.09.13-20.45.13:267][927]LogBlueprint:Warning: [compiler AmmunitionBaseClass_Actor] Warning [0013.20] Compile of AmmunitionBaseClass_Actor successful, but with 2 Warning(s) [in 0 ms]
[2015.09.13-20.45.13:267][927]LogBlueprint:Warning: [compiler AmmunitionBaseClass_Actor] Warning [0013.20] Compile of AmmunitionBaseClass_Actor successful, but with 3 Warning(s) [in 0 ms]
[2015.09.13-20.45.13:671][927]LogLinker:Warning: CreateExport: Failed to load Parent for Function /Game/Placeholder_Assets/Actors/Files/RestaurantOwnerDiary_Actor.RestaurantOwnerDiary_Actor_C:UserConstructionScript; removing parent information, but keeping function
[2015.09.13-20.45.13:678][927]LogLinker:Warning: CreateExport: Failed to load Parent for Function /Game/Placeholder_Assets/Actors/GameItems/FirstAidSpray_Actor.FirstAidSpray_Actor_C:UserConstructionScript; removing parent information, but keeping function
[2015.09.13-20.45.13:685][927]LogLinker:Warning: CreateExport: Failed to load Parent for Function /Game/Placeholder_Assets/Actors/GameItems/Shotgun_Actor.Shotgun_Actor_C:UserConstructionScript; removing parent information, but keeping function
[2015.09.13-20.45.13:691][927]LogLinker:Warning: CreateExport: Failed to load Parent for Function /Game/Placeholder_Assets/Actors/GameItems/ShotgunShells_Actor.ShotgunShells_Actor_C:UserConstructionScript; removing parent information, but keeping function
[2015.09.13-20.45.13:735][927]LogTexture:Display: Building textures: HQ_Lightmap0_1 (AutoDXT)
[2015.09.13-20.45.13:738][927]LogTexture:Display: Building textures: HQ_Lightmap1_2 (AutoDXT)
[2015.09.13-20.45.13:739][927]LogTexture:Display: Building textures: LQ_Lightmap_0_1 (DXT1)
[2015.09.13-20.45.13:741][927]LogTexture:Display: Building textures: LQ_Lightmap_1_2 (DXT1)
[2015.09.13-20.45.13:747][927]LogTexture:Display: Building textures: ShadowMapTexture2D_0 (G8)
[2015.09.13-20.45.13:748][927]LogTexture:Display: Building textures: ShadowMapTexture2D_1 (G8)
[2015.09.13-20.45.14:012][927]LogAIModule: Creating AISystem for world Instance_1
[2015.09.13-20.45.14:081][927]Cmd: MAP LOAD FILE="../../../../../../Users/Damir/Documents/GitHub/Project_ReSurvivor/Content/Maps/Instance_1.umap" TEMPLATE=0 SHOWPROGRESS=1 FEATURELEVEL=3
[2015.09.13-20.45.14:081][927]LightingResults: New page: Lighting Build
[2015.09.13-20.45.14:085][927]LogContentBrowser: Native class hierarchy updated for 'StatsViewer' in 0.0003 seconds. Added 5 classes and 0 folders.
[2015.09.13-20.45.14:101][927]LoadErrors: New page: Loading map: Instance_1.umap
[2015.09.13-20.45.14:102][927]MapCheck: New page: Map Check
[2015.09.13-20.45.14:102][927]LightingResults: New page: Lighting Build
[2015.09.13-20.45.14:112][927]LogParticles: Destroying 0 GPU particle simulations for FXSystem 0x000000002743C2C0
[2015.09.13-20.45.14:115][927]LogPhysics:Warning: PHYSX: d:\buildfarm\buildmachine_++depot+ue4\engine\source\thirdparty\notforlicensees\physx\physx_3.3\source\physx\src\NpRigidBodyTemplate.h (437) 4 : RigidBody::setRigidBodyFlag: kinematic bodies with CCD enabled are not supported! CCD will be ignored.
[2015.09.13-20.45.14:116][927]LogPhysics:Warning: PHYSX: d:\buildfarm\buildmachine_++depot+ue4\engine\source\thirdparty\notforlicensees\physx\physx_3.3\source\physx\src\NpRigidBodyTemplate.h (437) 4 : RigidBody::setRigidBodyFlag: kinematic bodies with CCD enabled are not supported! CCD will be ignored.
[2015.09.13-20.45.14:119][927]LogEditorServer: Finished looking for orphan Actors (0.000 secs)
[2015.09.13-20.45.14:157][927]Cmd: MAP CHECKDEP NOCLEARLOG
[2015.09.13-20.45.14:192][927]MapCheck: Info Map check complete: 0 Error(s), 0 Warning(s), took 34.694ms to complete.
[2015.09.13-20.45.14:192][927]LogFileHelpers: Loading map 'Instance_1' took 0.111
[2015.09.13-20.45.14:200][927]LoadErrors:Error: Error /Game/Blueprints/Widgets/Menu/Menu_Widget : Failed import for FloatProperty /Game/Placeholder_Assets/Actors/HealthRestoreBase_Actor.HealthRestoreBase_Actor_C:RestoreValue
[2015.09.13-20.45.33:313][194]LogAIModule: Creating AISystem for world TestMap
[2015.09.13-20.45.33:317][194]LogActorComponent: UnregisterComponent: (/Engine/Transient.CharMoveComp) Not registered. Aborting.
[2015.09.13-20.45.53:734][445]LogLinker:Warning: CreateExport: Failed to load Parent for Function /Game/Placeholder_Assets/Actors/GameItems/HandgunA_Actor.HandgunA_Actor_C:UserConstructionScript; removing parent information, but keeping function
[2015.09.13-20.45.53:776][445]LogAIModule: Creating AISystem for world FirstPersonExampleMap
[2015.09.13-20.46.00:053][ 91]LogActorComponent: UnregisterComponent: (/Engine/Transient.CharMoveComp) Not registered. Aborting.
[2015.09.13-20.46.00:066][ 91]LogMetaData: Removing '/Game/Maps/TestMap.TestMap_C' ref from Metadata '/Game/Maps/FirstPersonExampleMap.PackageMetaData'
[2015.09.13-20.46.00:066][ 91]LogMetaData: Removing '/Game/Maps/TestMap.SKEL_TestMap_C' ref from Metadata '/Game/Maps/FirstPersonExampleMap.PackageMetaData'
[2015.09.13-20.46.00:145][ 91]Cmd: OBJ SAVEPACKAGE PACKAGE="/Game/Maps/TestMap" FILE="../../../../../../Users/Damir/Documents/GitHub/Project_ReSurvivor/Content/Maps/TestMap.umap" SILENT=true AUTOSAVING=false KEEPDIRTY=false
[2015.09.13-20.46.00:146][ 91]LogPhysics:Warning: PHYSX: d:\buildfarm\buildmachine_++depot+ue4\engine\source\thirdparty\notforlicensees\physx\physx_3.3\source\physx\src\NpRigidBodyTemplate.h (437) 4 : RigidBody::setRigidBodyFlag: kinematic bodies with CCD enabled are not supported! CCD will be ignored.
[2015.09.13-20.46.00:147][ 91]LogPhysics:Warning: PHYSX: d:\buildfarm\buildmachine_++depot+ue4\engine\source\thirdparty\notforlicensees\physx\physx_3.3\source\physx\src\NpRigidBodyTemplate.h (437) 4 : RigidBody::setRigidBodyFlag: kinematic bodies with CCD enabled are not supported! CCD will be ignored.
[2015.09.13-20.46.00:147][ 91]LogPhysics:Warning: PHYSX: d:\buildfarm\buildmachine_++depot+ue4\engine\source\thirdparty\notforlicensees\physx\physx_3.3\source\physx\src\NpRigidBodyTemplate.h (437) 4 : RigidBody::setRigidBodyFlag: kinematic bodies with CCD enabled are not supported! CCD will be ignored.
[2015.09.13-20.46.00:147][ 91]LogPhysics:Warning: PHYSX: d:\buildfarm\buildmachine_++depot+ue4\engine\source\thirdparty\notforlicensees\physx\physx_3.3\source\physx\src\NpRigidBodyTemplate.h (437) 4 : RigidBody::setRigidBodyFlag: kinematic bodies with CCD enabled are not supported! CCD will be ignored.
[2015.09.13-20.46.00:147][ 91]LogPhysics:Warning: PHYSX: d:\buildfarm\buildmachine_++depot+ue4\engine\source\thirdparty\notforlicensees\physx\physx_3.3\source\physx\src\NpRigidBodyTemplate.h (437) 4 : RigidBody::setRigidBodyFlag: kinematic bodies with CCD enabled are not supported! CCD will be ignored.
[2015.09.13-20.46.00:147][ 91]LogPhysics:Warning: PHYSX: d:\buildfarm\buildmachine_++depot+ue4\engine\source\thirdparty\notforlicensees\physx\physx_3.3\source\physx\src\NpRigidBodyTemplate.h (437) 4 : RigidBody::setRigidBodyFlag: kinematic bodies with CCD enabled are not supported! CCD will be ignored.
[2015.09.13-20.46.00:147][ 91]LogPhysics:Warning: PHYSX: d:\buildfarm\buildmachine_++depot+ue4\engine\source\thirdparty\notforlicensees\physx\physx_3.3\source\physx\src\NpRigidBodyTemplate.h (437) 4 : RigidBody::setRigidBodyFlag: kinematic bodies with CCD enabled are not supported! CCD will be ignored.
[2015.09.13-20.46.00:147][ 91]LogPhysics:Warning: PHYSX: d:\buildfarm\buildmachine_++depot+ue4\engine\source\thirdparty\notforlicensees\physx\physx_3.3\source\physx\src\NpRigidBodyTemplate.h (437) 4 : RigidBody::setRigidBodyFlag: kinematic bodies with CCD enabled are not supported! CCD will be ignored.
[2015.09.13-20.46.00:147][ 91]LogPhysics:Warning: PHYSX: d:\buildfarm\buildmachine_++depot+ue4\engine\source\thirdparty\notforlicensees\physx\physx_3.3\source\physx\src\NpRigidBodyTemplate.h (437) 4 : RigidBody::setRigidBodyFlag: kinematic bodies with CCD enabled are not supported! CCD will be ignored.
[2015.09.13-20.46.00:147][ 91]LogPhysics:Warning: PHYSX: d:\buildfarm\buildmachine_++depot+ue4\engine\source\thirdparty\notforlicensees\physx\physx_3.3\source\physx\src\NpRigidBodyTemplate.h (437) 4 : RigidBody::setRigidBodyFlag: kinematic bodies with CCD enabled are not supported! CCD will be ignored.
[2015.09.13-20.46.00:147][ 91]LogPhysics:Warning: PHYSX: d:\buildfarm\buildmachine_++depot+ue4\engine\source\thirdparty\notforlicensees\physx\physx_3.3\source\physx\src\NpRigidBodyTemplate.h (437) 4 : RigidBody::setRigidBodyFlag: kinematic bodies with CCD enabled are not supported! CCD will be ignored.
[2015.09.13-20.46.00:147][ 91]LogPhysics:Warning: PHYSX: d:\buildfarm\buildmachine_++depot+ue4\engine\source\thirdparty\notforlicensees\physx\physx_3.3\source\physx\src\NpRigidBodyTemplate.h (437) 4 : RigidBody::setRigidBodyFlag: kinematic bodies with CCD enabled are not supported! CCD will be ignored.
[2015.09.13-20.46.00:147][ 91]LogPhysics:Warning: PHYSX: d:\buildfarm\buildmachine_++depot+ue4\engine\source\thirdparty\notforlicensees\physx\physx_3.3\source\physx\src\NpRigidBodyTemplate.h (437) 4 : RigidBody::setRigidBodyFlag: kinematic bodies with CCD enabled are not supported! CCD will be ignored.
[2015.09.13-20.46.00:148][ 91]LogPhysics:Warning: PHYSX: d:\buildfarm\buildmachine_++depot+ue4\engine\source\thirdparty\notforlicensees\physx\physx_3.3\source\physx\src\NpRigidBodyTemplate.h (437) 4 : RigidBody::setRigidBodyFlag: kinematic bodies with CCD enabled are not supported! CCD will be ignored.
[2015.09.13-20.46.00:148][ 91]LogPhysics:Warning: PHYSX: d:\buildfarm\buildmachine_++depot+ue4\engine\source\thirdparty\notforlicensees\physx\physx_3.3\source\physx\src\NpRigidBodyTemplate.h (437) 4 : RigidBody::setRigidBodyFlag: kinematic bodies with CCD enabled are not supported! CCD will be ignored.
[2015.09.13-20.46.00:148][ 91]LogPhysics:Warning: PHYSX: d:\buildfarm\buildmachine_++depot+ue4\engine\source\thirdparty\notforlicensees\physx\physx_3.3\source\physx\src\NpRigidBodyTemplate.h (437) 4 : RigidBody::setRigidBodyFlag: kinematic bodies with CCD enabled are not supported! CCD will be ignored.
[2015.09.13-20.46.00:148][ 91]LogPhysics:Warning: PHYSX: d:\buildfarm\buildmachine_++depot+ue4\engine\source\thirdparty\notforlicensees\physx\physx_3.3\source\physx\src\NpRigidBodyTemplate.h (437) 4 : RigidBody::setRigidBodyFlag: kinematic bodies with CCD enabled are not supported! CCD will be ignored.
[2015.09.13-20.46.00:148][ 91]LogPhysics:Warning: PHYSX: d:\buildfarm\buildmachine_++depot+ue4\engine\source\thirdparty\notforlicensees\physx\physx_3.3\source\physx\src\NpRigidBodyTemplate.h (437) 4 : RigidBody::setRigidBodyFlag: kinematic bodies with CCD enabled are not supported! CCD will be ignored.
[2015.09.13-20.46.00:148][ 91]LogPhysics:Warning: PHYSX: d:\buildfarm\buildmachine_++depot+ue4\engine\source\thirdparty\notforlicensees\physx\physx_3.3\source\physx\src\NpRigidBodyTemplate.h (437) 4 : RigidBody::setRigidBodyFlag: kinematic bodies with CCD enabled are not supported! CCD will be ignored.
[2015.09.13-20.46.01:380][ 91]LogSavePackage: Save=1209.023682ms
[2015.09.13-20.46.01:381][ 91]LogSavePackage: Moving '../../../../../../Users/Damir/Documents/GitHub/Project_ReSurvivor/Saved/TestMapE3B1665B401E682DEA60AA9F1B52CF4D.tmp' to '../../../../../../Users/Damir/Documents/GitHub/Project_ReSurvivor/Content/Maps/TestMap.umap'
[2015.09.13-20.46.01:381][ 91]LogSavePackage: Total save time: 1210.384112ms
[2015.09.13-20.46.01:381][ 91]LogSavePackage:Warning: Finished SavePackage ../../../../../../Users/Damir/Documents/GitHub/Project_ReSurvivor/Content/Maps/TestMap.umap
[2015.09.13-20.46.01:383][ 91]LogFileHelpers: Saving map 'TestMap' took 1.278
[2015.09.13-20.46.18:843][162]LogActorComponent: UnregisterComponent: (/Engine/Transient.CharMoveComp) Not registered. Aborting.
[2015.09.13-20.46.18:856][162]LogMetaData: Removing '/Game/Maps/TestingInstance.TestingInstance_C' ref from Metadata '/Game/Maps/TestMap.PackageMetaData'
[2015.09.13-20.46.18:856][162]LogMetaData: Removing '/Game/Maps/TestingInstance.SKEL_TestingInstance_C' ref from Metadata '/Game/Maps/TestMap.PackageMetaData'
[2015.09.13-20.46.18:911][162]LogPhysics:Warning: PHYSX: d:\buildfarm\buildmachine_++depot+ue4\engine\source\thirdparty\notforlicensees\physx\physx_3.3\source\physx\src\NpRigidBodyTemplate.h (437) 4 : RigidBody::setRigidBodyFlag: kinematic bodies with CCD enabled are not supported! CCD will be ignored.
[2015.09.13-20.46.18:911][162]LogPhysics:Warning: PHYSX: d:\buildfarm\buildmachine_++depot+ue4\engine\source\thirdparty\notforlicensees\physx\physx_3.3\source\physx\src\NpRigidBodyTemplate.h (437) 4 : RigidBody::setRigidBodyFlag: kinematic bodies with CCD enabled are not supported! CCD will be ignored.
[2015.09.13-20.46.18:911][162]LogPhysics:Warning: PHYSX: d:\buildfarm\buildmachine_++depot+ue4\engine\source\thirdparty\notforlicensees\physx\physx_3.3\source\physx\src\NpRigidBodyTemplate.h (437) 4 : RigidBody::setRigidBodyFlag: kinematic bodies with CCD enabled are not supported! CCD will be ignored.
[2015.09.13-20.46.18:911][162]LogPhysics:Warning: PHYSX: d:\buildfarm\buildmachine_++depot+ue4\engine\source\thirdparty\notforlicensees\physx\physx_3.3\source\physx\src\NpRigidBodyTemplate.h (437) 4 : RigidBody::setRigidBodyFlag: kinematic bodies with CCD enabled are not supported! CCD will be ignored.
[2015.09.13-20.46.18:911][162]LogPhysics:Warning: PHYSX: d:\buildfarm\buildmachine_++depot+ue4\engine\source\thirdparty\notforlicensees\physx\physx_3.3\source\physx\src\NpRigidBodyTemplate.h (437) 4 : RigidBody::setRigidBodyFlag: kinematic bodies with CCD enabled are not supported! CCD will be ignored.
[2015.09.13-20.46.18:911][162]LogPhysics:Warning: PHYSX: d:\buildfarm\buildmachine_++depot+ue4\engine\source\thirdparty\notforlicensees\physx\physx_3.3\source\physx\src\NpRigidBodyTemplate.h (437) 4 : RigidBody::setRigidBodyFlag: kinematic bodies with CCD enabled are not supported! CCD will be ignored.
[2015.09.13-20.46.18:912][162]LogPhysics:Warning: PHYSX: d:\buildfarm\buildmachine_++depot+ue4\engine\source\thirdparty\notforlicensees\physx\physx_3.3\source\physx\src\NpRigidBodyTemplate.h (437) 4 : RigidBody::setRigidBodyFlag: kinematic bodies with CCD enabled are not supported! CCD will be ignored.
[2015.09.13-20.46.18:912][162]LogPhysics:Warning: PHYSX: d:\buildfarm\buildmachine_++depot+ue4\engine\source\thirdparty\notforlicensees\physx\physx_3.3\source\physx\src\NpRigidBodyTemplate.h (437) 4 : RigidBody::setRigidBodyFlag: kinematic bodies with CCD enabled are not supported! CCD will be ignored.
[2015.09.13-20.46.18:912][162]LogPhysics:Warning: PHYSX: d:\buildfarm\buildmachine_++depot+ue4\engine\source\thirdparty\notforlicensees\physx\physx_3.3\source\physx\src\NpRigidBodyTemplate.h (437) 4 : RigidBody::setRigidBodyFlag: kinematic bodies with CCD enabled are not supported! CCD will be ignored.
[2015.09.13-20.46.18:912][162]LogPhysics:Warning: PHYSX: d:\buildfarm\buildmachine_++depot+ue4\engine\source\thirdparty\notforlicensees\physx\physx_3.3\source\physx\src\NpRigidBodyTemplate.h (437) 4 : RigidBody::setRigidBodyFlag: kinematic bodies with CCD enabled are not supported! CCD will be ignored.
[2015.09.13-20.46.18:912][162]LogPhysics:Warning: PHYSX: d:\buildfarm\buildmachine_++depot+ue4\engine\source\thirdparty\notforlicensees\physx\physx_3.3\source\physx\src\NpRigidBodyTemplate.h (437) 4 : RigidBody::setRigidBodyFlag: kinematic bodies with CCD enabled are not supported! CCD will be ignored.
[2015.09.13-20.46.18:912][162]LogPhysics:Warning: PHYSX: d:\buildfarm\buildmachine_++depot+ue4\engine\source\thirdparty\notforlicensees\physx\physx_3.3\source\physx\src\NpRigidBodyTemplate.h (437) 4 : RigidBody::setRigidBodyFlag: kinematic bodies with CCD enabled are not supported! CCD will be ignored.
[2015.09.13-20.46.18:912][162]LogPhysics:Warning: PHYSX: d:\buildfarm\buildmachine_++depot+ue4\engine\source\thirdparty\notforlicensees\physx\physx_3.3\source\physx\src\NpRigidBodyTemplate.h (437) 4 : RigidBody::setRigidBodyFlag: kinematic bodies with CCD enabled are not supported! CCD will be ignored.
[2015.09.13-20.46.18:914][162]LogPhysics:Warning: PHYSX: d:\buildfarm\buildmachine_++depot+ue4\engine\source\thirdparty\notforlicensees\physx\physx_3.3\source\physx\src\NpRigidBodyTemplate.h (437) 4 : RigidBody::setRigidBodyFlag: kinematic bodies with CCD enabled are not supported! CCD will be ignored.
[2015.09.13-20.46.18:914][162]LogPhysics:Warning: PHYSX: d:\buildfarm\buildmachine_++depot+ue4\engine\source\thirdparty\notforlicensees\physx\physx_3.3\source\physx\src\NpRigidBodyTemplate.h (437) 4 : RigidBody::setRigidBodyFlag: kinematic bodies with CCD enabled are not supported! CCD will be ignored.
[2015.09.13-20.46.18:914][162]LogPhysics:Warning: PHYSX: d:\buildfarm\buildmachine_++depot+ue4\engine\source\thirdparty\notforlicensees\physx\physx_3.3\source\physx\src\NpRigidBodyTemplate.h (437) 4 : RigidBody::setRigidBodyFlag: kinematic bodies with CCD enabled are not supported! CCD will be ignored.
[2015.09.13-20.46.18:914][162]LogPhysics:Warning: PHYSX: d:\buildfarm\buildmachine_++depot+ue4\engine\source\thirdparty\notforlicensees\physx\physx_3.3\source\physx\src\NpRigidBodyTemplate.h (437) 4 : RigidBody::setRigidBodyFlag: kinematic bodies with CCD enabled are not supported! CCD will be ignored.
[2015.09.13-20.46.18:914][162]LogPhysics:Warning: PHYSX: d:\buildfarm\buildmachine_++depot+ue4\engine\source\thirdparty\notforlicensees\physx\physx_3.3\source\physx\src\NpRigidBodyTemplate.h (437) 4 : RigidBody::setRigidBodyFlag: kinematic bodies with CCD enabled are not supported! CCD will be ignored.
[2015.09.13-20.46.18:915][162]LogPhysics:Warning: PHYSX: d:\buildfarm\buildmachine_++depot+ue4\engine\source\thirdparty\notforlicensees\physx\physx_3.3\source\physx\src\NpRigidBodyTemplate.h (437) 4 : RigidBody::setRigidBodyFlag: kinematic bodies with CCD enabled are not supported! CCD will be ignored.
[2015.09.13-20.46.20:157][162]LogSavePackage: Save=1216.624390ms
[2015.09.13-20.46.20:157][162]LogSavePackage: Moving '../../../../../../Users/Damir/Documents/GitHub/Project_ReSurvivor/Saved/TestingInstance67E8831E413A65E738BDE6A179E74438.tmp' to '../../../../../../Users/Damir/Documents/GitHub/Project_ReSurvivor/Content/Maps/TestingInstance.umap'
[2015.09.13-20.46.20:158][162]LogSavePackage: Total save time: 1218.055915ms
[2015.09.13-20.46.20:158][162]LogSavePackage:Warning: Finished SavePackage ../../../../../../Users/Damir/Documents/GitHub/Project_ReSurvivor/Content/Maps/TestingInstance.umap
[2015.09.13-20.46.20:159][162]LogFileHelpers: Saving map 'TestingInstance' took 1.288
[2015.09.13-20.47.03:108][292]LogLinker:Warning: Asset '../../../Engine/Content/ArtTools/RenderToTexture/Macros/RenderToTextureMacros.uasset' has been saved with empty engine version. The asset will be loaded but may be incompatible.
[2015.09.13-20.47.03:530][292]LogContentBrowser: Native class hierarchy updated for 'BlueprintGraph' in 0.0006 seconds. Added 107 classes and 0 folders.
[2015.09.13-20.47.13:710][457]Cmd: OBJ SAVEPACKAGE PACKAGE="/Game/Blueprints/Widgets/StartMenu" FILE="../../../../../../Users/Damir/Documents/GitHub/Project_ReSurvivor/Content/Blueprints/Widgets/StartMenu.uasset" SILENT=true
[2015.09.13-20.47.13:716][457]LogBlueprintUserMessages: Serialization for Get node for variable 'PageDisappear' in Blueprint '/Game/Blueprints/Widgets/StartMenu.StartMenu' which is setup as pure
[2015.09.13-20.47.13:717][457]LogBlueprintUserMessages: Serialization for Get node for variable 'PageDisappear' in Blueprint '/Game/Blueprints/Widgets/StartMenu.StartMenu' which is setup as pure
[2015.09.13-20.47.13:719][457]LogBlueprintUserMessages: Serialization for Get node for variable 'PageDisappear' in Blueprint '/Game/Blueprints/Widgets/StartMenu.StartMenu' which is setup as pure
[2015.09.13-20.47.13:725][457]LogBlueprintUserMessages: Serialization for Get node for variable 'PageDisappear' in Blueprint '/Game/Blueprints/Widgets/StartMenu.StartMenu' which is setup as pure
[2015.09.13-20.47.13:727][457]LogBlueprintUserMessages: Serialization for Get node for variable 'PageDisappear' in Blueprint '/Game/Blueprints/Widgets/StartMenu.StartMenu' which is setup as pure
[2015.09.13-20.47.13:729][457]LogSavePackage: Save=14.811431ms
[2015.09.13-20.47.13:729][457]LogSavePackage: Moving '../../../../../../Users/Damir/Documents/GitHub/Project_ReSurvivor/Saved/StartMenu949D562143245094DB2833BF1BFF99ED.tmp' to '../../../../../../Users/Damir/Documents/GitHub/Project_ReSurvivor/Content/Blueprints/Widgets/StartMenu.uasset'
[2015.09.13-20.47.13:730][457]LogSavePackage: Total save time: 19.816939ms
[2015.09.13-20.47.13:730][457]LogSavePackage:Warning: Finished SavePackage ../../../../../../Users/Damir/Documents/GitHub/Project_ReSurvivor/Content/Blueprints/Widgets/StartMenu.uasset
[2015.09.13-20.47.14:337][530]BlueprintLog: New page: Compile StartMenu
[2015.09.13-20.47.14:373][530]LogActorComponent: UnregisterComponent: (/Engine/Transient.CharMoveComp) Not registered. Aborting.
[2015.09.13-20.47.14:401][530]BlueprintEditorCompileResults: Info [0134.33] Compile of StartMenu successful! [in 63 ms]
[2015.09.13-20.47.15:220][623]LogPlayLevel: PlayLevel: No blueprints needed recompiling
[2015.09.13-20.47.21:698][623]PIE: New page: PIE session: Instance_1 (Sep 14, 2015, 12:47:21 AM)
[2015.09.13-20.47.21:698][623]LogPlayLevel: Creating play world package: /Game/Maps/UEDPIE_0_Instance_1
[2015.09.13-20.47.21:703][623]LogPlayLevel: PIE: StaticDuplicateObject took: (0.004822s)
[2015.09.13-20.47.21:703][623]LogAIModule: Creating AISystem for world Instance_1
[2015.09.13-20.47.21:704][623]LogPlayLevel: PIE: World Init took: (0.000841s)
[2015.09.13-20.47.21:704][623]LogPlayLevel: PIE: Created PIE world by copying editor world from /Game/Maps/Instance_1.Instance_1 to /Game/Maps/UEDPIE_0_Instance_1.Instance_1 (0.005903s)
[2015.09.13-20.47.21:727][623]LogInit: XAudio2 using 'Speakers (Realtek High Definition Audio)' : 2 channels at 48 kHz using 32 bits per sample (channel mask 0x3)
[2015.09.13-20.47.21:735][623]LogInit: FAudioDevice initialized.
[2015.09.13-20.47.21:783][623]LogWorld: Game class is 'GameMode'
[2015.09.13-20.47.21:786][623]LogPhysics:Warning: PHYSX: d:\buildfarm\buildmachine_++depot+ue4\engine\source\thirdparty\notforlicensees\physx\physx_3.3\source\physx\src\NpRigidBodyTemplate.h (437) 4 : RigidBody::setRigidBodyFlag: kinematic bodies with CCD enabled are not supported! CCD will be ignored.
[2015.09.13-20.47.21:787][623]LogPhysics:Warning: PHYSX: d:\buildfarm\buildmachine_++depot+ue4\engine\source\thirdparty\notforlicensees\physx\physx_3.3\source\physx\src\NpRigidBodyTemplate.h (437) 4 : RigidBody::setRigidBodyFlag: kinematic bodies with CCD enabled are not supported! CCD will be ignored.
[2015.09.13-20.47.21:789][623]LogWorld: Bringing World /Game/Maps/UEDPIE_0_Instance_1.Instance_1 up for play (max tick rate 0) at 2015.09.13-22.47.21
[2015.09.13-20.47.21:789][623]LogActor:Warning: GameSession /Game/Maps/UEDPIE_0_Instance_1.Instance_1:PersistentLevel.GameSession_0 has natively added scene component(s), but none of them were set as the actor's RootComponent - picking one arbitrarily
[2015.09.13-20.47.21:790][623]LogActor:Warning: GameNetworkManager /Game/Maps/UEDPIE_0_Instance_1.Instance_1:PersistentLevel.GameNetworkManager_0 has natively added scene component(s), but none of them were set as the actor's RootComponent - picking one arbitrarily
[2015.09.13-20.47.21:790][623]LogWorld: Bringing up level for play took: 0.006238
[2015.09.13-20.47.21:816][623]PIE: Info Play in editor start time for /Game/Maps/UEDPIE_0_Instance_1 6.777
[2015.09.13-20.47.21:828][624]LogRenderer: Reallocating scene render targets to support 1256x784 (Frame:1494).
[2015.09.13-20.47.24:177][893]LogParticles: Destroying 0 GPU particle simulations for FXSystem 0x00000000409ED620
[2015.09.13-20.47.43:878][185]BlueprintLog: New page: Compile FileReader_Widget
[2015.09.13-20.47.43:975][185]BlueprintEditorCompileResults: Info [0163.90] Compile of FileReader_Widget successful! [in 97 ms]
[2015.09.13-20.47.47:758][543]BlueprintLog: New page: Compile FileReader_Widget
[2015.09.13-20.47.47:850][543]BlueprintEditorCompileResults: Info [0167.78] Compile of FileReader_Widget successful! [in 91 ms]
[2015.09.13-20.48.26:508][ 81]LogParticles: Destroying 0 GPU particle simulations for FXSystem 0x000000002E5C60C0
[2015.09.13-20.48.26:514][ 81]LogParticles: Destroying 0 GPU particle simulations for FXSystem 0x000000002E5C6520
[2015.09.13-20.48.26:580][ 81]LogPhysics:Warning: PHYSX: d:\buildfarm\buildmachine_++depot+ue4\engine\source\thirdparty\notforlicensees\physx\physx_3.3\source\physx\src\NpRigidBodyTemplate.h (437) 4 : RigidBody::setRigidBodyFlag: kinematic bodies with CCD enabled are not supported! CCD will be ignored.
[2015.09.13-20.48.26:580][ 81]LogPhysics:Warning: PHYSX: d:\buildfarm\buildmachine_++depot+ue4\engine\source\thirdparty\notforlicensees\physx\physx_3.3\source\physx\src\NpRigidBodyTemplate.h (437) 4 : RigidBody::setRigidBodyFlag: kinematic bodies with CCD enabled are not supported! CCD will be ignored.
[2015.09.13-20.48.26:580][ 81]LogPhysics:Warning: PHYSX: d:\buildfarm\buildmachine_++depot+ue4\engine\source\thirdparty\notforlicensees\physx\physx_3.3\source\physx\src\NpRigidBodyTemplate.h (437) 4 : RigidBody::setRigidBodyFlag: kinematic bodies with CCD enabled are not supported! CCD will be ignored.
[2015.09.13-20.48.26:580][ 81]LogPhysics:Warning: PHYSX: d:\buildfarm\buildmachine_++depot+ue4\engine\source\thirdparty\notforlicensees\physx\physx_3.3\source\physx\src\NpRigidBodyTemplate.h (437) 4 : RigidBody::setRigidBodyFlag: kinematic bodies with CCD enabled are not supported! CCD will be ignored.
[2015.09.13-20.48.26:580][ 81]LogPhysics:Warning: PHYSX: d:\buildfarm\buildmachine_++depot+ue4\engine\source\thirdparty\notforlicensees\physx\physx_3.3\source\physx\src\NpRigidBodyTemplate.h (437) 4 : RigidBody::setRigidBodyFlag: kinematic bodies with CCD enabled are not supported! CCD will be ignored.
[2015.09.13-20.48.26:580][ 81]LogPhysics:Warning: PHYSX: d:\buildfarm\buildmachine_++depot+ue4\engine\source\thirdparty\notforlicensees\physx\physx_3.3\source\physx\src\NpRigidBodyTemplate.h (437) 4 : RigidBody::setRigidBodyFlag: kinematic bodies with CCD enabled are not supported! CCD will be ignored.
[2015.09.13-20.48.26:580][ 81]LogPhysics:Warning: PHYSX: d:\buildfarm\buildmachine_++depot+ue4\engine\source\thirdparty\notforlicensees\physx\physx_3.3\source\physx\src\NpRigidBodyTemplate.h (437) 4 : RigidBody::setRigidBodyFlag: kinematic bodies with CCD enabled are not supported! CCD will be ignored.
[2015.09.13-20.48.26:580][ 81]LogPhysics:Warning: PHYSX: d:\buildfarm\buildmachine_++depot+ue4\engine\source\thirdparty\notforlicensees\physx\physx_3.3\source\physx\src\NpRigidBodyTemplate.h (437) 4 : RigidBody::setRigidBodyFlag: kinematic bodies with CCD enabled are not supported! CCD will be ignored.
[2015.09.13-20.48.26:581][ 81]LogPhysics:Warning: PHYSX: d:\buildfarm\buildmachine_++depot+ue4\engine\source\thirdparty\notforlicensees\physx\physx_3.3\source\physx\src\NpRigidBodyTemplate.h (437) 4 : RigidBody::setRigidBodyFlag: kinematic bodies with CCD enabled are not supported! CCD will be ignored.
[2015.09.13-20.48.26:581][ 81]LogPhysics:Warning: PHYSX: d:\buildfarm\buildmachine_++depot+ue4\engine\source\thirdparty\notforlicensees\physx\physx_3.3\source\physx\src\NpRigidBodyTemplate.h (437) 4 : RigidBody::setRigidBodyFlag: kinematic bodies with CCD enabled are not supported! CCD will be ignored.
[2015.09.13-20.48.26:581][ 81]LogPhysics:Warning: PHYSX: d:\buildfarm\buildmachine_++depot+ue4\engine\source\thirdparty\notforlicensees\physx\physx_3.3\source\physx\src\NpRigidBodyTemplate.h (437) 4 : RigidBody::setRigidBodyFlag: kinematic bodies with CCD enabled are not supported! CCD will be ignored.
[2015.09.13-20.48.26:581][ 81]LogPhysics:Warning: PHYSX: d:\buildfarm\buildmachine_++depot+ue4\engine\source\thirdparty\notforlicensees\physx\physx_3.3\source\physx\src\NpRigidBodyTemplate.h (437) 4 : RigidBody::setRigidBodyFlag: kinematic bodies with CCD enabled are not supported! CCD will be ignored.
[2015.09.13-20.48.26:581][ 81]LogPhysics:Warning: PHYSX: d:\buildfarm\buildmachine_++depot+ue4\engine\source\thirdparty\notforlicensees\physx\physx_3.3\source\physx\src\NpRigidBodyTemplate.h (437) 4 : RigidBody::setRigidBodyFlag: kinematic bodies with CCD enabled are not supported! CCD will be ignored.
[2015.09.13-20.48.26:581][ 81]LogPhysics:Warning: PHYSX: d:\buildfarm\buildmachine_++depot+ue4\engine\source\thirdparty\notforlicensees\physx\physx_3.3\source\physx\src\NpRigidBodyTemplate.h (437) 4 : RigidBody::setRigidBodyFlag: kinematic bodies with CCD enabled are not supported! CCD will be ignored.
[2015.09.13-20.48.26:581][ 81]LogPhysics:Warning: PHYSX: d:\buildfarm\buildmachine_++depot+ue4\engine\source\thirdparty\notforlicensees\physx\physx_3.3\source\physx\src\NpRigidBodyTemplate.h (437) 4 : RigidBody::setRigidBodyFlag: kinematic bodies with CCD enabled are not supported! CCD will be ignored.
[2015.09.13-20.48.26:581][ 81]LogPhysics:Warning: PHYSX: d:\buildfarm\buildmachine_++depot+ue4\engine\source\thirdparty\notforlicensees\physx\physx_3.3\source\physx\src\NpRigidBodyTemplate.h (437) 4 : RigidBody::setRigidBodyFlag: kinematic bodies with CCD enabled are not supported! CCD will be ignored.
[2015.09.13-20.48.26:581][ 81]LogPhysics:Warning: PHYSX: d:\buildfarm\buildmachine_++depot+ue4\engine\source\thirdparty\notforlicensees\physx\physx_3.3\source\physx\src\NpRigidBodyTemplate.h (437) 4 : RigidBody::setRigidBodyFlag: kinematic bodies with CCD enabled are not supported! CCD will be ignored.
[2015.09.13-20.48.26:581][ 81]LogPhysics:Warning: PHYSX: d:\buildfarm\buildmachine_++depot+ue4\engine\source\thirdparty\notforlicensees\physx\physx_3.3\source\physx\src\NpRigidBodyTemplate.h (437) 4 : RigidBody::setRigidBodyFlag: kinematic bodies with CCD enabled are not supported! CCD will be ignored.
[2015.09.13-20.48.26:582][ 81]LogPhysics:Warning: PHYSX: d:\buildfarm\buildmachine_++depot+ue4\engine\source\thirdparty\notforlicensees\physx\physx_3.3\source\physx\src\NpRigidBodyTemplate.h (437) 4 : RigidBody::setRigidBodyFlag: kinematic bodies with CCD enabled are not supported! CCD will be ignored.
[2015.09.13-20.48.27:851][ 81]LogSavePackage: Save=1218.435425ms
[2015.09.13-20.48.27:851][ 81]LogSavePackage: Moving '../../../../../../Users/Damir/Documents/GitHub/Project_ReSurvivor/Saved/TestingInstanceAEC668F14AB7948DCE34C3A042215018.tmp' to '../../../../../../Users/Damir/Documents/GitHub/Project_ReSurvivor/Content/Maps/TestingInstance.umap'
[2015.09.13-20.48.27:855][ 81]LogSavePackage: Total save time: 1240.756597ms
[2015.09.13-20.48.27:855][ 81]LogSavePackage:Warning: Finished SavePackage ../../../../../../Users/Damir/Documents/GitHub/Project_ReSurvivor/Content/Maps/TestingInstance.umap
[2015.09.13-20.48.27:856][ 81]LogFileHelpers: Saving map 'TestingInstance' took 1.320
[2015.09.13-20.48.34:038][816]LogAIModule: Creating AISystem for world StartScreen
[2015.09.13-20.48.36:553][816]LogPhysics:Warning: PHYSX: d:\buildfarm\buildmachine_++depot+ue4\engine\source\thirdparty\notforlicensees\physx\physx_3.3\source\physx\src\NpRigidBodyTemplate.h (437) 4 : RigidBody::setRigidBodyFlag: kinematic bodies with CCD enabled are not supported! CCD will be ignored.
[2015.09.13-20.48.36:554][816]LogPhysics:Warning: PHYSX: d:\buildfarm\buildmachine_++depot+ue4\engine\source\thirdparty\notforlicensees\physx\physx_3.3\source\physx\src\NpRigidBodyTemplate.h (437) 4 : RigidBody::setRigidBodyFlag: kinematic bodies with CCD enabled are not supported! CCD will be ignored.
[2015.09.13-20.48.36:554][816]LogPhysics:Warning: PHYSX: d:\buildfarm\buildmachine_++depot+ue4\engine\source\thirdparty\notforlicensees\physx\physx_3.3\source\physx\src\NpRigidBodyTemplate.h (437) 4 : RigidBody::setRigidBodyFlag: kinematic bodies with CCD enabled are not supported! CCD will be ignored.
[2015.09.13-20.48.36:554][816]LogPhysics:Warning: PHYSX: d:\buildfarm\buildmachine_++depot+ue4\engine\source\thirdparty\notforlicensees\physx\physx_3.3\source\physx\src\NpRigidBodyTemplate.h (437) 4 : RigidBody::setRigidBodyFlag: kinematic bodies with CCD enabled are not supported! CCD will be ignored.
[2015.09.13-20.48.36:554][816]LogPhysics:Warning: PHYSX: d:\buildfarm\buildmachine_++depot+ue4\engine\source\thirdparty\notforlicensees\physx\physx_3.3\source\physx\src\NpRigidBodyTemplate.h (437) 4 : RigidBody::setRigidBodyFlag: kinematic bodies with CCD enabled are not supported! CCD will be ignored.
[2015.09.13-20.48.36:554][816]LogPhysics:Warning: PHYSX: d:\buildfarm\buildmachine_++depot+ue4\engine\source\thirdparty\notforlicensees\physx\physx_3.3\source\physx\src\NpRigidBodyTemplate.h (437) 4 : RigidBody::setRigidBodyFlag: kinematic bodies with CCD enabled are not supported! CCD will be ignored.
[2015.09.13-20.48.36:554][816]LogPhysics:Warning: PHYSX: d:\buildfarm\buildmachine_++depot+ue4\engine\source\thirdparty\notforlicensees\physx\physx_3.3\source\physx\src\NpRigidBodyTemplate.h (437) 4 : RigidBody::setRigidBodyFlag: kinematic bodies with CCD enabled are not supported! CCD will be ignored.
[2015.09.13-20.48.36:554][816]LogPhysics:Warning: PHYSX: d:\buildfarm\buildmachine_++depot+ue4\engine\source\thirdparty\notforlicensees\physx\physx_3.3\source\physx\src\NpRigidBodyTemplate.h (437) 4 : RigidBody::setRigidBodyFlag: kinematic bodies with CCD enabled are not supported! CCD will be ignored.
[2015.09.13-20.48.36:554][816]LogPhysics:Warning: PHYSX: d:\buildfarm\buildmachine_++depot+ue4\engine\source\thirdparty\notforlicensees\physx\physx_3.3\source\physx\src\NpRigidBodyTemplate.h (437) 4 : RigidBody::setRigidBodyFlag: kinematic bodies with CCD enabled are not supported! CCD will be ignored.
[2015.09.13-20.48.36:554][816]LogPhysics:Warning: PHYSX: d:\buildfarm\buildmachine_++depot+ue4\engine\source\thirdparty\notforlicensees\physx\physx_3.3\source\physx\src\NpRigidBodyTemplate.h (437) 4 : RigidBody::setRigidBodyFlag: kinematic bodies with CCD enabled are not supported! CCD will be ignored.
[2015.09.13-20.48.36:554][816]LogPhysics:Warning: PHYSX: d:\buildfarm\buildmachine_++depot+ue4\engine\source\thirdparty\notforlicensees\physx\physx_3.3\source\physx\src\NpRigidBodyTemplate.h (437) 4 : RigidBody::setRigidBodyFlag: kinematic bodies with CCD enabled are not supported! CCD will be ignored.
[2015.09.13-20.48.36:554][816]LogPhysics:Warning: PHYSX: d:\buildfarm\buildmachine_++depot+ue4\engine\source\thirdparty\notforlicensees\physx\physx_3.3\source\physx\src\NpRigidBodyTemplate.h (437) 4 : RigidBody::setRigidBodyFlag: kinematic bodies with CCD enabled are not supported! CCD will be ignored.
[2015.09.13-20.48.36:554][816]LogPhysics:Warning: PHYSX: d:\buildfarm\buildmachine_++depot+ue4\engine\source\thirdparty\notforlicensees\physx\physx_3.3\source\physx\src\NpRigidBodyTemplate.h (437) 4 : RigidBody::setRigidBodyFlag: kinematic bodies with CCD enabled are not supported! CCD will be ignored.
[2015.09.13-20.48.36:555][816]LogPhysics:Warning: PHYSX: d:\buildfarm\buildmachine_++depot+ue4\engine\source\thirdparty\notforlicensees\physx\physx_3.3\source\physx\src\NpRigidBodyTemplate.h (437) 4 : RigidBody::setRigidBodyFlag: kinematic bodies with CCD enabled are not supported! CCD will be ignored.
[2015.09.13-20.48.36:555][816]LogPhysics:Warning: PHYSX: d:\buildfarm\buildmachine_++depot+ue4\engine\source\thirdparty\notforlicensees\physx\physx_3.3\source\physx\src\NpRigidBodyTemplate.h (437) 4 : RigidBody::setRigidBodyFlag: kinematic bodies with CCD enabled are not supported! CCD will be ignored.
[2015.09.13-20.48.36:555][816]LogPhysics:Warning: PHYSX: d:\buildfarm\buildmachine_++depot+ue4\engine\source\thirdparty\notforlicensees\physx\physx_3.3\source\physx\src\NpRigidBodyTemplate.h (437) 4 : RigidBody::setRigidBodyFlag: kinematic bodies with CCD enabled are not supported! CCD will be ignored.
[2015.09.13-20.48.36:555][816]LogPhysics:Warning: PHYSX: d:\buildfarm\buildmachine_++depot+ue4\engine\source\thirdparty\notforlicensees\physx\physx_3.3\source\physx\src\NpRigidBodyTemplate.h (437) 4 : RigidBody::setRigidBodyFlag: kinematic bodies with CCD enabled are not supported! CCD will be ignored.
[2015.09.13-20.48.36:555][816]LogPhysics:Warning: PHYSX: d:\buildfarm\buildmachine_++depot+ue4\engine\source\thirdparty\notforlicensees\physx\physx_3.3\source\physx\src\NpRigidBodyTemplate.h (437) 4 : RigidBody::setRigidBodyFlag: kinematic bodies with CCD enabled are not supported! CCD will be ignored.
[2015.09.13-20.48.36:555][816]LogPhysics:Warning: PHYSX: d:\buildfarm\buildmachine_++depot+ue4\engine\source\thirdparty\notforlicensees\physx\physx_3.3\source\physx\src\NpRigidBodyTemplate.h (437) 4 : RigidBody::setRigidBodyFlag: kinematic bodies with CCD enabled are not supported! CCD will be ignored.
[2015.09.13-20.48.37:809][816]LogSavePackage: Save=1218.555542ms
[2015.09.13-20.48.37:809][816]LogSavePackage: Moving '../../../../../../Users/Damir/Documents/GitHub/Project_ReSurvivor/Saved/TestingInstanceCD4B39D34522A07D2CA5159B5478733C.tmp' to '../../../../../../Users/Damir/Documents/GitHub/Project_ReSurvivor/Content/Maps/TestingInstance.umap'
[2015.09.13-20.48.37:812][816]LogSavePackage: Total save time: 1225.028995ms
[2015.09.13-20.48.37:813][816]LogSavePackage:Warning: Finished SavePackage ../../../../../../Users/Damir/Documents/GitHub/Project_ReSurvivor/Content/Maps/TestingInstance.umap
[2015.09.13-20.48.37:813][816]LogFileHelpers: Saving map 'TestingInstance' took 1.303
[2015.09.13-20.48.37:815][816]Cmd: MAP LOAD FILE="../../../../../../Users/Damir/Documents/GitHub/Project_ReSurvivor/Content/Maps/StartScreen.umap" TEMPLATE=0 SHOWPROGRESS=1 FEATURELEVEL=3
[2015.09.13-20.48.37:815][816]LightingResults: New page: Lighting Build
[2015.09.13-20.48.37:832][816]LoadErrors: New page: Loading map: StartScreen.umap
[2015.09.13-20.48.37:833][816]MapCheck: New page: Map Check
[2015.09.13-20.48.37:833][816]LightingResults: New page: Lighting Build
[2015.09.13-20.48.37:853][816]LogParticles: Destroying 0 GPU particle simulations for FXSystem 0x0000000047A29800
[2015.09.13-20.48.45:158][816]LogEditorServer: Finished looking for orphan Actors (0.000 secs)
[2015.09.13-20.48.45:196][816]Cmd: MAP CHECKDEP NOCLEARLOG
[2015.09.13-20.48.45:235][816]MapCheck: Info Map check complete: 0 Error(s), 0 Warning(s), took 38.834ms to complete.
[2015.09.13-20.48.45:235][816]LogFileHelpers: Loading map 'StartScreen' took 7.422
[2015.09.13-20.48.52:044][617]LogPlayLevel: PlayLevel: No blueprints needed recompiling
[2015.09.13-20.48.52:044][617]PIE: New page: PIE session: StartScreen (Sep 14, 2015, 12:48:52 AM)
[2015.09.13-20.48.52:044][617]LogPlayLevel: Creating play world package: /Game/Maps/UEDPIE_0_StartScreen
[2015.09.13-20.48.52:046][617]LogPlayLevel: PIE: StaticDuplicateObject took: (0.001558s)
[2015.09.13-20.48.52:046][617]LogAIModule: Creating AISystem for world StartScreen
[2015.09.13-20.48.52:046][617]LogPlayLevel: PIE: World Init took: (0.000601s)
[2015.09.13-20.48.52:046][617]LogPlayLevel: PIE: Created PIE world by copying editor world from /Game/Maps/StartScreen.StartScreen to /Game/Maps/UEDPIE_0_StartScreen.StartScreen (0.002386s)
[2015.09.13-20.48.52:046][617]LogActorComponent: UnregisterComponent: (/Engine/Transient.CharMoveComp) Not registered. Aborting.
[2015.09.13-20.48.52:071][617]LogInit: XAudio2 using 'Speakers (Realtek High Definition Audio)' : 2 channels at 48 kHz using 32 bits per sample (channel mask 0x3)
[2015.09.13-20.48.52:078][617]LogInit: FAudioDevice initialized.
[2015.09.13-20.48.52:114][617]LogWorld: Game class is 'GameMode'
[2015.09.13-20.48.52:115][617]LogWorld: Bringing World /Game/Maps/UEDPIE_0_StartScreen.StartScreen up for play (max tick rate 0) at 2015.09.13-22.48.52
[2015.09.13-20.48.52:115][617]LogActor:Warning: GameSession /Game/Maps/UEDPIE_0_StartScreen.StartScreen:PersistentLevel.GameSession_1 has natively added scene component(s), but none of them were set as the actor's RootComponent - picking one arbitrarily
[2015.09.13-20.48.52:115][617]LogActor:Warning: GameNetworkManager /Game/Maps/UEDPIE_0_StartScreen.StartScreen:PersistentLevel.GameNetworkManager_1 has natively added scene component(s), but none of them were set as the actor's RootComponent - picking one arbitrarily
[2015.09.13-20.48.52:115][617]LogWorld: Bringing up level for play took: 0.000618
[2015.09.13-20.48.52:117][617]PIE: Info Play in editor start time for /Game/Maps/UEDPIE_0_StartScreen -0.923
[2015.09.13-20.49.06:430][329]LogPackageName: SearchForPackageOnDisk took   0.037s to resolve Instance_1.umap.
[2015.09.13-20.49.06:466][329]LogPackageName: SearchForPackageOnDisk took   0.034s to resolve Instance_1.umap.
[2015.09.13-20.49.06:466][329]LogNet: Browse: /Game/Maps/Instance_1
[2015.09.13-20.49.06:466][329]LogLoad: LoadMap: /Game/Maps/Instance_1
[2015.09.13-20.49.06:486][329]LogParticles: Destroying 0 GPU particle simulations for FXSystem 0x0000000018D6CCC0
[2015.09.13-20.49.06:489][329]Cmd: MEM
[2015.09.13-20.49.06:510][329]LogMemory: Platform Memory Stats for Windows
[2015.09.13-20.49.06:510][329]LogMemory: Process Physical Memory: 1338.96 MB used, 1338.96 MB peak
[2015.09.13-20.49.06:510][329]LogMemory: Process Virtual Memory: 2009.51 MB used, 2082.20 MB peak
[2015.09.13-20.49.06:510][329]LogMemory: Physical Memory: 5598.61 MB used, 8136.55 MB total
[2015.09.13-20.49.06:510][329]LogMemory: Virtual Memory: 2655.31 MB used, 8388608.00 MB total
[2015.09.13-20.49.06:510][329]LogMemory: 
[2015.09.13-20.49.06:510][329]Allocator Stats for TBB: (not implemented)
[2015.09.13-20.49.06:601][329]LogAIModule: Creating AISystem for world Instance_1
[2015.09.13-20.49.06:602][329]LogWorld: Game class is 'GameMode'
[2015.09.13-20.49.06:603][329]LogPhysics:Warning: PHYSX: d:\buildfarm\buildmachine_++depot+ue4\engine\source\thirdparty\notforlicensees\physx\physx_3.3\source\physx\src\NpRigidBodyTemplate.h (437) 4 : RigidBody::setRigidBodyFlag: kinematic bodies with CCD enabled are not supported! CCD will be ignored.
[2015.09.13-20.49.06:604][329]LogPhysics:Warning: PHYSX: d:\buildfarm\buildmachine_++depot+ue4\engine\source\thirdparty\notforlicensees\physx\physx_3.3\source\physx\src\NpRigidBodyTemplate.h (437) 4 : RigidBody::setRigidBodyFlag: kinematic bodies with CCD enabled are not supported! CCD will be ignored.
[2015.09.13-20.49.06:606][329]LogWorld: Bringing World /Game/Maps/UEDPIE_0_Instance_1.Instance_1 up for play (max tick rate 0) at 2015.09.13-22.49.06
[2015.09.13-20.49.06:606][329]LogActor:Warning: GameSession /Game/Maps/UEDPIE_0_Instance_1.Instance_1:PersistentLevel.GameSession_2 has natively added scene component(s), but none of them were set as the actor's RootComponent - picking one arbitrarily
[2015.09.13-20.49.06:606][329]LogActor:Warning: GameNetworkManager /Game/Maps/UEDPIE_0_Instance_1.Instance_1:PersistentLevel.GameNetworkManager_2 has natively added scene component(s), but none of them were set as the actor's RootComponent - picking one arbitrarily
[2015.09.13-20.49.06:607][329]LogWorld: Bringing up level for play took: 0.004327
[2015.09.13-20.49.10:395][776]LogParticles: Destroying 0 GPU particle simulations for FXSystem 0x0000000028505260
[2015.09.13-20.49.16:430][488]LogPhysics:Warning: PHYSX: d:\buildfarm\buildmachine_++depot+ue4\engine\source\thirdparty\notforlicensees\physx\physx_3.3\source\physx\src\NpRigidBodyTemplate.h (437) 4 : RigidBody::setRigidBodyFlag: kinematic bodies with CCD enabled are not supported! CCD will be ignored.
[2015.09.13-20.49.16:430][488]LogPhysics:Warning: PHYSX: d:\buildfarm\buildmachine_++depot+ue4\engine\source\thirdparty\notforlicensees\physx\physx_3.3\source\physx\src\NpRigidBodyTemplate.h (437) 4 : RigidBody::setRigidBodyFlag: kinematic bodies with CCD enabled are not supported! CCD will be ignored.
[2015.09.13-20.49.16:430][488]LogPhysics:Warning: PHYSX: d:\buildfarm\buildmachine_++depot+ue4\engine\source\thirdparty\notforlicensees\physx\physx_3.3\source\physx\src\NpRigidBodyTemplate.h (437) 4 : RigidBody::setRigidBodyFlag: kinematic bodies with CCD enabled are not supported! CCD will be ignored.
[2015.09.13-20.49.16:430][488]LogPhysics:Warning: PHYSX: d:\buildfarm\buildmachine_++depot+ue4\engine\source\thirdparty\notforlicensees\physx\physx_3.3\source\physx\src\NpRigidBodyTemplate.h (437) 4 : RigidBody::setRigidBodyFlag: kinematic bodies with CCD enabled are not supported! CCD will be ignored.
[2015.09.13-20.49.16:431][488]LogPhysics:Warning: PHYSX: d:\buildfarm\buildmachine_++depot+ue4\engine\source\thirdparty\notforlicensees\physx\physx_3.3\source\physx\src\NpRigidBodyTemplate.h (437) 4 : RigidBody::setRigidBodyFlag: kinematic bodies with CCD enabled are not supported! CCD will be ignored.
[2015.09.13-20.49.16:431][488]LogPhysics:Warning: PHYSX: d:\buildfarm\buildmachine_++depot+ue4\engine\source\thirdparty\notforlicensees\physx\physx_3.3\source\physx\src\NpRigidBodyTemplate.h (437) 4 : RigidBody::setRigidBodyFlag: kinematic bodies with CCD enabled are not supported! CCD will be ignored.
[2015.09.13-20.49.16:431][488]LogPhysics:Warning: PHYSX: d:\buildfarm\buildmachine_++depot+ue4\engine\source\thirdparty\notforlicensees\physx\physx_3.3\source\physx\src\NpRigidBodyTemplate.h (437) 4 : RigidBody::setRigidBodyFlag: kinematic bodies with CCD enabled are not supported! CCD will be ignored.
[2015.09.13-20.49.16:431][488]LogPhysics:Warning: PHYSX: d:\buildfarm\buildmachine_++depot+ue4\engine\source\thirdparty\notforlicensees\physx\physx_3.3\source\physx\src\NpRigidBodyTemplate.h (437) 4 : RigidBody::setRigidBodyFlag: kinematic bodies with CCD enabled are not supported! CCD will be ignored.
[2015.09.13-20.49.16:431][488]LogPhysics:Warning: PHYSX: d:\buildfarm\buildmachine_++depot+ue4\engine\source\thirdparty\notforlicensees\physx\physx_3.3\source\physx\src\NpRigidBodyTemplate.h (437) 4 : RigidBody::setRigidBodyFlag: kinematic bodies with CCD enabled are not supported! CCD will be ignored.
[2015.09.13-20.49.16:431][488]LogPhysics:Warning: PHYSX: d:\buildfarm\buildmachine_++depot+ue4\engine\source\thirdparty\notforlicensees\physx\physx_3.3\source\physx\src\NpRigidBodyTemplate.h (437) 4 : RigidBody::setRigidBodyFlag: kinematic bodies with CCD enabled are not supported! CCD will be ignored.
[2015.09.13-20.49.16:431][488]LogPhysics:Warning: PHYSX: d:\buildfarm\buildmachine_++depot+ue4\engine\source\thirdparty\notforlicensees\physx\physx_3.3\source\physx\src\NpRigidBodyTemplate.h (437) 4 : RigidBody::setRigidBodyFlag: kinematic bodies with CCD enabled are not supported! CCD will be ignored.
[2015.09.13-20.49.16:431][488]LogPhysics:Warning: PHYSX: d:\buildfarm\buildmachine_++depot+ue4\engine\source\thirdparty\notforlicensees\physx\physx_3.3\source\physx\src\NpRigidBodyTemplate.h (437) 4 : RigidBody::setRigidBodyFlag: kinematic bodies with CCD enabled are not supported! CCD will be ignored.
[2015.09.13-20.49.16:431][488]LogPhysics:Warning: PHYSX: d:\buildfarm\buildmachine_++depot+ue4\engine\source\thirdparty\notforlicensees\physx\physx_3.3\source\physx\src\NpRigidBodyTemplate.h (437) 4 : RigidBody::setRigidBodyFlag: kinematic bodies with CCD enabled are not supported! CCD will be ignored.
[2015.09.13-20.49.16:432][488]LogPhysics:Warning: PHYSX: d:\buildfarm\buildmachine_++depot+ue4\engine\source\thirdparty\notforlicensees\physx\physx_3.3\source\physx\src\NpRigidBodyTemplate.h (437) 4 : RigidBody::setRigidBodyFlag: kinematic bodies with CCD enabled are not supported! CCD will be ignored.
[2015.09.13-20.49.16:432][488]LogPhysics:Warning: PHYSX: d:\buildfarm\buildmachine_++depot+ue4\engine\source\thirdparty\notforlicensees\physx\physx_3.3\source\physx\src\NpRigidBodyTemplate.h (437) 4 : RigidBody::setRigidBodyFlag: kinematic bodies with CCD enabled are not supported! CCD will be ignored.
[2015.09.13-20.49.16:432][488]LogPhysics:Warning: PHYSX: d:\buildfarm\buildmachine_++depot+ue4\engine\source\thirdparty\notforlicensees\physx\physx_3.3\source\physx\src\NpRigidBodyTemplate.h (437) 4 : RigidBody::setRigidBodyFlag: kinematic bodies with CCD enabled are not supported! CCD will be ignored.
[2015.09.13-20.49.16:432][488]LogPhysics:Warning: PHYSX: d:\buildfarm\buildmachine_++depot+ue4\engine\source\thirdparty\notforlicensees\physx\physx_3.3\source\physx\src\NpRigidBodyTemplate.h (437) 4 : RigidBody::setRigidBodyFlag: kinematic bodies with CCD enabled are not supported! CCD will be ignored.
[2015.09.13-20.49.16:432][488]LogPhysics:Warning: PHYSX: d:\buildfarm\buildmachine_++depot+ue4\engine\source\thirdparty\notforlicensees\physx\physx_3.3\source\physx\src\NpRigidBodyTemplate.h (437) 4 : RigidBody::setRigidBodyFlag: kinematic bodies with CCD enabled are not supported! CCD will be ignored.
[2015.09.13-20.49.16:432][488]LogPhysics:Warning: PHYSX: d:\buildfarm\buildmachine_++depot+ue4\engine\source\thirdparty\notforlicensees\physx\physx_3.3\source\physx\src\NpRigidBodyTemplate.h (437) 4 : RigidBody::setRigidBodyFlag: kinematic bodies with CCD enabled are not supported! CCD will be ignored.
[2015.09.13-20.49.17:689][488]LogSavePackage: Save=1221.937134ms
[2015.09.13-20.49.17:689][488]LogSavePackage: Moving '../../../../../../Users/Damir/Documents/GitHub/Project_ReSurvivor/Saved/TestingInstanceD8A9C7584A3F34166F1ADF93760D8F12.tmp' to '../../../../../../Users/Damir/Documents/GitHub/Project_ReSurvivor/Content/Maps/TestingInstance.umap'
[2015.09.13-20.49.17:692][488]LogSavePackage: Total save time: 1227.916352ms
[2015.09.13-20.49.17:692][488]LogSavePackage:Warning: Finished SavePackage ../../../../../../Users/Damir/Documents/GitHub/Project_ReSurvivor/Content/Maps/TestingInstance.umap
[2015.09.13-20.49.17:694][488]LogFileHelpers: Saving map 'TestingInstance' took 1.309
[2015.09.13-20.49.21:395][613]LogPhysics:Warning: PHYSX: d:\buildfarm\buildmachine_++depot+ue4\engine\source\thirdparty\notforlicensees\physx\physx_3.3\source\physx\src\NpRigidBodyTemplate.h (437) 4 : RigidBody::setRigidBodyFlag: kinematic bodies with CCD enabled are not supported! CCD will be ignored.
[2015.09.13-20.49.21:395][613]LogPhysics:Warning: PHYSX: d:\buildfarm\buildmachine_++depot+ue4\engine\source\thirdparty\notforlicensees\physx\physx_3.3\source\physx\src\NpRigidBodyTemplate.h (437) 4 : RigidBody::setRigidBodyFlag: kinematic bodies with CCD enabled are not supported! CCD will be ignored.
[2015.09.13-20.49.21:395][613]LogPhysics:Warning: PHYSX: d:\buildfarm\buildmachine_++depot+ue4\engine\source\thirdparty\notforlicensees\physx\physx_3.3\source\physx\src\NpRigidBodyTemplate.h (437) 4 : RigidBody::setRigidBodyFlag: kinematic bodies with CCD enabled are not supported! CCD will be ignored.
[2015.09.13-20.49.21:395][613]LogPhysics:Warning: PHYSX: d:\buildfarm\buildmachine_++depot+ue4\engine\source\thirdparty\notforlicensees\physx\physx_3.3\source\physx\src\NpRigidBodyTemplate.h (437) 4 : RigidBody::setRigidBodyFlag: kinematic bodies with CCD enabled are not supported! CCD will be ignored.
[2015.09.13-20.49.21:395][613]LogPhysics:Warning: PHYSX: d:\buildfarm\buildmachine_++depot+ue4\engine\source\thirdparty\notforlicensees\physx\physx_3.3\source\physx\src\NpRigidBodyTemplate.h (437) 4 : RigidBody::setRigidBodyFlag: kinematic bodies with CCD enabled are not supported! CCD will be ignored.
[2015.09.13-20.49.21:395][613]LogPhysics:Warning: PHYSX: d:\buildfarm\buildmachine_++depot+ue4\engine\source\thirdparty\notforlicensees\physx\physx_3.3\source\physx\src\NpRigidBodyTemplate.h (437) 4 : RigidBody::setRigidBodyFlag: kinematic bodies with CCD enabled are not supported! CCD will be ignored.
[2015.09.13-20.49.21:395][613]LogPhysics:Warning: PHYSX: d:\buildfarm\buildmachine_++depot+ue4\engine\source\thirdparty\notforlicensees\physx\physx_3.3\source\physx\src\NpRigidBodyTemplate.h (437) 4 : RigidBody::setRigidBodyFlag: kinematic bodies with CCD enabled are not supported! CCD will be ignored.
[2015.09.13-20.49.21:396][613]LogPhysics:Warning: PHYSX: d:\buildfarm\buildmachine_++depot+ue4\engine\source\thirdparty\notforlicensees\physx\physx_3.3\source\physx\src\NpRigidBodyTemplate.h (437) 4 : RigidBody::setRigidBodyFlag: kinematic bodies with CCD enabled are not supported! CCD will be ignored.
[2015.09.13-20.49.21:396][613]LogPhysics:Warning: PHYSX: d:\buildfarm\buildmachine_++depot+ue4\engine\source\thirdparty\notforlicensees\physx\physx_3.3\source\physx\src\NpRigidBodyTemplate.h (437) 4 : RigidBody::setRigidBodyFlag: kinematic bodies with CCD enabled are not supported! CCD will be ignored.
[2015.09.13-20.49.21:396][613]LogPhysics:Warning: PHYSX: d:\buildfarm\buildmachine_++depot+ue4\engine\source\thirdparty\notforlicensees\physx\physx_3.3\source\physx\src\NpRigidBodyTemplate.h (437) 4 : RigidBody::setRigidBodyFlag: kinematic bodies with CCD enabled are not supported! CCD will be ignored.
[2015.09.13-20.49.21:396][613]LogPhysics:Warning: PHYSX: d:\buildfarm\buildmachine_++depot+ue4\engine\source\thirdparty\notforlicensees\physx\physx_3.3\source\physx\src\NpRigidBodyTemplate.h (437) 4 : RigidBody::setRigidBodyFlag: kinematic bodies with CCD enabled are not supported! CCD will be ignored.
[2015.09.13-20.49.21:396][613]LogPhysics:Warning: PHYSX: d:\buildfarm\buildmachine_++depot+ue4\engine\source\thirdparty\notforlicensees\physx\physx_3.3\source\physx\src\NpRigidBodyTemplate.h (437) 4 : RigidBody::setRigidBodyFlag: kinematic bodies with CCD enabled are not supported! CCD will be ignored.
[2015.09.13-20.49.21:396][613]LogPhysics:Warning: PHYSX: d:\buildfarm\buildmachine_++depot+ue4\engine\source\thirdparty\notforlicensees\physx\physx_3.3\source\physx\src\NpRigidBodyTemplate.h (437) 4 : RigidBody::setRigidBodyFlag: kinematic bodies with CCD enabled are not supported! CCD will be ignored.
[2015.09.13-20.49.21:396][613]LogPhysics:Warning: PHYSX: d:\buildfarm\buildmachine_++depot+ue4\engine\source\thirdparty\notforlicensees\physx\physx_3.3\source\physx\src\NpRigidBodyTemplate.h (437) 4 : RigidBody::setRigidBodyFlag: kinematic bodies with CCD enabled are not supported! CCD will be ignored.
[2015.09.13-20.49.21:396][613]LogPhysics:Warning: PHYSX: d:\buildfarm\buildmachine_++depot+ue4\engine\source\thirdparty\notforlicensees\physx\physx_3.3\source\physx\src\NpRigidBodyTemplate.h (437) 4 : RigidBody::setRigidBodyFlag: kinematic bodies with CCD enabled are not supported! CCD will be ignored.
[2015.09.13-20.49.21:396][613]LogPhysics:Warning: PHYSX: d:\buildfarm\buildmachine_++depot+ue4\engine\source\thirdparty\notforlicensees\physx\physx_3.3\source\physx\src\NpRigidBodyTemplate.h (437) 4 : RigidBody::setRigidBodyFlag: kinematic bodies with CCD enabled are not supported! CCD will be ignored.
[2015.09.13-20.49.21:396][613]LogPhysics:Warning: PHYSX: d:\buildfarm\buildmachine_++depot+ue4\engine\source\thirdparty\notforlicensees\physx\physx_3.3\source\physx\src\NpRigidBodyTemplate.h (437) 4 : RigidBody::setRigidBodyFlag: kinematic bodies with CCD enabled are not supported! CCD will be ignored.
[2015.09.13-20.49.21:396][613]LogPhysics:Warning: PHYSX: d:\buildfarm\buildmachine_++depot+ue4\engine\source\thirdparty\notforlicensees\physx\physx_3.3\source\physx\src\NpRigidBodyTemplate.h (437) 4 : RigidBody::setRigidBodyFlag: kinematic bodies with CCD enabled are not supported! CCD will be ignored.
[2015.09.13-20.49.21:397][613]LogPhysics:Warning: PHYSX: d:\buildfarm\buildmachine_++depot+ue4\engine\source\thirdparty\notforlicensees\physx\physx_3.3\source\physx\src\NpRigidBodyTemplate.h (437) 4 : RigidBody::setRigidBodyFlag: kinematic bodies with CCD enabled are not supported! CCD will be ignored.
[2015.09.13-20.49.22:638][613]LogSavePackage: Save=1205.618652ms
[2015.09.13-20.49.22:638][613]LogSavePackage: Moving '../../../../../../Users/Damir/Documents/GitHub/Project_ReSurvivor/Saved/TestingInstance32D2855F4DB8B8D2385B5EA572881ACF.tmp' to '../../../../../../Users/Damir/Documents/GitHub/Project_ReSurvivor/Content/Maps/TestingInstance.umap'
[2015.09.13-20.49.22:642][613]LogSavePackage: Total save time: 1211.629167ms
[2015.09.13-20.49.22:642][613]LogSavePackage:Warning: Finished SavePackage ../../../../../../Users/Damir/Documents/GitHub/Project_ReSurvivor/Content/Maps/TestingInstance.umap
[2015.09.13-20.49.22:643][613]LogFileHelpers: Saving map 'TestingInstance' took 1.293
[2015.09.13-20.49.23:003][614]Cmd: QUIT_EDITOR
[2015.09.13-20.49.23:258][614]LogExit: Preparing to exit.
[2015.09.13-20.49.23:569][614]LogExit: Editor shut down
[2015.09.13-20.49.23:569][614]LogExit: Transaction tracking system shut down
[2015.09.13-20.49.23:569][614]LogParticles: Destroying 0 GPU particle simulations for FXSystem 0x000000002E80BE20
[2015.09.13-20.49.23:569][614]LogParticles: Destroying 0 GPU particle simulations for FXSystem 0x000000002E5C49A0
[2015.09.13-20.49.23:576][614]LogParticles: Destroying 0 GPU particle simulations for FXSystem 0x0000000016594F40
[2015.09.13-20.49.23:576][614]LogParticles: Destroying 0 GPU particle simulations for FXSystem 0x00000000234BBCE0
[2015.09.13-20.49.23:577][614]LogParticles: Destroying 0 GPU particle simulations for FXSystem 0x00000000234B9B20
[2015.09.13-20.49.23:577][614]LogParticles: Destroying 0 GPU particle simulations for FXSystem 0x00000000166B49A0
[2015.09.13-20.49.23:804][614]LogParticles: Destroying 0 GPU particle simulations for FXSystem 0x0000000047AC23E0
[2015.09.13-20.49.23:805][614]LogExit: Object subsystem successfully closed.
[2015.09.13-20.49.23:821][614]LogD3D11RHI: Shutdown
[2015.09.13-20.49.23:821][614]LogD3D11RHI: CleanupD3DDevice
[2015.09.13-20.49.23:858][614]LogD3D11RHI: ~FD3D11DynamicRHI
[2015.09.13-20.49.23:869][614]LogModuleManager: Shutting down and abandoning module SequencerWidgets (201)
[2015.09.13-20.49.23:869][614]LogModuleManager: Shutting down and abandoning module BlueprintGraph (200)
[2015.09.13-20.49.23:869][614]LogModuleManager: Shutting down and abandoning module StatsViewer (199)
[2015.09.13-20.49.23:869][614]LogModuleManager: Shutting down and abandoning module CrashTracker (198)
[2015.09.13-20.49.23:869][614]LogModuleManager: Shutting down and abandoning module SceneOutliner (197)
[2015.09.13-20.49.23:869][614]LogModuleManager: Shutting down and abandoning module SuperSearch (196)
[2015.09.13-20.49.23:869][614]LogModuleManager: Shutting down and abandoning module WidgetCarousel (195)
[2015.09.13-20.49.23:869][614]LogModuleManager: Shutting down and abandoning module AddContentDialog (194)
[2015.09.13-20.49.23:870][614]LogModuleManager: Shutting down and abandoning module EditorWidgets (193)
[2015.09.13-20.49.23:870][614]LogModuleManager: Shutting down and abandoning module CollectionManager (192)
[2015.09.13-20.49.23:870][614]LogModuleManager: Shutting down and abandoning module FoliageEdit (191)
[2015.09.13-20.49.23:870][614]LogModuleManager: Shutting down and abandoning module LandscapeEditor (190)
[2015.09.13-20.49.23:870][614]LogModuleManager: Shutting down and abandoning module ActorPickerMode (189)
[2015.09.13-20.49.23:870][614]LogModuleManager: Shutting down and abandoning module GeometryMode (188)
[2015.09.13-20.49.23:870][614]LogModuleManager: Shutting down and abandoning module TextureAlignMode (187)
[2015.09.13-20.49.23:870][614]LogModuleManager: Shutting down and abandoning module BspMode (186)
[2015.09.13-20.49.23:870][614]LogModuleManager: Shutting down and abandoning module PlacementMode (185)
[2015.09.13-20.49.23:870][614]LogModuleManager: Shutting down and abandoning module AutomationWorker (184)
[2015.09.13-20.49.23:870][614]LogModuleManager: Shutting down and abandoning module CharacterAI (183)
[2015.09.13-20.49.23:870][614]LogModuleManager: Shutting down and abandoning module SmartSnapping (182)
[2015.09.13-20.49.23:870][614]LogModuleManager: Shutting down and abandoning module ViewportSnapping (181)
[2015.09.13-20.49.23:870][614]LogModuleManager: Shutting down and abandoning module LogVisualizer (180)
[2015.09.13-20.49.23:870][614]LogModuleManager: Shutting down and abandoning module GameProjectGeneration (179)
[2015.09.13-20.49.23:870][614]LogModuleManager: Shutting down and abandoning module IntroTutorials (178)
[2015.09.13-20.49.23:870][614]LogModuleManager: Shutting down and abandoning module EditorLiveStreaming (177)
[2015.09.13-20.49.23:870][614]LogModuleManager: Shutting down and abandoning module IOSPlatformEditor (176)
[2015.09.13-20.49.23:870][614]LogModuleManager: Shutting down and abandoning module HTML5PlatformEditor (175)
[2015.09.13-20.49.23:870][614]LogModuleManager: Shutting down and abandoning module AndroidDeviceDetection (174)
[2015.09.13-20.49.24:280][614]LogModuleManager: Shutting down and abandoning module AndroidPlatformEditor (173)
[2015.09.13-20.49.24:280][614]LogModuleManager: Shutting down and abandoning module IOSRuntimeSettings (172)
[2015.09.13-20.49.24:280][614]LogModuleManager: Shutting down and abandoning module AndroidRuntimeSettings (171)
[2015.09.13-20.49.24:280][614]LogModuleManager: Shutting down and abandoning module MergeActors (170)
[2015.09.13-20.49.24:280][614]LogModuleManager: Shutting down and abandoning module SizeMap (169)
[2015.09.13-20.49.24:280][614]LogModuleManager: Shutting down and abandoning module TreeMap (168)
[2015.09.13-20.49.24:280][614]LogModuleManager: Shutting down and abandoning module ReferenceViewer (167)
[2015.09.13-20.49.24:280][614]LogModuleManager: Shutting down and abandoning module LocalizationService (166)
[2015.09.13-20.49.24:280][614]LogModuleManager: Shutting down and abandoning module LocalizationDashboard (165)
[2015.09.13-20.49.24:280][614]LogModuleManager: Shutting down and abandoning module HardwareTargeting (164)
[2015.09.13-20.49.24:280][614]LogModuleManager: Shutting down and abandoning module DeviceProfileEditor (163)
[2015.09.13-20.49.24:280][614]LogModuleManager: Shutting down and abandoning module UndoHistory (162)
[2015.09.13-20.49.24:280][614]LogModuleManager: Shutting down and abandoning module GameplayTagsEditor (161)
[2015.09.13-20.49.24:280][614]LogModuleManager: Shutting down and abandoning module UserFeedback (160)
[2015.09.13-20.49.24:280][614]LogModuleManager: Shutting down and abandoning module XmlParser (159)
[2015.09.13-20.49.24:280][614]LogModuleManager: Shutting down and abandoning module Blutility (158)
[2015.09.13-20.49.24:280][614]LogModuleManager: Shutting down and abandoning module ProjectTargetPlatformEditor (157)
[2015.09.13-20.49.24:281][614]LogModuleManager: Shutting down and abandoning module ProjectSettingsViewer (156)
[2015.09.13-20.49.24:281][614]LogModuleManager: Shutting down and abandoning module InputBindingEditor (155)
[2015.09.13-20.49.24:281][614]LogModuleManager: Shutting down and abandoning module EditorSettingsViewer (154)
[2015.09.13-20.49.24:281][614]LogModuleManager: Shutting down and abandoning module SettingsEditor (153)
[2015.09.13-20.49.24:281][614]LogModuleManager: Shutting down and abandoning module ProjectLauncher (152)
[2015.09.13-20.49.24:281][614]LogModuleManager: Shutting down and abandoning module SessionFrontend (151)
[2015.09.13-20.49.24:281][614]LogModuleManager: Shutting down and abandoning module ProfilerClient (150)
[2015.09.13-20.49.24:281][614]LogModuleManager: Shutting down and abandoning module TargetDeviceServices (149)
[2015.09.13-20.49.24:281][614]LogModuleManager: Shutting down and abandoning module DeviceManager (148)
[2015.09.13-20.49.24:282][614]LogModuleManager: Shutting down and abandoning module AutomationController (147)
[2015.09.13-20.49.24:282][614]LogModuleManager: Shutting down and abandoning module AutomationWindow (146)
[2015.09.13-20.49.24:282][614]LogModuleManager: Shutting down and abandoning module Layers (145)
[2015.09.13-20.49.24:282][614]LogModuleManager: Shutting down and abandoning module ComponentVisualizers (144)
[2015.09.13-20.49.24:282][614]LogModuleManager: Shutting down and abandoning module DetailCustomizations (143)
[2015.09.13-20.49.24:282][614]LogModuleManager: Shutting down and abandoning module PackagesDialog (142)
[2015.09.13-20.49.24:282][614]LogModuleManager: Shutting down and abandoning module Persona (141)
[2015.09.13-20.49.24:282][614]LogModuleManager: Shutting down and abandoning module Kismet (140)
[2015.09.13-20.49.24:282][614]LogModuleManager: Shutting down and abandoning module GraphEditor (139)
[2015.09.13-20.49.24:282][614]LogModuleManager: Shutting down and abandoning module ClassViewer (138)
[2015.09.13-20.49.24:282][614]LogModuleManager: Shutting down and abandoning module Toolbox (137)
[2015.09.13-20.49.24:282][614]LogModuleManager: Shutting down and abandoning module ModuleUI (136)
[2015.09.13-20.49.24:282][614]LogModuleManager: Shutting down and abandoning module MovieSceneTools (135)
[2015.09.13-20.49.24:283][614]LogModuleManager: Shutting down and abandoning module OutputLog (134)
[2015.09.13-20.49.24:283][614]LogModuleManager: Shutting down and abandoning module GammaUI (133)
[2015.09.13-20.49.24:283][614]LogModuleManager: Shutting down and abandoning module Documentation (132)
[2015.09.13-20.49.24:283][614]LogModuleManager: Shutting down and abandoning module GameLiveStreaming (131)
[2015.09.13-20.49.24:283][614]LogModuleManager: Shutting down and abandoning module StreamingPauseRendering (130)
[2015.09.13-20.49.24:283][614]LogModuleManager: Shutting down and abandoning module AnalyticsET (129)
[2015.09.13-20.49.24:283][614]LogModuleManager: Shutting down and abandoning module Analytics (128)
[2015.09.13-20.49.24:283][614]LogModuleManager: Shutting down and abandoning module AITestSuite (127)
[2015.09.13-20.49.24:283][614]LogModuleManager: Shutting down and abandoning module GameplayDebugger (126)
[2015.09.13-20.49.24:283][614]LogModuleManager: Shutting down and abandoning module AIModule (125)
[2015.09.13-20.49.24:283][614]LogModuleManager: Shutting down and abandoning module ProfilerService (124)
[2015.09.13-20.49.24:422][614]LogModuleManager: Shutting down and abandoning module TaskGraph (123)
[2015.09.13-20.49.24:422][614]LogModuleManager: Shutting down and abandoning module SubstanceEditor (122)
[2015.09.13-20.49.24:422][614]LogModuleManager: Shutting down and abandoning module SlateRemote (121)
[2015.09.13-20.49.24:422][614]LogModuleManager: Shutting down and abandoning module SteamVRController (120)
[2015.09.13-20.49.24:422][614]LogModuleManager: Shutting down and abandoning module SteamVR (119)
[2015.09.13-20.49.24:422][614]LogModuleManager: Shutting down and abandoning module ProceduralMeshComponent (118)
[2015.09.13-20.49.24:422][614]LogModuleManager: Shutting down and abandoning module OculusRift (117)
[2015.09.13-20.49.24:422][614]LogModuleManager: Shutting down and abandoning module OculusLibrary (116)
[2015.09.13-20.49.24:422][614]LogModuleManager: Shutting down and abandoning module LeapMotionController (115)
[2015.09.13-20.49.24:464][614]LogModuleManager: Shutting down and abandoning module CustomMeshComponent (114)
[2015.09.13-20.49.24:464][614]LogModuleManager: Shutting down and abandoning module CableComponent (113)
[2015.09.13-20.49.24:464][614]LogModuleManager: Shutting down and abandoning module ArchVisCharacter (112)
[2015.09.13-20.49.24:464][614]LogModuleManager: Shutting down and abandoning module MessagingDebugger (111)
[2015.09.13-20.49.24:464][614]LogModuleManager: Shutting down and abandoning module MediaPlayerEditor (110)
[2015.09.13-20.49.24:464][614]LogModuleManager: Shutting down and abandoning module HTML5Networking (109)
[2015.09.13-20.49.24:464][614]LogModuleManager: Shutting down and abandoning module SpeedTreeImporter (108)
[2015.09.13-20.49.24:464][614]LogModuleManager: Shutting down and abandoning module PluginBrowser (107)
[2015.09.13-20.49.24:464][614]LogModuleManager: Shutting down and abandoning module EpicSurvey (106)
[2015.09.13-20.49.24:464][614]LogModuleManager: Shutting down and abandoning module DesktopPlatform (105)
[2015.09.13-20.49.24:464][614]LogModuleManager: Shutting down and abandoning module VisualStudioSourceCodeAccess (104)
[2015.09.13-20.49.24:464][614]LogModuleManager: Shutting down and abandoning module UObjectPlugin (103)
[2015.09.13-20.49.24:465][614]LogModuleManager: Shutting down and abandoning module SubversionSourceControl (102)
[2015.09.13-20.49.24:465][614]LogModuleManager: Shutting down and abandoning module PerforceSourceControl (101)
[2015.09.13-20.49.24:465][614]LogModuleManager: Shutting down and abandoning module SourceControl (100)
[2015.09.13-20.49.24:465][614]LogModuleManager: Shutting down and abandoning module GitSourceControl (99)
[2015.09.13-20.49.24:465][614]LogModuleManager: Shutting down and abandoning module LightPropagationVolumeEditor (98)
[2015.09.13-20.49.24:465][614]LogModuleManager: Shutting down and abandoning module PaperTiledImporter (97)
[2015.09.13-20.49.24:465][614]LogModuleManager: Shutting down and abandoning module PaperSpriteSheetImporter (96)
[2015.09.13-20.49.24:465][614]LogModuleManager: Shutting down and abandoning module MeshPaint (95)
[2015.09.13-20.49.24:465][614]LogModuleManager: Shutting down and abandoning module SlateReflector (94)
[2015.09.13-20.49.24:465][614]LogModuleManager: Shutting down and abandoning module HotReload (93)
[2015.09.13-20.49.24:465][614]LogModuleManager: Shutting down and abandoning module MainFrame (92)
[2015.09.13-20.49.24:465][614]LogModuleManager: Shutting down and abandoning module LevelEditor (91)
[2015.09.13-20.49.24:466][614]LogModuleManager: Shutting down and abandoning module ContentBrowser (90)
[2015.09.13-20.49.24:467][614]LogModuleManager: Shutting down and abandoning module Paper2DEditor (89)
[2015.09.13-20.49.24:468][614]LogModuleManager: Shutting down and abandoning module UdpMessaging (88)
[2015.09.13-20.49.24:568][614]LogModuleManager: Shutting down and abandoning module DirectoryWatcher (87)
[2015.09.13-20.49.24:569][614]LogModuleManager: Shutting down and abandoning module AssetRegistry (86)
[2015.09.13-20.49.24:637][614]LogModuleManager: Shutting down and abandoning module SubstanceCore (85)
[2015.09.13-20.49.24:637][614]LogModuleManager: Shutting down and abandoning module LightPropagationVolumeRuntime (84)
[2015.09.13-20.49.24:637][614]LogModuleManager: Shutting down and abandoning module Paper2D (83)
[2015.09.13-20.49.24:637][614]LogModuleManager: Shutting down and abandoning module WindowsMoviePlayer (82)
[2015.09.13-20.49.24:641][614]LogModuleManager: Shutting down and abandoning module Media (81)
[2015.09.13-20.49.24:641][614]LogModuleManager: Shutting down and abandoning module WmfMedia (80)
[2015.09.13-20.49.24:641][614]LogModuleManager: Shutting down and abandoning module OnlineBlueprintSupport (79)
[2015.09.13-20.49.24:641][614]LogModuleManager: Shutting down and abandoning module GameplayTasksEditor (78)
[2015.09.13-20.49.24:641][614]LogModuleManager: Shutting down and abandoning module PropertyEditor (77)
[2015.09.13-20.49.24:641][614]LogModuleManager: Shutting down and abandoning module BehaviorTreeEditor (76)
[2015.09.13-20.49.24:641][614]LogModuleManager: Shutting down and abandoning module FunctionalTesting (75)
[2015.09.13-20.49.24:641][614]LogModuleManager: Shutting down and abandoning module CollisionAnalyzer (74)
[2015.09.13-20.49.24:641][614]LogModuleManager: Shutting down and abandoning module WorkspaceMenuStructure (73)
[2015.09.13-20.49.24:641][614]LogModuleManager: Shutting down and abandoning module MessageLog (72)
[2015.09.13-20.49.24:641][614]LogModuleManager: Shutting down and abandoning module Sequencer (71)
[2015.09.13-20.49.24:641][614]LogModuleManager: Shutting down and abandoning module AssetTools (70)
[2015.09.13-20.49.24:641][614]LogModuleManager: Shutting down and abandoning module UMGEditor (69)
[2015.09.13-20.49.24:641][614]LogModuleManager: Shutting down and abandoning module UMG (68)
[2015.09.13-20.49.24:641][614]LogModuleManager: Shutting down and abandoning module Slate (67)
[2015.09.13-20.49.24:641][614]LogModuleManager: Shutting down and abandoning module EditorStyle (66)
[2015.09.13-20.49.24:644][614]LogModuleManager: Shutting down and abandoning module SessionServices (65)
[2015.09.13-20.49.24:644][614]LogModuleManager: Shutting down and abandoning module SourceCodeAccess (64)
[2015.09.13-20.49.24:644][614]LogModuleManager: Shutting down and abandoning module HeadMountedDisplay (63)
[2015.09.13-20.49.24:644][614]LogModuleManager: Shutting down and abandoning module XAudio2 (62)
[2015.09.13-20.49.24:644][614]LogModuleManager: Shutting down and abandoning module Networking (60)
[2015.09.13-20.49.24:644][614]LogModuleManager: Shutting down and abandoning module Core (59)
[2015.09.13-20.49.24:644][614]LogModuleManager: Shutting down and abandoning module KismetCompiler (58)
[2015.09.13-20.49.24:644][614]LogModuleManager: Shutting down and abandoning module PhysXFormats (57)
[2015.09.13-20.49.24:644][614]LogModuleManager: Shutting down and abandoning module MeshUtilities (56)
[2015.09.13-20.49.24:644][614]LogModuleManager: Shutting down and abandoning module CookingStats (55)
[2015.09.13-20.49.24:645][614]LogModuleManager: Shutting down and abandoning module DerivedDataCache (54)
[2015.09.13-20.49.24:745][614]LogDerivedDataCache: Shutdown
[2015.09.13-20.49.24:745][614]LogModuleManager: Shutting down and abandoning module ShaderFormatOpenGL (53)
[2015.09.13-20.49.24:745][614]LogModuleManager: Shutting down and abandoning module ShaderFormatD3D (52)
[2015.09.13-20.49.24:745][614]LogModuleManager: Shutting down and abandoning module MetalShaderFormat (51)
[2015.09.13-20.49.24:745][614]LogModuleManager: Shutting down and abandoning module TextureFormatUncompressed (50)
[2015.09.13-20.49.24:745][614]LogModuleManager: Shutting down and abandoning module TextureFormatPVR (49)
[2015.09.13-20.49.24:745][614]LogModuleManager: Shutting down and abandoning module TextureFormatIntelISPCTexComp (48)
[2015.09.13-20.49.24:745][614]LogModuleManager: Shutting down and abandoning module TextureFormatDXT (47)
[2015.09.13-20.49.24:745][614]LogModuleManager: Shutting down and abandoning module ImageWrapper (46)
[2015.09.13-20.49.24:745][614]LogModuleManager: Shutting down and abandoning module TextureFormatASTC (45)
[2015.09.13-20.49.24:745][614]LogModuleManager: Shutting down and abandoning module TextureFormatAndroid (44)
[2015.09.13-20.49.24:745][614]LogModuleManager: Shutting down and abandoning module AudioFormatOpus (43)
[2015.09.13-20.49.24:745][614]LogModuleManager: Shutting down and abandoning module AudioFormatOgg (42)
[2015.09.13-20.49.24:745][614]LogModuleManager: Shutting down and abandoning module AudioFormatADPCM (41)
[2015.09.13-20.49.24:745][614]LogModuleManager: Shutting down and abandoning module LinuxTargetPlatform (40)
[2015.09.13-20.49.24:745][614]LogModuleManager: Shutting down and abandoning module LinuxServerTargetPlatform (39)
[2015.09.13-20.49.24:745][614]LogModuleManager: Shutting down and abandoning module LinuxNoEditorTargetPlatform (38)
[2015.09.13-20.49.24:745][614]LogModuleManager: Shutting down and abandoning module Messaging (37)
[2015.09.13-20.49.24:745][614]LogModuleManager: Shutting down and abandoning module IOSTargetPlatform (36)
[2015.09.13-20.49.24:745][614]LogModuleManager: Shutting down and abandoning module HTML5TargetPlatform (35)
[2015.09.13-20.49.24:745][614]LogModuleManager: Shutting down and abandoning module Android_PVRTCTargetPlatform (34)
[2015.09.13-20.49.24:745][614]LogModuleManager: Shutting down and abandoning module Android_ETC2TargetPlatform (33)
[2015.09.13-20.49.24:745][614]LogModuleManager: Shutting down and abandoning module Android_ETC1TargetPlatform (32)
[2015.09.13-20.49.24:745][614]LogModuleManager: Shutting down and abandoning module Android_DXTTargetPlatform (31)
[2015.09.13-20.49.24:745][614]LogModuleManager: Shutting down and abandoning module Android_ATCTargetPlatform (30)
[2015.09.13-20.49.24:745][614]LogModuleManager: Shutting down and abandoning module Android_ASTCTargetPlatform (29)
[2015.09.13-20.49.24:745][614]LogModuleManager: Shutting down and abandoning module AndroidTargetPlatform (28)
[2015.09.13-20.49.24:745][614]LogModuleManager: Shutting down and abandoning module WindowsTargetPlatform (27)
[2015.09.13-20.49.24:745][614]LogModuleManager: Shutting down and abandoning module WindowsServerTargetPlatform (26)
[2015.09.13-20.49.24:745][614]LogModuleManager: Shutting down and abandoning module WindowsNoEditorTargetPlatform (25)
[2015.09.13-20.49.24:745][614]LogModuleManager: Shutting down and abandoning module WindowsClientTargetPlatform (24)
[2015.09.13-20.49.24:745][614]LogModuleManager: Shutting down and abandoning module AllDesktopTargetPlatform (23)
[2015.09.13-20.49.24:745][614]LogModuleManager: Shutting down and abandoning module TargetPlatform (22)
[2015.09.13-20.49.24:745][614]LogModuleManager: Shutting down and abandoning module InputCore (21)
[2015.09.13-20.49.24:745][614]LogModuleManager: Shutting down and abandoning module Settings (20)
[2015.09.13-20.49.24:745][614]LogModuleManager: Shutting down and abandoning module OnlineSubsystem (18)
[2015.09.13-20.49.24:745][614]LogModuleManager: Shutting down and abandoning module HTTP (17)
[2015.09.13-20.49.26:746][614]LogModuleManager: Shutting down and abandoning module XMPP (16)
[2015.09.13-20.49.26:746][614]LogModuleManager: Shutting down and abandoning module ExampleDeviceProfileSelector (15)
[2015.09.13-20.49.26:746][614]LogModuleManager: Shutting down and abandoning module TextureCompressor (14)
[2015.09.13-20.49.26:746][614]LogModuleManager: Shutting down and abandoning module ShaderCore (13)
[2015.09.13-20.49.26:746][614]LogModuleManager: Shutting down and abandoning module Landscape (12)
[2015.09.13-20.49.26:746][614]LogModuleManager: Shutting down and abandoning module SlateRHIRenderer (11)
[2015.09.13-20.49.26:749][614]LogModuleManager: Shutting down and abandoning module OpenGLDrv (10)
[2015.09.13-20.49.26:749][614]LogModuleManager: Shutting down and abandoning module D3D11RHI (9)
[2015.09.13-20.49.26:749][614]LogModuleManager: Shutting down and abandoning module AnimGraphRuntime (8)
[2015.09.13-20.49.26:749][614]LogModuleManager: Shutting down and abandoning module Renderer (7)
[2015.09.13-20.49.26:749][614]LogModuleManager: Shutting down and abandoning module Engine (6)
[2015.09.13-20.49.26:749][614]LogModuleManager: Shutting down and abandoning module CoreUObject (5)
[2015.09.13-20.49.26:749][614]LogModuleManager: Shutting down and abandoning module NetworkFile (4)
[2015.09.13-20.49.26:749][614]LogModuleManager: Shutting down and abandoning module StreamingFile (3)
[2015.09.13-20.49.26:749][614]LogModuleManager: Shutting down and abandoning module SandboxFile (2)
[2015.09.13-20.49.26:749][614]LogModuleManager: Shutting down and abandoning module PakFile (1)
[2015.09.13-20.49.26:750][614]LogExit: Exiting.
[2015.09.13-20.49.26:800][614]Log file closed, 09/13/15 22:49:26
