[2015.09.13-10.31.15:908][  0]Log file open, 09/13/15 12:31:15
[2015.09.13-10.31.15:908][  0]LogInit:Display: Running engine for game: Project_ReSurvivor
[2015.09.13-10.31.15:908][  0]LogInit:Display: RandInit(-1107941760) SRandInit(-1107941759).
[2015.09.13-10.31.15:908][  0]LogTaskGraph: Started task graph with 4 named threads and 7 total threads.
[2015.09.13-10.31.15:908][  0]LogStats: Stats thread started at 0.316707
[2015.09.13-10.31.15:908][  0]LogInit: Version: 4.9.0-2672455+++depot+UE4-Releases+4.9
[2015.09.13-10.31.15:908][  0]LogInit: API Version: 2672455
[2015.09.13-10.31.15:908][  0]LogInit: Compiled (64-bit): Aug 28 2015 12:33:01
[2015.09.13-10.31.15:908][  0]LogInit: Compiled with Visual C++: 18.00.21005.01
[2015.09.13-10.31.15:908][  0]LogInit: Build Configuration: Development
[2015.09.13-10.31.15:908][  0]LogInit: Branch Name: ++depot+UE4-Releases+4.9
[2015.09.13-10.31.15:908][  0]LogInit: Command line:  
[2015.09.13-10.31.15:908][  0]LogInit: Base directory: C:/Program Files/Epic Games/4.9/Engine/Binaries/Win64/
[2015.09.13-10.31.15:908][  0]LogInit: Rocket: 1
[2015.09.13-10.31.15:942][  0]LogInit: Using libcurl 7.41.0
[2015.09.13-10.31.15:942][  0]LogInit:  - built for x86_64-pc-win32
[2015.09.13-10.31.15:942][  0]LogInit:  - supports SSL with WinSSL
[2015.09.13-10.31.15:942][  0]LogInit:  - other features:
[2015.09.13-10.31.15:942][  0]LogInit:      CURL_VERSION_SSL
[2015.09.13-10.31.15:942][  0]LogInit:      CURL_VERSION_IPV6
[2015.09.13-10.31.15:942][  0]LogInit:      CURL_VERSION_ASYNCHDNS
[2015.09.13-10.31.15:942][  0]LogInit:      CURL_VERSION_LARGEFILE
[2015.09.13-10.31.15:942][  0]LogInit:      CURL_VERSION_IDN
[2015.09.13-10.31.15:943][  0]LogInit:  CurlRequestOptions (configurable via config and command line):
[2015.09.13-10.31.15:943][  0]LogInit:  - bVerifyPeer = true  - Libcurl will verify peer certificate
[2015.09.13-10.31.15:943][  0]LogInit:  - bUseHttpProxy = false  - Libcurl will NOT use HTTP proxy
[2015.09.13-10.31.15:943][  0]LogInit:  - bDontReuseConnections = false  - Libcurl will reuse connections
[2015.09.13-10.31.15:943][  0]LogInit:  - CertBundlePath = nullptr  - Libcurl will use whatever was configured at build time.
[2015.09.13-10.31.15:980][  0]LogInit: Presizing for 0 objects not considered by GC, pre-allocating 0 bytes.
[2015.09.13-10.31.15:994][  0]LogInit: Object subsystem initialized
[2015.09.13-10.31.16:007][  0]LogInit: Selected Device Profile: [Windows]
[2015.09.13-10.31.16:007][  0]LogInit: Applying CVar settings loaded from the selected device profile: [Windows]
[2015.09.13-10.31.16:029][  0]LogInit: Computer: DESKTOP-4553MRA
[2015.09.13-10.31.16:029][  0]LogInit: User: Tomislav
[2015.09.13-10.31.16:029][  0]LogInit: CPU Page size=4096, Cores=4
[2015.09.13-10.31.16:029][  0]LogInit: High frequency timer resolution =3.906249 MHz
[2015.09.13-10.31.16:030][  0]LogMemory: Memory total: Physical=15.9GB (16GB approx)
[2015.09.13-10.31.16:030][  0]LogMemory: Platform Memory Stats for Windows
[2015.09.13-10.31.16:030][  0]LogMemory: Process Physical Memory: 54.29 MB used, 54.29 MB peak
[2015.09.13-10.31.16:030][  0]LogMemory: Process Virtual Memory: 55.29 MB used, 55.29 MB peak
[2015.09.13-10.31.16:030][  0]LogMemory: Physical Memory: 3598.88 MB used, 16268.80 MB total
[2015.09.13-10.31.16:030][  0]LogMemory: Virtual Memory: 364.33 MB used, 134217728.00 MB total
[2015.09.13-10.31.16:275][  0]LogTextLocalizationManager: No translations for ('sr-Latn-RS') exist, falling back to 'en' for localization and internationalization data.
[2015.09.13-10.31.17:260][  0]LogD3D11RHI: Found D3D11 adapter 0: NVIDIA GeForce GTX 970 (Feature Level 11_0)
[2015.09.13-10.31.17:260][  0]LogD3D11RHI: Adapter has 4008MB of dedicated video memory, 0MB of dedicated system memory, and 8134MB of shared system memory, 1 output[s]
[2015.09.13-10.31.17:335][  0]LogD3D11RHI: Found D3D11 adapter 1: Intel(R) HD Graphics 4600 (Feature Level 11_0)
[2015.09.13-10.31.17:335][  0]LogD3D11RHI: Adapter has 112MB of dedicated video memory, 0MB of dedicated system memory, and 8134MB of shared system memory, 0 output[s]
[2015.09.13-10.31.17:341][  0]LogD3D11RHI: Found D3D11 adapter 2: Microsoft Basic Render Driver (Feature Level 11_0)
[2015.09.13-10.31.17:341][  0]LogD3D11RHI: Adapter has 0MB of dedicated video memory, 0MB of dedicated system memory, and 8134MB of shared system memory, 0 output[s]
[2015.09.13-10.31.17:341][  0]LogD3D11RHI: Chosen D3D11 Adapter Id = 0
[2015.09.13-10.31.17:345][  0]LogD3D11RHI: !Direct3DDevice
[2015.09.13-10.31.17:346][  0]LogRHI: Texture pool is 1361 MB (70% of 1945 MB)
[2015.09.13-10.31.17:359][  0]LogD3D11RHI: Async texture creation enabled
[2015.09.13-10.31.17:404][  0]LogShaderCompilers: Guid format shader working directory is 15 characters bigger than the processId version (D:/EpicBeardMan/Work/Project Re-Survivor/Project_ReSurvivor/Intermediate/Shaders/WorkingDirectory/2648/).
[2015.09.13-10.31.17:404][  0]LogShaderCompilers: Cleaned the shader compiler working directory 'D:/EpicBeardMan/Work/Project Re-Survivor/Project_ReSurvivor/Intermediate/Shaders/tmp/6A1505764BDE2B60E1520B9D6CB4C9A0/'.
[2015.09.13-10.31.17:405][  0]LogShaderCompilers:Display: Using Local Shader Compiler.
[2015.09.13-10.31.18:922][  0]LogTemp:Display: Loaded TP AllDesktopTargetPlatform
[2015.09.13-10.31.18:926][  0]LogTemp:Display: Loaded TP WindowsClientTargetPlatform
[2015.09.13-10.31.18:930][  0]LogTemp:Display: Loaded TP WindowsNoEditorTargetPlatform
[2015.09.13-10.31.18:935][  0]LogTemp:Display: Loaded TP WindowsServerTargetPlatform
[2015.09.13-10.31.18:939][  0]LogTemp:Display: Loaded TP WindowsTargetPlatform
[2015.09.13-10.31.18:944][  0]LogTemp:Display: Loaded TP AndroidTargetPlatform
[2015.09.13-10.31.18:947][  0]LogTemp:Display: Loaded TP Android_ASTCTargetPlatform
[2015.09.13-10.31.18:950][  0]LogTemp:Display: Loaded TP Android_ATCTargetPlatform
[2015.09.13-10.31.18:954][  0]LogTemp:Display: Loaded TP Android_DXTTargetPlatform
[2015.09.13-10.31.18:957][  0]LogTemp:Display: Loaded TP Android_ETC1TargetPlatform
[2015.09.13-10.31.18:960][  0]LogTemp:Display: Loaded TP Android_ETC2TargetPlatform
[2015.09.13-10.31.18:962][  0]LogTemp:Display: Loaded TP Android_PVRTCTargetPlatform
[2015.09.13-10.31.18:963][  0]LogTemp:Display: Loaded TP HTML5TargetPlatform
[2015.09.13-10.31.19:002][  0]LogTemp:Display: Loaded TP IOSTargetPlatform
[2015.09.13-10.31.19:005][  0]LogTemp:Display: Loaded TP LinuxNoEditorTargetPlatform
[2015.09.13-10.31.19:008][  0]LogTemp:Display: Loaded TP LinuxServerTargetPlatform
[2015.09.13-10.31.19:013][  0]LogTemp:Display: Loaded TP LinuxTargetPlatform
[2015.09.13-10.31.19:013][  0]LogTargetPlatformManager:Display: Building Assets For Windows
[2015.09.13-10.31.19:298][  0]LogDerivedDataCache:Display: Max Cache Size: 512 MB
[2015.09.13-10.31.19:479][  0]LogDerivedDataCache: Loaded boot cache 0.18s 41MB C:/Users/Tomislav/AppData/Local/UnrealEngine/4.9/DerivedDataCache/Boot.ddc.
[2015.09.13-10.31.19:479][  0]LogDerivedDataCache:Display: Loaded Boot cache: C:/Users/Tomislav/AppData/Local/UnrealEngine/4.9/DerivedDataCache/Boot.ddc
[2015.09.13-10.31.19:480][  0]LogDerivedDataCache: FDerivedDataBackendGraph:  Pak pak cache file D:/EpicBeardMan/Work/Project Re-Survivor/Project_ReSurvivor/DerivedDataCache/DDC.ddp not found, will not use a pak cache.
[2015.09.13-10.31.19:480][  0]LogDerivedDataCache: Unable to find inner node Pak for hierarchical cache Hierarchy.
[2015.09.13-10.31.19:480][  0]LogDerivedDataCache: FDerivedDataBackendGraph:  CompressedPak pak cache file D:/EpicBeardMan/Work/Project Re-Survivor/Project_ReSurvivor/DerivedDataCache/Compressed.ddp not found, will not use a pak cache.
[2015.09.13-10.31.19:480][  0]LogDerivedDataCache: Unable to find inner node CompressedPak for hierarchical cache Hierarchy.
[2015.09.13-10.31.19:608][  0]LogDerivedDataCache:Display: Pak cache opened for reading ../../../Engine/DerivedDataCache/Compressed.ddp.
[2015.09.13-10.31.19:620][  0]LogDerivedDataCache: Using Local data cache path C:/Users/Tomislav/AppData/Local/UnrealEngine/Common/DerivedDataCache: Writable
[2015.09.13-10.31.22:371][  0]LogInit: Selected Device Profile: [Windows]
[2015.09.13-10.31.22:383][  0]LogContentStreaming: Texture pool size is 0.000000MB
[2015.09.13-10.31.22:604][  0]LogMeshUtilities: No automatic mesh reduction module available
[2015.09.13-10.31.22:604][  0]LogMeshUtilities: No automatic mesh merging module available
[2015.09.13-10.31.23:191][  0]LogInit: WinSock: version 1.1 (2.2), MaxSocks=32767, MaxUdp=65467
[2015.09.13-10.31.24:955][  0]LogAssetRegistry: FAssetRegistry took 0.0128 seconds to start up
[2015.09.13-10.31.24:976][  0]UdpMessaging: Initializing bridge on interface 0.0.0.0:0 to multicast group 230.0.0.1:6666.
[2015.09.13-10.31.25:409][  0]SourceControl: Info Source control is disabled
[2015.09.13-10.31.25:448][  0]SourceControl: Info Source control is disabled
[2015.09.13-10.31.25:460][  0]SourceControl: Info Source control is disabled
[2015.09.13-10.31.25:471][  0]SourceControl: Info Source control is disabled
[2015.09.13-10.31.25:650][  0]LogLinker:Warning: Asset '../../../Engine/Plugins/Runtime/LeapMotionController/Content/LM_PassthroughMaterial.uasset' has been saved with empty engine version. The asset will be loaded but may be incompatible.
[2015.09.13-10.31.25:768][  0]LogObj: 28528 objects as part of root set at end of initial load.
[2015.09.13-10.31.25:768][  0]LogUObjectAllocator: 6068464 out of 0 bytes used by permanent object pool.
[2015.09.13-10.31.25:878][  0]LogEngine: Initializing Engine...
[2015.09.13-10.31.25:882][  0]LogHMD: Can't find Oculus library dev build: is proper Runtime installed? Version: 0.6.0.0
[2015.09.13-10.31.25:891][  0]LogHMD: SteamVR failed to initialize.  Err: 110
[2015.09.13-10.31.26:103][  0]LogAIModule: Creating AISystem for world NewWorld
[2015.09.13-10.31.26:130][  0]LogInit: XAudio2 using 'Speakers (2- Realtek High Definition Audio)' : 2 channels at 48 kHz using 32 bits per sample (channel mask 0x3)
[2015.09.13-10.31.26:141][  0]LogInit: FAudioDevice initialized.
[2015.09.13-10.31.26:160][  0]LogDerivedDataCache: Saved boot cache 0.02s 41MB C:/Users/Tomislav/AppData/Local/UnrealEngine/4.9/DerivedDataCache/Boot.ddc.
[2015.09.13-10.31.26:165][  0]LogInit: Texture streaming: Enabled
[2015.09.13-10.31.26:174][  0]LogAnalytics: Creating configured Analytics provider AnalyticsET
[2015.09.13-10.31.26:174][  0]LogAnalytics: [UEEditor.Rocket.Release] APIServer = http://et2.epicgames.com/ET2/. AppVersion = 4.9.0-2672455+++depot+UE4-Releases+4.9
[2015.09.13-10.31.26:174][  0]LogAnalytics: [UEEditor.Rocket.Release] SetUserId a1cfbb91420322c620ec8ab13eb8ccb7|f9225645bd7847cda58b36280a4487c8|f208c7ae-d060-4a92-8815-3b254badd6b6
[2015.09.13-10.31.26:175][  0]LogAnalytics: [UEEditor.Rocket.Release] AnalyticsET::StartSession
[2015.09.13-10.31.26:232][  0]LogInit: Transaction tracking system initialized
[2015.09.13-10.31.26:285][  0]BlueprintLog: New page: Editor Load
[2015.09.13-10.31.26:469][  0]LocalizationService: Info Localization service is disabled
[2015.09.13-10.31.26:615][  0]LogConsoleResponse:Display: 
[2015.09.13-10.31.26:829][  0]LogCook:Display: Done creating registry. It took  0.00s.
[2015.09.13-10.31.26:926][  0]SourceControl: Info Source control is disabled
[2015.09.13-10.31.26:929][  0]Cmd: MAP LOAD FILE="D:/EpicBeardMan/Work/Project Re-Survivor/Project_ReSurvivor/Content/FirstPersonBP/Maps/FirstPersonExampleMap.umap" TEMPLATE=0 SHOWPROGRESS=1 FEATURELEVEL=3
[2015.09.13-10.31.26:946][  0]LightingResults: New page: Lighting Build
[2015.09.13-10.31.26:957][  0]MapCheck: New page: Map Check
[2015.09.13-10.31.26:957][  0]LightingResults: New page: Lighting Build
[2015.09.13-10.31.26:982][  0]LogParticles: Destroying 0 GPU particle simulations for FXSystem 0x0000007411764400
[2015.09.13-10.31.27:678][  0]LogBlueprint:Warning: [compiler ItemBaseClass_Actor] Warning Default Enum value 'ItemTypes' for class 'ItemBaseClass_Actor_C' is invalid in object 'Default__ItemBaseClass_Actor_C' 
[2015.09.13-10.31.27:678][  0]LogBlueprint:Warning: [compiler ItemBaseClass_Actor] Warning [0012.97] Compile of ItemBaseClass_Actor successful, but with 1 Warning(s) [in 3 ms]
[2015.09.13-10.31.27:678][  0]LogBlueprint:Warning: [compiler ItemBaseClass_Actor] Warning [0012.97] Compile of ItemBaseClass_Actor successful, but with 2 Warning(s) [in 0 ms]
[2015.09.13-10.31.27:679][  0]LogBlueprint:Warning: [compiler ItemBaseClass_Actor] Warning [0012.97] Compile of ItemBaseClass_Actor successful, but with 3 Warning(s) [in 0 ms]
[2015.09.13-10.31.27:682][  0]LogBlueprint:Warning: [compiler WeaponBaseClass_Actor] Warning Default Enum value 'WeaponName' for class 'WeaponBaseClass_Actor_C' is invalid in object 'Default__WeaponBaseClass_Actor_C' 
[2015.09.13-10.31.27:683][  0]LogBlueprint:Warning: [compiler WeaponBaseClass_Actor] Warning Default Enum value 'WeaponClass' for class 'WeaponBaseClass_Actor_C' is invalid in object 'Default__WeaponBaseClass_Actor_C' 
[2015.09.13-10.31.27:683][  0]LogBlueprint:Warning: [compiler WeaponBaseClass_Actor] Warning [0012.98] Compile of WeaponBaseClass_Actor successful, but with 2 Warning(s) [in 1 ms]
[2015.09.13-10.31.27:683][  0]LogBlueprint:Warning: [compiler WeaponBaseClass_Actor] Warning [0012.98] Compile of WeaponBaseClass_Actor successful, but with 3 Warning(s) [in 0 ms]
[2015.09.13-10.31.27:683][  0]LogBlueprint:Warning: [compiler WeaponBaseClass_Actor] Warning [0012.98] Compile of WeaponBaseClass_Actor successful, but with 4 Warning(s) [in 0 ms]
[2015.09.13-10.31.28:024][  0]LogLinker:Warning: CreateExport: Failed to load Parent for Function /Game/Placeholder_Assets/Actors/HealthRestoreBase_Actor.HealthRestoreBase_Actor_C:UserConstructionScript; removing parent information, but keeping function
[2015.09.13-10.31.28:040][  0]LogLinker:Warning: CreateExport: Failed to load Parent for Function /Game/Placeholder_Assets/Actors/GameItems/FirstAidSpray_Actor.FirstAidSpray_Actor_C:UserConstructionScript; removing parent information, but keeping function
[2015.09.13-10.31.28:051][  0]LogLinker:Warning: CreateExport: Failed to load Parent for Function /Game/Placeholder_Assets/Actors/GameItems/HandgunA_Actor.HandgunA_Actor_C:UserConstructionScript; removing parent information, but keeping function
[2015.09.13-10.31.28:088][  0]LogLinker:Warning: CreateExport: Failed to load Parent for Function /Game/Placeholder_Assets/Actors/GameItems/Shotgun_Actor.Shotgun_Actor_C:UserConstructionScript; removing parent information, but keeping function
[2015.09.13-10.31.28:133][  0]LogBlueprint:Warning: [compiler AmmunitionBaseClass_Actor] Warning Default Enum value 'WeaponClass' for class 'AmmunitionBaseClass_Actor_C' is invalid in object 'Default__AmmunitionBaseClass_Actor_C' 
[2015.09.13-10.31.28:134][  0]LogBlueprint:Warning: [compiler AmmunitionBaseClass_Actor] Warning [0013.43] Compile of AmmunitionBaseClass_Actor successful, but with 1 Warning(s) [in 1 ms]
[2015.09.13-10.31.28:134][  0]LogBlueprint:Warning: [compiler AmmunitionBaseClass_Actor] Warning [0013.43] Compile of AmmunitionBaseClass_Actor successful, but with 2 Warning(s) [in 0 ms]
[2015.09.13-10.31.28:134][  0]LogBlueprint:Warning: [compiler AmmunitionBaseClass_Actor] Warning [0013.43] Compile of AmmunitionBaseClass_Actor successful, but with 3 Warning(s) [in 0 ms]
[2015.09.13-10.31.28:151][  0]LogLinker:Warning: CreateExport: Failed to load Parent for Function /Game/Placeholder_Assets/Actors/GameItems/ShotgunShells_Actor.ShotgunShells_Actor_C:UserConstructionScript; removing parent information, but keeping function
[2015.09.13-10.31.28:598][  0]LogAIModule: Creating AISystem for world FirstPersonExampleMap
[2015.09.13-10.31.28:664][  0]LogEditorServer: Finished looking for orphan Actors (0.000 secs)
[2015.09.13-10.31.28:667][  0]Cmd: MAP CHECKDEP NOCLEARLOG
[2015.09.13-10.31.28:710][  0]MapCheck: Info Map check complete: 0 Error(s), 0 Warning(s), took 42.034ms to complete.
[2015.09.13-10.31.28:710][  0]LogFileHelpers: Loading map 'FirstPersonExampleMap' took 1.782
[2015.09.13-10.31.28:889][  0]LogCollectionManager: Loaded 0 collections in 0.002003 seconds
[2015.09.13-10.31.28:936][  0]LogFileCache: Scanning file cache for directory 'D:/EpicBeardMan/Work/Project Re-Survivor/Project_ReSurvivor/Saved/Collections/' took 0.01s
[2015.09.13-10.31.28:936][  0]LogFileCache: Scanning file cache for directory 'D:/EpicBeardMan/Work/Project Re-Survivor/Project_ReSurvivor/Content/Developers/Tomislav/Collections/' took 0.01s
[2015.09.13-10.31.28:936][  0]LogFileCache: Scanning file cache for directory 'D:/EpicBeardMan/Work/Project Re-Survivor/Project_ReSurvivor/Content/Collections/' took 0.01s
[2015.09.13-10.31.28:936][  0]LogContentBrowser: Native class hierarchy populated in 0.0071 seconds. Added 1882 classes and 339 folders.
[2015.09.13-10.31.28:950][  0]LogCollectionManager: Rebuilt the GUID cache for 0 collections in 0.000002 seconds
[2015.09.13-10.31.28:963][  0]LogContentBrowser: Native class hierarchy updated for 'WidgetCarousel' in 0.0003 seconds. Added 0 classes and 0 folders.
[2015.09.13-10.31.29:184][  0]LogContentBrowser: Native class hierarchy updated for 'AddContentDialog' in 0.0002 seconds. Added 0 classes and 0 folders.
[2015.09.13-10.31.29:194][  0]LogContentBrowser: Native class hierarchy updated for 'SceneOutliner' in 0.0002 seconds. Added 1 classes and 2 folders.
[2015.09.13-10.31.29:274][  0]LogCrashTracker: Crashtracker disabled due to settings.
[2015.09.13-10.31.29:293][  0]LogUObjectGlobals:Warning: Failed to find object 'Class None.'
[2015.09.13-10.31.29:319][  0]LogLoad: Full Startup: 14.61 seconds (BP compile: 0.36 seconds)
[2015.09.13-10.31.29:665][  0]LoadErrors:Error: Error /Game/Blueprints/Widgets/Menu_Widget : Failed import for ObjectProperty /Game/Blueprints/Widgets/InventorySlot_Widget.InventorySlot_Widget_C:Item
[2015.09.13-10.31.29:666][  0]LoadErrors:Error: Error /Game/Blueprints/Widgets/Menu_Widget : Failed import for ObjectProperty /Game/Blueprints/Widgets/InventorySlot_Widget.InventorySlot_Widget_C:ItemName_Text
[2015.09.13-10.31.29:762][  0]LogContentStreaming: Texture pool size now 1000 MB
[2015.09.13-10.31.29:906][  0]LogRenderer: Reallocating scene render targets to support 1208x636 (Frame:2).
[2015.09.13-10.31.31:718][  6]LogAssetRegistry: Asset discovery search completed in 6.7761 seconds
[2015.09.13-10.31.31:718][  6]LogCollectionManager: Rebuilt the object cache for 0 collections in 0.000001 seconds (found 0 objects)
[2015.09.13-10.31.31:721][  6]LogCollectionManager: Fixed up redirectors for 0 collections in 0.001578 seconds (updated 0 objects)
[2015.09.13-10.34.37:446][136]LogEditorViewport: Clicking on Actor (LMB): StaticMeshActor (BigWall)
[2015.09.13-10.34.38:455][234]LogEditorViewport: Clicking on Actor (CTRL LMB): StaticMeshActor (Wall9)
[2015.09.13-10.34.38:909][283]LogEditorViewport: Clicking on Actor (CTRL LMB): StaticMeshActor (Wall7)
[2015.09.13-10.34.39:712][374]LogEditorViewport: Clicking on Actor (CTRL LMB): StaticMeshActor (Wall8)
[2015.09.13-10.34.40:326][440]LogEditorViewport: Clicking on Actor (CTRL LMB): StaticMeshActor (Wall1)
[2015.09.13-10.34.43:084][764]Cmd: DELETE
[2015.09.13-10.34.43:084][764]Cmd: ACTOR DELETE
[2015.09.13-10.34.43:096][764]LogEditorActor: Deleted Actor: StaticMeshActor
[2015.09.13-10.34.43:098][764]LogEditorActor: Deleted Actor: StaticMeshActor
[2015.09.13-10.34.43:099][764]LogEditorActor: Deleted Actor: StaticMeshActor
[2015.09.13-10.34.43:099][764]LogEditorActor: Deleted Actor: StaticMeshActor
[2015.09.13-10.34.43:100][764]LogEditorActor: Deleted Actor: StaticMeshActor
[2015.09.13-10.34.43:168][764]LogEditorActor: Deleted 5 Actors (0.074 secs)
[2015.09.13-10.34.45:942][ 87]LogEditorViewport: Clicking on Actor (LMB): PostProcessVolume (PostProcessVolume)
[2015.09.13-10.34.47:370][254]LogEditorViewport: Clicking on Actor (LMB): BP_Sky_Sphere_C (SkySphereBlueprint)
[2015.09.13-10.34.47:878][311]LogEditorViewport: Clicking on Actor (LMB): LightmassImportanceVolume (LightmassImportanceVolume)
[2015.09.13-10.34.48:517][383]LogEditorViewport: Clicking on Actor (LMB): BP_Sky_Sphere_C (SkySphereBlueprint)
[2015.09.13-10.34.49:051][444]LogEditorViewport: Clicking on Actor (LMB): PostProcessVolume (PostProcessVolume)
[2015.09.13-10.35.16:006][636]LogEditorViewport: Clicking on Actor (LMB): DirectionalLight (Light Source)
[2015.09.13-10.35.38:386][254]MapCheck: New page: Map Check
[2015.09.13-10.35.38:411][254]Cmd: MAP REBUILD ALLVISIBLE
[2015.09.13-10.35.38:411][254]LogEditorServer: Rebuildmap Clear paths rebuilt
[2015.09.13-10.35.38:457][254]MapCheck:Warning: Warning WorldInfo_0 Hierarchical LOD System is disabled or no HLOD level settings available, unable to build LOD actors. 
[2015.09.13-10.35.38:457][254]LogStats:          STAT_HLOD_BuildClusters - 12.140 ms
[2015.09.13-10.35.38:460][254]LightingResults: New page: Lighting Build - Sep 13, 2015, 2:35:38 PM
[2015.09.13-10.35.41:416][254]LogStaticLightingSystem: Running Lightmass w/ ImmediateImport mode ENABLED
[2015.09.13-10.35.41:416][254]LogStaticLightingSystem: Running Lightmass w/ ImmediateProcess mode ENABLED
[2015.09.13-10.35.41:416][254]LogStaticLightingSystem: Running Lightmass w/ Sorting mode ENABLED
[2015.09.13-10.35.41:416][254]LogStaticLightingSystem: Running Lightmass w/ Mapping paddings ENABLED
[2015.09.13-10.35.41:416][254]LogStaticLightingSystem: Running Lightmass w/ Mapping debug paddings DISABLED
[2015.09.13-10.35.41:578][254]LogEditorBuildUtils: Build time 0:00:03
[2015.09.13-10.35.41:589][254]LogMaterial: Missing cached shader map for material FLightmassMaterialRenderer MaterialInstanceDynamic_26, compiling. 
[2015.09.13-10.35.41:600][254]LogMaterial: Missing cached shader map for material FLightmassMaterialRenderer MaterialInstanceDynamic_26, compiling. 
[2015.09.13-10.35.41:629][255]LogMaterial: Missing cached shader map for material FLightmassMaterialRenderer CubeMaterial, compiling. 
[2015.09.13-10.35.41:633][255]LogMaterial: Missing cached shader map for material FLightmassMaterialRenderer CubeMaterial, compiling. 
[2015.09.13-10.35.41:640][255]LogMaterial: Missing cached shader map for material FLightmassMaterialRenderer WorldGridMaterial, compiling. Is special engine material.
[2015.09.13-10.35.41:647][255]LogMaterial: Missing cached shader map for material FLightmassMaterialRenderer WorldGridMaterial, compiling. Is special engine material.
[2015.09.13-10.35.54:073][524]Job is a success!
[2015.09.13-10.35.54:707][525]LogTexture:Display: Building textures: SkyOcclusion0_1 (AutoDXT)
[2015.09.13-10.35.54:895][525]LogTexture:Display: Building textures: LQ_Lightmap_0_3 (DXT1)
[2015.09.13-10.35.54:898][525]LogTexture:Display: Building textures: HQ_Lightmap0_3 (AutoDXT)
[2015.09.13-10.35.54:899][525]LogTexture:Display: Building textures: SkyOcclusion0_3 (AutoDXT)
[2015.09.13-10.35.54:910][525]LogTexture:Display: Building textures: LQ_Lightmap_0_2 (DXT1)
[2015.09.13-10.35.55:074][525]LogTexture:Display: Building textures: HQ_Lightmap0_2 (AutoDXT)
[2015.09.13-10.35.55:269][525]LogTexture:Display: Building textures: SkyOcclusion0_2 (AutoDXT)
[2015.09.13-10.35.55:407][525]LogTexture:Display: Building textures: LQ_Lightmap_0_1 (DXT1)
[2015.09.13-10.35.55:575][525]LogTexture:Display: Building textures: HQ_Lightmap0_1 (AutoDXT)
[2015.09.13-10.35.56:242][525]LogTexture:Display: Building textures: ShadowMapTexture2D_0 (G8)
[2015.09.13-10.35.56:304][525]LogTexture:Display: Building textures: ShadowMapTexture2D_1 (G8)
[2015.09.13-10.35.56:339][525]Lightmass on DESKTOP-4553MRA: 12.9 sec total, 75 ms importing, 1 ms setup, 556 ms photons, 12.2 sec processing, 0 ms extra exporting [3/3 mappings]. Threads: 1:25 min total, 16.9 sec processing.
[2015.09.13-10.35.56:358][525]LogStaticLightingSystem: Illumination: 17.8 sec (2.10 sec encoding lightmaps)
[2015.09.13-10.35.56:358][525]LogStaticLightingSystem: Lightmap texture memory:  10.7 MB (10.7 MB streaming, 0.0 MB non-streaming), 6 textures
[2015.09.13-10.35.56:358][525]LogStaticLightingSystem: Shadowmap texture memory: 2.7 MB (2.7 MB streaming, 0.0 MB non-streaming), 2 textures
[2015.09.13-10.35.56:429][526]Cmd: MAP CHECK NOTIFYRESULTS
[2015.09.13-10.35.56:429][526]MapCheck: New page: FirstPersonExampleMap - Sep 13, 2015, 2:35:56 PM
[2015.09.13-10.35.56:431][526]MapCheck:Warning: Warning FirstPersonCharacter_C_0 Static mesh actor has NULL StaticMesh property 
[2015.09.13-10.35.56:474][526]MapCheck: Info Map check complete: 0 Error(s), 1 Warning(s), took 45.164ms to complete.
[2015.09.13-10.36.02:012][151]Cmd: SELECT NONE
[2015.09.13-10.36.05:540][561]LogEditorViewport: Clicking on Actor (LMB): Shotgun_Actor_C (Shotgun_Actor)
[2015.09.13-10.36.06:365][657]Cmd: SELECT NONE
[2015.09.13-10.36.48:609][939]LogEditorViewport: Clicking on Actor (LMB): StaticMeshActor (BigWall2)
[2015.09.13-10.36.50:513][163]Cmd: DELETE
[2015.09.13-10.36.50:513][163]Cmd: ACTOR DELETE
[2015.09.13-10.36.50:514][163]LogEditorActor: Deleted Actor: StaticMeshActor
[2015.09.13-10.36.50:532][163]LogEditorActor: Deleted 1 Actors (0.019 secs)
[2015.09.13-10.36.51:670][299]LogEditorViewport: Clicking on Actor (LMB): DirectionalLight (Light Source)
[2015.09.13-10.36.55:984][806]Cmd: SELECT NONE
[2015.09.13-10.36.58:615][113]LogEditorViewport: Clicking on Actor (LMB): StaticMeshActor (LargeCube)
[2015.09.13-10.36.59:594][225]Cmd: DELETE
[2015.09.13-10.36.59:594][225]Cmd: ACTOR DELETE
[2015.09.13-10.36.59:594][225]LogEditorActor: Deleted Actor: StaticMeshActor
[2015.09.13-10.36.59:604][225]LogEditorActor: Deleted 1 Actors (0.010 secs)
[2015.09.13-10.37.01:067][397]LogEditorViewport: Clicking on Actor (LMB): StaticMeshActor (LargeCube2)
[2015.09.13-10.37.01:757][475]Cmd: DELETE
[2015.09.13-10.37.01:757][475]Cmd: ACTOR DELETE
[2015.09.13-10.37.01:757][475]LogEditorActor: Deleted Actor: StaticMeshActor
[2015.09.13-10.37.01:767][475]LogEditorActor: Deleted 1 Actors (0.010 secs)
[2015.09.13-10.37.02:219][529]LogEditorViewport: Clicking on Actor (LMB): StaticMeshActor (Cube04)
[2015.09.13-10.37.02:342][540]Cmd: DELETE
[2015.09.13-10.37.02:342][540]Cmd: ACTOR DELETE
[2015.09.13-10.37.02:342][540]LogEditorActor: Deleted Actor: StaticMeshActor
[2015.09.13-10.37.02:352][540]LogEditorActor: Deleted 1 Actors (0.010 secs)
[2015.09.13-10.37.02:771][590]LogEditorViewport: Clicking on Actor (LMB): StaticMeshActor (Cube05)
[2015.09.13-10.37.02:842][595]Cmd: DELETE
[2015.09.13-10.37.02:842][595]Cmd: ACTOR DELETE
[2015.09.13-10.37.02:842][595]LogEditorActor: Deleted Actor: StaticMeshActor
[2015.09.13-10.37.02:852][595]LogEditorActor: Deleted 1 Actors (0.010 secs)
[2015.09.13-10.37.08:607][273]LogEditorViewport: Clicking on Actor (LMB): StaticMeshActor (Cube12)
[2015.09.13-10.37.09:448][370]Cmd: DELETE
[2015.09.13-10.37.09:448][370]Cmd: ACTOR DELETE
[2015.09.13-10.37.09:448][370]LogEditorActor: Deleted Actor: StaticMeshActor
[2015.09.13-10.37.09:458][370]LogEditorActor: Deleted 1 Actors (0.010 secs)
[2015.09.13-10.37.12:636][738]LogEditorViewport: Clicking on Actor (LMB): DirectionalLight (Light Source)
[2015.09.13-10.37.20:917][708]MapCheck: New page: Map Check
[2015.09.13-10.37.20:944][708]Cmd: MAP REBUILD ALLVISIBLE
[2015.09.13-10.37.20:944][708]LogEditorServer: Rebuildmap Clear paths rebuilt
[2015.09.13-10.37.20:979][708]MapCheck:Warning: Warning WorldInfo_0 Hierarchical LOD System is disabled or no HLOD level settings available, unable to build LOD actors. 
[2015.09.13-10.37.20:979][708]LogStats:          STAT_HLOD_BuildClusters - 15.042 ms
[2015.09.13-10.37.20:979][708]LightingResults: New page: Lighting Build - Sep 13, 2015, 2:37:20 PM
[2015.09.13-10.37.25:515][708]LogStaticLightingSystem: Running Lightmass w/ ImmediateImport mode ENABLED
[2015.09.13-10.37.25:515][708]LogStaticLightingSystem: Running Lightmass w/ ImmediateProcess mode ENABLED
[2015.09.13-10.37.25:515][708]LogStaticLightingSystem: Running Lightmass w/ Sorting mode ENABLED
[2015.09.13-10.37.25:515][708]LogStaticLightingSystem: Running Lightmass w/ Mapping paddings ENABLED
[2015.09.13-10.37.25:515][708]LogStaticLightingSystem: Running Lightmass w/ Mapping debug paddings DISABLED
[2015.09.13-10.37.25:634][708]LogEditorBuildUtils: Build time 0:00:04
[2015.09.13-10.37.32:243][450]Job is a success!
[2015.09.13-10.37.32:570][451]LogTexture:Display: Building textures: SkyOcclusion0_1 (AutoDXT)
[2015.09.13-10.37.32:676][451]LogTexture:Display: Building textures: LQ_Lightmap_1_2 (DXT1)
[2015.09.13-10.37.32:679][451]LogTexture:Display: Building textures: HQ_Lightmap1_2 (AutoDXT)
[2015.09.13-10.37.32:679][451]LogTexture:Display: Building textures: SkyOcclusion1_2 (AutoDXT)
[2015.09.13-10.37.32:688][451]LogTexture:Display: Building textures: LQ_Lightmap_0_1 (DXT1)
[2015.09.13-10.37.32:837][451]LogTexture:Display: Building textures: HQ_Lightmap0_1 (AutoDXT)
[2015.09.13-10.37.33:059][451]Lightmass on DESKTOP-4553MRA: 7.13 sec total, 67 ms importing, 0 ms setup, 420 ms photons, 6.63 sec processing, 0 ms extra exporting [2/2 mappings]. Threads: 46.2 sec total, 5.70 sec processing.
[2015.09.13-10.37.33:068][451]LogStaticLightingSystem: Illumination: 12.0 sec (712 ms encoding lightmaps)
[2015.09.13-10.37.33:068][451]LogStaticLightingSystem: Lightmap texture memory:  5.3 MB (5.3 MB streaming, 0.0 MB non-streaming), 4 textures
[2015.09.13-10.37.33:068][451]LogStaticLightingSystem: Shadowmap texture memory: 2.7 MB (2.7 MB streaming, 0.0 MB non-streaming), 2 textures
[2015.09.13-10.37.33:529][452]Cmd: MAP CHECK NOTIFYRESULTS
[2015.09.13-10.37.33:529][452]MapCheck: New page: FirstPersonExampleMap - Sep 13, 2015, 2:37:33 PM
[2015.09.13-10.37.33:534][452]MapCheck:Warning: Warning FirstPersonCharacter_C_0 Static mesh actor has NULL StaticMesh property 
[2015.09.13-10.37.33:610][452]MapCheck: Info Map check complete: 0 Error(s), 1 Warning(s), took 80.618ms to complete.
[2015.09.13-10.37.45:033][782]LogPlayLevel: PlayLevel: No blueprints needed recompiling
[2015.09.13-10.37.45:033][782]PIE: New page: PIE session: FirstPersonExampleMap (Sep 13, 2015, 2:37:45 PM)
[2015.09.13-10.37.45:034][782]LogPlayLevel: Creating play world package: /Game/FirstPersonBP/Maps/UEDPIE_0_FirstPersonExampleMap
[2015.09.13-10.37.45:055][782]LogPlayLevel: PIE: StaticDuplicateObject took: (0.021032s)
[2015.09.13-10.37.45:056][782]LogAIModule: Creating AISystem for world FirstPersonExampleMap
[2015.09.13-10.37.45:056][782]LogPlayLevel: PIE: World Init took: (0.000984s)
[2015.09.13-10.37.45:057][782]LogPlayLevel: PIE: Created PIE world by copying editor world from /Game/FirstPersonBP/Maps/FirstPersonExampleMap.FirstPersonExampleMap to /Game/FirstPersonBP/Maps/UEDPIE_0_FirstPersonExampleMap.FirstPersonExampleMap (0.022769s)
[2015.09.13-10.37.45:077][782]LogInit: XAudio2 using 'Speakers (2- Realtek High Definition Audio)' : 2 channels at 48 kHz using 32 bits per sample (channel mask 0x3)
[2015.09.13-10.37.45:084][782]LogInit: FAudioDevice initialized.
[2015.09.13-10.37.45:146][782]LogWorld: Game class is 'FirstPersonGameMode_C'
[2015.09.13-10.37.45:161][782]LogWorld: Bringing World /Game/FirstPersonBP/Maps/UEDPIE_0_FirstPersonExampleMap.FirstPersonExampleMap up for play (max tick rate 0) at 2015.09.13-12.37.45
[2015.09.13-10.37.45:161][782]LogActor:Warning: GameSession /Game/FirstPersonBP/Maps/UEDPIE_0_FirstPersonExampleMap.FirstPersonExampleMap:PersistentLevel.GameSession_0 has natively added scene component(s), but none of them were set as the actor's RootComponent - picking one arbitrarily
[2015.09.13-10.37.45:162][782]LogActor:Warning: GameNetworkManager /Game/FirstPersonBP/Maps/UEDPIE_0_FirstPersonExampleMap.FirstPersonExampleMap:PersistentLevel.GameNetworkManager_0 has natively added scene component(s), but none of them were set as the actor's RootComponent - picking one arbitrarily
[2015.09.13-10.37.45:165][782]LogWorld: Bringing up level for play took: 0.009596
[2015.09.13-10.37.45:196][782]PIE: Info Play in editor start time for /Game/FirstPersonBP/Maps/UEDPIE_0_FirstPersonExampleMap 0.97
[2015.09.13-10.37.46:867][968]LogScript:Warning: Accessed None 'WeaponLinkToInventory'
	FirstPersonCharacter_C /Game/FirstPersonBP/Maps/UEDPIE_0_FirstPersonExampleMap.FirstPersonExampleMap:PersistentLevel.FirstPersonCharacter_C_0
	Function /Game/Blueprints/FirstPersonCharacter.FirstPersonCharacter_C:ShotWeapon:0023
[2015.09.13-10.37.46:868][968]PIE:Error: Error Accessed None 'WeaponLinkToInventory' from node Remove Bullet in graph 'ShotWeapon' in blueprint FirstPersonCharacter
[2015.09.13-10.37.46:868][968]LogBlueprintUserMessages: [FirstPersonCharacter_C_0] Weapon is empty!
[2015.09.13-10.37.54:912][933]LogScript:Warning: UGameplayStatics::BeginSpawningActorFromClass: can not spawn an actor from a NULL class
[2015.09.13-10.37.55:608][ 17]LogScript:Warning: UGameplayStatics::BeginSpawningActorFromClass: can not spawn an actor from a NULL class
[2015.09.13-10.37.57:175][205]LogBlueprintUserMessages: [FirstPersonCharacter_C_0] Action Execution has not been implemented yet
[2015.09.13-10.37.57:700][268]LogScript:Warning: UGameplayStatics::BeginSpawningActorFromClass: can not spawn an actor from a NULL class
[2015.09.13-10.37.59:928][535]LogScript:Warning: Accessed None 'WeaponLinkToInventory'
	FirstPersonCharacter_C /Game/FirstPersonBP/Maps/UEDPIE_0_FirstPersonExampleMap.FirstPersonExampleMap:PersistentLevel.FirstPersonCharacter_C_0
	Function /Game/Blueprints/FirstPersonCharacter.FirstPersonCharacter_C:ShotWeapon:0023
[2015.09.13-10.37.59:928][535]PIE:Error: Error Accessed None 'WeaponLinkToInventory' from node Remove Bullet in graph 'ShotWeapon' in blueprint FirstPersonCharacter
[2015.09.13-10.37.59:928][535]LogBlueprintUserMessages: [FirstPersonCharacter_C_0] Weapon is empty!
[2015.09.13-10.38.05:069][152]LogScript:Warning: Accessed None 'WeaponLinkToInventory'
	FirstPersonCharacter_C /Game/FirstPersonBP/Maps/UEDPIE_0_FirstPersonExampleMap.FirstPersonExampleMap:PersistentLevel.FirstPersonCharacter_C_0
	Function /Game/Blueprints/FirstPersonCharacter.FirstPersonCharacter_C:ShotWeapon:0023
[2015.09.13-10.38.05:069][152]PIE:Error: Error Accessed None 'WeaponLinkToInventory' from node Remove Bullet in graph 'ShotWeapon' in blueprint FirstPersonCharacter
[2015.09.13-10.38.05:069][152]LogBlueprintUserMessages: [FirstPersonCharacter_C_0] Weapon is empty!
[2015.09.13-10.38.08:561][571]LogScript:Warning: Cannot access 'ShotgunShells_Actor_C_9'. It is pending kill. Property: 'CallFunc_Array_Get_Item'
	FirstPersonCharacter_C /Game/FirstPersonBP/Maps/UEDPIE_0_FirstPersonExampleMap.FirstPersonExampleMap:PersistentLevel.FirstPersonCharacter_C_0
	Function /Game/Blueprints/FirstPersonCharacter.FirstPersonCharacter_C:AddItemInventory:02C7
[2015.09.13-10.38.08:561][571]PIE:Error: Error Cannot access 'ShotgunShells_Actor_C_9'. It is pending kill. Property: 'CallFunc_Array_Get_Item' from node Branch in graph 'AddItemInventory' in blueprint FirstPersonCharacter
[2015.09.13-10.38.11:778][956]LogScript:Warning: Cannot access 'ShotgunShells_Actor_C_9'. It is pending kill. Property: 'CallFunc_Array_Get_Item'
	Menu_Widget_C /Engine/Transient.UnrealEdEngine_0:GameInstance_0.Menu_Widget_C_0
	Function /Game/Blueprints/Widgets/Menu_Widget.Menu_Widget_C:ExecuteUbergraph_Menu_Widget:049F
[2015.09.13-10.38.11:778][956]PIE:Error: Error Cannot access 'ShotgunShells_Actor_C_9'. It is pending kill. Property: 'CallFunc_Array_Get_Item' from node SetText (Text) in graph 'EventGraph' in blueprint Menu_Widget
[2015.09.13-10.38.24:081][431]LogBlueprintUserMessages: [FirstPersonCharacter_C_0] Weapon is empty!
[2015.09.13-10.38.24:422][472]LogBlueprintUserMessages: [FirstPersonCharacter_C_0] Weapon is empty!
[2015.09.13-10.38.24:790][516]LogBlueprintUserMessages: [FirstPersonCharacter_C_0] Weapon is empty!
[2015.09.13-10.38.33:250][531]LogBlueprintUserMessages: [FirstPersonCharacter_C_0] Weapon is empty!
[2015.09.13-10.38.35:025][744]LogBlueprintUserMessages: [FirstPersonCharacter_C_0] Weapon is empty!
[2015.09.13-10.38.36:046][856]LogParticles: Destroying 0 GPU particle simulations for FXSystem 0x0000007402743380
[2015.09.13-10.38.39:412][230]Cmd: SELECT NONE
[2015.09.13-10.40.12:472][786]Cmd: SELECT NONE
[2015.09.13-10.40.24:446][219]Cmd: BRUSH ADD SELECTNEWBRUSH
[2015.09.13-10.41.59:710][395]LogEditorViewport: Clicking on Actor (LMB): FirstPersonCharacter_C (FirstPersonCharacter)
[2015.09.13-10.42.14:515][ 94]LogEditorViewport: Clicking on Actor (LMB): FirstPersonCharacter_C (FirstPersonCharacter)
[2015.09.13-10.42.25:652][368]Cmd: DELETE
[2015.09.13-10.42.25:652][368]Cmd: ACTOR DELETE
[2015.09.13-10.42.25:652][368]LogEditorActor: Deleted Actor: Brush
[2015.09.13-10.42.25:672][368]LogEditorActor: Deleted 1 Actors (0.020 secs)
[2015.09.13-10.43.27:907][669]Cmd: SELECT NONE
[2015.09.13-10.43.32:479][204]LogEditorViewport: Clicking on Actor (LMB): StaticMeshActor (Floor2)
[2015.09.13-10.43.37:806][825]Cmd: SELECT NONE
[2015.09.13-10.43.43:381][472]LogEditorViewport: Clicking on Actor (LMB): StaticMeshActor (Cube03)
[2015.09.13-10.43.44:218][568]LogEditorViewport: Clicking on Actor (CTRL LMB): FirstAidSpray_Actor_C (FirstAidSpray_Actor8)
[2015.09.13-10.43.44:946][653]LogEditorViewport: Clicking on Actor (CTRL LMB): StaticMeshActor (Cube03)
[2015.09.13-10.43.46:701][857]LogEditorViewport: Clicking on Actor (CTRL LMB): StaticMeshActor (Cube02)
[2015.09.13-10.43.51:942][479]Cmd: SELECT NONE
[2015.09.13-10.44.08:989][450]Cmd: DELETE
[2015.09.13-10.44.08:989][450]Cmd: ACTOR DELETE
[2015.09.13-10.44.08:989][450]LogEditorActor: Deleted Actor: Brush
[2015.09.13-10.44.09:002][450]LogEditorActor: Deleted 1 Actors (0.013 secs)
[2015.09.13-10.44.33:481][299]LogSavePackage: Save=139.002914ms
[2015.09.13-10.44.33:481][299]LogSavePackage: Moving 'D:/EpicBeardMan/Work/Project Re-Survivor/Project_ReSurvivor/Saved/FirstPersonExampleMapA4C43F584E78AD1BE4D882BED9B0719E.tmp' to 'D:/EpicBeardMan/Work/Project Re-Survivor/Project_ReSurvivor/Content/FirstPersonBP/Maps/FirstPersonExampleMap.umap'
[2015.09.13-10.44.33:485][299]LogSavePackage: Total save time: 289.221451ms
[2015.09.13-10.44.33:485][299]LogSavePackage:Warning: Finished SavePackage D:/EpicBeardMan/Work/Project Re-Survivor/Project_ReSurvivor/Content/FirstPersonBP/Maps/FirstPersonExampleMap.umap
[2015.09.13-10.44.35:029][468]LogWindowsTextInputMethodSystem:Display: IME system now deactivated.
[2015.09.13-10.44.35:029][468]LogWindowsTextInputMethodSystem:Display: IME system now deactivated.
[2015.09.13-10.44.35:254][469]Cmd: QUIT_EDITOR
[2015.09.13-10.44.35:665][469]LogExit: Preparing to exit.
[2015.09.13-10.44.36:438][469]LogExit: Editor shut down
[2015.09.13-10.44.36:439][469]LogExit: Transaction tracking system shut down
[2015.09.13-10.44.36:446][469]LogParticles: Destroying 0 GPU particle simulations for FXSystem 0x000000741A99B100
[2015.09.13-10.44.36:446][469]LogParticles: Destroying 0 GPU particle simulations for FXSystem 0x000000740D5E3880
[2015.09.13-10.44.36:446][469]LogParticles: Destroying 0 GPU particle simulations for FXSystem 0x000000740D4EF240
[2015.09.13-10.44.36:447][469]LogParticles: Destroying 0 GPU particle simulations for FXSystem 0x000000742E4A4B80
[2015.09.13-10.44.36:447][469]LogParticles: Destroying 0 GPU particle simulations for FXSystem 0x00000074385956C0
[2015.09.13-10.44.36:588][469]LogExit: Object subsystem successfully closed.
[2015.09.13-10.44.36:613][469]LogD3D11RHI: Shutdown
[2015.09.13-10.44.36:613][469]LogD3D11RHI: CleanupD3DDevice
[2015.09.13-10.44.36:655][469]LogD3D11RHI: ~FD3D11DynamicRHI
[2015.09.13-10.44.36:691][469]LogModuleManager: Shutting down and abandoning module CrashTracker (199)
[2015.09.13-10.44.36:691][469]LogModuleManager: Shutting down and abandoning module SceneOutliner (198)
[2015.09.13-10.44.36:691][469]LogModuleManager: Shutting down and abandoning module SuperSearch (197)
[2015.09.13-10.44.36:691][469]LogModuleManager: Shutting down and abandoning module WidgetCarousel (196)
[2015.09.13-10.44.36:691][469]LogModuleManager: Shutting down and abandoning module AddContentDialog (195)
[2015.09.13-10.44.36:692][469]LogModuleManager: Shutting down and abandoning module EditorWidgets (194)
[2015.09.13-10.44.36:692][469]LogModuleManager: Shutting down and abandoning module CollectionManager (193)
[2015.09.13-10.44.36:693][469]LogModuleManager: Shutting down and abandoning module StatsViewer (192)
[2015.09.13-10.44.36:693][469]LogModuleManager: Shutting down and abandoning module FoliageEdit (191)
[2015.09.13-10.44.36:694][469]LogModuleManager: Shutting down and abandoning module LandscapeEditor (190)
[2015.09.13-10.44.36:696][469]LogModuleManager: Shutting down and abandoning module ActorPickerMode (189)
[2015.09.13-10.44.36:696][469]LogModuleManager: Shutting down and abandoning module GeometryMode (188)
[2015.09.13-10.44.36:696][469]LogModuleManager: Shutting down and abandoning module TextureAlignMode (187)
[2015.09.13-10.44.36:696][469]LogModuleManager: Shutting down and abandoning module BspMode (186)
[2015.09.13-10.44.36:696][469]LogModuleManager: Shutting down and abandoning module PlacementMode (185)
[2015.09.13-10.44.36:696][469]LogModuleManager: Shutting down and abandoning module AutomationWorker (184)
[2015.09.13-10.44.36:696][469]LogModuleManager: Shutting down and abandoning module CharacterAI (183)
[2015.09.13-10.44.36:696][469]LogModuleManager: Shutting down and abandoning module SmartSnapping (182)
[2015.09.13-10.44.36:696][469]LogModuleManager: Shutting down and abandoning module ViewportSnapping (181)
[2015.09.13-10.44.36:696][469]LogModuleManager: Shutting down and abandoning module LogVisualizer (180)
[2015.09.13-10.44.36:697][469]LogModuleManager: Shutting down and abandoning module GameProjectGeneration (179)
[2015.09.13-10.44.36:697][469]LogModuleManager: Shutting down and abandoning module IntroTutorials (178)
[2015.09.13-10.44.36:699][469]LogModuleManager: Shutting down and abandoning module EditorLiveStreaming (177)
[2015.09.13-10.44.36:699][469]LogModuleManager: Shutting down and abandoning module IOSPlatformEditor (176)
[2015.09.13-10.44.36:699][469]LogModuleManager: Shutting down and abandoning module HTML5PlatformEditor (175)
[2015.09.13-10.44.36:699][469]LogModuleManager: Shutting down and abandoning module AndroidDeviceDetection (174)
[2015.09.13-10.44.36:841][469]LogModuleManager: Shutting down and abandoning module AndroidPlatformEditor (173)
[2015.09.13-10.44.36:841][469]LogModuleManager: Shutting down and abandoning module IOSRuntimeSettings (172)
[2015.09.13-10.44.36:841][469]LogModuleManager: Shutting down and abandoning module AndroidRuntimeSettings (171)
[2015.09.13-10.44.36:841][469]LogModuleManager: Shutting down and abandoning module MergeActors (170)
[2015.09.13-10.44.36:842][469]LogModuleManager: Shutting down and abandoning module SizeMap (169)
[2015.09.13-10.44.36:842][469]LogModuleManager: Shutting down and abandoning module TreeMap (168)
[2015.09.13-10.44.36:844][469]LogModuleManager: Shutting down and abandoning module ReferenceViewer (167)
[2015.09.13-10.44.36:844][469]LogModuleManager: Shutting down and abandoning module LocalizationService (166)
[2015.09.13-10.44.36:844][469]LogModuleManager: Shutting down and abandoning module LocalizationDashboard (165)
[2015.09.13-10.44.36:845][469]LogModuleManager: Shutting down and abandoning module HardwareTargeting (164)
[2015.09.13-10.44.36:845][469]LogModuleManager: Shutting down and abandoning module DeviceProfileEditor (163)
[2015.09.13-10.44.36:845][469]LogModuleManager: Shutting down and abandoning module UndoHistory (162)
[2015.09.13-10.44.36:845][469]LogModuleManager: Shutting down and abandoning module GameplayTagsEditor (161)
[2015.09.13-10.44.36:845][469]LogModuleManager: Shutting down and abandoning module UserFeedback (160)
[2015.09.13-10.44.36:845][469]LogModuleManager: Shutting down and abandoning module XmlParser (159)
[2015.09.13-10.44.36:845][469]LogModuleManager: Shutting down and abandoning module Blutility (158)
[2015.09.13-10.44.36:845][469]LogModuleManager: Shutting down and abandoning module ProjectTargetPlatformEditor (157)
[2015.09.13-10.44.36:845][469]LogModuleManager: Shutting down and abandoning module ProjectSettingsViewer (156)
[2015.09.13-10.44.36:845][469]LogModuleManager: Shutting down and abandoning module InputBindingEditor (155)
[2015.09.13-10.44.36:846][469]LogModuleManager: Shutting down and abandoning module EditorSettingsViewer (154)
[2015.09.13-10.44.36:846][469]LogModuleManager: Shutting down and abandoning module SettingsEditor (153)
[2015.09.13-10.44.36:847][469]LogModuleManager: Shutting down and abandoning module ProjectLauncher (152)
[2015.09.13-10.44.36:848][469]LogModuleManager: Shutting down and abandoning module SessionFrontend (151)
[2015.09.13-10.44.36:848][469]LogModuleManager: Shutting down and abandoning module ProfilerClient (150)
[2015.09.13-10.44.36:848][469]LogModuleManager: Shutting down and abandoning module TargetDeviceServices (149)
[2015.09.13-10.44.36:848][469]LogModuleManager: Shutting down and abandoning module DeviceManager (148)
[2015.09.13-10.44.36:849][469]LogModuleManager: Shutting down and abandoning module AutomationController (147)
[2015.09.13-10.44.36:849][469]LogModuleManager: Shutting down and abandoning module AutomationWindow (146)
[2015.09.13-10.44.36:849][469]LogModuleManager: Shutting down and abandoning module Layers (145)
[2015.09.13-10.44.36:851][469]LogModuleManager: Shutting down and abandoning module ComponentVisualizers (144)
[2015.09.13-10.44.36:851][469]LogModuleManager: Shutting down and abandoning module DetailCustomizations (143)
[2015.09.13-10.44.36:852][469]LogModuleManager: Shutting down and abandoning module PackagesDialog (142)
[2015.09.13-10.44.36:852][469]LogModuleManager: Shutting down and abandoning module Persona (141)
[2015.09.13-10.44.36:853][469]LogModuleManager: Shutting down and abandoning module Kismet (140)
[2015.09.13-10.44.36:853][469]LogModuleManager: Shutting down and abandoning module GraphEditor (139)
[2015.09.13-10.44.36:855][469]LogModuleManager: Shutting down and abandoning module ClassViewer (138)
[2015.09.13-10.44.36:855][469]LogModuleManager: Shutting down and abandoning module Toolbox (137)
[2015.09.13-10.44.36:855][469]LogModuleManager: Shutting down and abandoning module ModuleUI (136)
[2015.09.13-10.44.36:855][469]LogModuleManager: Shutting down and abandoning module MovieSceneTools (135)
[2015.09.13-10.44.36:855][469]LogModuleManager: Shutting down and abandoning module OutputLog (134)
[2015.09.13-10.44.36:855][469]LogModuleManager: Shutting down and abandoning module GammaUI (133)
[2015.09.13-10.44.36:856][469]LogModuleManager: Shutting down and abandoning module Documentation (132)
[2015.09.13-10.44.36:856][469]LogModuleManager: Shutting down and abandoning module GameLiveStreaming (131)
[2015.09.13-10.44.36:857][469]LogModuleManager: Shutting down and abandoning module StreamingPauseRendering (130)
[2015.09.13-10.44.36:857][469]LogModuleManager: Shutting down and abandoning module AnalyticsET (129)
[2015.09.13-10.44.36:857][469]LogModuleManager: Shutting down and abandoning module Analytics (128)
[2015.09.13-10.44.36:857][469]LogModuleManager: Shutting down and abandoning module AITestSuite (127)
[2015.09.13-10.44.36:857][469]LogModuleManager: Shutting down and abandoning module GameplayDebugger (126)
[2015.09.13-10.44.36:857][469]LogModuleManager: Shutting down and abandoning module AIModule (125)
[2015.09.13-10.44.36:857][469]LogModuleManager: Shutting down and abandoning module ProfilerService (124)
[2015.09.13-10.44.36:897][469]LogModuleManager: Shutting down and abandoning module TaskGraph (123)
[2015.09.13-10.44.36:899][469]LogModuleManager: Shutting down and abandoning module SubstanceEditor (122)
[2015.09.13-10.44.36:899][469]LogModuleManager: Shutting down and abandoning module SlateRemote (121)
[2015.09.13-10.44.36:899][469]LogModuleManager: Shutting down and abandoning module SteamVRController (120)
[2015.09.13-10.44.36:899][469]LogModuleManager: Shutting down and abandoning module SteamVR (119)
[2015.09.13-10.44.36:899][469]LogModuleManager: Shutting down and abandoning module ProceduralMeshComponent (118)
[2015.09.13-10.44.36:899][469]LogModuleManager: Shutting down and abandoning module OculusRift (117)
[2015.09.13-10.44.36:899][469]LogModuleManager: Shutting down and abandoning module OculusLibrary (116)
[2015.09.13-10.44.36:899][469]LogModuleManager: Shutting down and abandoning module LeapMotionController (115)
[2015.09.13-10.44.36:908][469]LogModuleManager: Shutting down and abandoning module CustomMeshComponent (114)
[2015.09.13-10.44.36:909][469]LogModuleManager: Shutting down and abandoning module CableComponent (113)
[2015.09.13-10.44.36:909][469]LogModuleManager: Shutting down and abandoning module ArchVisCharacter (112)
[2015.09.13-10.44.36:909][469]LogModuleManager: Shutting down and abandoning module MessagingDebugger (111)
[2015.09.13-10.44.36:910][469]LogModuleManager: Shutting down and abandoning module MediaPlayerEditor (110)
[2015.09.13-10.44.36:912][469]LogModuleManager: Shutting down and abandoning module HTML5Networking (109)
[2015.09.13-10.44.36:912][469]LogModuleManager: Shutting down and abandoning module SpeedTreeImporter (108)
[2015.09.13-10.44.36:912][469]LogModuleManager: Shutting down and abandoning module PluginBrowser (107)
[2015.09.13-10.44.36:912][469]LogModuleManager: Shutting down and abandoning module EpicSurvey (106)
[2015.09.13-10.44.36:912][469]LogModuleManager: Shutting down and abandoning module DesktopPlatform (105)
[2015.09.13-10.44.36:913][469]LogModuleManager: Shutting down and abandoning module VisualStudioSourceCodeAccess (104)
[2015.09.13-10.44.36:913][469]LogModuleManager: Shutting down and abandoning module UObjectPlugin (103)
[2015.09.13-10.44.36:913][469]LogModuleManager: Shutting down and abandoning module SubversionSourceControl (102)
[2015.09.13-10.44.36:913][469]LogModuleManager: Shutting down and abandoning module PerforceSourceControl (101)
[2015.09.13-10.44.36:914][469]LogModuleManager: Shutting down and abandoning module SourceControl (100)
[2015.09.13-10.44.36:915][469]LogModuleManager: Shutting down and abandoning module GitSourceControl (99)
[2015.09.13-10.44.36:915][469]LogModuleManager: Shutting down and abandoning module LightPropagationVolumeEditor (98)
[2015.09.13-10.44.36:915][469]LogModuleManager: Shutting down and abandoning module PaperTiledImporter (97)
[2015.09.13-10.44.36:915][469]LogModuleManager: Shutting down and abandoning module PaperSpriteSheetImporter (96)
[2015.09.13-10.44.36:915][469]LogModuleManager: Shutting down and abandoning module MeshPaint (95)
[2015.09.13-10.44.36:916][469]LogModuleManager: Shutting down and abandoning module SlateReflector (94)
[2015.09.13-10.44.36:916][469]LogModuleManager: Shutting down and abandoning module HotReload (93)
[2015.09.13-10.44.36:917][469]LogModuleManager: Shutting down and abandoning module MainFrame (92)
[2015.09.13-10.44.36:917][469]LogModuleManager: Shutting down and abandoning module LevelEditor (91)
[2015.09.13-10.44.36:917][469]LogModuleManager: Shutting down and abandoning module ContentBrowser (90)
[2015.09.13-10.44.36:918][469]LogModuleManager: Shutting down and abandoning module Paper2DEditor (89)
[2015.09.13-10.44.36:919][469]LogModuleManager: Shutting down and abandoning module UdpMessaging (88)
[2015.09.13-10.44.37:020][469]LogModuleManager: Shutting down and abandoning module DirectoryWatcher (87)
[2015.09.13-10.44.37:020][469]LogModuleManager: Shutting down and abandoning module AssetRegistry (86)
[2015.09.13-10.44.37:104][469]LogModuleManager: Shutting down and abandoning module SubstanceCore (85)
[2015.09.13-10.44.37:107][469]LogModuleManager: Shutting down and abandoning module LightPropagationVolumeRuntime (84)
[2015.09.13-10.44.37:107][469]LogModuleManager: Shutting down and abandoning module Paper2D (83)
[2015.09.13-10.44.37:107][469]LogModuleManager: Shutting down and abandoning module WindowsMoviePlayer (82)
[2015.09.13-10.44.37:110][469]LogModuleManager: Shutting down and abandoning module Media (81)
[2015.09.13-10.44.37:110][469]LogModuleManager: Shutting down and abandoning module WmfMedia (80)
[2015.09.13-10.44.37:110][469]LogModuleManager: Shutting down and abandoning module OnlineBlueprintSupport (79)
[2015.09.13-10.44.37:110][469]LogModuleManager: Shutting down and abandoning module GameplayTasksEditor (78)
[2015.09.13-10.44.37:110][469]LogModuleManager: Shutting down and abandoning module PropertyEditor (77)
[2015.09.13-10.44.37:110][469]LogModuleManager: Shutting down and abandoning module BehaviorTreeEditor (76)
[2015.09.13-10.44.37:111][469]LogModuleManager: Shutting down and abandoning module FunctionalTesting (75)
[2015.09.13-10.44.37:111][469]LogModuleManager: Shutting down and abandoning module CollisionAnalyzer (74)
[2015.09.13-10.44.37:113][469]LogModuleManager: Shutting down and abandoning module WorkspaceMenuStructure (73)
[2015.09.13-10.44.37:113][469]LogModuleManager: Shutting down and abandoning module MessageLog (72)
[2015.09.13-10.44.37:113][469]LogModuleManager: Shutting down and abandoning module Sequencer (71)
[2015.09.13-10.44.37:114][469]LogModuleManager: Shutting down and abandoning module AssetTools (70)
[2015.09.13-10.44.37:116][469]LogModuleManager: Shutting down and abandoning module UMGEditor (69)
[2015.09.13-10.44.37:117][469]LogModuleManager: Shutting down and abandoning module UMG (68)
[2015.09.13-10.44.37:117][469]LogModuleManager: Shutting down and abandoning module Slate (67)
[2015.09.13-10.44.37:117][469]LogModuleManager: Shutting down and abandoning module EditorStyle (66)
[2015.09.13-10.44.37:118][469]LogModuleManager: Shutting down and abandoning module SessionServices (65)
[2015.09.13-10.44.37:118][469]LogModuleManager: Shutting down and abandoning module SourceCodeAccess (64)
[2015.09.13-10.44.37:118][469]LogModuleManager: Shutting down and abandoning module HeadMountedDisplay (63)
[2015.09.13-10.44.37:118][469]LogModuleManager: Shutting down and abandoning module XAudio2 (62)
[2015.09.13-10.44.37:118][469]LogModuleManager: Shutting down and abandoning module Networking (60)
[2015.09.13-10.44.37:118][469]LogModuleManager: Shutting down and abandoning module Core (59)
[2015.09.13-10.44.37:118][469]LogModuleManager: Shutting down and abandoning module KismetCompiler (58)
[2015.09.13-10.44.37:118][469]LogModuleManager: Shutting down and abandoning module PhysXFormats (57)
[2015.09.13-10.44.37:118][469]LogModuleManager: Shutting down and abandoning module MeshUtilities (56)
[2015.09.13-10.44.37:119][469]LogModuleManager: Shutting down and abandoning module CookingStats (55)
[2015.09.13-10.44.37:120][469]LogModuleManager: Shutting down and abandoning module DerivedDataCache (54)
[2015.09.13-10.44.37:121][469]LogDerivedDataCache: Shutdown
[2015.09.13-10.44.37:121][469]LogModuleManager: Shutting down and abandoning module ShaderFormatOpenGL (53)
[2015.09.13-10.44.37:121][469]LogModuleManager: Shutting down and abandoning module ShaderFormatD3D (52)
[2015.09.13-10.44.37:121][469]LogModuleManager: Shutting down and abandoning module MetalShaderFormat (51)
[2015.09.13-10.44.37:121][469]LogModuleManager: Shutting down and abandoning module TextureFormatUncompressed (50)
[2015.09.13-10.44.37:121][469]LogModuleManager: Shutting down and abandoning module TextureFormatPVR (49)
[2015.09.13-10.44.37:121][469]LogModuleManager: Shutting down and abandoning module TextureFormatIntelISPCTexComp (48)
[2015.09.13-10.44.37:122][469]LogModuleManager: Shutting down and abandoning module TextureFormatDXT (47)
[2015.09.13-10.44.37:122][469]LogModuleManager: Shutting down and abandoning module ImageWrapper (46)
[2015.09.13-10.44.37:122][469]LogModuleManager: Shutting down and abandoning module TextureFormatASTC (45)
[2015.09.13-10.44.37:122][469]LogModuleManager: Shutting down and abandoning module TextureFormatAndroid (44)
[2015.09.13-10.44.37:122][469]LogModuleManager: Shutting down and abandoning module AudioFormatOpus (43)
[2015.09.13-10.44.37:122][469]LogModuleManager: Shutting down and abandoning module AudioFormatOgg (42)
[2015.09.13-10.44.37:122][469]LogModuleManager: Shutting down and abandoning module AudioFormatADPCM (41)
[2015.09.13-10.44.37:122][469]LogModuleManager: Shutting down and abandoning module LinuxTargetPlatform (40)
[2015.09.13-10.44.37:122][469]LogModuleManager: Shutting down and abandoning module LinuxServerTargetPlatform (39)
[2015.09.13-10.44.37:122][469]LogModuleManager: Shutting down and abandoning module LinuxNoEditorTargetPlatform (38)
[2015.09.13-10.44.37:122][469]LogModuleManager: Shutting down and abandoning module Messaging (37)
[2015.09.13-10.44.37:122][469]LogModuleManager: Shutting down and abandoning module IOSTargetPlatform (36)
[2015.09.13-10.44.37:122][469]LogModuleManager: Shutting down and abandoning module HTML5TargetPlatform (35)
[2015.09.13-10.44.37:122][469]LogModuleManager: Shutting down and abandoning module Android_PVRTCTargetPlatform (34)
[2015.09.13-10.44.37:123][469]LogModuleManager: Shutting down and abandoning module Android_ETC2TargetPlatform (33)
[2015.09.13-10.44.37:123][469]LogModuleManager: Shutting down and abandoning module Android_ETC1TargetPlatform (32)
[2015.09.13-10.44.37:123][469]LogModuleManager: Shutting down and abandoning module Android_DXTTargetPlatform (31)
[2015.09.13-10.44.37:124][469]LogModuleManager: Shutting down and abandoning module Android_ATCTargetPlatform (30)
[2015.09.13-10.44.37:124][469]LogModuleManager: Shutting down and abandoning module Android_ASTCTargetPlatform (29)
[2015.09.13-10.44.37:124][469]LogModuleManager: Shutting down and abandoning module AndroidTargetPlatform (28)
[2015.09.13-10.44.37:125][469]LogModuleManager: Shutting down and abandoning module WindowsTargetPlatform (27)
[2015.09.13-10.44.37:125][469]LogModuleManager: Shutting down and abandoning module WindowsServerTargetPlatform (26)
[2015.09.13-10.44.37:125][469]LogModuleManager: Shutting down and abandoning module WindowsNoEditorTargetPlatform (25)
[2015.09.13-10.44.37:125][469]LogModuleManager: Shutting down and abandoning module WindowsClientTargetPlatform (24)
[2015.09.13-10.44.37:125][469]LogModuleManager: Shutting down and abandoning module AllDesktopTargetPlatform (23)
[2015.09.13-10.44.37:125][469]LogModuleManager: Shutting down and abandoning module TargetPlatform (22)
[2015.09.13-10.44.37:125][469]LogModuleManager: Shutting down and abandoning module InputCore (21)
[2015.09.13-10.44.37:125][469]LogModuleManager: Shutting down and abandoning module Settings (20)
[2015.09.13-10.44.37:126][469]LogModuleManager: Shutting down and abandoning module OnlineSubsystem (18)
[2015.09.13-10.44.37:126][469]LogModuleManager: Shutting down and abandoning module HTTP (17)
[2015.09.13-10.44.39:128][469]LogModuleManager: Shutting down and abandoning module XMPP (16)
[2015.09.13-10.44.39:135][469]LogModuleManager: Shutting down and abandoning module ExampleDeviceProfileSelector (15)
[2015.09.13-10.44.39:135][469]LogModuleManager: Shutting down and abandoning module TextureCompressor (14)
[2015.09.13-10.44.39:135][469]LogModuleManager: Shutting down and abandoning module ShaderCore (13)
[2015.09.13-10.44.39:135][469]LogModuleManager: Shutting down and abandoning module Landscape (12)
[2015.09.13-10.44.39:135][469]LogModuleManager: Shutting down and abandoning module SlateRHIRenderer (11)
[2015.09.13-10.44.39:137][469]LogModuleManager: Shutting down and abandoning module OpenGLDrv (10)
[2015.09.13-10.44.39:137][469]LogModuleManager: Shutting down and abandoning module D3D11RHI (9)
[2015.09.13-10.44.39:137][469]LogModuleManager: Shutting down and abandoning module AnimGraphRuntime (8)
[2015.09.13-10.44.39:138][469]LogModuleManager: Shutting down and abandoning module Renderer (7)
[2015.09.13-10.44.39:138][469]LogModuleManager: Shutting down and abandoning module Engine (6)
[2015.09.13-10.44.39:138][469]LogModuleManager: Shutting down and abandoning module CoreUObject (5)
[2015.09.13-10.44.39:138][469]LogModuleManager: Shutting down and abandoning module NetworkFile (4)
[2015.09.13-10.44.39:138][469]LogModuleManager: Shutting down and abandoning module StreamingFile (3)
[2015.09.13-10.44.39:138][469]LogModuleManager: Shutting down and abandoning module SandboxFile (2)
[2015.09.13-10.44.39:139][469]LogModuleManager: Shutting down and abandoning module PakFile (1)
[2015.09.13-10.44.39:141][469]LogExit: Exiting.
[2015.09.13-10.44.39:173][469]Log file closed, 09/13/15 12:44:39
