[2015.09.13-20.53.33:676][  0]Log file open, 09/13/15 22:53:33
[2015.09.13-20.53.33:676][  0]LogInit:Display: Running engine for game: Project_ReSurvivor
[2015.09.13-20.53.33:676][  0]LogInit:Display: RandInit(1212026166) SRandInit(1212026166).
[2015.09.13-20.53.33:676][  0]LogTaskGraph: Started task graph with 4 named threads and 7 total threads.
[2015.09.13-20.53.33:676][  0]LogStats: Stats thread started at 0.065031
[2015.09.13-20.53.33:676][  0]LogInit: Version: 4.9.0-2672455+++depot+UE4-Releases+4.9
[2015.09.13-20.53.33:676][  0]LogInit: API Version: 2672455
[2015.09.13-20.53.33:676][  0]LogInit: Compiled (64-bit): Aug 28 2015 12:33:01
[2015.09.13-20.53.33:676][  0]LogInit: Compiled with Visual C++: 18.00.21005.01
[2015.09.13-20.53.33:676][  0]LogInit: Build Configuration: Development
[2015.09.13-20.53.33:676][  0]LogInit: Branch Name: ++depot+UE4-Releases+4.9
[2015.09.13-20.53.33:676][  0]LogInit: Command line:  
[2015.09.13-20.53.33:676][  0]LogInit: Base directory: C:/Program Files/Epic Games/4.9/Engine/Binaries/Win64/
[2015.09.13-20.53.33:676][  0]LogInit: Rocket: 1
[2015.09.13-20.53.33:684][  0]LogInit: Using libcurl 7.41.0
[2015.09.13-20.53.33:684][  0]LogInit:  - built for x86_64-pc-win32
[2015.09.13-20.53.33:684][  0]LogInit:  - supports SSL with WinSSL
[2015.09.13-20.53.33:684][  0]LogInit:  - other features:
[2015.09.13-20.53.33:684][  0]LogInit:      CURL_VERSION_SSL
[2015.09.13-20.53.33:684][  0]LogInit:      CURL_VERSION_IPV6
[2015.09.13-20.53.33:684][  0]LogInit:      CURL_VERSION_ASYNCHDNS
[2015.09.13-20.53.33:684][  0]LogInit:      CURL_VERSION_LARGEFILE
[2015.09.13-20.53.33:684][  0]LogInit:      CURL_VERSION_IDN
[2015.09.13-20.53.33:684][  0]LogInit:  CurlRequestOptions (configurable via config and command line):
[2015.09.13-20.53.33:684][  0]LogInit:  - bVerifyPeer = true  - Libcurl will verify peer certificate
[2015.09.13-20.53.33:684][  0]LogInit:  - bUseHttpProxy = false  - Libcurl will NOT use HTTP proxy
[2015.09.13-20.53.33:684][  0]LogInit:  - bDontReuseConnections = false  - Libcurl will reuse connections
[2015.09.13-20.53.33:684][  0]LogInit:  - CertBundlePath = nullptr  - Libcurl will use whatever was configured at build time.
[2015.09.13-20.53.33:690][  0]LogInit: Presizing for 0 objects not considered by GC, pre-allocating 0 bytes.
[2015.09.13-20.53.33:696][  0]LogInit: Object subsystem initialized
[2015.09.13-20.53.33:697][  0]LogInit: Selected Device Profile: [Windows]
[2015.09.13-20.53.33:697][  0]LogInit: Applying CVar settings loaded from the selected device profile: [Windows]
[2015.09.13-20.53.33:703][  0]LogInit: Computer: DAMIR-PC
[2015.09.13-20.53.33:703][  0]LogInit: User: Damir
[2015.09.13-20.53.33:703][  0]LogInit: CPU Page size=4096, Cores=4
[2015.09.13-20.53.33:703][  0]LogInit: High frequency timer resolution =3.320341 MHz
[2015.09.13-20.53.33:703][  0]LogMemory: Memory total: Physical=7.9GB (8GB approx)
[2015.09.13-20.53.33:703][  0]LogMemory: Platform Memory Stats for Windows
[2015.09.13-20.53.33:703][  0]LogMemory: Process Physical Memory: 54.28 MB used, 54.28 MB peak
[2015.09.13-20.53.33:703][  0]LogMemory: Process Virtual Memory: 56.36 MB used, 56.36 MB peak
[2015.09.13-20.53.33:703][  0]LogMemory: Physical Memory: 4276.99 MB used, 8136.55 MB total
[2015.09.13-20.53.33:703][  0]LogMemory: Virtual Memory: 336.11 MB used, 8388608.00 MB total
[2015.09.13-20.53.33:731][  0]LogTextLocalizationManager: No translations for ('de-DE') exist, falling back to 'en' for localization and internationalization data.
[2015.09.13-20.53.34:385][  0]LogD3D11RHI: Found D3D11 adapter 0: NVIDIA GeForce GTX 660   (Feature Level 11_0)
[2015.09.13-20.53.34:385][  0]LogD3D11RHI: Adapter has 1989MB of dedicated video memory, 0MB of dedicated system memory, and 2048MB of shared system memory, 1 output[s]
[2015.09.13-20.53.34:385][  0]LogD3D11RHI: Chosen D3D11 Adapter Id = 0
[2015.09.13-20.53.34:390][  0]LogD3D11RHI: !Direct3DDevice
[2015.09.13-20.53.34:390][  0]LogRHI: Texture pool is 1361 MB (70% of 1945 MB)
[2015.09.13-20.53.34:396][  0]LogD3D11RHI: Async texture creation enabled
[2015.09.13-20.53.34:408][  0]LogShaderCompilers: Guid format shader working directory is 15 characters bigger than the processId version (../../../../../../Users/Damir/Documents/GitHub/Project_ReSurvivor/Intermediate/Shaders/WorkingDirectory/2684/).
[2015.09.13-20.53.34:409][  0]LogShaderCompilers: Cleaned the shader compiler working directory '../../../../../../Users/Damir/Documents/GitHub/Project_ReSurvivor/Intermediate/Shaders/tmp/D46DBC984C6366FC59E8C78F9D5E1AEB/'.
[2015.09.13-20.53.34:409][  0]LogShaderCompilers:Display: Using Local Shader Compiler.
[2015.09.13-20.53.35:364][  0]LogTemp:Display: Loaded TP AllDesktopTargetPlatform
[2015.09.13-20.53.35:368][  0]LogTemp:Display: Loaded TP WindowsClientTargetPlatform
[2015.09.13-20.53.35:373][  0]LogTemp:Display: Loaded TP WindowsNoEditorTargetPlatform
[2015.09.13-20.53.35:377][  0]LogTemp:Display: Loaded TP WindowsServerTargetPlatform
[2015.09.13-20.53.35:381][  0]LogTemp:Display: Loaded TP WindowsTargetPlatform
[2015.09.13-20.53.35:384][  0]LogTemp:Display: Loaded TP AndroidTargetPlatform
[2015.09.13-20.53.35:386][  0]LogTemp:Display: Loaded TP Android_ASTCTargetPlatform
[2015.09.13-20.53.35:389][  0]LogTemp:Display: Loaded TP Android_ATCTargetPlatform
[2015.09.13-20.53.35:392][  0]LogTemp:Display: Loaded TP Android_DXTTargetPlatform
[2015.09.13-20.53.35:395][  0]LogTemp:Display: Loaded TP Android_ETC1TargetPlatform
[2015.09.13-20.53.35:398][  0]LogTemp:Display: Loaded TP Android_ETC2TargetPlatform
[2015.09.13-20.53.35:401][  0]LogTemp:Display: Loaded TP Android_PVRTCTargetPlatform
[2015.09.13-20.53.35:401][  0]LogTemp:Display: Loaded TP HTML5TargetPlatform
[2015.09.13-20.53.35:416][  0]LogTemp:Display: Loaded TP IOSTargetPlatform
[2015.09.13-20.53.35:418][  0]LogTemp:Display: Loaded TP LinuxNoEditorTargetPlatform
[2015.09.13-20.53.35:421][  0]LogTemp:Display: Loaded TP LinuxServerTargetPlatform
[2015.09.13-20.53.35:424][  0]LogTemp:Display: Loaded TP LinuxTargetPlatform
[2015.09.13-20.53.35:424][  0]LogTargetPlatformManager:Display: Building Assets For Windows
[2015.09.13-20.53.35:487][  0]LogDerivedDataCache:Display: Max Cache Size: 512 MB
[2015.09.13-20.53.35:550][  0]LogDerivedDataCache: Loaded boot cache 0.06s 41MB C:/Users/Damir/AppData/Local/UnrealEngine/4.9/DerivedDataCache/Boot.ddc.
[2015.09.13-20.53.35:551][  0]LogDerivedDataCache:Display: Loaded Boot cache: C:/Users/Damir/AppData/Local/UnrealEngine/4.9/DerivedDataCache/Boot.ddc
[2015.09.13-20.53.35:551][  0]LogDerivedDataCache: FDerivedDataBackendGraph:  Pak pak cache file ../../../../../../Users/Damir/Documents/GitHub/Project_ReSurvivor/DerivedDataCache/DDC.ddp not found, will not use a pak cache.
[2015.09.13-20.53.35:551][  0]LogDerivedDataCache: Unable to find inner node Pak for hierarchical cache Hierarchy.
[2015.09.13-20.53.35:551][  0]LogDerivedDataCache: FDerivedDataBackendGraph:  CompressedPak pak cache file ../../../../../../Users/Damir/Documents/GitHub/Project_ReSurvivor/DerivedDataCache/Compressed.ddp not found, will not use a pak cache.
[2015.09.13-20.53.35:551][  0]LogDerivedDataCache: Unable to find inner node CompressedPak for hierarchical cache Hierarchy.
[2015.09.13-20.53.35:684][  0]LogDerivedDataCache:Display: Pak cache opened for reading ../../../Engine/DerivedDataCache/Compressed.ddp.
[2015.09.13-20.53.35:695][  0]LogDerivedDataCache: Using Local data cache path C:/Users/Damir/AppData/Local/UnrealEngine/Common/DerivedDataCache: Writable
[2015.09.13-20.53.35:835][  0]LogInit: Selected Device Profile: [Windows]
[2015.09.13-20.53.35:836][  0]LogContentStreaming: Texture pool size is 0.000000MB
[2015.09.13-20.53.35:856][  0]LogMeshUtilities: No automatic mesh reduction module available
[2015.09.13-20.53.35:856][  0]LogMeshUtilities: No automatic mesh merging module available
[2015.09.13-20.53.36:156][  0]LogInit: WinSock: version 1.1 (2.2), MaxSocks=32767, MaxUdp=65467
[2015.09.13-20.53.36:696][  0]LogAssetRegistry: FAssetRegistry took 0.0097 seconds to start up
[2015.09.13-20.53.36:707][  0]UdpMessaging: Initializing bridge on interface 0.0.0.0:0 to multicast group 230.0.0.1:6666.
[2015.09.13-20.53.36:924][  0]SourceControl: Info Source control is disabled
[2015.09.13-20.53.36:929][  0]SourceControl: Info Source control is disabled
[2015.09.13-20.53.36:937][  0]SourceControl: Info Source control is disabled
[2015.09.13-20.53.36:944][  0]SourceControl: Info Source control is disabled
[2015.09.13-20.53.37:040][  0]LogLinker:Warning: Asset '../../../Engine/Plugins/Runtime/LeapMotionController/Content/LM_PassthroughMaterial.uasset' has been saved with empty engine version. The asset will be loaded but may be incompatible.
[2015.09.13-20.53.37:103][  0]LogObj: 28528 objects as part of root set at end of initial load.
[2015.09.13-20.53.37:103][  0]LogUObjectAllocator: 6068464 out of 0 bytes used by permanent object pool.
[2015.09.13-20.53.37:150][  0]LogEngine: Initializing Engine...
[2015.09.13-20.53.37:152][  0]LogHMD: Can't find Oculus library dev build: is proper Runtime installed? Version: 0.6.0.0
[2015.09.13-20.53.37:152][  0]LogHMD: SteamVR failed to initialize.  Err: 110
[2015.09.13-20.53.37:253][  0]LogAIModule: Creating AISystem for world NewWorld
[2015.09.13-20.53.37:256][  0]LogInit: XAudio2 using 'Speakers (Realtek High Definition Audio)' : 2 channels at 48 kHz using 32 bits per sample (channel mask 0x3)
[2015.09.13-20.53.37:278][  0]LogInit: FAudioDevice initialized.
[2015.09.13-20.53.37:300][  0]LogDerivedDataCache: Saved boot cache 0.02s 41MB C:/Users/Damir/AppData/Local/UnrealEngine/4.9/DerivedDataCache/Boot.ddc.
[2015.09.13-20.53.37:304][  0]LogInit: Texture streaming: Enabled
[2015.09.13-20.53.37:309][  0]LogAnalytics: Creating configured Analytics provider AnalyticsET
[2015.09.13-20.53.37:309][  0]LogAnalytics: [UEEditor.Rocket.Release] APIServer = http://et2.epicgames.com/ET2/. AppVersion = 4.9.0-2672455+++depot+UE4-Releases+4.9
[2015.09.13-20.53.37:309][  0]LogAnalytics: [UEEditor.Rocket.Release] SetUserId 823be5244adb21341b1538b68ee82034|51c2a24b0ca544adac8a22d4708797c6|ec4eac3e-148a-4a5a-9f28-33d773939611
[2015.09.13-20.53.37:309][  0]LogAnalytics: [UEEditor.Rocket.Release] AnalyticsET::StartSession
[2015.09.13-20.53.37:328][  0]LogInit: Transaction tracking system initialized
[2015.09.13-20.53.37:349][  0]BlueprintLog: New page: Editor Load
[2015.09.13-20.53.37:409][  0]LocalizationService: Info Localization service is disabled
[2015.09.13-20.53.37:467][  0]LogConsoleResponse:Display: 
[2015.09.13-20.53.37:550][  0]LogCook:Display: Done creating registry. It took  0.00s.
[2015.09.13-20.53.37:593][  0]SourceControl: Info Source control is disabled
[2015.09.13-20.53.37:593][  0]Cmd: MAP LOAD FILE="../../../../../../Users/Damir/Documents/GitHub/Project_ReSurvivor/Content/FirstPersonBP/Maps/FirstPersonExampleMap.umap" TEMPLATE=0 SHOWPROGRESS=1 FEATURELEVEL=3
[2015.09.13-20.53.37:593][  0]LogEditorServer:Warning: Can't find file '../../../../../../Users/Damir/Documents/GitHub/Project_ReSurvivor/Content/FirstPersonBP/Maps/FirstPersonExampleMap.umap'
[2015.09.13-20.53.37:593][  0]Cmd: MAP CHECKDEP NOCLEARLOG
[2015.09.13-20.53.37:618][  0]MapCheck: Info Map check complete: 0 Error(s), 0 Warning(s), took 24.378ms to complete.
[2015.09.13-20.53.37:618][  0]LogFileHelpers: Loading map 'FirstPersonExampleMap' took 0.025
[2015.09.13-20.53.37:702][  0]LogCollectionManager: Loaded 0 collections in 0.001731 seconds
[2015.09.13-20.53.37:738][  0]LogFileCache: Scanning file cache for directory 'C:/Users/Damir/Documents/GitHub/Project_ReSurvivor/Saved/Collections/' took 0.01s
[2015.09.13-20.53.37:738][  0]LogFileCache: Scanning file cache for directory 'C:/Users/Damir/Documents/GitHub/Project_ReSurvivor/Content/Developers/Damir/Collections/' took 0.01s
[2015.09.13-20.53.37:738][  0]LogFileCache: Scanning file cache for directory 'C:/Users/Damir/Documents/GitHub/Project_ReSurvivor/Content/Collections/' took 0.01s
[2015.09.13-20.53.37:738][  0]LogContentBrowser: Native class hierarchy populated in 0.0057 seconds. Added 1882 classes and 339 folders.
[2015.09.13-20.53.37:742][  0]LogCollectionManager: Rebuilt the GUID cache for 0 collections in 0.000002 seconds
[2015.09.13-20.53.37:747][  0]LogContentBrowser: Native class hierarchy updated for 'WidgetCarousel' in 0.0002 seconds. Added 0 classes and 0 folders.
[2015.09.13-20.53.37:776][  0]LogContentBrowser: Native class hierarchy updated for 'AddContentDialog' in 0.0003 seconds. Added 0 classes and 0 folders.
[2015.09.13-20.53.37:783][  0]LogContentBrowser: Native class hierarchy updated for 'SceneOutliner' in 0.0003 seconds. Added 1 classes and 2 folders.
[2015.09.13-20.53.37:800][  0]LogCrashTracker: Crashtracker disabled due to settings.
[2015.09.13-20.53.37:803][  0]LogUObjectGlobals:Warning: Failed to find object 'Class None.'
[2015.09.13-20.53.37:823][  0]LogLoad: Full Startup: 4.62 seconds (BP compile: 0.00 seconds)
[2015.09.13-20.53.37:865][  0]LogContentStreaming: Texture pool size now 700 MB
[2015.09.13-20.53.37:975][  0]LogRenderer: Reallocating scene render targets to support 1208x576 (Frame:2).
[2015.09.13-20.53.38:057][  1]LogAssetRegistry: Asset discovery search completed in 1.3708 seconds
[2015.09.13-20.53.38:057][  1]LogCollectionManager: Rebuilt the object cache for 0 collections in 0.000000 seconds (found 0 objects)
[2015.09.13-20.53.38:057][  1]LogCollectionManager: Fixed up redirectors for 0 collections in 0.000025 seconds (updated 0 objects)
[2015.09.13-21.06.54:311][907]Cmd: QUIT_EDITOR
[2015.09.13-21.06.54:573][907]LogExit: Preparing to exit.
[2015.09.13-21.06.54:887][907]LogExit: Editor shut down
[2015.09.13-21.06.54:888][907]LogParticles: Destroying 0 GPU particle simulations for FXSystem 0x00000000243FC2C0
[2015.09.13-21.06.54:888][907]LogExit: Transaction tracking system shut down
[2015.09.13-21.06.54:888][907]LogParticles: Destroying 0 GPU particle simulations for FXSystem 0x0000000011876D40
[2015.09.13-21.06.54:889][907]LogParticles: Destroying 0 GPU particle simulations for FXSystem 0x0000000039DA80E0
[2015.09.13-21.06.55:009][907]LogExit: Object subsystem successfully closed.
[2015.09.13-21.06.55:019][907]LogD3D11RHI: Shutdown
[2015.09.13-21.06.55:019][907]LogD3D11RHI: CleanupD3DDevice
[2015.09.13-21.06.55:041][907]LogD3D11RHI: ~FD3D11DynamicRHI
[2015.09.13-21.06.55:052][907]LogModuleManager: Shutting down and abandoning module CrashTracker (198)
[2015.09.13-21.06.55:052][907]LogModuleManager: Shutting down and abandoning module SceneOutliner (197)
[2015.09.13-21.06.55:052][907]LogModuleManager: Shutting down and abandoning module SuperSearch (196)
[2015.09.13-21.06.55:052][907]LogModuleManager: Shutting down and abandoning module WidgetCarousel (195)
[2015.09.13-21.06.55:052][907]LogModuleManager: Shutting down and abandoning module AddContentDialog (194)
[2015.09.13-21.06.55:053][907]LogModuleManager: Shutting down and abandoning module EditorWidgets (193)
[2015.09.13-21.06.55:053][907]LogModuleManager: Shutting down and abandoning module CollectionManager (192)
[2015.09.13-21.06.55:053][907]LogModuleManager: Shutting down and abandoning module FoliageEdit (191)
[2015.09.13-21.06.55:053][907]LogModuleManager: Shutting down and abandoning module LandscapeEditor (190)
[2015.09.13-21.06.55:053][907]LogModuleManager: Shutting down and abandoning module ActorPickerMode (189)
[2015.09.13-21.06.55:053][907]LogModuleManager: Shutting down and abandoning module GeometryMode (188)
[2015.09.13-21.06.55:053][907]LogModuleManager: Shutting down and abandoning module TextureAlignMode (187)
[2015.09.13-21.06.55:053][907]LogModuleManager: Shutting down and abandoning module BspMode (186)
[2015.09.13-21.06.55:053][907]LogModuleManager: Shutting down and abandoning module PlacementMode (185)
[2015.09.13-21.06.55:053][907]LogModuleManager: Shutting down and abandoning module AutomationWorker (184)
[2015.09.13-21.06.55:053][907]LogModuleManager: Shutting down and abandoning module CharacterAI (183)
[2015.09.13-21.06.55:053][907]LogModuleManager: Shutting down and abandoning module SmartSnapping (182)
[2015.09.13-21.06.55:053][907]LogModuleManager: Shutting down and abandoning module ViewportSnapping (181)
[2015.09.13-21.06.55:053][907]LogModuleManager: Shutting down and abandoning module LogVisualizer (180)
[2015.09.13-21.06.55:053][907]LogModuleManager: Shutting down and abandoning module GameProjectGeneration (179)
[2015.09.13-21.06.55:053][907]LogModuleManager: Shutting down and abandoning module IntroTutorials (178)
[2015.09.13-21.06.55:053][907]LogModuleManager: Shutting down and abandoning module EditorLiveStreaming (177)
[2015.09.13-21.06.55:053][907]LogModuleManager: Shutting down and abandoning module IOSPlatformEditor (176)
[2015.09.13-21.06.55:053][907]LogModuleManager: Shutting down and abandoning module HTML5PlatformEditor (175)
[2015.09.13-21.06.55:053][907]LogModuleManager: Shutting down and abandoning module AndroidDeviceDetection (174)
[2015.09.13-21.06.55:481][907]LogModuleManager: Shutting down and abandoning module AndroidPlatformEditor (173)
[2015.09.13-21.06.55:481][907]LogModuleManager: Shutting down and abandoning module IOSRuntimeSettings (172)
[2015.09.13-21.06.55:481][907]LogModuleManager: Shutting down and abandoning module AndroidRuntimeSettings (171)
[2015.09.13-21.06.55:481][907]LogModuleManager: Shutting down and abandoning module MergeActors (170)
[2015.09.13-21.06.55:481][907]LogModuleManager: Shutting down and abandoning module SizeMap (169)
[2015.09.13-21.06.55:481][907]LogModuleManager: Shutting down and abandoning module TreeMap (168)
[2015.09.13-21.06.55:481][907]LogModuleManager: Shutting down and abandoning module ReferenceViewer (167)
[2015.09.13-21.06.55:481][907]LogModuleManager: Shutting down and abandoning module LocalizationService (166)
[2015.09.13-21.06.55:481][907]LogModuleManager: Shutting down and abandoning module LocalizationDashboard (165)
[2015.09.13-21.06.55:481][907]LogModuleManager: Shutting down and abandoning module HardwareTargeting (164)
[2015.09.13-21.06.55:481][907]LogModuleManager: Shutting down and abandoning module DeviceProfileEditor (163)
[2015.09.13-21.06.55:481][907]LogModuleManager: Shutting down and abandoning module UndoHistory (162)
[2015.09.13-21.06.55:481][907]LogModuleManager: Shutting down and abandoning module GameplayTagsEditor (161)
[2015.09.13-21.06.55:481][907]LogModuleManager: Shutting down and abandoning module UserFeedback (160)
[2015.09.13-21.06.55:481][907]LogModuleManager: Shutting down and abandoning module XmlParser (159)
[2015.09.13-21.06.55:481][907]LogModuleManager: Shutting down and abandoning module Blutility (158)
[2015.09.13-21.06.55:481][907]LogModuleManager: Shutting down and abandoning module ProjectTargetPlatformEditor (157)
[2015.09.13-21.06.55:481][907]LogModuleManager: Shutting down and abandoning module ProjectSettingsViewer (156)
[2015.09.13-21.06.55:481][907]LogModuleManager: Shutting down and abandoning module InputBindingEditor (155)
[2015.09.13-21.06.55:482][907]LogModuleManager: Shutting down and abandoning module EditorSettingsViewer (154)
[2015.09.13-21.06.55:482][907]LogModuleManager: Shutting down and abandoning module SettingsEditor (153)
[2015.09.13-21.06.55:482][907]LogModuleManager: Shutting down and abandoning module ProjectLauncher (152)
[2015.09.13-21.06.55:482][907]LogModuleManager: Shutting down and abandoning module SessionFrontend (151)
[2015.09.13-21.06.55:482][907]LogModuleManager: Shutting down and abandoning module ProfilerClient (150)
[2015.09.13-21.06.55:482][907]LogModuleManager: Shutting down and abandoning module TargetDeviceServices (149)
[2015.09.13-21.06.55:482][907]LogModuleManager: Shutting down and abandoning module DeviceManager (148)
[2015.09.13-21.06.55:482][907]LogModuleManager: Shutting down and abandoning module AutomationController (147)
[2015.09.13-21.06.55:482][907]LogModuleManager: Shutting down and abandoning module AutomationWindow (146)
[2015.09.13-21.06.55:482][907]LogModuleManager: Shutting down and abandoning module Layers (145)
[2015.09.13-21.06.55:482][907]LogModuleManager: Shutting down and abandoning module ComponentVisualizers (144)
[2015.09.13-21.06.55:482][907]LogModuleManager: Shutting down and abandoning module DetailCustomizations (143)
[2015.09.13-21.06.55:482][907]LogModuleManager: Shutting down and abandoning module PackagesDialog (142)
[2015.09.13-21.06.55:482][907]LogModuleManager: Shutting down and abandoning module Persona (141)
[2015.09.13-21.06.55:482][907]LogModuleManager: Shutting down and abandoning module Kismet (140)
[2015.09.13-21.06.55:482][907]LogModuleManager: Shutting down and abandoning module GraphEditor (139)
[2015.09.13-21.06.55:483][907]LogModuleManager: Shutting down and abandoning module ClassViewer (138)
[2015.09.13-21.06.55:483][907]LogModuleManager: Shutting down and abandoning module Toolbox (137)
[2015.09.13-21.06.55:483][907]LogModuleManager: Shutting down and abandoning module ModuleUI (136)
[2015.09.13-21.06.55:483][907]LogModuleManager: Shutting down and abandoning module MovieSceneTools (135)
[2015.09.13-21.06.55:483][907]LogModuleManager: Shutting down and abandoning module OutputLog (134)
[2015.09.13-21.06.55:483][907]LogModuleManager: Shutting down and abandoning module GammaUI (133)
[2015.09.13-21.06.55:483][907]LogModuleManager: Shutting down and abandoning module Documentation (132)
[2015.09.13-21.06.55:483][907]LogModuleManager: Shutting down and abandoning module GameLiveStreaming (131)
[2015.09.13-21.06.55:483][907]LogModuleManager: Shutting down and abandoning module StreamingPauseRendering (130)
[2015.09.13-21.06.55:483][907]LogModuleManager: Shutting down and abandoning module AnalyticsET (129)
[2015.09.13-21.06.55:483][907]LogModuleManager: Shutting down and abandoning module Analytics (128)
[2015.09.13-21.06.55:483][907]LogModuleManager: Shutting down and abandoning module AITestSuite (127)
[2015.09.13-21.06.55:483][907]LogModuleManager: Shutting down and abandoning module GameplayDebugger (126)
[2015.09.13-21.06.55:483][907]LogModuleManager: Shutting down and abandoning module AIModule (125)
[2015.09.13-21.06.55:483][907]LogModuleManager: Shutting down and abandoning module ProfilerService (124)
[2015.09.13-21.06.55:664][907]LogModuleManager: Shutting down and abandoning module TaskGraph (123)
[2015.09.13-21.06.55:664][907]LogModuleManager: Shutting down and abandoning module SubstanceEditor (122)
[2015.09.13-21.06.55:664][907]LogModuleManager: Shutting down and abandoning module SlateRemote (121)
[2015.09.13-21.06.55:664][907]LogModuleManager: Shutting down and abandoning module SteamVRController (120)
[2015.09.13-21.06.55:664][907]LogModuleManager: Shutting down and abandoning module SteamVR (119)
[2015.09.13-21.06.55:664][907]LogModuleManager: Shutting down and abandoning module ProceduralMeshComponent (118)
[2015.09.13-21.06.55:664][907]LogModuleManager: Shutting down and abandoning module OculusRift (117)
[2015.09.13-21.06.55:664][907]LogModuleManager: Shutting down and abandoning module OculusLibrary (116)
[2015.09.13-21.06.55:664][907]LogModuleManager: Shutting down and abandoning module LeapMotionController (115)
[2015.09.13-21.06.55:672][907]LogModuleManager: Shutting down and abandoning module CustomMeshComponent (114)
[2015.09.13-21.06.55:672][907]LogModuleManager: Shutting down and abandoning module CableComponent (113)
[2015.09.13-21.06.55:672][907]LogModuleManager: Shutting down and abandoning module ArchVisCharacter (112)
[2015.09.13-21.06.55:672][907]LogModuleManager: Shutting down and abandoning module MessagingDebugger (111)
[2015.09.13-21.06.55:672][907]LogModuleManager: Shutting down and abandoning module MediaPlayerEditor (110)
[2015.09.13-21.06.55:672][907]LogModuleManager: Shutting down and abandoning module HTML5Networking (109)
[2015.09.13-21.06.55:672][907]LogModuleManager: Shutting down and abandoning module SpeedTreeImporter (108)
[2015.09.13-21.06.55:672][907]LogModuleManager: Shutting down and abandoning module PluginBrowser (107)
[2015.09.13-21.06.55:672][907]LogModuleManager: Shutting down and abandoning module EpicSurvey (106)
[2015.09.13-21.06.55:672][907]LogModuleManager: Shutting down and abandoning module DesktopPlatform (105)
[2015.09.13-21.06.55:672][907]LogModuleManager: Shutting down and abandoning module VisualStudioSourceCodeAccess (104)
[2015.09.13-21.06.55:672][907]LogModuleManager: Shutting down and abandoning module UObjectPlugin (103)
[2015.09.13-21.06.55:672][907]LogModuleManager: Shutting down and abandoning module SubversionSourceControl (102)
[2015.09.13-21.06.55:672][907]LogModuleManager: Shutting down and abandoning module PerforceSourceControl (101)
[2015.09.13-21.06.55:672][907]LogModuleManager: Shutting down and abandoning module SourceControl (100)
[2015.09.13-21.06.55:672][907]LogModuleManager: Shutting down and abandoning module GitSourceControl (99)
[2015.09.13-21.06.55:672][907]LogModuleManager: Shutting down and abandoning module LightPropagationVolumeEditor (98)
[2015.09.13-21.06.55:672][907]LogModuleManager: Shutting down and abandoning module PaperTiledImporter (97)
[2015.09.13-21.06.55:672][907]LogModuleManager: Shutting down and abandoning module PaperSpriteSheetImporter (96)
[2015.09.13-21.06.55:672][907]LogModuleManager: Shutting down and abandoning module MeshPaint (95)
[2015.09.13-21.06.55:672][907]LogModuleManager: Shutting down and abandoning module SlateReflector (94)
[2015.09.13-21.06.55:672][907]LogModuleManager: Shutting down and abandoning module HotReload (93)
[2015.09.13-21.06.55:672][907]LogModuleManager: Shutting down and abandoning module MainFrame (92)
[2015.09.13-21.06.55:672][907]LogModuleManager: Shutting down and abandoning module LevelEditor (91)
[2015.09.13-21.06.55:673][907]LogModuleManager: Shutting down and abandoning module ContentBrowser (90)
[2015.09.13-21.06.55:674][907]LogModuleManager: Shutting down and abandoning module Paper2DEditor (89)
[2015.09.13-21.06.55:674][907]LogModuleManager: Shutting down and abandoning module UdpMessaging (88)
[2015.09.13-21.06.55:774][907]LogModuleManager: Shutting down and abandoning module DirectoryWatcher (87)
[2015.09.13-21.06.55:774][907]LogModuleManager: Shutting down and abandoning module AssetRegistry (86)
[2015.09.13-21.06.55:841][907]LogModuleManager: Shutting down and abandoning module SubstanceCore (85)
[2015.09.13-21.06.55:841][907]LogModuleManager: Shutting down and abandoning module LightPropagationVolumeRuntime (84)
[2015.09.13-21.06.55:841][907]LogModuleManager: Shutting down and abandoning module Paper2D (83)
[2015.09.13-21.06.55:841][907]LogModuleManager: Shutting down and abandoning module WindowsMoviePlayer (82)
[2015.09.13-21.06.55:844][907]LogModuleManager: Shutting down and abandoning module Media (81)
[2015.09.13-21.06.55:844][907]LogModuleManager: Shutting down and abandoning module WmfMedia (80)
[2015.09.13-21.06.55:844][907]LogModuleManager: Shutting down and abandoning module OnlineBlueprintSupport (79)
[2015.09.13-21.06.55:844][907]LogModuleManager: Shutting down and abandoning module GameplayTasksEditor (78)
[2015.09.13-21.06.55:844][907]LogModuleManager: Shutting down and abandoning module PropertyEditor (77)
[2015.09.13-21.06.55:844][907]LogModuleManager: Shutting down and abandoning module BehaviorTreeEditor (76)
[2015.09.13-21.06.55:844][907]LogModuleManager: Shutting down and abandoning module FunctionalTesting (75)
[2015.09.13-21.06.55:844][907]LogModuleManager: Shutting down and abandoning module CollisionAnalyzer (74)
[2015.09.13-21.06.55:844][907]LogModuleManager: Shutting down and abandoning module WorkspaceMenuStructure (73)
[2015.09.13-21.06.55:844][907]LogModuleManager: Shutting down and abandoning module MessageLog (72)
[2015.09.13-21.06.55:844][907]LogModuleManager: Shutting down and abandoning module Sequencer (71)
[2015.09.13-21.06.55:844][907]LogModuleManager: Shutting down and abandoning module AssetTools (70)
[2015.09.13-21.06.55:844][907]LogModuleManager: Shutting down and abandoning module UMGEditor (69)
[2015.09.13-21.06.55:844][907]LogModuleManager: Shutting down and abandoning module UMG (68)
[2015.09.13-21.06.55:844][907]LogModuleManager: Shutting down and abandoning module Slate (67)
[2015.09.13-21.06.55:844][907]LogModuleManager: Shutting down and abandoning module EditorStyle (66)
[2015.09.13-21.06.55:846][907]LogModuleManager: Shutting down and abandoning module SessionServices (65)
[2015.09.13-21.06.55:846][907]LogModuleManager: Shutting down and abandoning module SourceCodeAccess (64)
[2015.09.13-21.06.55:846][907]LogModuleManager: Shutting down and abandoning module HeadMountedDisplay (63)
[2015.09.13-21.06.55:846][907]LogModuleManager: Shutting down and abandoning module XAudio2 (62)
[2015.09.13-21.06.55:846][907]LogModuleManager: Shutting down and abandoning module Networking (60)
[2015.09.13-21.06.55:846][907]LogModuleManager: Shutting down and abandoning module Core (59)
[2015.09.13-21.06.55:846][907]LogModuleManager: Shutting down and abandoning module KismetCompiler (58)
[2015.09.13-21.06.55:846][907]LogModuleManager: Shutting down and abandoning module PhysXFormats (57)
[2015.09.13-21.06.55:846][907]LogModuleManager: Shutting down and abandoning module MeshUtilities (56)
[2015.09.13-21.06.55:846][907]LogModuleManager: Shutting down and abandoning module CookingStats (55)
[2015.09.13-21.06.55:846][907]LogModuleManager: Shutting down and abandoning module DerivedDataCache (54)
[2015.09.13-21.06.55:908][907]LogDerivedDataCache: Shutdown
[2015.09.13-21.06.55:908][907]LogModuleManager: Shutting down and abandoning module ShaderFormatOpenGL (53)
[2015.09.13-21.06.55:908][907]LogModuleManager: Shutting down and abandoning module ShaderFormatD3D (52)
[2015.09.13-21.06.55:908][907]LogModuleManager: Shutting down and abandoning module MetalShaderFormat (51)
[2015.09.13-21.06.55:908][907]LogModuleManager: Shutting down and abandoning module TextureFormatUncompressed (50)
[2015.09.13-21.06.55:908][907]LogModuleManager: Shutting down and abandoning module TextureFormatPVR (49)
[2015.09.13-21.06.55:908][907]LogModuleManager: Shutting down and abandoning module TextureFormatIntelISPCTexComp (48)
[2015.09.13-21.06.55:908][907]LogModuleManager: Shutting down and abandoning module TextureFormatDXT (47)
[2015.09.13-21.06.55:908][907]LogModuleManager: Shutting down and abandoning module ImageWrapper (46)
[2015.09.13-21.06.55:908][907]LogModuleManager: Shutting down and abandoning module TextureFormatASTC (45)
[2015.09.13-21.06.55:908][907]LogModuleManager: Shutting down and abandoning module TextureFormatAndroid (44)
[2015.09.13-21.06.55:908][907]LogModuleManager: Shutting down and abandoning module AudioFormatOpus (43)
[2015.09.13-21.06.55:908][907]LogModuleManager: Shutting down and abandoning module AudioFormatOgg (42)
[2015.09.13-21.06.55:908][907]LogModuleManager: Shutting down and abandoning module AudioFormatADPCM (41)
[2015.09.13-21.06.55:908][907]LogModuleManager: Shutting down and abandoning module LinuxTargetPlatform (40)
[2015.09.13-21.06.55:908][907]LogModuleManager: Shutting down and abandoning module LinuxServerTargetPlatform (39)
[2015.09.13-21.06.55:908][907]LogModuleManager: Shutting down and abandoning module LinuxNoEditorTargetPlatform (38)
[2015.09.13-21.06.55:908][907]LogModuleManager: Shutting down and abandoning module Messaging (37)
[2015.09.13-21.06.55:908][907]LogModuleManager: Shutting down and abandoning module IOSTargetPlatform (36)
[2015.09.13-21.06.55:908][907]LogModuleManager: Shutting down and abandoning module HTML5TargetPlatform (35)
[2015.09.13-21.06.55:908][907]LogModuleManager: Shutting down and abandoning module Android_PVRTCTargetPlatform (34)
[2015.09.13-21.06.55:908][907]LogModuleManager: Shutting down and abandoning module Android_ETC2TargetPlatform (33)
[2015.09.13-21.06.55:908][907]LogModuleManager: Shutting down and abandoning module Android_ETC1TargetPlatform (32)
[2015.09.13-21.06.55:908][907]LogModuleManager: Shutting down and abandoning module Android_DXTTargetPlatform (31)
[2015.09.13-21.06.55:908][907]LogModuleManager: Shutting down and abandoning module Android_ATCTargetPlatform (30)
[2015.09.13-21.06.55:908][907]LogModuleManager: Shutting down and abandoning module Android_ASTCTargetPlatform (29)
[2015.09.13-21.06.55:908][907]LogModuleManager: Shutting down and abandoning module AndroidTargetPlatform (28)
[2015.09.13-21.06.55:908][907]LogModuleManager: Shutting down and abandoning module WindowsTargetPlatform (27)
[2015.09.13-21.06.55:908][907]LogModuleManager: Shutting down and abandoning module WindowsServerTargetPlatform (26)
[2015.09.13-21.06.55:908][907]LogModuleManager: Shutting down and abandoning module WindowsNoEditorTargetPlatform (25)
[2015.09.13-21.06.55:908][907]LogModuleManager: Shutting down and abandoning module WindowsClientTargetPlatform (24)
[2015.09.13-21.06.55:909][907]LogModuleManager: Shutting down and abandoning module AllDesktopTargetPlatform (23)
[2015.09.13-21.06.55:909][907]LogModuleManager: Shutting down and abandoning module TargetPlatform (22)
[2015.09.13-21.06.55:909][907]LogModuleManager: Shutting down and abandoning module InputCore (21)
[2015.09.13-21.06.55:909][907]LogModuleManager: Shutting down and abandoning module Settings (20)
[2015.09.13-21.06.55:909][907]LogModuleManager: Shutting down and abandoning module OnlineSubsystem (18)
[2015.09.13-21.06.55:909][907]LogModuleManager: Shutting down and abandoning module HTTP (17)
[2015.09.13-21.06.57:909][907]LogModuleManager: Shutting down and abandoning module XMPP (16)
[2015.09.13-21.06.57:909][907]LogModuleManager: Shutting down and abandoning module ExampleDeviceProfileSelector (15)
[2015.09.13-21.06.57:909][907]LogModuleManager: Shutting down and abandoning module TextureCompressor (14)
[2015.09.13-21.06.57:910][907]LogModuleManager: Shutting down and abandoning module ShaderCore (13)
[2015.09.13-21.06.57:910][907]LogModuleManager: Shutting down and abandoning module Landscape (12)
[2015.09.13-21.06.57:910][907]LogModuleManager: Shutting down and abandoning module SlateRHIRenderer (11)
[2015.09.13-21.06.57:911][907]LogModuleManager: Shutting down and abandoning module OpenGLDrv (10)
[2015.09.13-21.06.57:911][907]LogModuleManager: Shutting down and abandoning module D3D11RHI (9)
[2015.09.13-21.06.57:911][907]LogModuleManager: Shutting down and abandoning module AnimGraphRuntime (8)
[2015.09.13-21.06.57:911][907]LogModuleManager: Shutting down and abandoning module Renderer (7)
[2015.09.13-21.06.57:911][907]LogModuleManager: Shutting down and abandoning module Engine (6)
[2015.09.13-21.06.57:911][907]LogModuleManager: Shutting down and abandoning module CoreUObject (5)
[2015.09.13-21.06.57:911][907]LogModuleManager: Shutting down and abandoning module NetworkFile (4)
[2015.09.13-21.06.57:911][907]LogModuleManager: Shutting down and abandoning module StreamingFile (3)
[2015.09.13-21.06.57:911][907]LogModuleManager: Shutting down and abandoning module SandboxFile (2)
[2015.09.13-21.06.57:911][907]LogModuleManager: Shutting down and abandoning module PakFile (1)
[2015.09.13-21.06.57:912][907]LogExit: Exiting.
[2015.09.13-21.06.57:916][907]Log file closed, 09/13/15 23:06:57
