[2015.09.06-19.17.41:109][  0]Log file open, 09/06/15 21:17:41
[2015.09.06-19.17.41:109][  0]LogInit:Display: Running engine for game: Project_ReSurvivor
[2015.09.06-19.17.41:109][  0]LogInit:Display: RandInit(-1509380478) SRandInit(-1509380477).
[2015.09.06-19.17.41:109][  0]LogTaskGraph: Started task graph with 4 named threads and 5 total threads.
[2015.09.06-19.17.41:109][  0]LogStats: Stats thread started at 0.345058
[2015.09.06-19.17.41:109][  0]LogInit: Version: 4.9.0-2672455+++depot+UE4-Releases+4.9
[2015.09.06-19.17.41:110][  0]LogInit: API Version: 2672455
[2015.09.06-19.17.41:110][  0]LogInit: Compiled (64-bit): Aug 28 2015 12:33:01
[2015.09.06-19.17.41:110][  0]LogInit: Compiled with Visual C++: 18.00.21005.01
[2015.09.06-19.17.41:110][  0]LogInit: Build Configuration: Development
[2015.09.06-19.17.41:110][  0]LogInit: Branch Name: ++depot+UE4-Releases+4.9
[2015.09.06-19.17.41:110][  0]LogInit: Command line:  
[2015.09.06-19.17.41:110][  0]LogInit: Base directory: G:/Program Files/Epic Games/4.9/Engine/Binaries/Win64/
[2015.09.06-19.17.41:110][  0]LogInit: Rocket: 1
[2015.09.06-19.17.41:131][  0]LogInit: Using libcurl 7.41.0
[2015.09.06-19.17.41:131][  0]LogInit:  - built for x86_64-pc-win32
[2015.09.06-19.17.41:131][  0]LogInit:  - supports SSL with WinSSL
[2015.09.06-19.17.41:131][  0]LogInit:  - other features:
[2015.09.06-19.17.41:131][  0]LogInit:      CURL_VERSION_SSL
[2015.09.06-19.17.41:131][  0]LogInit:      CURL_VERSION_IPV6
[2015.09.06-19.17.41:131][  0]LogInit:      CURL_VERSION_ASYNCHDNS
[2015.09.06-19.17.41:131][  0]LogInit:      CURL_VERSION_LARGEFILE
[2015.09.06-19.17.41:131][  0]LogInit:      CURL_VERSION_IDN
[2015.09.06-19.17.41:131][  0]LogInit:  CurlRequestOptions (configurable via config and command line):
[2015.09.06-19.17.41:131][  0]LogInit:  - bVerifyPeer = true  - Libcurl will verify peer certificate
[2015.09.06-19.17.41:131][  0]LogInit:  - bUseHttpProxy = false  - Libcurl will NOT use HTTP proxy
[2015.09.06-19.17.41:131][  0]LogInit:  - bDontReuseConnections = false  - Libcurl will reuse connections
[2015.09.06-19.17.41:131][  0]LogInit:  - CertBundlePath = nullptr  - Libcurl will use whatever was configured at build time.
[2015.09.06-19.17.41:147][  0]LogInit: Presizing for 0 objects not considered by GC, pre-allocating 0 bytes.
[2015.09.06-19.17.41:163][  0]LogInit: Object subsystem initialized
[2015.09.06-19.17.41:167][  0]LogInit: Selected Device Profile: [Windows]
[2015.09.06-19.17.41:167][  0]LogInit: Applying CVar settings loaded from the selected device profile: [Windows]
[2015.09.06-19.17.41:190][  0]LogInit: Computer: THEONLYONE
[2015.09.06-19.17.41:191][  0]LogInit: User: pc
[2015.09.06-19.17.41:191][  0]LogInit: CPU Page size=4096, Cores=2
[2015.09.06-19.17.41:191][  0]LogInit: High frequency timer resolution =2.078173 MHz
[2015.09.06-19.17.41:191][  0]LogMemory: Memory total: Physical=3.9GB (4GB approx)
[2015.09.06-19.17.41:191][  0]LogMemory: Platform Memory Stats for Windows
[2015.09.06-19.17.41:191][  0]LogMemory: Process Physical Memory: 52.98 MB used, 52.98 MB peak
[2015.09.06-19.17.41:191][  0]LogMemory: Process Virtual Memory: 57.66 MB used, 57.66 MB peak
[2015.09.06-19.17.41:191][  0]LogMemory: Physical Memory: 1748.21 MB used, 4029.61 MB total
[2015.09.06-19.17.41:191][  0]LogMemory: Virtual Memory: 337.62 MB used, 8388608.00 MB total
[2015.09.06-19.17.41:279][  0]LogTextLocalizationManager: No translations for ('hr-HR') exist, falling back to 'en' for localization and internationalization data.
[2015.09.06-19.17.43:178][  0]LogD3D11RHI: Found D3D11 adapter 0: AMD RADEON HD 6450 (Feature Level 11_0)
[2015.09.06-19.17.43:178][  0]LogD3D11RHI: Adapter has 1012MB of dedicated video memory, 0MB of dedicated system memory, and 1758MB of shared system memory, 1 output[s]
[2015.09.06-19.17.43:178][  0]LogD3D11RHI: Chosen D3D11 Adapter Id = 0
[2015.09.06-19.17.43:190][  0]LogD3D11RHI: !Direct3DDevice
[2015.09.06-19.17.43:191][  0]LogRHI: Texture pool is 708 MB (70% of 1012 MB)
[2015.09.06-19.17.43:201][  0]LogD3D11RHI: Async texture creation disabled: no driver support
[2015.09.06-19.17.43:215][  0]LogShaderCompilers: Guid format shader working directory is 15 characters bigger than the processId version (../../../../../../EpicBeardMan/Work/Project Re-Survivor/Project_ReSurvivor/Intermediate/Shaders/WorkingDirectory/2156/).
[2015.09.06-19.17.43:215][  0]LogShaderCompilers: Cleaned the shader compiler working directory '../../../../../../EpicBeardMan/Work/Project Re-Survivor/Project_ReSurvivor/Intermediate/Shaders/tmp/83953A45461C14E57BA14D80EF1A372F/'.
[2015.09.06-19.17.43:215][  0]LogShaderCompilers:Display: Using Local Shader Compiler.
[2015.09.06-19.17.47:512][  0]LogTemp:Display: Loaded TP AllDesktopTargetPlatform
[2015.09.06-19.17.47:525][  0]LogTemp:Display: Loaded TP WindowsClientTargetPlatform
[2015.09.06-19.17.47:537][  0]LogTemp:Display: Loaded TP WindowsNoEditorTargetPlatform
[2015.09.06-19.17.47:550][  0]LogTemp:Display: Loaded TP WindowsServerTargetPlatform
[2015.09.06-19.17.47:564][  0]LogTemp:Display: Loaded TP WindowsTargetPlatform
[2015.09.06-19.17.47:576][  0]LogTemp:Display: Loaded TP AndroidTargetPlatform
[2015.09.06-19.17.47:584][  0]LogTemp:Display: Loaded TP Android_ASTCTargetPlatform
[2015.09.06-19.17.47:594][  0]LogTemp:Display: Loaded TP Android_ATCTargetPlatform
[2015.09.06-19.17.47:606][  0]LogTemp:Display: Loaded TP Android_DXTTargetPlatform
[2015.09.06-19.17.47:616][  0]LogTemp:Display: Loaded TP Android_ETC1TargetPlatform
[2015.09.06-19.17.47:627][  0]LogTemp:Display: Loaded TP Android_ETC2TargetPlatform
[2015.09.06-19.17.47:635][  0]LogTemp:Display: Loaded TP Android_PVRTCTargetPlatform
[2015.09.06-19.17.47:637][  0]LogTemp:Display: Loaded TP HTML5TargetPlatform
[2015.09.06-19.17.47:661][  0]LogTemp:Display: Loaded TP IOSTargetPlatform
[2015.09.06-19.17.47:673][  0]LogTemp:Display: Loaded TP LinuxNoEditorTargetPlatform
[2015.09.06-19.17.47:682][  0]LogTemp:Display: Loaded TP LinuxServerTargetPlatform
[2015.09.06-19.17.47:691][  0]LogTemp:Display: Loaded TP LinuxTargetPlatform
[2015.09.06-19.17.47:691][  0]LogTargetPlatformManager:Display: Building Assets For Windows
[2015.09.06-19.17.47:894][  0]LogDerivedDataCache:Display: Max Cache Size: 512 MB
[2015.09.06-19.17.48:065][  0]LogDerivedDataCache: Loaded boot cache 0.17s 41MB C:/Users/pc/AppData/Local/UnrealEngine/4.9/DerivedDataCache/Boot.ddc.
[2015.09.06-19.17.48:065][  0]LogDerivedDataCache:Display: Loaded Boot cache: C:/Users/pc/AppData/Local/UnrealEngine/4.9/DerivedDataCache/Boot.ddc
[2015.09.06-19.17.48:065][  0]LogDerivedDataCache: FDerivedDataBackendGraph:  Pak pak cache file ../../../../../../EpicBeardMan/Work/Project Re-Survivor/Project_ReSurvivor/DerivedDataCache/DDC.ddp not found, will not use a pak cache.
[2015.09.06-19.17.48:065][  0]LogDerivedDataCache: Unable to find inner node Pak for hierarchical cache Hierarchy.
[2015.09.06-19.17.48:065][  0]LogDerivedDataCache: FDerivedDataBackendGraph:  CompressedPak pak cache file ../../../../../../EpicBeardMan/Work/Project Re-Survivor/Project_ReSurvivor/DerivedDataCache/Compressed.ddp not found, will not use a pak cache.
[2015.09.06-19.17.48:065][  0]LogDerivedDataCache: Unable to find inner node CompressedPak for hierarchical cache Hierarchy.
[2015.09.06-19.17.48:362][  0]LogDerivedDataCache:Display: Pak cache opened for reading ../../../Engine/DerivedDataCache/Compressed.ddp.
[2015.09.06-19.17.48:375][  0]LogDerivedDataCache: Using Local data cache path C:/Users/pc/AppData/Local/UnrealEngine/Common/DerivedDataCache: Writable
[2015.09.06-19.17.48:773][  0]LogInit: Selected Device Profile: [Windows]
[2015.09.06-19.17.48:775][  0]LogContentStreaming: Texture pool size is 0.000000MB
[2015.09.06-19.17.48:873][  0]LogMeshUtilities: No automatic mesh reduction module available
[2015.09.06-19.17.48:873][  0]LogMeshUtilities: No automatic mesh merging module available
[2015.09.06-19.17.49:810][  0]LogInit: WinSock: version 1.1 (2.2), MaxSocks=32767, MaxUdp=65467
[2015.09.06-19.17.51:989][  0]UdpMessaging: Initializing bridge on interface 0.0.0.0:0 to multicast group 230.0.0.1:6666.
[2015.09.06-19.17.52:422][  0]LogAssetRegistry: FAssetRegistry took 0.0955 seconds to start up
[2015.09.06-19.17.52:961][  0]SourceControl: Info Source control is disabled
[2015.09.06-19.17.53:164][  0]SourceControl: Info Source control is disabled
[2015.09.06-19.17.53:281][  0]SourceControl: Info Source control is disabled
[2015.09.06-19.17.53:344][  0]SourceControl: Info Source control is disabled
[2015.09.06-19.17.54:188][  0]LogLinker:Warning: Asset '../../../Engine/Plugins/Runtime/LeapMotionController/Content/LM_PassthroughMaterial.uasset' has been saved with empty engine version. The asset will be loaded but may be incompatible.
[2015.09.06-19.17.54:845][  0]LogObj: 28361 objects as part of root set at end of initial load.
[2015.09.06-19.17.54:845][  0]LogUObjectAllocator: 6038864 out of 0 bytes used by permanent object pool.
[2015.09.06-19.17.55:011][  0]LogEngine: Initializing Engine...
[2015.09.06-19.17.55:047][  0]LogHMD: Can't find Oculus library dev build: is proper Runtime installed? Version: 0.6.0.0
[2015.09.06-19.17.55:048][  0]LogHMD: SteamVR failed to initialize.  Err: 110
[2015.09.06-19.17.56:249][  0]LogAIModule: Creating AISystem for world NewWorld
[2015.09.06-19.17.56:282][  0]LogInit: XAudio2 using 'Speakers (High Definition Audio Device)' : 2 channels at 44.1 kHz using 16 bits per sample (channel mask 0x3)
[2015.09.06-19.17.56:834][  0]LogInit: FAudioDevice initialized.
[2015.09.06-19.17.56:951][  0]LogDerivedDataCache: Saved boot cache 0.12s 41MB C:/Users/pc/AppData/Local/UnrealEngine/4.9/DerivedDataCache/Boot.ddc.
[2015.09.06-19.17.56:975][  0]LogInit: Texture streaming: Enabled
[2015.09.06-19.17.56:987][  0]LogAnalytics: Creating configured Analytics provider AnalyticsET
[2015.09.06-19.17.56:987][  0]LogAnalytics: [UEEditor.Rocket.Release] APIServer = http://et2.epicgames.com/ET2/. AppVersion = 4.9.0-2672455+++depot+UE4-Releases+4.9
[2015.09.06-19.17.56:988][  0]LogAnalytics: [UEEditor.Rocket.Release] SetUserId d170806f4693dff70fdc36a2c7dca4f2|f9225645bd7847cda58b36280a4487c8|a28c9c84-4087-4644-9670-da4ceaa6d885
[2015.09.06-19.17.56:988][  0]LogAnalytics: [UEEditor.Rocket.Release] AnalyticsET::StartSession
[2015.09.06-19.17.57:206][  0]LogInit: Transaction tracking system initialized
[2015.09.06-19.17.57:412][  0]BlueprintLog: New page: Editor Load
[2015.09.06-19.17.57:665][  0]LocalizationService: Info Localization service is disabled
[2015.09.06-19.17.58:354][  0]LogConsoleResponse:Display: 
[2015.09.06-19.17.58:613][  0]LogCook:Display: Done creating registry. It took  0.00s.
[2015.09.06-19.17.59:416][  0]SourceControl: Info Source control is disabled
[2015.09.06-19.17.59:416][  0]Cmd: MAP LOAD FILE="../../../../../../EpicBeardMan/Work/Project Re-Survivor/Project_ReSurvivor/Content/FirstPersonBP/Maps/FirstPersonExampleMap.umap" TEMPLATE=0 SHOWPROGRESS=1 FEATURELEVEL=3
[2015.09.06-19.17.59:451][  0]LightingResults: New page: Lighting Build
[2015.09.06-19.17.59:465][  0]MapCheck: New page: Map Check
[2015.09.06-19.17.59:465][  0]LightingResults: New page: Lighting Build
[2015.09.06-19.17.59:514][  0]LogParticles: Destroying 0 GPU particle simulations for FXSystem 0x000000002094C400
[2015.09.06-19.18.02:449][  0]LogMaterial: Missing cached shader map for material EmptyBulletShell_Material, compiling. 
[2015.09.06-19.18.02:728][  0]LogMaterial: Missing cached shader map for material Gun_Material, compiling. 
[2015.09.06-19.18.03:671][  0]LogAIModule: Creating AISystem for world FirstPersonExampleMap
[2015.09.06-19.18.03:805][  0]LogEditorServer: Finished looking for orphan Actors (0.000 secs)
[2015.09.06-19.18.03:805][  0]Cmd: MAP CHECKDEP NOCLEARLOG
[2015.09.06-19.18.04:157][  0]MapCheck: Info Map check complete: 0 Error(s), 0 Warning(s), took 349.326ms to complete.
[2015.09.06-19.18.04:158][  0]LogFileHelpers: Loading map 'FirstPersonExampleMap' took 4.742
[2015.09.06-19.18.05:947][  0]LogCollectionManager: Loaded 0 collections in 0.004485 seconds
[2015.09.06-19.18.06:172][  0]LogContentBrowser: Native class hierarchy populated in 0.0162 seconds. Added 1867 classes and 333 folders.
[2015.09.06-19.18.06:945][  0]LogFileCache: Scanning file cache for directory 'G:/EpicBeardMan/Work/Project Re-Survivor/Project_ReSurvivor/Saved/Collections/' took 0.22s
[2015.09.06-19.18.06:945][  0]LogFileCache: Scanning file cache for directory 'G:/EpicBeardMan/Work/Project Re-Survivor/Project_ReSurvivor/Content/Developers/pc/Collections/' took 0.02s
[2015.09.06-19.18.06:945][  0]LogFileCache: Scanning file cache for directory 'G:/EpicBeardMan/Work/Project Re-Survivor/Project_ReSurvivor/Content/Collections/' took 0.02s
[2015.09.06-19.18.06:945][  0]LogCollectionManager: Rebuilt the GUID cache for 0 collections in 0.000004 seconds
[2015.09.06-19.18.07:058][  0]LogContentBrowser: Native class hierarchy updated for 'WidgetCarousel' in 0.0008 seconds. Added 0 classes and 0 folders.
[2015.09.06-19.18.07:270][  0]LogContentBrowser: Native class hierarchy updated for 'AddContentDialog' in 0.0009 seconds. Added 0 classes and 0 folders.
[2015.09.06-19.18.07:279][  0]LogContentBrowser: Native class hierarchy updated for 'SceneOutliner' in 0.0009 seconds. Added 1 classes and 2 folders.
[2015.09.06-19.18.07:439][  0]LogCrashTracker: Crashtracker disabled due to settings.
[2015.09.06-19.18.07:670][  0]LogUObjectGlobals:Warning: Failed to find object 'Class None.'
[2015.09.06-19.18.07:899][  0]LogLoad: Full Startup: 28.51 seconds (BP compile: 0.90 seconds)
[2015.09.06-19.18.13:586][  0]LogContentStreaming: Texture pool size now 200 MB
[2015.09.06-19.18.31:810][  0]LogRenderer: Reallocating scene render targets to support 1220x656 (Frame:2).
[2015.09.06-19.18.54:668][  1]LogWindowsTextInputMethodSystem:Display: IME system now deactivated.
[2015.09.06-19.18.54:844][  2]Cmd: QUIT_EDITOR
[2015.09.06-19.18.55:769][  2]LogExit: Preparing to exit.
[2015.09.06-19.18.56:808][  2]LogExit: Editor shut down
[2015.09.06-19.18.56:809][  2]LogExit: Transaction tracking system shut down
[2015.09.06-19.18.56:898][  2]LogParticles: Destroying 0 GPU particle simulations for FXSystem 0x0000000022C274C0
[2015.09.06-19.18.57:816][  2]LogParticles: Destroying 0 GPU particle simulations for FXSystem 0x000000002734EB60
[2015.09.06-19.18.57:816][  2]LogExit: Object subsystem successfully closed.
[2015.09.06-19.18.57:993][  2]LogD3D11RHI: Shutdown
[2015.09.06-19.18.57:994][  2]LogD3D11RHI: CleanupD3DDevice
[2015.09.06-19.18.58:009][  2]LogD3D11RHI: ~FD3D11DynamicRHI
[2015.09.06-19.19.02:636][  2]LogModuleManager: Shutting down and abandoning module CrashTracker (197)
[2015.09.06-19.19.02:636][  2]LogModuleManager: Shutting down and abandoning module SceneOutliner (196)
[2015.09.06-19.19.02:643][  2]LogModuleManager: Shutting down and abandoning module SuperSearch (195)
[2015.09.06-19.19.02:643][  2]LogModuleManager: Shutting down and abandoning module WidgetCarousel (194)
[2015.09.06-19.19.02:643][  2]LogModuleManager: Shutting down and abandoning module AddContentDialog (193)
[2015.09.06-19.19.02:666][  2]LogModuleManager: Shutting down and abandoning module EditorWidgets (192)
[2015.09.06-19.19.02:666][  2]LogModuleManager: Shutting down and abandoning module CollectionManager (191)
[2015.09.06-19.19.02:667][  2]LogModuleManager: Shutting down and abandoning module StatsViewer (190)
[2015.09.06-19.19.02:667][  2]LogModuleManager: Shutting down and abandoning module FoliageEdit (189)
[2015.09.06-19.19.02:667][  2]LogModuleManager: Shutting down and abandoning module LandscapeEditor (188)
[2015.09.06-19.19.02:704][  2]LogModuleManager: Shutting down and abandoning module ActorPickerMode (187)
[2015.09.06-19.19.02:704][  2]LogModuleManager: Shutting down and abandoning module GeometryMode (186)
[2015.09.06-19.19.02:704][  2]LogModuleManager: Shutting down and abandoning module TextureAlignMode (185)
[2015.09.06-19.19.02:704][  2]LogModuleManager: Shutting down and abandoning module BspMode (184)
[2015.09.06-19.19.02:704][  2]LogModuleManager: Shutting down and abandoning module PlacementMode (183)
[2015.09.06-19.19.02:704][  2]LogModuleManager: Shutting down and abandoning module AutomationWorker (182)
[2015.09.06-19.19.02:704][  2]LogModuleManager: Shutting down and abandoning module CharacterAI (181)
[2015.09.06-19.19.02:704][  2]LogModuleManager: Shutting down and abandoning module SmartSnapping (180)
[2015.09.06-19.19.02:704][  2]LogModuleManager: Shutting down and abandoning module ViewportSnapping (179)
[2015.09.06-19.19.02:704][  2]LogModuleManager: Shutting down and abandoning module LogVisualizer (178)
[2015.09.06-19.19.02:704][  2]LogModuleManager: Shutting down and abandoning module GameProjectGeneration (177)
[2015.09.06-19.19.02:726][  2]LogModuleManager: Shutting down and abandoning module IntroTutorials (176)
[2015.09.06-19.19.02:726][  2]LogModuleManager: Shutting down and abandoning module EditorLiveStreaming (175)
[2015.09.06-19.19.02:726][  2]LogModuleManager: Shutting down and abandoning module IOSPlatformEditor (174)
[2015.09.06-19.19.02:726][  2]LogModuleManager: Shutting down and abandoning module HTML5PlatformEditor (173)
[2015.09.06-19.19.02:726][  2]LogModuleManager: Shutting down and abandoning module AndroidDeviceDetection (172)
[2015.09.06-19.19.02:995][  2]LogModuleManager: Shutting down and abandoning module AndroidPlatformEditor (171)
[2015.09.06-19.19.02:995][  2]LogModuleManager: Shutting down and abandoning module IOSRuntimeSettings (170)
[2015.09.06-19.19.02:996][  2]LogModuleManager: Shutting down and abandoning module AndroidRuntimeSettings (169)
[2015.09.06-19.19.02:996][  2]LogModuleManager: Shutting down and abandoning module MergeActors (168)
[2015.09.06-19.19.03:013][  2]LogModuleManager: Shutting down and abandoning module SizeMap (167)
[2015.09.06-19.19.03:013][  2]LogModuleManager: Shutting down and abandoning module TreeMap (166)
[2015.09.06-19.19.03:013][  2]LogModuleManager: Shutting down and abandoning module ReferenceViewer (165)
[2015.09.06-19.19.03:013][  2]LogModuleManager: Shutting down and abandoning module LocalizationService (164)
[2015.09.06-19.19.03:013][  2]LogModuleManager: Shutting down and abandoning module LocalizationDashboard (163)
[2015.09.06-19.19.03:033][  2]LogModuleManager: Shutting down and abandoning module HardwareTargeting (162)
[2015.09.06-19.19.03:033][  2]LogModuleManager: Shutting down and abandoning module DeviceProfileEditor (161)
[2015.09.06-19.19.03:033][  2]LogModuleManager: Shutting down and abandoning module UndoHistory (160)
[2015.09.06-19.19.03:033][  2]LogModuleManager: Shutting down and abandoning module GameplayTagsEditor (159)
[2015.09.06-19.19.03:033][  2]LogModuleManager: Shutting down and abandoning module UserFeedback (158)
[2015.09.06-19.19.03:033][  2]LogModuleManager: Shutting down and abandoning module XmlParser (157)
[2015.09.06-19.19.03:033][  2]LogModuleManager: Shutting down and abandoning module Blutility (156)
[2015.09.06-19.19.03:033][  2]LogModuleManager: Shutting down and abandoning module ProjectTargetPlatformEditor (155)
[2015.09.06-19.19.03:033][  2]LogModuleManager: Shutting down and abandoning module ProjectSettingsViewer (154)
[2015.09.06-19.19.03:033][  2]LogModuleManager: Shutting down and abandoning module InputBindingEditor (153)
[2015.09.06-19.19.03:051][  2]LogModuleManager: Shutting down and abandoning module EditorSettingsViewer (152)
[2015.09.06-19.19.03:051][  2]LogModuleManager: Shutting down and abandoning module SettingsEditor (151)
[2015.09.06-19.19.03:051][  2]LogModuleManager: Shutting down and abandoning module ProjectLauncher (150)
[2015.09.06-19.19.03:051][  2]LogModuleManager: Shutting down and abandoning module SessionFrontend (149)
[2015.09.06-19.19.03:051][  2]LogModuleManager: Shutting down and abandoning module ProfilerClient (148)
[2015.09.06-19.19.03:071][  2]LogModuleManager: Shutting down and abandoning module TargetDeviceServices (147)
[2015.09.06-19.19.03:071][  2]LogModuleManager: Shutting down and abandoning module DeviceManager (146)
[2015.09.06-19.19.03:072][  2]LogModuleManager: Shutting down and abandoning module AutomationController (145)
[2015.09.06-19.19.03:072][  2]LogModuleManager: Shutting down and abandoning module AutomationWindow (144)
[2015.09.06-19.19.03:095][  2]LogModuleManager: Shutting down and abandoning module Layers (143)
[2015.09.06-19.19.03:113][  2]LogModuleManager: Shutting down and abandoning module ComponentVisualizers (142)
[2015.09.06-19.19.03:113][  2]LogModuleManager: Shutting down and abandoning module DetailCustomizations (141)
[2015.09.06-19.19.03:137][  2]LogModuleManager: Shutting down and abandoning module PackagesDialog (140)
[2015.09.06-19.19.03:138][  2]LogModuleManager: Shutting down and abandoning module Persona (139)
[2015.09.06-19.19.03:157][  2]LogModuleManager: Shutting down and abandoning module Kismet (138)
[2015.09.06-19.19.03:176][  2]LogModuleManager: Shutting down and abandoning module GraphEditor (137)
[2015.09.06-19.19.03:239][  2]LogModuleManager: Shutting down and abandoning module ClassViewer (136)
[2015.09.06-19.19.03:239][  2]LogModuleManager: Shutting down and abandoning module Toolbox (135)
[2015.09.06-19.19.03:239][  2]LogModuleManager: Shutting down and abandoning module ModuleUI (134)
[2015.09.06-19.19.03:263][  2]LogModuleManager: Shutting down and abandoning module MovieSceneTools (133)
[2015.09.06-19.19.03:280][  2]LogModuleManager: Shutting down and abandoning module OutputLog (132)
[2015.09.06-19.19.03:280][  2]LogModuleManager: Shutting down and abandoning module GammaUI (131)
[2015.09.06-19.19.03:287][  2]LogModuleManager: Shutting down and abandoning module Documentation (130)
[2015.09.06-19.19.03:287][  2]LogModuleManager: Shutting down and abandoning module GameLiveStreaming (129)
[2015.09.06-19.19.03:287][  2]LogModuleManager: Shutting down and abandoning module StreamingPauseRendering (128)
[2015.09.06-19.19.03:287][  2]LogModuleManager: Shutting down and abandoning module AnalyticsET (127)
[2015.09.06-19.19.03:287][  2]LogModuleManager: Shutting down and abandoning module Analytics (126)
[2015.09.06-19.19.03:287][  2]LogModuleManager: Shutting down and abandoning module AITestSuite (125)
[2015.09.06-19.19.03:287][  2]LogModuleManager: Shutting down and abandoning module GameplayDebugger (124)
[2015.09.06-19.19.03:287][  2]LogModuleManager: Shutting down and abandoning module AIModule (123)
[2015.09.06-19.19.03:287][  2]LogModuleManager: Shutting down and abandoning module ProfilerService (122)
[2015.09.06-19.19.03:309][  2]LogModuleManager: Shutting down and abandoning module TaskGraph (121)
[2015.09.06-19.19.03:310][  2]LogModuleManager: Shutting down and abandoning module SlateRemote (120)
[2015.09.06-19.19.03:310][  2]LogModuleManager: Shutting down and abandoning module SteamVRController (119)
[2015.09.06-19.19.03:310][  2]LogModuleManager: Shutting down and abandoning module SteamVR (118)
[2015.09.06-19.19.03:310][  2]LogModuleManager: Shutting down and abandoning module ProceduralMeshComponent (117)
[2015.09.06-19.19.03:310][  2]LogModuleManager: Shutting down and abandoning module OculusRift (116)
[2015.09.06-19.19.03:310][  2]LogModuleManager: Shutting down and abandoning module OculusLibrary (115)
[2015.09.06-19.19.03:310][  2]LogModuleManager: Shutting down and abandoning module LeapMotionController (114)
[2015.09.06-19.19.03:327][  2]LogModuleManager: Shutting down and abandoning module CustomMeshComponent (113)
[2015.09.06-19.19.03:362][  2]LogModuleManager: Shutting down and abandoning module CableComponent (112)
[2015.09.06-19.19.03:362][  2]LogModuleManager: Shutting down and abandoning module ArchVisCharacter (111)
[2015.09.06-19.19.03:362][  2]LogModuleManager: Shutting down and abandoning module MessagingDebugger (110)
[2015.09.06-19.19.03:371][  2]LogModuleManager: Shutting down and abandoning module MediaPlayerEditor (109)
[2015.09.06-19.19.03:379][  2]LogModuleManager: Shutting down and abandoning module HTML5Networking (108)
[2015.09.06-19.19.03:380][  2]LogModuleManager: Shutting down and abandoning module SpeedTreeImporter (107)
[2015.09.06-19.19.03:380][  2]LogModuleManager: Shutting down and abandoning module PluginBrowser (106)
[2015.09.06-19.19.03:380][  2]LogModuleManager: Shutting down and abandoning module EpicSurvey (105)
[2015.09.06-19.19.03:380][  2]LogModuleManager: Shutting down and abandoning module DesktopPlatform (104)
[2015.09.06-19.19.03:380][  2]LogModuleManager: Shutting down and abandoning module VisualStudioSourceCodeAccess (103)
[2015.09.06-19.19.03:380][  2]LogModuleManager: Shutting down and abandoning module UObjectPlugin (102)
[2015.09.06-19.19.03:380][  2]LogModuleManager: Shutting down and abandoning module SubversionSourceControl (101)
[2015.09.06-19.19.03:380][  2]LogModuleManager: Shutting down and abandoning module PerforceSourceControl (100)
[2015.09.06-19.19.03:380][  2]LogModuleManager: Shutting down and abandoning module SourceControl (99)
[2015.09.06-19.19.03:380][  2]LogModuleManager: Shutting down and abandoning module GitSourceControl (98)
[2015.09.06-19.19.03:380][  2]LogModuleManager: Shutting down and abandoning module LightPropagationVolumeEditor (97)
[2015.09.06-19.19.03:380][  2]LogModuleManager: Shutting down and abandoning module PaperTiledImporter (96)
[2015.09.06-19.19.03:380][  2]LogModuleManager: Shutting down and abandoning module PaperSpriteSheetImporter (95)
[2015.09.06-19.19.03:380][  2]LogModuleManager: Shutting down and abandoning module MeshPaint (94)
[2015.09.06-19.19.03:380][  2]LogModuleManager: Shutting down and abandoning module SlateReflector (93)
[2015.09.06-19.19.03:394][  2]LogModuleManager: Shutting down and abandoning module HotReload (92)
[2015.09.06-19.19.03:394][  2]LogModuleManager: Shutting down and abandoning module MainFrame (91)
[2015.09.06-19.19.03:394][  2]LogModuleManager: Shutting down and abandoning module LevelEditor (90)
[2015.09.06-19.19.03:404][  2]LogModuleManager: Shutting down and abandoning module DirectoryWatcher (89)
[2015.09.06-19.19.03:406][  2]LogModuleManager: Shutting down and abandoning module AssetRegistry (88)
[2015.09.06-19.19.03:701][  2]LogModuleManager: Shutting down and abandoning module ContentBrowser (87)
[2015.09.06-19.19.03:703][  2]LogModuleManager: Shutting down and abandoning module Paper2DEditor (86)
[2015.09.06-19.19.03:744][  2]LogModuleManager: Shutting down and abandoning module UdpMessaging (85)
[2015.09.06-19.19.03:844][  2]LogModuleManager: Shutting down and abandoning module LightPropagationVolumeRuntime (84)
[2015.09.06-19.19.03:844][  2]LogModuleManager: Shutting down and abandoning module Paper2D (83)
[2015.09.06-19.19.03:844][  2]LogModuleManager: Shutting down and abandoning module WindowsMoviePlayer (82)
[2015.09.06-19.19.03:863][  2]LogModuleManager: Shutting down and abandoning module Media (81)
[2015.09.06-19.19.03:863][  2]LogModuleManager: Shutting down and abandoning module WmfMedia (80)
[2015.09.06-19.19.03:885][  2]LogModuleManager: Shutting down and abandoning module OnlineBlueprintSupport (79)
[2015.09.06-19.19.03:885][  2]LogModuleManager: Shutting down and abandoning module GameplayTasksEditor (78)
[2015.09.06-19.19.03:885][  2]LogModuleManager: Shutting down and abandoning module PropertyEditor (77)
[2015.09.06-19.19.03:929][  2]LogModuleManager: Shutting down and abandoning module BehaviorTreeEditor (76)
[2015.09.06-19.19.03:999][  2]LogModuleManager: Shutting down and abandoning module FunctionalTesting (75)
[2015.09.06-19.19.03:999][  2]LogModuleManager: Shutting down and abandoning module CollisionAnalyzer (74)
[2015.09.06-19.19.04:000][  2]LogModuleManager: Shutting down and abandoning module WorkspaceMenuStructure (73)
[2015.09.06-19.19.04:000][  2]LogModuleManager: Shutting down and abandoning module MessageLog (72)
[2015.09.06-19.19.04:000][  2]LogModuleManager: Shutting down and abandoning module Sequencer (71)
[2015.09.06-19.19.04:072][  2]LogModuleManager: Shutting down and abandoning module AssetTools (70)
[2015.09.06-19.19.04:119][  2]LogModuleManager: Shutting down and abandoning module UMGEditor (69)
[2015.09.06-19.19.04:137][  2]LogModuleManager: Shutting down and abandoning module UMG (68)
[2015.09.06-19.19.04:137][  2]LogModuleManager: Shutting down and abandoning module Slate (67)
[2015.09.06-19.19.04:137][  2]LogModuleManager: Shutting down and abandoning module EditorStyle (66)
[2015.09.06-19.19.04:141][  2]LogModuleManager: Shutting down and abandoning module SessionServices (65)
[2015.09.06-19.19.04:141][  2]LogModuleManager: Shutting down and abandoning module SourceCodeAccess (64)
[2015.09.06-19.19.04:141][  2]LogModuleManager: Shutting down and abandoning module HeadMountedDisplay (63)
[2015.09.06-19.19.04:141][  2]LogModuleManager: Shutting down and abandoning module XAudio2 (62)
[2015.09.06-19.19.04:141][  2]LogModuleManager: Shutting down and abandoning module Networking (60)
[2015.09.06-19.19.04:141][  2]LogModuleManager: Shutting down and abandoning module Core (59)
[2015.09.06-19.19.04:141][  2]LogModuleManager: Shutting down and abandoning module KismetCompiler (58)
[2015.09.06-19.19.04:141][  2]LogModuleManager: Shutting down and abandoning module PhysXFormats (57)
[2015.09.06-19.19.04:141][  2]LogModuleManager: Shutting down and abandoning module MeshUtilities (56)
[2015.09.06-19.19.04:169][  2]LogModuleManager: Shutting down and abandoning module CookingStats (55)
[2015.09.06-19.19.04:170][  2]LogModuleManager: Shutting down and abandoning module DerivedDataCache (54)
[2015.09.06-19.19.04:338][  2]LogDerivedDataCache: Shutdown
[2015.09.06-19.19.04:338][  2]LogModuleManager: Shutting down and abandoning module ShaderFormatOpenGL (53)
[2015.09.06-19.19.04:358][  2]LogModuleManager: Shutting down and abandoning module ShaderFormatD3D (52)
[2015.09.06-19.19.04:358][  2]LogModuleManager: Shutting down and abandoning module MetalShaderFormat (51)
[2015.09.06-19.19.04:375][  2]LogModuleManager: Shutting down and abandoning module TextureFormatUncompressed (50)
[2015.09.06-19.19.04:375][  2]LogModuleManager: Shutting down and abandoning module TextureFormatPVR (49)
[2015.09.06-19.19.04:375][  2]LogModuleManager: Shutting down and abandoning module TextureFormatIntelISPCTexComp (48)
[2015.09.06-19.19.04:375][  2]LogModuleManager: Shutting down and abandoning module TextureFormatDXT (47)
[2015.09.06-19.19.04:375][  2]LogModuleManager: Shutting down and abandoning module ImageWrapper (46)
[2015.09.06-19.19.04:375][  2]LogModuleManager: Shutting down and abandoning module TextureFormatASTC (45)
[2015.09.06-19.19.04:375][  2]LogModuleManager: Shutting down and abandoning module TextureFormatAndroid (44)
[2015.09.06-19.19.04:375][  2]LogModuleManager: Shutting down and abandoning module AudioFormatOpus (43)
[2015.09.06-19.19.04:375][  2]LogModuleManager: Shutting down and abandoning module AudioFormatOgg (42)
[2015.09.06-19.19.04:375][  2]LogModuleManager: Shutting down and abandoning module AudioFormatADPCM (41)
[2015.09.06-19.19.04:375][  2]LogModuleManager: Shutting down and abandoning module LinuxTargetPlatform (40)
[2015.09.06-19.19.04:375][  2]LogModuleManager: Shutting down and abandoning module LinuxServerTargetPlatform (39)
[2015.09.06-19.19.04:375][  2]LogModuleManager: Shutting down and abandoning module LinuxNoEditorTargetPlatform (38)
[2015.09.06-19.19.04:375][  2]LogModuleManager: Shutting down and abandoning module Messaging (37)
[2015.09.06-19.19.04:375][  2]LogModuleManager: Shutting down and abandoning module IOSTargetPlatform (36)
[2015.09.06-19.19.04:375][  2]LogModuleManager: Shutting down and abandoning module HTML5TargetPlatform (35)
[2015.09.06-19.19.04:375][  2]LogModuleManager: Shutting down and abandoning module Android_PVRTCTargetPlatform (34)
[2015.09.06-19.19.04:375][  2]LogModuleManager: Shutting down and abandoning module Android_ETC2TargetPlatform (33)
[2015.09.06-19.19.04:375][  2]LogModuleManager: Shutting down and abandoning module Android_ETC1TargetPlatform (32)
[2015.09.06-19.19.04:375][  2]LogModuleManager: Shutting down and abandoning module Android_DXTTargetPlatform (31)
[2015.09.06-19.19.04:375][  2]LogModuleManager: Shutting down and abandoning module Android_ATCTargetPlatform (30)
[2015.09.06-19.19.04:375][  2]LogModuleManager: Shutting down and abandoning module Android_ASTCTargetPlatform (29)
[2015.09.06-19.19.04:375][  2]LogModuleManager: Shutting down and abandoning module AndroidTargetPlatform (28)
[2015.09.06-19.19.04:375][  2]LogModuleManager: Shutting down and abandoning module WindowsTargetPlatform (27)
[2015.09.06-19.19.04:375][  2]LogModuleManager: Shutting down and abandoning module WindowsServerTargetPlatform (26)
[2015.09.06-19.19.04:376][  2]LogModuleManager: Shutting down and abandoning module WindowsNoEditorTargetPlatform (25)
[2015.09.06-19.19.04:376][  2]LogModuleManager: Shutting down and abandoning module WindowsClientTargetPlatform (24)
[2015.09.06-19.19.04:376][  2]LogModuleManager: Shutting down and abandoning module AllDesktopTargetPlatform (23)
[2015.09.06-19.19.04:376][  2]LogModuleManager: Shutting down and abandoning module TargetPlatform (22)
[2015.09.06-19.19.04:376][  2]LogModuleManager: Shutting down and abandoning module InputCore (21)
[2015.09.06-19.19.04:376][  2]LogModuleManager: Shutting down and abandoning module Settings (20)
[2015.09.06-19.19.04:376][  2]LogModuleManager: Shutting down and abandoning module OnlineSubsystem (18)
[2015.09.06-19.19.04:376][  2]LogModuleManager: Shutting down and abandoning module HTTP (17)
[2015.09.06-19.19.07:410][  2]LogModuleManager: Shutting down and abandoning module XMPP (16)
[2015.09.06-19.19.07:438][  2]LogModuleManager: Shutting down and abandoning module ExampleDeviceProfileSelector (15)
[2015.09.06-19.19.07:438][  2]LogModuleManager: Shutting down and abandoning module TextureCompressor (14)
[2015.09.06-19.19.07:438][  2]LogModuleManager: Shutting down and abandoning module ShaderCore (13)
[2015.09.06-19.19.07:438][  2]LogModuleManager: Shutting down and abandoning module Landscape (12)
[2015.09.06-19.19.07:438][  2]LogModuleManager: Shutting down and abandoning module SlateRHIRenderer (11)
[2015.09.06-19.19.07:441][  2]LogModuleManager: Shutting down and abandoning module OpenGLDrv (10)
[2015.09.06-19.19.07:468][  2]LogModuleManager: Shutting down and abandoning module D3D11RHI (9)
[2015.09.06-19.19.07:469][  2]LogModuleManager: Shutting down and abandoning module AnimGraphRuntime (8)
[2015.09.06-19.19.07:478][  2]LogModuleManager: Shutting down and abandoning module Renderer (7)
[2015.09.06-19.19.07:478][  2]LogModuleManager: Shutting down and abandoning module Engine (6)
[2015.09.06-19.19.07:478][  2]LogModuleManager: Shutting down and abandoning module CoreUObject (5)
[2015.09.06-19.19.07:478][  2]LogModuleManager: Shutting down and abandoning module NetworkFile (4)
[2015.09.06-19.19.07:488][  2]LogModuleManager: Shutting down and abandoning module StreamingFile (3)
[2015.09.06-19.19.07:488][  2]LogModuleManager: Shutting down and abandoning module SandboxFile (2)
[2015.09.06-19.19.07:488][  2]LogModuleManager: Shutting down and abandoning module PakFile (1)
[2015.09.06-19.19.07:488][  2]LogExit: Exiting.
[2015.09.06-19.19.07:493][  2]Log file closed, 09/06/15 21:19:07
