[2015.09.05-07.56.04:157][  0]Log file open, 09/05/15 09:56:04
[2015.09.05-07.56.04:157][  0]LogInit:Display: Running engine for game: Project_ReSurvivor
[2015.09.05-07.56.04:157][  0]LogInit:Display: RandInit(219095563) SRandInit(219095563).
[2015.09.05-07.56.04:157][  0]LogTaskGraph: Started task graph with 4 named threads and 7 total threads.
[2015.09.05-07.56.04:157][  0]LogStats: Stats thread started at 0.347962
[2015.09.05-07.56.04:157][  0]LogInit: Version: 4.9.0-2672455+++depot+UE4-Releases+4.9
[2015.09.05-07.56.04:157][  0]LogInit: API Version: 2672455
[2015.09.05-07.56.04:158][  0]LogInit: Compiled (64-bit): Aug 28 2015 12:33:01
[2015.09.05-07.56.04:158][  0]LogInit: Compiled with Visual C++: 18.00.21005.01
[2015.09.05-07.56.04:158][  0]LogInit: Build Configuration: Development
[2015.09.05-07.56.04:158][  0]LogInit: Branch Name: ++depot+UE4-Releases+4.9
[2015.09.05-07.56.04:158][  0]LogInit: Command line:  
[2015.09.05-07.56.04:158][  0]LogInit: Base directory: C:/Program Files/Epic Games/4.9/Engine/Binaries/Win64/
[2015.09.05-07.56.04:158][  0]LogInit: Rocket: 1
[2015.09.05-07.56.04:172][  0]LogInit: Using libcurl 7.41.0
[2015.09.05-07.56.04:172][  0]LogInit:  - built for x86_64-pc-win32
[2015.09.05-07.56.04:172][  0]LogInit:  - supports SSL with WinSSL
[2015.09.05-07.56.04:172][  0]LogInit:  - other features:
[2015.09.05-07.56.04:172][  0]LogInit:      CURL_VERSION_SSL
[2015.09.05-07.56.04:172][  0]LogInit:      CURL_VERSION_IPV6
[2015.09.05-07.56.04:172][  0]LogInit:      CURL_VERSION_ASYNCHDNS
[2015.09.05-07.56.04:172][  0]LogInit:      CURL_VERSION_LARGEFILE
[2015.09.05-07.56.04:172][  0]LogInit:      CURL_VERSION_IDN
[2015.09.05-07.56.04:173][  0]LogInit:  CurlRequestOptions (configurable via config and command line):
[2015.09.05-07.56.04:173][  0]LogInit:  - bVerifyPeer = true  - Libcurl will verify peer certificate
[2015.09.05-07.56.04:173][  0]LogInit:  - bUseHttpProxy = false  - Libcurl will NOT use HTTP proxy
[2015.09.05-07.56.04:173][  0]LogInit:  - bDontReuseConnections = false  - Libcurl will reuse connections
[2015.09.05-07.56.04:173][  0]LogInit:  - CertBundlePath = nullptr  - Libcurl will use whatever was configured at build time.
[2015.09.05-07.56.04:187][  0]LogInit: Presizing for 0 objects not considered by GC, pre-allocating 0 bytes.
[2015.09.05-07.56.04:197][  0]LogInit: Object subsystem initialized
[2015.09.05-07.56.04:206][  0]LogInit: Selected Device Profile: [Windows]
[2015.09.05-07.56.04:206][  0]LogInit: Applying CVar settings loaded from the selected device profile: [Windows]
[2015.09.05-07.56.04:214][  0]LogInit: Computer: DAMIR-PC
[2015.09.05-07.56.04:214][  0]LogInit: User: Damir
[2015.09.05-07.56.04:214][  0]LogInit: CPU Page size=4096, Cores=4
[2015.09.05-07.56.04:214][  0]LogInit: High frequency timer resolution =3.320361 MHz
[2015.09.05-07.56.04:214][  0]LogMemory: Memory total: Physical=7.9GB (8GB approx)
[2015.09.05-07.56.04:214][  0]LogMemory: Platform Memory Stats for Windows
[2015.09.05-07.56.04:214][  0]LogMemory: Process Physical Memory: 53.96 MB used, 53.96 MB peak
[2015.09.05-07.56.04:214][  0]LogMemory: Process Virtual Memory: 56.30 MB used, 56.30 MB peak
[2015.09.05-07.56.04:214][  0]LogMemory: Physical Memory: 4807.27 MB used, 8136.55 MB total
[2015.09.05-07.56.04:214][  0]LogMemory: Virtual Memory: 336.11 MB used, 8388608.00 MB total
[2015.09.05-07.56.04:310][  0]LogTextLocalizationManager: No translations for ('de-DE') exist, falling back to 'en' for localization and internationalization data.
[2015.09.05-07.56.04:981][  0]LogD3D11RHI: Found D3D11 adapter 0: NVIDIA GeForce GTX 660   (Feature Level 11_0)
[2015.09.05-07.56.04:981][  0]LogD3D11RHI: Adapter has 1989MB of dedicated video memory, 0MB of dedicated system memory, and 2048MB of shared system memory, 1 output[s]
[2015.09.05-07.56.04:981][  0]LogD3D11RHI: Chosen D3D11 Adapter Id = 0
[2015.09.05-07.56.04:985][  0]LogD3D11RHI: !Direct3DDevice
[2015.09.05-07.56.04:985][  0]LogRHI: Texture pool is 1361 MB (70% of 1945 MB)
[2015.09.05-07.56.04:991][  0]LogD3D11RHI: Async texture creation enabled
[2015.09.05-07.56.05:016][  0]LogShaderCompilers: Guid format shader working directory is 15 characters bigger than the processId version (../../../../../../Users/Damir/Documents/GitHub/Project_ReSurvivor/Intermediate/Shaders/WorkingDirectory/5480/).
[2015.09.05-07.56.05:017][  0]LogShaderCompilers: Cleaned the shader compiler working directory '../../../../../../Users/Damir/Documents/GitHub/Project_ReSurvivor/Intermediate/Shaders/tmp/05D1C7E2487C4961DF32CBB30F12E1B9/'.
[2015.09.05-07.56.05:017][  0]LogShaderCompilers:Display: Using Local Shader Compiler.
[2015.09.05-07.56.06:111][  0]LogTemp:Display: Loaded TP AllDesktopTargetPlatform
[2015.09.05-07.56.06:116][  0]LogTemp:Display: Loaded TP WindowsClientTargetPlatform
[2015.09.05-07.56.06:121][  0]LogTemp:Display: Loaded TP WindowsNoEditorTargetPlatform
[2015.09.05-07.56.06:126][  0]LogTemp:Display: Loaded TP WindowsServerTargetPlatform
[2015.09.05-07.56.06:131][  0]LogTemp:Display: Loaded TP WindowsTargetPlatform
[2015.09.05-07.56.06:135][  0]LogTemp:Display: Loaded TP AndroidTargetPlatform
[2015.09.05-07.56.06:139][  0]LogTemp:Display: Loaded TP Android_ASTCTargetPlatform
[2015.09.05-07.56.06:142][  0]LogTemp:Display: Loaded TP Android_ATCTargetPlatform
[2015.09.05-07.56.06:146][  0]LogTemp:Display: Loaded TP Android_DXTTargetPlatform
[2015.09.05-07.56.06:150][  0]LogTemp:Display: Loaded TP Android_ETC1TargetPlatform
[2015.09.05-07.56.06:154][  0]LogTemp:Display: Loaded TP Android_ETC2TargetPlatform
[2015.09.05-07.56.06:158][  0]LogTemp:Display: Loaded TP Android_PVRTCTargetPlatform
[2015.09.05-07.56.06:159][  0]LogTemp:Display: Loaded TP HTML5TargetPlatform
[2015.09.05-07.56.06:179][  0]LogTemp:Display: Loaded TP IOSTargetPlatform
[2015.09.05-07.56.06:182][  0]LogTemp:Display: Loaded TP LinuxNoEditorTargetPlatform
[2015.09.05-07.56.06:186][  0]LogTemp:Display: Loaded TP LinuxServerTargetPlatform
[2015.09.05-07.56.06:190][  0]LogTemp:Display: Loaded TP LinuxTargetPlatform
[2015.09.05-07.56.06:190][  0]LogTargetPlatformManager:Display: Building Assets For Windows
[2015.09.05-07.56.06:281][  0]LogDerivedDataCache:Display: Max Cache Size: 512 MB
[2015.09.05-07.56.06:401][  0]LogDerivedDataCache: Loaded boot cache 0.12s 41MB C:/Users/Damir/AppData/Local/UnrealEngine/4.9/DerivedDataCache/Boot.ddc.
[2015.09.05-07.56.06:401][  0]LogDerivedDataCache:Display: Loaded Boot cache: C:/Users/Damir/AppData/Local/UnrealEngine/4.9/DerivedDataCache/Boot.ddc
[2015.09.05-07.56.06:401][  0]LogDerivedDataCache: FDerivedDataBackendGraph:  Pak pak cache file ../../../../../../Users/Damir/Documents/GitHub/Project_ReSurvivor/DerivedDataCache/DDC.ddp not found, will not use a pak cache.
[2015.09.05-07.56.06:401][  0]LogDerivedDataCache: Unable to find inner node Pak for hierarchical cache Hierarchy.
[2015.09.05-07.56.06:401][  0]LogDerivedDataCache: FDerivedDataBackendGraph:  CompressedPak pak cache file ../../../../../../Users/Damir/Documents/GitHub/Project_ReSurvivor/DerivedDataCache/Compressed.ddp not found, will not use a pak cache.
[2015.09.05-07.56.06:401][  0]LogDerivedDataCache: Unable to find inner node CompressedPak for hierarchical cache Hierarchy.
[2015.09.05-07.56.06:533][  0]LogDerivedDataCache:Display: Pak cache opened for reading ../../../Engine/DerivedDataCache/Compressed.ddp.
[2015.09.05-07.56.06:544][  0]LogDerivedDataCache: Using Local data cache path C:/Users/Damir/AppData/Local/UnrealEngine/Common/DerivedDataCache: Writable
[2015.09.05-07.56.06:959][  0]LogInit: Selected Device Profile: [Windows]
[2015.09.05-07.56.06:960][  0]LogContentStreaming: Texture pool size is 0.000000MB
[2015.09.05-07.56.06:994][  0]LogMeshUtilities: No automatic mesh reduction module available
[2015.09.05-07.56.06:994][  0]LogMeshUtilities: No automatic mesh merging module available
[2015.09.05-07.56.07:406][  0]LogInit: WinSock: version 1.1 (2.2), MaxSocks=32767, MaxUdp=65467
[2015.09.05-07.56.08:521][  0]UdpMessaging: Initializing bridge on interface 0.0.0.0:0 to multicast group 230.0.0.1:6666.
[2015.09.05-07.56.08:650][  0]LogAssetRegistry: FAssetRegistry took 0.0114 seconds to start up
[2015.09.05-07.56.08:877][  0]SourceControl: Info Source control is disabled
[2015.09.05-07.56.08:884][  0]SourceControl: Info Source control is disabled
[2015.09.05-07.56.08:896][  0]SourceControl: Info Source control is disabled
[2015.09.05-07.56.08:907][  0]SourceControl: Info Source control is disabled
[2015.09.05-07.56.09:046][  0]LogLinker:Warning: Asset '../../../Engine/Plugins/Runtime/LeapMotionController/Content/LM_PassthroughMaterial.uasset' has been saved with empty engine version. The asset will be loaded but may be incompatible.
[2015.09.05-07.56.09:122][  0]LogObj: 28361 objects as part of root set at end of initial load.
[2015.09.05-07.56.09:122][  0]LogUObjectAllocator: 6038864 out of 0 bytes used by permanent object pool.
[2015.09.05-07.56.09:196][  0]LogEngine: Initializing Engine...
[2015.09.05-07.56.09:199][  0]LogHMD: Can't find Oculus library dev build: is proper Runtime installed? Version: 0.6.0.0
[2015.09.05-07.56.09:200][  0]LogHMD: SteamVR failed to initialize.  Err: 110
[2015.09.05-07.56.09:344][  0]LogAIModule: Creating AISystem for world NewWorld
[2015.09.05-07.56.09:354][  0]LogInit: XAudio2 using 'Speakers (Realtek High Definition Audio)' : 2 channels at 48 kHz using 32 bits per sample (channel mask 0x3)
[2015.09.05-07.56.09:375][  0]LogInit: FAudioDevice initialized.
[2015.09.05-07.56.09:398][  0]LogDerivedDataCache: Saved boot cache 0.02s 41MB C:/Users/Damir/AppData/Local/UnrealEngine/4.9/DerivedDataCache/Boot.ddc.
[2015.09.05-07.56.09:403][  0]LogInit: Texture streaming: Enabled
[2015.09.05-07.56.09:408][  0]LogAnalytics: Creating configured Analytics provider AnalyticsET
[2015.09.05-07.56.09:409][  0]LogAnalytics: [UEEditor.Rocket.Release] APIServer = http://et2.epicgames.com/ET2/. AppVersion = 4.9.0-2672455+++depot+UE4-Releases+4.9
[2015.09.05-07.56.09:409][  0]LogAnalytics: [UEEditor.Rocket.Release] SetUserId 823be5244adb21341b1538b68ee82034|51c2a24b0ca544adac8a22d4708797c6|ec4eac3e-148a-4a5a-9f28-33d773939611
[2015.09.05-07.56.09:409][  0]LogAnalytics: [UEEditor.Rocket.Release] AnalyticsET::StartSession
[2015.09.05-07.56.09:429][  0]LogInit: Transaction tracking system initialized
[2015.09.05-07.56.09:473][  0]BlueprintLog: New page: Editor Load
[2015.09.05-07.56.09:617][  0]LocalizationService: Info Localization service is disabled
[2015.09.05-07.56.09:718][  0]LogConsoleResponse:Display: 
[2015.09.05-07.56.09:842][  0]LogCook:Display: Done creating registry. It took  0.00s.
[2015.09.05-07.56.09:920][  0]SourceControl: Info Source control is disabled
[2015.09.05-07.56.09:921][  0]Cmd: MAP LOAD FILE="../../../../../../Users/Damir/Documents/GitHub/Project_ReSurvivor/Content/FirstPersonBP/Maps/FirstPersonExampleMap.umap" TEMPLATE=0 SHOWPROGRESS=1 FEATURELEVEL=3
[2015.09.05-07.56.09:923][  0]LightingResults: New page: Lighting Build
[2015.09.05-07.56.09:928][  0]MapCheck: New page: Map Check
[2015.09.05-07.56.09:928][  0]LightingResults: New page: Lighting Build
[2015.09.05-07.56.09:943][  0]LogParticles: Destroying 0 GPU particle simulations for FXSystem 0x00000000252A2160
[2015.09.05-07.56.10:192][  0]LogBlueprint:Warning: [compiler ItemBaseClass_Actor] Warning Default Enum value 'ItemTypes' for class 'ItemBaseClass_Actor_C' is invalid in object 'Default__ItemBaseClass_Actor_C' 
[2015.09.05-07.56.10:193][  0]LogBlueprint:Warning: [compiler ItemBaseClass_Actor] Warning [0006.87] Compile of ItemBaseClass_Actor successful, but with 1 Warning(s) [in 0 ms]
[2015.09.05-07.56.10:193][  0]LogBlueprint:Warning: [compiler ItemBaseClass_Actor] Warning [0006.87] Compile of ItemBaseClass_Actor successful, but with 2 Warning(s) [in 0 ms]
[2015.09.05-07.56.10:193][  0]LogBlueprint:Warning: [compiler ItemBaseClass_Actor] Warning [0006.87] Compile of ItemBaseClass_Actor successful, but with 3 Warning(s) [in 0 ms]
[2015.09.05-07.56.10:853][  0]LogAIModule: Creating AISystem for world FirstPersonExampleMap
[2015.09.05-07.56.10:881][  0]LogEditorServer: Finished looking for orphan Actors (0.000 secs)
[2015.09.05-07.56.10:882][  0]Cmd: MAP CHECKDEP NOCLEARLOG
[2015.09.05-07.56.10:918][  0]MapCheck: Info Map check complete: 0 Error(s), 0 Warning(s), took 36.054ms to complete.
[2015.09.05-07.56.10:919][  0]LogFileHelpers: Loading map 'FirstPersonExampleMap' took 0.998
[2015.09.05-07.56.11:047][  0]LogCollectionManager: Loaded 0 collections in 0.001740 seconds
[2015.09.05-07.56.11:089][  0]LogFileCache: Scanning file cache for directory 'C:/Users/Damir/Documents/GitHub/Project_ReSurvivor/Saved/Collections/' took 0.01s
[2015.09.05-07.56.11:089][  0]LogFileCache: Scanning file cache for directory 'C:/Users/Damir/Documents/GitHub/Project_ReSurvivor/Content/Developers/Damir/Collections/' took 0.01s
[2015.09.05-07.56.11:089][  0]LogFileCache: Scanning file cache for directory 'C:/Users/Damir/Documents/GitHub/Project_ReSurvivor/Content/Collections/' took 0.01s
[2015.09.05-07.56.11:089][  0]LogContentBrowser: Native class hierarchy populated in 0.0069 seconds. Added 1867 classes and 333 folders.
[2015.09.05-07.56.11:099][  0]LogCollectionManager: Rebuilt the GUID cache for 0 collections in 0.000002 seconds
[2015.09.05-07.56.11:108][  0]LogContentBrowser: Native class hierarchy updated for 'WidgetCarousel' in 0.0002 seconds. Added 0 classes and 0 folders.
[2015.09.05-07.56.11:195][  0]LogContentBrowser: Native class hierarchy updated for 'AddContentDialog' in 0.0003 seconds. Added 0 classes and 0 folders.
[2015.09.05-07.56.11:209][  0]LogContentBrowser: Native class hierarchy updated for 'SceneOutliner' in 0.0003 seconds. Added 1 classes and 2 folders.
[2015.09.05-07.56.11:257][  0]LogCrashTracker: Crashtracker disabled due to settings.
[2015.09.05-07.56.11:264][  0]LogUObjectGlobals:Warning: Failed to find object 'Class None.'
[2015.09.05-07.56.11:287][  0]LogLoad: Full Startup: 7.96 seconds (BP compile: 0.24 seconds)
[2015.09.05-07.56.11:341][  0]LogContentStreaming: Texture pool size now 700 MB
[2015.09.05-07.56.11:445][  0]LogRenderer: Reallocating scene render targets to support 1208x576 (Frame:2).
[2015.09.05-07.56.11:691][  5]LogAssetRegistry: Asset discovery search completed in 3.0515 seconds
[2015.09.05-07.56.11:691][  5]LogCollectionManager: Rebuilt the object cache for 0 collections in 0.000001 seconds (found 0 objects)
[2015.09.05-07.56.11:691][  5]LogCollectionManager: Fixed up redirectors for 0 collections in 0.000025 seconds (updated 0 objects)
[2015.09.05-07.58.07:145][ 95]LogSlate: Only BGRA pngs, bmps or icos are supported in by External Image Picker
[2015.09.05-08.01.03:599][991]LogPlayLevel: PlayLevel: No blueprints needed recompiling
[2015.09.05-08.01.03:600][991]PIE: New page: PIE session: FirstPersonExampleMap (Sep 5, 2015, 12:01:03 PM)
[2015.09.05-08.01.03:600][991]LogPlayLevel: Creating play world package: /Game/FirstPersonBP/Maps/UEDPIE_0_FirstPersonExampleMap
[2015.09.05-08.01.03:624][991]LogPlayLevel: PIE: StaticDuplicateObject took: (0.024310s)
[2015.09.05-08.01.03:625][991]LogAIModule: Creating AISystem for world FirstPersonExampleMap
[2015.09.05-08.01.03:625][991]LogPlayLevel: PIE: World Init took: (0.001168s)
[2015.09.05-08.01.03:626][991]LogPlayLevel: PIE: Created PIE world by copying editor world from /Game/FirstPersonBP/Maps/FirstPersonExampleMap.FirstPersonExampleMap to /Game/FirstPersonBP/Maps/UEDPIE_0_FirstPersonExampleMap.FirstPersonExampleMap (0.025787s)
[2015.09.05-08.01.03:666][991]LogInit: XAudio2 using 'Speakers (Realtek High Definition Audio)' : 2 channels at 48 kHz using 32 bits per sample (channel mask 0x3)
[2015.09.05-08.01.03:673][991]LogInit: FAudioDevice initialized.
[2015.09.05-08.01.03:719][991]LogWorld: Game class is 'FirstPersonGameMode_C'
[2015.09.05-08.01.03:725][991]LogWorld: Bringing World /Game/FirstPersonBP/Maps/UEDPIE_0_FirstPersonExampleMap.FirstPersonExampleMap up for play (max tick rate 0) at 2015.09.05-10.01.03
[2015.09.05-08.01.03:725][991]LogActor:Warning: GameSession /Game/FirstPersonBP/Maps/UEDPIE_0_FirstPersonExampleMap.FirstPersonExampleMap:PersistentLevel.GameSession_0 has natively added scene component(s), but none of them were set as the actor's RootComponent - picking one arbitrarily
[2015.09.05-08.01.03:725][991]LogActor:Warning: GameNetworkManager /Game/FirstPersonBP/Maps/UEDPIE_0_FirstPersonExampleMap.FirstPersonExampleMap:PersistentLevel.GameNetworkManager_0 has natively added scene component(s), but none of them were set as the actor's RootComponent - picking one arbitrarily
[2015.09.05-08.01.03:727][991]LogWorld: Bringing up level for play took: 0.006820
[2015.09.05-08.01.03:736][991]PIE: Info Play in editor start time for /Game/FirstPersonBP/Maps/UEDPIE_0_FirstPersonExampleMap -0.39
[2015.09.05-08.01.11:724][937]LogParticles: Destroying 0 GPU particle simulations for FXSystem 0x000000004509DF80
[2015.09.05-08.01.51:333][676]LogPlayLevel: PlayLevel: No blueprints needed recompiling
[2015.09.05-08.01.51:333][676]PIE: New page: PIE session: FirstPersonExampleMap (Sep 5, 2015, 12:01:51 PM)
[2015.09.05-08.01.51:334][676]LogPlayLevel: Creating play world package: /Game/FirstPersonBP/Maps/UEDPIE_0_FirstPersonExampleMap
[2015.09.05-08.01.51:353][676]LogPlayLevel: PIE: StaticDuplicateObject took: (0.019699s)
[2015.09.05-08.01.51:354][676]LogAIModule: Creating AISystem for world FirstPersonExampleMap
[2015.09.05-08.01.51:354][676]LogPlayLevel: PIE: World Init took: (0.000674s)
[2015.09.05-08.01.51:354][676]LogPlayLevel: PIE: Created PIE world by copying editor world from /Game/FirstPersonBP/Maps/FirstPersonExampleMap.FirstPersonExampleMap to /Game/FirstPersonBP/Maps/UEDPIE_0_FirstPersonExampleMap.FirstPersonExampleMap (0.020621s)
[2015.09.05-08.01.51:372][676]LogInit: XAudio2 using 'Speakers (Realtek High Definition Audio)' : 2 channels at 48 kHz using 32 bits per sample (channel mask 0x3)
[2015.09.05-08.01.51:379][676]LogInit: FAudioDevice initialized.
[2015.09.05-08.01.51:407][676]LogWorld: Game class is 'FirstPersonGameMode_C'
[2015.09.05-08.01.51:413][676]LogWorld: Bringing World /Game/FirstPersonBP/Maps/UEDPIE_0_FirstPersonExampleMap.FirstPersonExampleMap up for play (max tick rate 0) at 2015.09.05-10.01.51
[2015.09.05-08.01.51:413][676]LogActor:Warning: GameSession /Game/FirstPersonBP/Maps/UEDPIE_0_FirstPersonExampleMap.FirstPersonExampleMap:PersistentLevel.GameSession_1 has natively added scene component(s), but none of them were set as the actor's RootComponent - picking one arbitrarily
[2015.09.05-08.01.51:413][676]LogActor:Warning: GameNetworkManager /Game/FirstPersonBP/Maps/UEDPIE_0_FirstPersonExampleMap.FirstPersonExampleMap:PersistentLevel.GameNetworkManager_1 has natively added scene component(s), but none of them were set as the actor's RootComponent - picking one arbitrarily
[2015.09.05-08.01.51:413][676]LogWorld: Bringing up level for play took: 0.005290
[2015.09.05-08.01.51:415][676]PIE: Info Play in editor start time for /Game/FirstPersonBP/Maps/UEDPIE_0_FirstPersonExampleMap -0.71
[2015.09.05-08.02.00:228][720]LogParticles: Destroying 0 GPU particle simulations for FXSystem 0x00000000324D4AE0
[2015.09.05-08.05.07:510][549]Cmd: QUIT_EDITOR
[2015.09.05-08.05.07:746][549]LogExit: Preparing to exit.
[2015.09.05-08.05.08:644][549]LogExit: Editor shut down
[2015.09.05-08.05.08:645][549]LogExit: Transaction tracking system shut down
[2015.09.05-08.05.08:649][549]LogParticles: Destroying 0 GPU particle simulations for FXSystem 0x000000002CE45F80
[2015.09.05-08.05.08:649][549]LogParticles: Destroying 0 GPU particle simulations for FXSystem 0x000000003245F880
[2015.09.05-08.05.08:649][549]LogParticles: Destroying 0 GPU particle simulations for FXSystem 0x0000000036D66020
[2015.09.05-08.05.08:762][549]LogExit: Object subsystem successfully closed.
[2015.09.05-08.05.08:777][549]LogD3D11RHI: Shutdown
[2015.09.05-08.05.08:777][549]LogD3D11RHI: CleanupD3DDevice
[2015.09.05-08.05.08:811][549]LogD3D11RHI: ~FD3D11DynamicRHI
[2015.09.05-08.05.08:827][549]LogModuleManager: Shutting down and abandoning module ExternalImagePicker (198)
[2015.09.05-08.05.08:827][549]LogModuleManager: Shutting down and abandoning module CrashTracker (197)
[2015.09.05-08.05.08:827][549]LogModuleManager: Shutting down and abandoning module SceneOutliner (196)
[2015.09.05-08.05.08:827][549]LogModuleManager: Shutting down and abandoning module SuperSearch (195)
[2015.09.05-08.05.08:827][549]LogModuleManager: Shutting down and abandoning module WidgetCarousel (194)
[2015.09.05-08.05.08:827][549]LogModuleManager: Shutting down and abandoning module AddContentDialog (193)
[2015.09.05-08.05.08:828][549]LogModuleManager: Shutting down and abandoning module EditorWidgets (192)
[2015.09.05-08.05.08:828][549]LogModuleManager: Shutting down and abandoning module CollectionManager (191)
[2015.09.05-08.05.08:828][549]LogModuleManager: Shutting down and abandoning module StatsViewer (190)
[2015.09.05-08.05.08:828][549]LogModuleManager: Shutting down and abandoning module FoliageEdit (189)
[2015.09.05-08.05.08:828][549]LogModuleManager: Shutting down and abandoning module LandscapeEditor (188)
[2015.09.05-08.05.08:828][549]LogModuleManager: Shutting down and abandoning module ActorPickerMode (187)
[2015.09.05-08.05.08:828][549]LogModuleManager: Shutting down and abandoning module GeometryMode (186)
[2015.09.05-08.05.08:828][549]LogModuleManager: Shutting down and abandoning module TextureAlignMode (185)
[2015.09.05-08.05.08:828][549]LogModuleManager: Shutting down and abandoning module BspMode (184)
[2015.09.05-08.05.08:829][549]LogModuleManager: Shutting down and abandoning module PlacementMode (183)
[2015.09.05-08.05.08:829][549]LogModuleManager: Shutting down and abandoning module AutomationWorker (182)
[2015.09.05-08.05.08:829][549]LogModuleManager: Shutting down and abandoning module CharacterAI (181)
[2015.09.05-08.05.08:829][549]LogModuleManager: Shutting down and abandoning module SmartSnapping (180)
[2015.09.05-08.05.08:829][549]LogModuleManager: Shutting down and abandoning module ViewportSnapping (179)
[2015.09.05-08.05.08:829][549]LogModuleManager: Shutting down and abandoning module LogVisualizer (178)
[2015.09.05-08.05.08:829][549]LogModuleManager: Shutting down and abandoning module GameProjectGeneration (177)
[2015.09.05-08.05.08:829][549]LogModuleManager: Shutting down and abandoning module IntroTutorials (176)
[2015.09.05-08.05.08:829][549]LogModuleManager: Shutting down and abandoning module EditorLiveStreaming (175)
[2015.09.05-08.05.08:829][549]LogModuleManager: Shutting down and abandoning module IOSPlatformEditor (174)
[2015.09.05-08.05.08:829][549]LogModuleManager: Shutting down and abandoning module HTML5PlatformEditor (173)
[2015.09.05-08.05.08:829][549]LogModuleManager: Shutting down and abandoning module AndroidDeviceDetection (172)
[2015.09.05-08.05.09:691][549]LogModuleManager: Shutting down and abandoning module AndroidPlatformEditor (171)
[2015.09.05-08.05.09:691][549]LogModuleManager: Shutting down and abandoning module IOSRuntimeSettings (170)
[2015.09.05-08.05.09:691][549]LogModuleManager: Shutting down and abandoning module AndroidRuntimeSettings (169)
[2015.09.05-08.05.09:691][549]LogModuleManager: Shutting down and abandoning module MergeActors (168)
[2015.09.05-08.05.09:691][549]LogModuleManager: Shutting down and abandoning module SizeMap (167)
[2015.09.05-08.05.09:691][549]LogModuleManager: Shutting down and abandoning module TreeMap (166)
[2015.09.05-08.05.09:691][549]LogModuleManager: Shutting down and abandoning module ReferenceViewer (165)
[2015.09.05-08.05.09:691][549]LogModuleManager: Shutting down and abandoning module LocalizationService (164)
[2015.09.05-08.05.09:691][549]LogModuleManager: Shutting down and abandoning module LocalizationDashboard (163)
[2015.09.05-08.05.09:691][549]LogModuleManager: Shutting down and abandoning module HardwareTargeting (162)
[2015.09.05-08.05.09:691][549]LogModuleManager: Shutting down and abandoning module DeviceProfileEditor (161)
[2015.09.05-08.05.09:691][549]LogModuleManager: Shutting down and abandoning module UndoHistory (160)
[2015.09.05-08.05.09:691][549]LogModuleManager: Shutting down and abandoning module GameplayTagsEditor (159)
[2015.09.05-08.05.09:691][549]LogModuleManager: Shutting down and abandoning module UserFeedback (158)
[